#
# There is insufficient memory for the Java Runtime Environment to continue.
# Native memory allocation (malloc) failed to allocate 84144 bytes. Error detail: Chunk::new
# Possible reasons:
#   The system is out of physical RAM or swap space
#   This process is running with CompressedOops enabled, and the Java Heap may be blocking the growth of the native heap
# Possible solutions:
#   Reduce memory load on the system
#   Increase physical memory or swap space
#   Check if swap backing store is full
#   Decrease Java heap size (-Xmx/-Xms)
#   Decrease number of Java threads
#   Decrease Java thread stack sizes (-Xss)
#   Set larger code cache with -XX:ReservedCodeCacheSize=
#   JVM is running with Unscaled Compressed Oops mode in which the Java heap is
#     placed in the first 4GB address space. The Java Heap base address is the
#     maximum limit for the native heap growth. Please use -XX:HeapBaseMinAddress
#     to set the Java Heap base and to place the Java Heap above 4GB virtual address.
# This output file may be truncated or incomplete.
#
#  Out of Memory Error (arena.cpp:168), pid=7684, tid=13976
#
# JRE version: OpenJDK Runtime Environment Temurin-21.0.6+7 (21.0.6+7) (build 21.0.6+7-LTS)
# Java VM: OpenJDK 64-Bit Server VM Temurin-21.0.6+7 (21.0.6+7-LTS, mixed mode, sharing, tiered, compressed oops, compressed class ptrs, parallel gc, windows-amd64)
# No core dump will be written. Minidumps are not enabled by default on client versions of Windows
#

---------------  S U M M A R Y ------------

Command Line: --add-modules=ALL-SYSTEM --add-opens=java.base/java.util=ALL-UNNAMED --add-opens=java.base/java.lang=ALL-UNNAMED --add-opens=java.base/sun.nio.fs=ALL-UNNAMED -Declipse.application=org.eclipse.jdt.ls.core.id1 -Dosgi.bundles.defaultStartLevel=4 -Declipse.product=org.eclipse.jdt.ls.core.product -Djava.import.generatesMetadataFilesAtProjectRoot=false -DDetectVMInstallationsJob.disabled=true -Dfile.encoding=utf8 -XX:+UseParallelGC -XX:GCTimeRatio=4 -XX:AdaptiveSizePolicyWeight=90 -Dsun.zip.disableMemoryMapping=true -Xmx1G -Xms100m -Xlog:disable -javaagent:c:\Users\ala\.vscode\extensions\redhat.java-1.41.1-win32-x64\lombok\lombok-1.18.36.jar -XX:+HeapDumpOnOutOfMemoryError -XX:HeapDumpPath=c:\Users\ala\AppData\Roaming\Code\User\workspaceStorage\5d2470ca3e79821120c345c9360372f0\redhat.java -Daether.dependencyCollector.impl=bf c:\Users\ala\.vscode\extensions\redhat.java-1.41.1-win32-x64\server\plugins\org.eclipse.equinox.launcher_1.7.0.v20250331-1702.jar -configuration c:\Users\ala\AppData\Roaming\Code\User\globalStorage\redhat.java\1.41.1\config_win -data c:\Users\ala\AppData\Roaming\Code\User\workspaceStorage\5d2470ca3e79821120c345c9360372f0\redhat.java\jdt_ws --pipe=\\.\pipe\lsp-90543c53b1d5566409a5189faf5f7347-sock

Host: 11th Gen Intel(R) Core(TM) i5-1135G7 @ 2.40GHz, 8 cores, 7G,  Windows 11 , 64 bit Build 26100 (10.0.26100.3912)
Time: Thu May 15 14:10:02 2025 W. Central Africa Standard Time elapsed time: 14.530402 seconds (0d 0h 0m 14s)

---------------  T H R E A D  ---------------

Current thread (0x000002246cad7790):  JavaThread "C2 CompilerThread0" daemon [_thread_in_native, id=13976, stack(0x000000f80ab00000,0x000000f80ac00000) (1024K)]


Current CompileTask:
C2:14530 4079       4       java.lang.AbstractStringBuilder::append (77 bytes)

Stack: [0x000000f80ab00000,0x000000f80ac00000]
Native frames: (J=compiled Java code, j=interpreted, Vv=VM code, C=native code)
V  [jvm.dll+0x6cdee9]
V  [jvm.dll+0x8a83d1]
V  [jvm.dll+0x8aa8fe]
V  [jvm.dll+0x8aafe3]
V  [jvm.dll+0x27f706]
V  [jvm.dll+0xc500d]
V  [jvm.dll+0xc5543]
V  [jvm.dll+0x3b678c]
V  [jvm.dll+0x382935]
V  [jvm.dll+0x381d9a]
V  [jvm.dll+0x2479f0]
V  [jvm.dll+0x246fcf]
V  [jvm.dll+0x1c75ee]
V  [jvm.dll+0x25685a]
V  [jvm.dll+0x254dfa]
V  [jvm.dll+0x3f0256]
V  [jvm.dll+0x851f8b]
V  [jvm.dll+0x6cc5ed]
C  [ucrtbase.dll+0x37b0]
C  [KERNEL32.DLL+0x2e8d7]
C  [ntdll.dll+0x9c5dc]


---------------  P R O C E S S  ---------------

Threads class SMR info:
_java_thread_list=0x000002246e5d7aa0, length=24, elements={
0x00000224587165e0, 0x000002246cac93b0, 0x000002246caca4c0, 0x000002246cad0e30,
0x000002246cad37d0, 0x000002246cad66f0, 0x000002246cad6d50, 0x000002246cad7790,
0x000002246cafe150, 0x0000022458782770, 0x000002246e7b83f0, 0x000002247381f640,
0x0000022473a951d0, 0x0000022473aae9a0, 0x0000022473a823a0, 0x000002247376cfb0,
0x0000022473b6b390, 0x000002247402bff0, 0x0000022473ba58b0, 0x0000022473ba7980,
0x0000022473ba4b90, 0x0000022473ba72f0, 0x0000022473ba5f40, 0x00000224744d1430
}

Java Threads: ( => current thread )
  0x00000224587165e0 JavaThread "main"                              [_thread_blocked, id=14032, stack(0x000000f80a100000,0x000000f80a200000) (1024K)]
  0x000002246cac93b0 JavaThread "Reference Handler"          daemon [_thread_blocked, id=19596, stack(0x000000f80a500000,0x000000f80a600000) (1024K)]
  0x000002246caca4c0 JavaThread "Finalizer"                  daemon [_thread_blocked, id=728, stack(0x000000f80a600000,0x000000f80a700000) (1024K)]
  0x000002246cad0e30 JavaThread "Signal Dispatcher"          daemon [_thread_blocked, id=5828, stack(0x000000f80a700000,0x000000f80a800000) (1024K)]
  0x000002246cad37d0 JavaThread "Attach Listener"            daemon [_thread_blocked, id=8108, stack(0x000000f80a800000,0x000000f80a900000) (1024K)]
  0x000002246cad66f0 JavaThread "Service Thread"             daemon [_thread_blocked, id=14640, stack(0x000000f80a900000,0x000000f80aa00000) (1024K)]
  0x000002246cad6d50 JavaThread "Monitor Deflation Thread"   daemon [_thread_blocked, id=17780, stack(0x000000f80aa00000,0x000000f80ab00000) (1024K)]
=>0x000002246cad7790 JavaThread "C2 CompilerThread0"         daemon [_thread_in_native, id=13976, stack(0x000000f80ab00000,0x000000f80ac00000) (1024K)]
  0x000002246cafe150 JavaThread "C1 CompilerThread0"         daemon [_thread_blocked, id=19636, stack(0x000000f80ac00000,0x000000f80ad00000) (1024K)]
  0x0000022458782770 JavaThread "Common-Cleaner"             daemon [_thread_blocked, id=9196, stack(0x000000f80ad00000,0x000000f80ae00000) (1024K)]
  0x000002246e7b83f0 JavaThread "Notification Thread"        daemon [_thread_blocked, id=19060, stack(0x000000f80af00000,0x000000f80b000000) (1024K)]
  0x000002247381f640 JavaThread "Active Thread: Equinox Container: f3886783-702c-4cae-bf2a-39cf4a40da23"        [_thread_blocked, id=10968, stack(0x000000f80b700000,0x000000f80b800000) (1024K)]
  0x0000022473a951d0 JavaThread "Refresh Thread: Equinox Container: f3886783-702c-4cae-bf2a-39cf4a40da23" daemon [_thread_blocked, id=6968, stack(0x000000f80ae00000,0x000000f80af00000) (1024K)]
  0x0000022473aae9a0 JavaThread "Framework Event Dispatcher: Equinox Container: f3886783-702c-4cae-bf2a-39cf4a40da23" daemon [_thread_blocked, id=19536, stack(0x000000f80b800000,0x000000f80b900000) (1024K)]
  0x0000022473a823a0 JavaThread "Start Level: Equinox Container: f3886783-702c-4cae-bf2a-39cf4a40da23" daemon [_thread_in_vm, id=3016, stack(0x000000f80b900000,0x000000f80ba00000) (1024K)]
  0x000002247376cfb0 JavaThread "Bundle File Closer"         daemon [_thread_blocked, id=17380, stack(0x000000f80bc00000,0x000000f80bd00000) (1024K)]
  0x0000022473b6b390 JavaThread "SCR Component Actor"        daemon [_thread_blocked, id=14900, stack(0x000000f80ba00000,0x000000f80bb00000) (1024K)]
  0x000002247402bff0 JavaThread "SCR Component Registry"     daemon [_thread_blocked, id=13720, stack(0x000000f80bb00000,0x000000f80bc00000) (1024K)]
  0x0000022473ba58b0 JavaThread "Worker-JM"                         [_thread_blocked, id=10948, stack(0x000000f80be00000,0x000000f80bf00000) (1024K)]
  0x0000022473ba7980 JavaThread "JNA Cleaner"                daemon [_thread_blocked, id=19632, stack(0x000000f80bd00000,0x000000f80be00000) (1024K)]
  0x0000022473ba4b90 JavaThread "Worker-0: Repository registry initialization"        [_thread_in_native, id=18532, stack(0x000000f80bf00000,0x000000f80c000000) (1024K)]
  0x0000022473ba72f0 JavaThread "Worker-1"                          [_thread_blocked, id=20088, stack(0x000000f80c000000,0x000000f80c100000) (1024K)]
  0x0000022473ba5f40 JavaThread "Worker-2"                          [_thread_blocked, id=14968, stack(0x000000f80c100000,0x000000f80c200000) (1024K)]
  0x00000224744d1430 JavaThread "C2 CompilerThread1"         daemon [_thread_in_native, id=13484, stack(0x000000f80c200000,0x000000f80c300000) (1024K)]
Total: 24

Other Threads:
  0x00000224587b1b10 VMThread "VM Thread"                           [id=12152, stack(0x000000f80a400000,0x000000f80a500000) (1024K)]
  0x00000224587815d0 WatcherThread "VM Periodic Task Thread"        [id=15908, stack(0x000000f80a300000,0x000000f80a400000) (1024K)]
  0x0000022458733c40 WorkerThread "GC Thread#0"                     [id=7052, stack(0x000000f80a200000,0x000000f80a300000) (1024K)]
  0x000002247364ef60 WorkerThread "GC Thread#1"                     [id=10164, stack(0x000000f80b100000,0x000000f80b200000) (1024K)]
  0x000002247364f300 WorkerThread "GC Thread#2"                     [id=2068, stack(0x000000f80b200000,0x000000f80b300000) (1024K)]
  0x000002247364f6a0 WorkerThread "GC Thread#3"                     [id=20132, stack(0x000000f80b300000,0x000000f80b400000) (1024K)]
  0x0000022473340800 WorkerThread "GC Thread#4"                     [id=17548, stack(0x000000f80b400000,0x000000f80b500000) (1024K)]
  0x0000022473340ba0 WorkerThread "GC Thread#5"                     [id=20448, stack(0x000000f80b500000,0x000000f80b600000) (1024K)]
  0x0000022473340f40 WorkerThread "GC Thread#6"                     [id=5144, stack(0x000000f80b600000,0x000000f80b700000) (1024K)]
  0x00000224736e8930 WorkerThread "GC Thread#7"                     [id=1524, stack(0x000000f80b000000,0x000000f80b100000) (1024K)]
Total: 10

Threads with active compile tasks:
C2 CompilerThread0  14582 4079       4       java.lang.AbstractStringBuilder::append (77 bytes)
C2 CompilerThread1  14582 4091   !   4       org.eclipse.osgi.storage.bundlefile.CloseableBundleFile::getEntry (28 bytes)
Total: 2

VM state: not at safepoint (normal execution)

VM Mutex/Monitor currently owned by a thread: None

Heap address: 0x00000000c0000000, size: 1024 MB, Compressed Oops mode: 32-bit

CDS archive(s) mapped at: [0x0000022400000000-0x0000022400ba0000-0x0000022400ba0000), size 12189696, SharedBaseAddress: 0x0000022400000000, ArchiveRelocationMode: 1.
Compressed class space mapped at: 0x0000022401000000-0x0000022441000000, reserved size: 1073741824
Narrow klass base: 0x0000022400000000, Narrow klass shift: 0, Narrow klass range: 0x100000000

GC Precious Log:
 CardTable entry size: 512
 CPUs: 8 total, 8 available
 Memory: 7932M
 Large Page Support: Disabled
 NUMA Support: Disabled
 Compressed Oops: Enabled (32-bit)
 Alignments: Space 512K, Generation 512K, Heap 2M
 Heap Min Capacity: 100M
 Heap Initial Capacity: 100M
 Heap Max Capacity: 1G
 Pre-touch: Disabled
 Parallel Workers: 8

Heap:
 PSYoungGen      total 25600K, used 13004K [0x00000000eab00000, 0x00000000ec980000, 0x0000000100000000)
  eden space 24064K, 49% used [0x00000000eab00000,0x00000000eb6a6ea8,0x00000000ec280000)
  from space 1536K, 69% used [0x00000000ec800000,0x00000000ec90c1b0,0x00000000ec980000)
  to   space 2560K, 0% used [0x00000000ec480000,0x00000000ec480000,0x00000000ec700000)
 ParOldGen       total 68608K, used 12754K [0x00000000c0000000, 0x00000000c4300000, 0x00000000eab00000)
  object space 68608K, 18% used [0x00000000c0000000,0x00000000c0c74a20,0x00000000c4300000)
 Metaspace       used 24954K, committed 25856K, reserved 1114112K
  class space    used 2428K, committed 2816K, reserved 1048576K

Card table byte_map: [0x00000224580b0000,0x00000224582c0000] _byte_map_base: 0x0000022457ab0000

Marking Bits: (ParMarkBitMap*) 0x00007ffe47ae3260
 Begin Bits: [0x000002246a900000, 0x000002246b900000)
 End Bits:   [0x000002246b900000, 0x000002246c900000)

Polling page: 0x0000022457d60000

Metaspace:

Usage:
  Non-class:     22.00 MB used.
      Class:      2.37 MB used.
       Both:     24.37 MB used.

Virtual space:
  Non-class space:       64.00 MB reserved,      22.50 MB ( 35%) committed,  1 nodes.
      Class space:        1.00 GB reserved,       2.75 MB ( <1%) committed,  1 nodes.
             Both:        1.06 GB reserved,      25.25 MB (  2%) committed. 

Chunk freelists:
   Non-Class:  9.17 MB
       Class:  13.20 MB
        Both:  22.37 MB

MaxMetaspaceSize: unlimited
CompressedClassSpaceSize: 1.00 GB
Initial GC threshold: 21.00 MB
Current GC threshold: 35.00 MB
CDS: on
 - commit_granule_bytes: 65536.
 - commit_granule_words: 8192.
 - virtual_space_node_default_size: 8388608.
 - enlarge_chunks_in_place: 1.
 - use_allocation_guard: 0.


Internal statistics:

num_allocs_failed_limit: 3.
num_arena_births: 800.
num_arena_deaths: 14.
num_vsnodes_births: 2.
num_vsnodes_deaths: 0.
num_space_committed: 404.
num_space_uncommitted: 0.
num_chunks_returned_to_freelist: 17.
num_chunks_taken_from_freelist: 1826.
num_chunk_merges: 9.
num_chunk_splits: 1156.
num_chunks_enlarged: 701.
num_inconsistent_stats: 0.

CodeHeap 'non-profiled nmethods': size=120000Kb used=1817Kb max_used=1817Kb free=118182Kb
 bounds [0x00000224633d0000, 0x0000022463640000, 0x000002246a900000]
CodeHeap 'profiled nmethods': size=120000Kb used=8439Kb max_used=8439Kb free=111560Kb
 bounds [0x000002245b900000, 0x000002245c140000, 0x0000022462e30000]
CodeHeap 'non-nmethods': size=5760Kb used=1327Kb max_used=1344Kb free=4433Kb
 bounds [0x0000022462e30000, 0x00000224630a0000, 0x00000224633d0000]
 total_blobs=4705 nmethods=4103 adapters=508
 compilation: enabled
              stopped_count=0, restarted_count=0
 full_count=0

Compilation events (20 events):
Event: 12.506 Thread 0x000002246cafe150 4081       3       org.lombokweb.asm.MethodVisitor::visitFieldInsn (20 bytes)
Event: 12.506 Thread 0x000002246cafe150 nmethod 4081 0x000002245c124c90 code [0x000002245c124e40, 0x000002245c125048]
Event: 12.506 Thread 0x000002246cafe150 4080       3       org.lombokweb.asm.ClassReader::readVerificationTypeInfo (184 bytes)
Event: 12.509 Thread 0x000002246cafe150 nmethod 4080 0x000002245c125110 code [0x000002245c125480, 0x000002245c126e10]
Event: 12.509 Thread 0x000002246cafe150 4082       3       org.lombokweb.asm.MethodWriter::putFrameType (84 bytes)
Event: 12.509 Thread 0x000002246cad7790 nmethod 4078 0x0000022463594c10 code [0x0000022463594dc0, 0x0000022463594fa0]
Event: 12.509 Thread 0x000002246cad7790 4079       4       java.lang.AbstractStringBuilder::append (77 bytes)
Event: 12.510 Thread 0x000002246cafe150 nmethod 4082 0x000002245c127690 code [0x000002245c127900, 0x000002245c128330]
Event: 12.510 Thread 0x000002246cafe150 4083       3       org.lombokweb.asm.MethodVisitor::visitLineNumber (17 bytes)
Event: 12.510 Thread 0x000002246cafe150 nmethod 4083 0x000002245c128690 code [0x000002245c128840, 0x000002245c128a48]
Event: 12.511 Thread 0x000002246cafe150 4084 %     3       org.lombokweb.asm.ClassReader::<init> @ 95 (359 bytes)
Event: 12.514 Thread 0x000002246cafe150 nmethod 4084% 0x000002245c128b10 code [0x000002245c128e20, 0x000002245c12a1e8]
Event: 12.514 Thread 0x000002246cafe150 4085       3       org.lombokweb.asm.ClassReader::readLong (29 bytes)
Event: 12.515 Thread 0x000002246cafe150 nmethod 4085 0x000002245c12a810 code [0x000002245c12a9c0, 0x000002245c12ab88]
Event: 13.103 Thread 0x000002246cafe150 4086       3       java.lang.Thread::isVirtual (5 bytes)
Event: 13.104 Thread 0x000002246cafe150 nmethod 4086 0x000002245c12ac90 code [0x000002245c12ae40, 0x000002245c12b048]
Event: 13.134 Thread 0x000002246cafe150 4087       1       org.eclipse.core.internal.jobs.InternalJob::previous (5 bytes)
Event: 13.134 Thread 0x000002246cafe150 nmethod 4087 0x0000022463595190 code [0x0000022463595320, 0x00000224635953e8]
Event: 13.785 Thread 0x000002246cafe150 4088       3       java.util.concurrent.locks.AbstractQueuedSynchronizer::tryAcquireSharedNanos (62 bytes)
Event: 13.786 Thread 0x000002246cafe150 nmethod 4088 0x000002245c12b110 code [0x000002245c12b340, 0x000002245c12ba30]

GC Heap History (18 events):
Event: 1.438 GC heap before
{Heap before GC invocations=1 (full 0):
 PSYoungGen      total 29696K, used 25600K [0x00000000eab00000, 0x00000000ecc00000, 0x0000000100000000)
  eden space 25600K, 100% used [0x00000000eab00000,0x00000000ec400000,0x00000000ec400000)
  from space 4096K, 0% used [0x00000000ec800000,0x00000000ec800000,0x00000000ecc00000)
  to   space 4096K, 0% used [0x00000000ec400000,0x00000000ec400000,0x00000000ec800000)
 ParOldGen       total 68608K, used 0K [0x00000000c0000000, 0x00000000c4300000, 0x00000000eab00000)
  object space 68608K, 0% used [0x00000000c0000000,0x00000000c0000000,0x00000000c4300000)
 Metaspace       used 4332K, committed 4544K, reserved 1114112K
  class space    used 437K, committed 512K, reserved 1048576K
}
Event: 1.448 GC heap after
{Heap after GC invocations=1 (full 0):
 PSYoungGen      total 29696K, used 3205K [0x00000000eab00000, 0x00000000ecc00000, 0x0000000100000000)
  eden space 25600K, 0% used [0x00000000eab00000,0x00000000eab00000,0x00000000ec400000)
  from space 4096K, 78% used [0x00000000ec400000,0x00000000ec7217f0,0x00000000ec800000)
  to   space 4096K, 0% used [0x00000000ec800000,0x00000000ec800000,0x00000000ecc00000)
 ParOldGen       total 68608K, used 16K [0x00000000c0000000, 0x00000000c4300000, 0x00000000eab00000)
  object space 68608K, 0% used [0x00000000c0000000,0x00000000c0004000,0x00000000c4300000)
 Metaspace       used 4332K, committed 4544K, reserved 1114112K
  class space    used 437K, committed 512K, reserved 1048576K
}
Event: 2.884 GC heap before
{Heap before GC invocations=2 (full 0):
 PSYoungGen      total 29696K, used 28805K [0x00000000eab00000, 0x00000000ecc00000, 0x0000000100000000)
  eden space 25600K, 100% used [0x00000000eab00000,0x00000000ec400000,0x00000000ec400000)
  from space 4096K, 78% used [0x00000000ec400000,0x00000000ec7217f0,0x00000000ec800000)
  to   space 4096K, 0% used [0x00000000ec800000,0x00000000ec800000,0x00000000ecc00000)
 ParOldGen       total 68608K, used 16K [0x00000000c0000000, 0x00000000c4300000, 0x00000000eab00000)
  object space 68608K, 0% used [0x00000000c0000000,0x00000000c0004000,0x00000000c4300000)
 Metaspace       used 8046K, committed 8384K, reserved 1114112K
  class space    used 798K, committed 960K, reserved 1048576K
}
Event: 2.892 GC heap after
{Heap after GC invocations=2 (full 0):
 PSYoungGen      total 29696K, used 4068K [0x00000000eab00000, 0x00000000ecc00000, 0x0000000100000000)
  eden space 25600K, 0% used [0x00000000eab00000,0x00000000eab00000,0x00000000ec400000)
  from space 4096K, 99% used [0x00000000ec800000,0x00000000ecbf9178,0x00000000ecc00000)
  to   space 4096K, 0% used [0x00000000ec400000,0x00000000ec400000,0x00000000ec800000)
 ParOldGen       total 68608K, used 1437K [0x00000000c0000000, 0x00000000c4300000, 0x00000000eab00000)
  object space 68608K, 2% used [0x00000000c0000000,0x00000000c01676b8,0x00000000c4300000)
 Metaspace       used 8046K, committed 8384K, reserved 1114112K
  class space    used 798K, committed 960K, reserved 1048576K
}
Event: 3.881 GC heap before
{Heap before GC invocations=3 (full 0):
 PSYoungGen      total 29696K, used 29668K [0x00000000eab00000, 0x00000000ecc00000, 0x0000000100000000)
  eden space 25600K, 100% used [0x00000000eab00000,0x00000000ec400000,0x00000000ec400000)
  from space 4096K, 99% used [0x00000000ec800000,0x00000000ecbf9178,0x00000000ecc00000)
  to   space 4096K, 0% used [0x00000000ec400000,0x00000000ec400000,0x00000000ec800000)
 ParOldGen       total 68608K, used 1437K [0x00000000c0000000, 0x00000000c4300000, 0x00000000eab00000)
  object space 68608K, 2% used [0x00000000c0000000,0x00000000c01676b8,0x00000000c4300000)
 Metaspace       used 9186K, committed 9536K, reserved 1114112K
  class space    used 921K, committed 1088K, reserved 1048576K
}
Event: 3.889 GC heap after
{Heap after GC invocations=3 (full 0):
 PSYoungGen      total 29696K, used 4088K [0x00000000eab00000, 0x00000000ecc00000, 0x0000000100000000)
  eden space 25600K, 0% used [0x00000000eab00000,0x00000000eab00000,0x00000000ec400000)
  from space 4096K, 99% used [0x00000000ec400000,0x00000000ec7fe320,0x00000000ec800000)
  to   space 4096K, 0% used [0x00000000ec800000,0x00000000ec800000,0x00000000ecc00000)
 ParOldGen       total 68608K, used 5424K [0x00000000c0000000, 0x00000000c4300000, 0x00000000eab00000)
  object space 68608K, 7% used [0x00000000c0000000,0x00000000c054c368,0x00000000c4300000)
 Metaspace       used 9186K, committed 9536K, reserved 1114112K
  class space    used 921K, committed 1088K, reserved 1048576K
}
Event: 4.588 GC heap before
{Heap before GC invocations=4 (full 0):
 PSYoungGen      total 29696K, used 29688K [0x00000000eab00000, 0x00000000ecc00000, 0x0000000100000000)
  eden space 25600K, 100% used [0x00000000eab00000,0x00000000ec400000,0x00000000ec400000)
  from space 4096K, 99% used [0x00000000ec400000,0x00000000ec7fe320,0x00000000ec800000)
  to   space 4096K, 0% used [0x00000000ec800000,0x00000000ec800000,0x00000000ecc00000)
 ParOldGen       total 68608K, used 5424K [0x00000000c0000000, 0x00000000c4300000, 0x00000000eab00000)
  object space 68608K, 7% used [0x00000000c0000000,0x00000000c054c368,0x00000000c4300000)
 Metaspace       used 12615K, committed 13056K, reserved 1114112K
  class space    used 1267K, committed 1472K, reserved 1048576K
}
Event: 4.593 GC heap after
{Heap after GC invocations=4 (full 0):
 PSYoungGen      total 29696K, used 4078K [0x00000000eab00000, 0x00000000ecc00000, 0x0000000100000000)
  eden space 25600K, 0% used [0x00000000eab00000,0x00000000eab00000,0x00000000ec400000)
  from space 4096K, 99% used [0x00000000ec800000,0x00000000ecbfba08,0x00000000ecc00000)
  to   space 4096K, 0% used [0x00000000ec400000,0x00000000ec400000,0x00000000ec800000)
 ParOldGen       total 68608K, used 7079K [0x00000000c0000000, 0x00000000c4300000, 0x00000000eab00000)
  object space 68608K, 10% used [0x00000000c0000000,0x00000000c06e9db0,0x00000000c4300000)
 Metaspace       used 12615K, committed 13056K, reserved 1114112K
  class space    used 1267K, committed 1472K, reserved 1048576K
}
Event: 7.875 GC heap before
{Heap before GC invocations=5 (full 0):
 PSYoungGen      total 29696K, used 29678K [0x00000000eab00000, 0x00000000ecc00000, 0x0000000100000000)
  eden space 25600K, 100% used [0x00000000eab00000,0x00000000ec400000,0x00000000ec400000)
  from space 4096K, 99% used [0x00000000ec800000,0x00000000ecbfba08,0x00000000ecc00000)
  to   space 4096K, 0% used [0x00000000ec400000,0x00000000ec400000,0x00000000ec800000)
 ParOldGen       total 68608K, used 7079K [0x00000000c0000000, 0x00000000c4300000, 0x00000000eab00000)
  object space 68608K, 10% used [0x00000000c0000000,0x00000000c06e9db0,0x00000000c4300000)
 Metaspace       used 16750K, committed 17344K, reserved 1114112K
  class space    used 1675K, committed 1920K, reserved 1048576K
}
Event: 8.879 GC heap after
{Heap after GC invocations=5 (full 0):
 PSYoungGen      total 29184K, used 4078K [0x00000000eab00000, 0x00000000ece80000, 0x0000000100000000)
  eden space 25088K, 0% used [0x00000000eab00000,0x00000000eab00000,0x00000000ec380000)
  from space 4096K, 99% used [0x00000000ec400000,0x00000000ec7fb908,0x00000000ec800000)
  to   space 5632K, 0% used [0x00000000ec900000,0x00000000ec900000,0x00000000ece80000)
 ParOldGen       total 68608K, used 8010K [0x00000000c0000000, 0x00000000c4300000, 0x00000000eab00000)
  object space 68608K, 11% used [0x00000000c0000000,0x00000000c07d28e8,0x00000000c4300000)
 Metaspace       used 16750K, committed 17344K, reserved 1114112K
  class space    used 1675K, committed 1920K, reserved 1048576K
}
Event: 11.681 GC heap before
{Heap before GC invocations=6 (full 0):
 PSYoungGen      total 29184K, used 29166K [0x00000000eab00000, 0x00000000ece80000, 0x0000000100000000)
  eden space 25088K, 100% used [0x00000000eab00000,0x00000000ec380000,0x00000000ec380000)
  from space 4096K, 99% used [0x00000000ec400000,0x00000000ec7fb908,0x00000000ec800000)
  to   space 5632K, 0% used [0x00000000ec900000,0x00000000ec900000,0x00000000ece80000)
 ParOldGen       total 68608K, used 8010K [0x00000000c0000000, 0x00000000c4300000, 0x00000000eab00000)
  object space 68608K, 11% used [0x00000000c0000000,0x00000000c07d28e8,0x00000000c4300000)
 Metaspace       used 19043K, committed 19840K, reserved 1114112K
  class space    used 1921K, committed 2240K, reserved 1048576K
}
Event: 11.686 GC heap after
{Heap after GC invocations=6 (full 0):
 PSYoungGen      total 29184K, used 4494K [0x00000000eab00000, 0x00000000ecd80000, 0x0000000100000000)
  eden space 24576K, 0% used [0x00000000eab00000,0x00000000eab00000,0x00000000ec300000)
  from space 4608K, 97% used [0x00000000ec900000,0x00000000ecd63a60,0x00000000ecd80000)
  to   space 5120K, 0% used [0x00000000ec380000,0x00000000ec380000,0x00000000ec880000)
 ParOldGen       total 68608K, used 8018K [0x00000000c0000000, 0x00000000c4300000, 0x00000000eab00000)
  object space 68608K, 11% used [0x00000000c0000000,0x00000000c07d48e8,0x00000000c4300000)
 Metaspace       used 19043K, committed 19840K, reserved 1114112K
  class space    used 1921K, committed 2240K, reserved 1048576K
}
Event: 11.944 GC heap before
{Heap before GC invocations=7 (full 0):
 PSYoungGen      total 29184K, used 16672K [0x00000000eab00000, 0x00000000ecd80000, 0x0000000100000000)
  eden space 24576K, 49% used [0x00000000eab00000,0x00000000eb6e46a0,0x00000000ec300000)
  from space 4608K, 97% used [0x00000000ec900000,0x00000000ecd63a60,0x00000000ecd80000)
  to   space 5120K, 0% used [0x00000000ec380000,0x00000000ec380000,0x00000000ec880000)
 ParOldGen       total 68608K, used 8018K [0x00000000c0000000, 0x00000000c4300000, 0x00000000eab00000)
  object space 68608K, 11% used [0x00000000c0000000,0x00000000c07d48e8,0x00000000c4300000)
 Metaspace       used 20631K, committed 21504K, reserved 1114112K
  class space    used 2118K, committed 2560K, reserved 1048576K
}
Event: 11.950 GC heap after
{Heap after GC invocations=7 (full 0):
 PSYoungGen      total 29184K, used 4143K [0x00000000eab00000, 0x00000000ecc00000, 0x0000000100000000)
  eden space 24576K, 0% used [0x00000000eab00000,0x00000000eab00000,0x00000000ec300000)
  from space 4608K, 89% used [0x00000000ec380000,0x00000000ec78bd40,0x00000000ec800000)
  to   space 4096K, 0% used [0x00000000ec800000,0x00000000ec800000,0x00000000ecc00000)
 ParOldGen       total 68608K, used 9244K [0x00000000c0000000, 0x00000000c4300000, 0x00000000eab00000)
  object space 68608K, 13% used [0x00000000c0000000,0x00000000c0907058,0x00000000c4300000)
 Metaspace       used 20631K, committed 21504K, reserved 1114112K
  class space    used 2118K, committed 2560K, reserved 1048576K
}
Event: 11.950 GC heap before
{Heap before GC invocations=8 (full 1):
 PSYoungGen      total 29184K, used 4143K [0x00000000eab00000, 0x00000000ecc00000, 0x0000000100000000)
  eden space 24576K, 0% used [0x00000000eab00000,0x00000000eab00000,0x00000000ec300000)
  from space 4608K, 89% used [0x00000000ec380000,0x00000000ec78bd40,0x00000000ec800000)
  to   space 4096K, 0% used [0x00000000ec800000,0x00000000ec800000,0x00000000ecc00000)
 ParOldGen       total 68608K, used 9244K [0x00000000c0000000, 0x00000000c4300000, 0x00000000eab00000)
  object space 68608K, 13% used [0x00000000c0000000,0x00000000c0907058,0x00000000c4300000)
 Metaspace       used 20631K, committed 21504K, reserved 1114112K
  class space    used 2118K, committed 2560K, reserved 1048576K
}
Event: 11.984 GC heap after
{Heap after GC invocations=8 (full 1):
 PSYoungGen      total 29184K, used 0K [0x00000000eab00000, 0x00000000ecc00000, 0x0000000100000000)
  eden space 24576K, 0% used [0x00000000eab00000,0x00000000eab00000,0x00000000ec300000)
  from space 4608K, 0% used [0x00000000ec380000,0x00000000ec380000,0x00000000ec800000)
  to   space 4096K, 0% used [0x00000000ec800000,0x00000000ec800000,0x00000000ecc00000)
 ParOldGen       total 68608K, used 12754K [0x00000000c0000000, 0x00000000c4300000, 0x00000000eab00000)
  object space 68608K, 18% used [0x00000000c0000000,0x00000000c0c74a20,0x00000000c4300000)
 Metaspace       used 20618K, committed 21504K, reserved 1114112K
  class space    used 2115K, committed 2560K, reserved 1048576K
}
Event: 12.356 GC heap before
{Heap before GC invocations=9 (full 1):
 PSYoungGen      total 29184K, used 24576K [0x00000000eab00000, 0x00000000ecc00000, 0x0000000100000000)
  eden space 24576K, 100% used [0x00000000eab00000,0x00000000ec300000,0x00000000ec300000)
  from space 4608K, 0% used [0x00000000ec380000,0x00000000ec380000,0x00000000ec800000)
  to   space 4096K, 0% used [0x00000000ec800000,0x00000000ec800000,0x00000000ecc00000)
 ParOldGen       total 68608K, used 12754K [0x00000000c0000000, 0x00000000c4300000, 0x00000000eab00000)
  object space 68608K, 18% used [0x00000000c0000000,0x00000000c0c74a20,0x00000000c4300000)
 Metaspace       used 22940K, committed 23872K, reserved 1114112K
  class space    used 2279K, committed 2688K, reserved 1048576K
}
Event: 12.357 GC heap after
{Heap after GC invocations=9 (full 1):
 PSYoungGen      total 25600K, used 1072K [0x00000000eab00000, 0x00000000ec980000, 0x0000000100000000)
  eden space 24064K, 0% used [0x00000000eab00000,0x00000000eab00000,0x00000000ec280000)
  from space 1536K, 69% used [0x00000000ec800000,0x00000000ec90c1b0,0x00000000ec980000)
  to   space 2560K, 0% used [0x00000000ec480000,0x00000000ec480000,0x00000000ec700000)
 ParOldGen       total 68608K, used 12754K [0x00000000c0000000, 0x00000000c4300000, 0x00000000eab00000)
  object space 68608K, 18% used [0x00000000c0000000,0x00000000c0c74a20,0x00000000c4300000)
 Metaspace       used 22940K, committed 23872K, reserved 1114112K
  class space    used 2279K, committed 2688K, reserved 1048576K
}

Dll operation events (10 events):
Event: 0.021 Loaded shared library c:\Users\ala\.vscode\extensions\redhat.java-1.41.1-win32-x64\jre\21.0.6-win32-x86_64\bin\java.dll
Event: 0.166 Loaded shared library c:\Users\ala\.vscode\extensions\redhat.java-1.41.1-win32-x64\jre\21.0.6-win32-x86_64\bin\zip.dll
Event: 0.209 Loaded shared library C:\Users\ala\.vscode\extensions\redhat.java-1.41.1-win32-x64\jre\21.0.6-win32-x86_64\bin\instrument.dll
Event: 0.221 Loaded shared library C:\Users\ala\.vscode\extensions\redhat.java-1.41.1-win32-x64\jre\21.0.6-win32-x86_64\bin\net.dll
Event: 0.225 Loaded shared library C:\Users\ala\.vscode\extensions\redhat.java-1.41.1-win32-x64\jre\21.0.6-win32-x86_64\bin\nio.dll
Event: 0.230 Loaded shared library C:\Users\ala\.vscode\extensions\redhat.java-1.41.1-win32-x64\jre\21.0.6-win32-x86_64\bin\zip.dll
Event: 0.259 Loaded shared library C:\Users\ala\.vscode\extensions\redhat.java-1.41.1-win32-x64\jre\21.0.6-win32-x86_64\bin\jimage.dll
Event: 0.412 Loaded shared library c:\Users\ala\.vscode\extensions\redhat.java-1.41.1-win32-x64\jre\21.0.6-win32-x86_64\bin\verify.dll
Event: 2.837 Loaded shared library C:\Users\ala\AppData\Roaming\Code\User\globalStorage\redhat.java\1.41.1\config_win\org.eclipse.equinox.launcher\org.eclipse.equinox.launcher.win32.win32.x86_64_1.2.1300.v20250331-1702\eclipse_11911.dll
Event: 7.642 Loaded shared library C:\Users\ala\AppData\Local\Temp\jna-96662\jna9237157019664572808.dll

Deoptimization events (20 events):
Event: 11.812 Thread 0x0000022473a823a0 Uncommon trap: trap_request=0xffffff45 fr.pc=0x0000022463524dd4 relative=0x0000000000000b94
Event: 11.812 Thread 0x0000022473a823a0 Uncommon trap: reason=unstable_if action=reinterpret pc=0x0000022463524dd4 method=jdk.internal.org.objectweb.asm.Frame.execute(IILjdk/internal/org/objectweb/asm/Symbol;Ljdk/internal/org/objectweb/asm/SymbolTable;)V @ 1 c2
Event: 11.812 Thread 0x0000022473a823a0 DEOPT PACKING pc=0x0000022463524dd4 sp=0x000000f80b9f2170
Event: 11.812 Thread 0x0000022473a823a0 DEOPT UNPACKING pc=0x0000022462e86da2 sp=0x000000f80b9f20f8 mode 2
Event: 11.825 Thread 0x0000022473a823a0 Uncommon trap: trap_request=0xffffff45 fr.pc=0x000002246356b650 relative=0x0000000000000090
Event: 11.825 Thread 0x0000022473a823a0 Uncommon trap: reason=unstable_if action=reinterpret pc=0x000002246356b650 method=java.lang.invoke.LambdaForm$BasicType.basicType(C)Ljava/lang/invoke/LambdaForm$BasicType; @ 1 c2
Event: 11.825 Thread 0x0000022473a823a0 DEOPT PACKING pc=0x000002246356b650 sp=0x000000f80b9f2130
Event: 11.825 Thread 0x0000022473a823a0 DEOPT UNPACKING pc=0x0000022462e86da2 sp=0x000000f80b9f2060 mode 2
Event: 11.864 Thread 0x0000022473a823a0 Uncommon trap: trap_request=0xffffff45 fr.pc=0x000002246354f16c relative=0x00000000000050ec
Event: 11.864 Thread 0x0000022473a823a0 Uncommon trap: reason=unstable_if action=reinterpret pc=0x000002246354f16c method=java.lang.invoke.MethodType.genericMethodType(IZ)Ljava/lang/invoke/MethodType; @ 27 c2
Event: 11.864 Thread 0x0000022473a823a0 DEOPT PACKING pc=0x000002246354f16c sp=0x000000f80b9f24f0
Event: 11.864 Thread 0x0000022473a823a0 DEOPT UNPACKING pc=0x0000022462e86da2 sp=0x000000f80b9f2300 mode 2
Event: 11.903 Thread 0x0000022473a823a0 Uncommon trap: trap_request=0xffffff45 fr.pc=0x00000224635655cc relative=0x00000000000001ac
Event: 11.903 Thread 0x0000022473a823a0 Uncommon trap: reason=unstable_if action=reinterpret pc=0x00000224635655cc method=jdk.internal.org.objectweb.asm.Frame.push(I)V @ 26 c2
Event: 11.903 Thread 0x0000022473a823a0 DEOPT PACKING pc=0x00000224635655cc sp=0x000000f80b9f1590
Event: 11.903 Thread 0x0000022473a823a0 DEOPT UNPACKING pc=0x0000022462e86da2 sp=0x000000f80b9f1518 mode 2
Event: 12.227 Thread 0x0000022473a823a0 Uncommon trap: trap_request=0xffffff45 fr.pc=0x000002246358c348 relative=0x00000000000007c8
Event: 12.227 Thread 0x0000022473a823a0 Uncommon trap: reason=unstable_if action=reinterpret pc=0x000002246358c348 method=org.lombokweb.asm.ClassReader.readUTF8(I[C)Ljava/lang/String; @ 11 c2
Event: 12.227 Thread 0x0000022473a823a0 DEOPT PACKING pc=0x000002246358c348 sp=0x000000f80b9ef610
Event: 12.227 Thread 0x0000022473a823a0 DEOPT UNPACKING pc=0x0000022462e86da2 sp=0x000000f80b9ef5f8 mode 2

Classes loaded (20 events):
Event: 12.084 Loading class java/util/zip/GZIPInputStream
Event: 12.084 Loading class java/util/zip/GZIPInputStream done
Event: 12.116 Loading class java/io/StringReader
Event: 12.117 Loading class java/io/StringReader done
Event: 12.123 Loading class java/net/SocketTimeoutException
Event: 12.123 Loading class java/io/InterruptedIOException
Event: 12.123 Loading class java/io/InterruptedIOException done
Event: 12.123 Loading class java/net/SocketTimeoutException done
Event: 12.123 Loading class java/net/SocketException
Event: 12.123 Loading class java/net/SocketException done
Event: 12.123 Loading class java/net/UnknownHostException
Event: 12.123 Loading class java/net/UnknownHostException done
Event: 12.123 Loading class java/net/ProtocolException
Event: 12.123 Loading class java/net/ProtocolException done
Event: 12.152 Loading class java/lang/ThreadLocal$SuppliedThreadLocal
Event: 12.152 Loading class java/lang/ThreadLocal$SuppliedThreadLocal done
Event: 12.169 Loading class java/io/FileWriter
Event: 12.169 Loading class java/io/FileWriter done
Event: 12.179 Loading class java/lang/NegativeArraySizeException
Event: 12.180 Loading class java/lang/NegativeArraySizeException done

Classes unloaded (7 events):
Event: 11.955 Thread 0x00000224587b1b10 Unloading class 0x0000022401199c00 'java/lang/invoke/LambdaForm$MH+0x0000022401199c00'
Event: 11.955 Thread 0x00000224587b1b10 Unloading class 0x0000022401199800 'java/lang/invoke/LambdaForm$MH+0x0000022401199800'
Event: 11.955 Thread 0x00000224587b1b10 Unloading class 0x0000022401199400 'java/lang/invoke/LambdaForm$MH+0x0000022401199400'
Event: 11.955 Thread 0x00000224587b1b10 Unloading class 0x0000022401199000 'java/lang/invoke/LambdaForm$MH+0x0000022401199000'
Event: 11.955 Thread 0x00000224587b1b10 Unloading class 0x0000022401198c00 'java/lang/invoke/LambdaForm$BMH+0x0000022401198c00'
Event: 11.955 Thread 0x00000224587b1b10 Unloading class 0x0000022401198800 'java/lang/invoke/LambdaForm$DMH+0x0000022401198800'
Event: 11.955 Thread 0x00000224587b1b10 Unloading class 0x0000022401197400 'java/lang/invoke/LambdaForm$DMH+0x0000022401197400'

Classes redefined (0 events):
No events

Internal exceptions (20 events):
Event: 11.827 Thread 0x0000022473a823a0 Exception <a 'java/lang/NoSuchMethodError'{0x00000000eb1f1c10}: 'int java.lang.invoke.DirectMethodHandle$Holder.invokeVirtual(java.lang.Object, java.lang.Object, java.lang.Object)'> (0x00000000eb1f1c10) 
thrown [s\src\hotspot\share\interpreter\linkResolver.cpp, line 773]
Event: 11.827 Thread 0x0000022473a823a0 Exception <a 'java/lang/NoSuchMethodError'{0x00000000eb1f6ba8}: 'int java.lang.invoke.DirectMethodHandle$Holder.invokeStaticInit(java.lang.Object, int, int)'> (0x00000000eb1f6ba8) 
thrown [s\src\hotspot\share\interpreter\linkResolver.cpp, line 773]
Event: 11.828 Thread 0x0000022473a823a0 Exception <a 'java/lang/NoSuchMethodError'{0x00000000eb1fef30}: 'int java.lang.invoke.DirectMethodHandle$Holder.invokeStaticInit(java.lang.Object, long, long)'> (0x00000000eb1fef30) 
thrown [s\src\hotspot\share\interpreter\linkResolver.cpp, line 773]
Event: 11.829 Thread 0x0000022473a823a0 Exception <a 'java/lang/NoSuchMethodError'{0x00000000eb2068e8}: 'int java.lang.invoke.DirectMethodHandle$Holder.invokeStaticInit(java.lang.Object, float, float)'> (0x00000000eb2068e8) 
thrown [s\src\hotspot\share\interpreter\linkResolver.cpp, line 773]
Event: 11.829 Thread 0x0000022473a823a0 Exception <a 'java/lang/NoSuchMethodError'{0x00000000eb20e298}: 'int java.lang.invoke.DirectMethodHandle$Holder.invokeStaticInit(java.lang.Object, double, double)'> (0x00000000eb20e298) 
thrown [s\src\hotspot\share\interpreter\linkResolver.cpp, line 773]
Event: 11.830 Thread 0x0000022473a823a0 Exception <a 'java/lang/NoSuchMethodError'{0x00000000eb2136e8}: 'int java.lang.invoke.DirectMethodHandle$Holder.invokeStatic(java.lang.Object, long)'> (0x00000000eb2136e8) 
thrown [s\src\hotspot\share\interpreter\linkResolver.cpp, line 773]
Event: 11.835 Thread 0x0000022473a823a0 Exception <a 'java/lang/NoSuchMethodError'{0x00000000eb2326a0}: 'int java.lang.invoke.Invokers$Holder.linkToTargetMethod(java.lang.Object, java.lang.Object)'> (0x00000000eb2326a0) 
thrown [s\src\hotspot\share\interpreter\linkResolver.cpp, line 773]
Event: 11.865 Thread 0x0000022473a823a0 Exception <a 'java/lang/NoSuchMethodError'{0x00000000eb31ca68}: 'java.lang.Object java.lang.invoke.Invokers$Holder.invoke_MT(java.lang.Object, java.lang.Object, java.lang.Object, java.lang.Object, java.lang.Object, java.lang.Object, java.lang.Object, java.lang.Object, java.lang.Object, java.lang.Object, java.lang.Object)'> (0x00000000eb31ca68) 
thrown [s\src\hotspot\share\interpreter\linkResolver.cpp, line 773]
Event: 11.877 Thread 0x0000022473a823a0 Exception <a 'java/lang/NoSuchMethodError'{0x00000000eb3a8d88}: 'java.lang.Object java.lang.invoke.Invokers$Holder.invoke_MT(java.lang.Object, java.lang.Object, java.lang.Object, java.lang.Object, java.lang.Object, java.lang.Object, java.lang.Object, java.lang.Object, java.lang.Object, java.lang.Object)'> (0x00000000eb3a8d88) 
thrown [s\src\hotspot\share\interpreter\linkResolver.cpp, line 773]
Event: 11.892 Thread 0x0000022473a823a0 Exception <a 'java/lang/NoSuchMethodError'{0x00000000eb451268}: 'java.lang.Object java.lang.invoke.DirectMethodHandle$Holder.newInvokeSpecial(java.lang.Object, java.lang.Object, java.lang.Object, java.lang.Object, java.lang.Object, java.lang.Object, java.lang.Object)'> (0x00000000eb451268) 
thrown [s\src\hotspot\share\interpreter\linkResolver.cpp, line 773]
Event: 11.903 Thread 0x0000022473a823a0 Exception <a 'java/lang/NoSuchMethodError'{0x00000000eb4c92a8}: 'java.lang.Object java.lang.invoke.Invokers$Holder.invoker(java.lang.Object, java.lang.Object, java.lang.Object, java.lang.Object, java.lang.Object, java.lang.Object, java.lang.Object, java.lang.Object, java.lang.Object, java.lang.Object, java.lang.Object, java.lang.Object, java.lang.Object)'> (0x00000000eb4c92a8) 
thrown [s\src\hotspot\share\interpreter\linkResolver.cpp, line 773]
Event: 11.904 Thread 0x0000022473a823a0 Exception <a 'java/lang/NoSuchMethodError'{0x00000000eb4d37a0}: 'java.lang.Object java.lang.invoke.DelegatingMethodHandle$Holder.delegate(java.lang.Object, java.lang.Object, java.lang.Object, java.lang.Object, java.lang.Object, java.lang.Object, java.lang.Object, java.lang.Object, java.lang.Object, java.lang.Object, java.lang.Object, java.lang.Object, java.lang.Object)'> (0x00000000eb4d37a0) 
thrown [s\src\hotspot\share\interpreter\linkResolver.cpp, line 773]
Event: 11.914 Thread 0x0000022473a823a0 Exception <a 'java/lang/NoSuchMethodError'{0x00000000eb53d730}: static Lorg/eclipse/m2e/core/internal/lifecyclemapping/model/PluginExecutionMetadata;.<clinit>()V> (0x00000000eb53d730) 
thrown [s\src\hotspot\share\prims\jni.cpp, line 1111]
Event: 11.922 Thread 0x0000022473a823a0 Exception <a 'java/lang/NoSuchMethodError'{0x00000000eb599158}: static Lorg/eclipse/m2e/core/internal/lifecyclemapping/model/PluginExecutionFilter;.<clinit>()V> (0x00000000eb599158) 
thrown [s\src\hotspot\share\prims\jni.cpp, line 1111]
Event: 11.926 Thread 0x0000022473a823a0 Exception <a 'java/lang/NoSuchMethodError'{0x00000000eb5c8870}: static Lorg/eclipse/m2e/core/internal/project/registry/MavenProjectFacade$MavenProjectConfiguration;.<clinit>()V> (0x00000000eb5c8870) 
thrown [s\src\hotspot\share\prims\jni.cpp, line 1111]
Event: 12.062 Thread 0x0000022473a823a0 Exception <a 'java/lang/NoSuchMethodError'{0x00000000eaf670e0}: 'double java.lang.invoke.DirectMethodHandle$Holder.invokeStatic(java.lang.Object, java.lang.Object)'> (0x00000000eaf670e0) 
thrown [s\src\hotspot\share\interpreter\linkResolver.cpp, line 773]
Event: 12.063 Thread 0x0000022473a823a0 Exception <a 'java/lang/NoSuchMethodError'{0x00000000eaf6aa48}: 'double java.lang.invoke.DirectMethodHandle$Holder.invokeStaticInit(java.lang.Object, java.lang.Object)'> (0x00000000eaf6aa48) 
thrown [s\src\hotspot\share\interpreter\linkResolver.cpp, line 773]
Event: 12.326 Thread 0x0000022473a823a0 Exception <a 'java/io/FileNotFoundException'{0x00000000ec091298}> (0x00000000ec091298) 
thrown [s\src\hotspot\share\prims\jni.cpp, line 520]
Event: 12.328 Thread 0x0000022473a823a0 Exception <a 'java/io/FileNotFoundException'{0x00000000ec0920c0}> (0x00000000ec0920c0) 
thrown [s\src\hotspot\share\prims\jni.cpp, line 520]
Event: 12.328 Thread 0x0000022473a823a0 Exception <a 'java/io/FileNotFoundException'{0x00000000ec092ff0}> (0x00000000ec092ff0) 
thrown [s\src\hotspot\share\prims\jni.cpp, line 520]

ZGC Phase Switch (0 events):
No events

VM Operations (20 events):
Event: 8.879 Executing VM operation: ParallelGCFailedAllocation (Allocation Failure) done
Event: 9.890 Executing VM operation: Cleanup
Event: 9.890 Executing VM operation: Cleanup done
Event: 10.895 Executing VM operation: Cleanup
Event: 10.895 Executing VM operation: Cleanup done
Event: 11.205 Executing VM operation: HandshakeAllThreads (Deoptimize)
Event: 11.205 Executing VM operation: HandshakeAllThreads (Deoptimize) done
Event: 11.254 Executing VM operation: HandshakeAllThreads (Deoptimize)
Event: 11.254 Executing VM operation: HandshakeAllThreads (Deoptimize) done
Event: 11.261 Executing VM operation: HandshakeAllThreads (Deoptimize)
Event: 11.261 Executing VM operation: HandshakeAllThreads (Deoptimize) done
Event: 11.680 Executing VM operation: ParallelGCFailedAllocation (Allocation Failure)
Event: 11.686 Executing VM operation: ParallelGCFailedAllocation (Allocation Failure) done
Event: 11.810 Executing VM operation: HandshakeAllThreads (Deoptimize)
Event: 11.810 Executing VM operation: HandshakeAllThreads (Deoptimize) done
Event: 11.944 Executing VM operation: CollectForMetadataAllocation (Metadata GC Threshold)
Event: 11.984 Executing VM operation: CollectForMetadataAllocation (Metadata GC Threshold) done
Event: 12.356 Executing VM operation: ParallelGCFailedAllocation (Allocation Failure)
Event: 12.357 Executing VM operation: ParallelGCFailedAllocation (Allocation Failure) done
Event: 13.366 Executing VM operation: Cleanup

Memory protections (0 events):
No events

Nmethod flushes (0 events):
No events

Events (20 events):
Event: 2.596 Thread 0x000002247302f420 Thread exited: 0x000002247302f420
Event: 2.606 Thread 0x000002246e6f2040 Thread exited: 0x000002246e6f2040
Event: 2.827 Thread 0x00000224587165e0 Thread added: 0x0000022473a951d0
Event: 2.893 Thread 0x0000022473a951d0 Thread added: 0x0000022473aae9a0
Event: 2.899 Thread 0x00000224587165e0 Thread added: 0x0000022473a823a0
Event: 3.151 Thread 0x000002246cafe150 Thread added: 0x0000022473b23050
Event: 3.152 Thread 0x0000022473b23050 Thread added: 0x0000022473b236f0
Event: 3.555 Thread 0x0000022473a823a0 Thread added: 0x000002247376cfb0
Event: 3.594 Thread 0x0000022473b236f0 Thread exited: 0x0000022473b236f0
Event: 3.624 Thread 0x0000022473b23050 Thread exited: 0x0000022473b23050
Event: 3.959 Thread 0x0000022473a823a0 Thread added: 0x0000022473b6b390
Event: 4.090 Thread 0x0000022473a823a0 Thread added: 0x000002247402bff0
Event: 4.314 Thread 0x000002246cafe150 Thread added: 0x0000022473f79300
Event: 4.718 Thread 0x0000022473a823a0 Thread added: 0x0000022473ba58b0
Event: 5.100 Thread 0x0000022473f79300 Thread exited: 0x0000022473f79300
Event: 7.799 Thread 0x0000022473a823a0 Thread added: 0x0000022473ba7980
Event: 7.861 Thread 0x0000022473a823a0 Thread added: 0x0000022473ba4b90
Event: 8.894 Thread 0x0000022473a823a0 Thread added: 0x0000022473ba72f0
Event: 11.257 Thread 0x000002246cafe150 Thread added: 0x00000224749ed7d0
Event: 12.219 Thread 0x00000224749ed7d0 Thread exited: 0x00000224749ed7d0


Dynamic libraries:
0x00007ff748bf0000 - 0x00007ff748bfe000 	c:\Users\ala\.vscode\extensions\redhat.java-1.41.1-win32-x64\jre\21.0.6-win32-x86_64\bin\java.exe
0x00007ffea7de0000 - 0x00007ffea8046000 	C:\WINDOWS\SYSTEM32\ntdll.dll
0x00007ffea7450000 - 0x00007ffea7519000 	C:\WINDOWS\System32\KERNEL32.DLL
0x00007ffea56e0000 - 0x00007ffea5aac000 	C:\WINDOWS\System32\KERNELBASE.dll
0x00007ffea5230000 - 0x00007ffea537b000 	C:\WINDOWS\System32\ucrtbase.dll
0x00007ffe87760000 - 0x00007ffe8777e000 	c:\Users\ala\.vscode\extensions\redhat.java-1.41.1-win32-x64\jre\21.0.6-win32-x86_64\bin\VCRUNTIME140.dll
0x00007ffe87a50000 - 0x00007ffe87a68000 	c:\Users\ala\.vscode\extensions\redhat.java-1.41.1-win32-x64\jre\21.0.6-win32-x86_64\bin\jli.dll
0x00007ffea7650000 - 0x00007ffea781a000 	C:\WINDOWS\System32\USER32.dll
0x00007ffea5ab0000 - 0x00007ffea5ad7000 	C:\WINDOWS\System32\win32u.dll
0x00007ffea7520000 - 0x00007ffea754b000 	C:\WINDOWS\System32\GDI32.dll
0x00007ffea4f70000 - 0x00007ffea50a2000 	C:\WINDOWS\System32\gdi32full.dll
0x00007ffe87780000 - 0x00007ffe87a1a000 	C:\WINDOWS\WinSxS\amd64_microsoft.windows.common-controls_6595b64144ccf1df_6.0.26100.3912_none_3e07963ce335137e\COMCTL32.dll
0x00007ffea5630000 - 0x00007ffea56d3000 	C:\WINDOWS\System32\msvcp_win.dll
0x00007ffea6f90000 - 0x00007ffea7039000 	C:\WINDOWS\System32\msvcrt.dll
0x00007ffea6bc0000 - 0x00007ffea6bf0000 	C:\WINDOWS\System32\IMM32.DLL
0x00007ffe9f250000 - 0x00007ffe9f25c000 	c:\Users\ala\.vscode\extensions\redhat.java-1.41.1-win32-x64\jre\21.0.6-win32-x86_64\bin\vcruntime140_1.dll
0x00007ffe73190000 - 0x00007ffe7321d000 	c:\Users\ala\.vscode\extensions\redhat.java-1.41.1-win32-x64\jre\21.0.6-win32-x86_64\bin\msvcp140.dll
0x00007ffe46e30000 - 0x00007ffe47bc0000 	c:\Users\ala\.vscode\extensions\redhat.java-1.41.1-win32-x64\jre\21.0.6-win32-x86_64\bin\server\jvm.dll
0x00007ffea7cb0000 - 0x00007ffea7d62000 	C:\WINDOWS\System32\ADVAPI32.dll
0x00007ffea70d0000 - 0x00007ffea7176000 	C:\WINDOWS\System32\sechost.dll
0x00007ffea71f0000 - 0x00007ffea7306000 	C:\WINDOWS\System32\RPCRT4.dll
0x00007ffea6880000 - 0x00007ffea68f4000 	C:\WINDOWS\System32\WS2_32.dll
0x00007ffea47b0000 - 0x00007ffea480e000 	C:\WINDOWS\SYSTEM32\POWRPROF.dll
0x00007ffe97bd0000 - 0x00007ffe97c06000 	C:\WINDOWS\SYSTEM32\WINMM.dll
0x00007ffe91a20000 - 0x00007ffe91a2b000 	C:\WINDOWS\SYSTEM32\VERSION.dll
0x00007ffea4790000 - 0x00007ffea47a4000 	C:\WINDOWS\SYSTEM32\UMPDC.dll
0x00007ffea3cf0000 - 0x00007ffea3d0a000 	C:\WINDOWS\SYSTEM32\kernel.appcore.dll
0x00007ffe9f1f0000 - 0x00007ffe9f1fa000 	c:\Users\ala\.vscode\extensions\redhat.java-1.41.1-win32-x64\jre\21.0.6-win32-x86_64\bin\jimage.dll
0x00007ffea2900000 - 0x00007ffea2b41000 	C:\WINDOWS\SYSTEM32\DBGHELP.DLL
0x00007ffea6c00000 - 0x00007ffea6f84000 	C:\WINDOWS\System32\combase.dll
0x00007ffea7360000 - 0x00007ffea7440000 	C:\WINDOWS\System32\OLEAUT32.dll
0x00007ffe83d20000 - 0x00007ffe83d59000 	C:\WINDOWS\SYSTEM32\dbgcore.DLL
0x00007ffea5590000 - 0x00007ffea5629000 	C:\WINDOWS\System32\bcryptPrimitives.dll
0x00007ffe88340000 - 0x00007ffe8834f000 	c:\Users\ala\.vscode\extensions\redhat.java-1.41.1-win32-x64\jre\21.0.6-win32-x86_64\bin\instrument.dll
0x00007ffe869e0000 - 0x00007ffe869ff000 	c:\Users\ala\.vscode\extensions\redhat.java-1.41.1-win32-x64\jre\21.0.6-win32-x86_64\bin\java.dll
0x00007ffea5cb0000 - 0x00007ffea63dd000 	C:\WINDOWS\System32\SHELL32.dll
0x00007ffea50b0000 - 0x00007ffea5224000 	C:\WINDOWS\System32\wintypes.dll
0x00007ffea2ca0000 - 0x00007ffea34f6000 	C:\WINDOWS\SYSTEM32\windows.storage.dll
0x00007ffea7550000 - 0x00007ffea763f000 	C:\WINDOWS\System32\SHCORE.dll
0x00007ffea7180000 - 0x00007ffea71e9000 	C:\WINDOWS\System32\shlwapi.dll
0x00007ffea4e80000 - 0x00007ffea4eaf000 	C:\WINDOWS\SYSTEM32\profapi.dll
0x00007ffe86840000 - 0x00007ffe86858000 	c:\Users\ala\.vscode\extensions\redhat.java-1.41.1-win32-x64\jre\21.0.6-win32-x86_64\bin\zip.dll
0x00007ffe875d0000 - 0x00007ffe875e0000 	C:\Users\ala\.vscode\extensions\redhat.java-1.41.1-win32-x64\jre\21.0.6-win32-x86_64\bin\net.dll
0x00007ffe9a550000 - 0x00007ffe9a66e000 	C:\WINDOWS\SYSTEM32\WINHTTP.dll
0x00007ffea4240000 - 0x00007ffea42aa000 	C:\WINDOWS\system32\mswsock.dll
0x00007ffe866d0000 - 0x00007ffe866e6000 	C:\Users\ala\.vscode\extensions\redhat.java-1.41.1-win32-x64\jre\21.0.6-win32-x86_64\bin\nio.dll
0x00007ffe874e0000 - 0x00007ffe874f0000 	c:\Users\ala\.vscode\extensions\redhat.java-1.41.1-win32-x64\jre\21.0.6-win32-x86_64\bin\verify.dll
0x00007ffe81a40000 - 0x00007ffe81a85000 	C:\Users\ala\AppData\Roaming\Code\User\globalStorage\redhat.java\1.41.1\config_win\org.eclipse.equinox.launcher\org.eclipse.equinox.launcher.win32.win32.x86_64_1.2.1300.v20250331-1702\eclipse_11911.dll
0x00007ffea63f0000 - 0x00007ffea658f000 	C:\WINDOWS\System32\ole32.dll
0x00007ffea4600000 - 0x00007ffea461c000 	C:\WINDOWS\SYSTEM32\CRYPTSP.dll
0x00007ffea3c50000 - 0x00007ffea3c8a000 	C:\WINDOWS\system32\rsaenh.dll
0x00007ffea42e0000 - 0x00007ffea430b000 	C:\WINDOWS\SYSTEM32\USERENV.dll
0x00007ffea4e50000 - 0x00007ffea4e76000 	C:\WINDOWS\SYSTEM32\bcrypt.dll
0x00007ffea4470000 - 0x00007ffea447c000 	C:\WINDOWS\SYSTEM32\CRYPTBASE.dll
0x00007ffea35a0000 - 0x00007ffea35d3000 	C:\WINDOWS\SYSTEM32\IPHLPAPI.DLL
0x00007ffea63e0000 - 0x00007ffea63ea000 	C:\WINDOWS\System32\NSI.dll
0x00007ffe7e280000 - 0x00007ffe7e2c9000 	C:\Users\ala\AppData\Local\Temp\jna-96662\jna9237157019664572808.dll
0x00007ffea65a0000 - 0x00007ffea65a8000 	C:\WINDOWS\System32\PSAPI.DLL

dbghelp: loaded successfully - version: 4.0.5 - missing functions: none
symbol engine: initialized successfully - sym options: 0x614 - pdb path: .;c:\Users\ala\.vscode\extensions\redhat.java-1.41.1-win32-x64\jre\21.0.6-win32-x86_64\bin;C:\WINDOWS\SYSTEM32;C:\WINDOWS\WinSxS\amd64_microsoft.windows.common-controls_6595b64144ccf1df_6.0.26100.3912_none_3e07963ce335137e;c:\Users\ala\.vscode\extensions\redhat.java-1.41.1-win32-x64\jre\21.0.6-win32-x86_64\bin\server;C:\Users\ala\AppData\Roaming\Code\User\globalStorage\redhat.java\1.41.1\config_win\org.eclipse.equinox.launcher\org.eclipse.equinox.launcher.win32.win32.x86_64_1.2.1300.v20250331-1702;C:\Users\ala\AppData\Local\Temp\jna-96662

VM Arguments:
jvm_args: --add-modules=ALL-SYSTEM --add-opens=java.base/java.util=ALL-UNNAMED --add-opens=java.base/java.lang=ALL-UNNAMED --add-opens=java.base/sun.nio.fs=ALL-UNNAMED -Declipse.application=org.eclipse.jdt.ls.core.id1 -Dosgi.bundles.defaultStartLevel=4 -Declipse.product=org.eclipse.jdt.ls.core.product -Djava.import.generatesMetadataFilesAtProjectRoot=false -DDetectVMInstallationsJob.disabled=true -Dfile.encoding=utf8 -XX:+UseParallelGC -XX:GCTimeRatio=4 -XX:AdaptiveSizePolicyWeight=90 -Dsun.zip.disableMemoryMapping=true -Xmx1G -Xms100m -Xlog:disable -javaagent:c:\Users\ala\.vscode\extensions\redhat.java-1.41.1-win32-x64\lombok\lombok-1.18.36.jar -XX:+HeapDumpOnOutOfMemoryError -XX:HeapDumpPath=c:\Users\ala\AppData\Roaming\Code\User\workspaceStorage\5d2470ca3e79821120c345c9360372f0\redhat.java -Daether.dependencyCollector.impl=bf 
java_command: c:\Users\ala\.vscode\extensions\redhat.java-1.41.1-win32-x64\server\plugins\org.eclipse.equinox.launcher_1.7.0.v20250331-1702.jar -configuration c:\Users\ala\AppData\Roaming\Code\User\globalStorage\redhat.java\1.41.1\config_win -data c:\Users\ala\AppData\Roaming\Code\User\workspaceStorage\5d2470ca3e79821120c345c9360372f0\redhat.java\jdt_ws --pipe=\\.\pipe\lsp-90543c53b1d5566409a5189faf5f7347-sock
java_class_path (initial): c:\Users\ala\.vscode\extensions\redhat.java-1.41.1-win32-x64\server\plugins\org.eclipse.equinox.launcher_1.7.0.v20250331-1702.jar
Launcher Type: SUN_STANDARD

[Global flags]
    uintx AdaptiveSizePolicyWeight                 = 90                                        {product} {command line}
     intx CICompilerCount                          = 4                                         {product} {ergonomic}
    uintx GCTimeRatio                              = 4                                         {product} {command line}
     bool HeapDumpOnOutOfMemoryError               = true                                   {manageable} {command line}
    ccstr HeapDumpPath                             = c:\Users\ala\AppData\Roaming\Code\User\workspaceStorage\5d2470ca3e79821120c345c9360372f0\redhat.java         {manageable} {command line}
   size_t InitialHeapSize                          = 104857600                                 {product} {command line}
   size_t MaxHeapSize                              = 1073741824                                {product} {command line}
   size_t MaxNewSize                               = 357564416                                 {product} {ergonomic}
   size_t MinHeapDeltaBytes                        = 524288                                    {product} {ergonomic}
   size_t MinHeapSize                              = 104857600                                 {product} {command line}
   size_t NewSize                                  = 34603008                                  {product} {ergonomic}
    uintx NonNMethodCodeHeapSize                   = 5839372                                {pd product} {ergonomic}
    uintx NonProfiledCodeHeapSize                  = 122909434                              {pd product} {ergonomic}
   size_t OldSize                                  = 70254592                                  {product} {ergonomic}
    uintx ProfiledCodeHeapSize                     = 122909434                              {pd product} {ergonomic}
    uintx ReservedCodeCacheSize                    = 251658240                              {pd product} {ergonomic}
     bool SegmentedCodeCache                       = true                                      {product} {ergonomic}
   size_t SoftMaxHeapSize                          = 1073741824                             {manageable} {ergonomic}
     bool UseCompressedOops                        = true                           {product lp64_product} {ergonomic}
     bool UseLargePagesIndividualAllocation        = false                                  {pd product} {ergonomic}
     bool UseParallelGC                            = true                                      {product} {command line}

Logging:
Log output configuration:
 #0: stdout all=off uptime,level,tags foldmultilines=false
 #1: stderr all=off uptime,level,tags foldmultilines=false

Environment Variables:
PATH=C:\Program Files\Common Files\Oracle\Java\javapath;C:\Users\ala\AppData\Roaming\Microsoft\Windows\Start Menu\Programs\System Tools;C:\Program Files\dotnet\;C:\Users\ala\Documents\mongosh-2.0.2-win32-x64\bin;C:\ProgramData\Microsoft\Windows\Start Menu\Programs\Git;C:\Program Files\Java\jdk-19\bin;C:\Users\ala\Desktop\TP'S\SOA\TP3\apache-tomcat-9.0.65\bin;C:\Program Files\Apache Software Foundation\Tomcat 9.0;C:\Users\ala\AppData\Local\Android\Sdk\platform-tools;C:\Program Files\Docker\Docker\resources\bin;C:\Program Files\Git\cmd;C:\Program Files\MySQL\MySQL Server 8.2\bin;C:\Program Files\OpenSSL-Win64\bin;;C:\WINDOWS\System32\OpenSSH\;C:\Users\ala\AppData\Roaming\Microsoft\Windows\Start Menu\Programs\Python 3.10;C:\Program Files\nodejs\;C:\xampp\php;C:\composer;C:\WINDOWS\system32;C:\WINDOWS;C:\WINDOWS\System32\Wbem;C:\WINDOWS\System32\WindowsPowerShell\v1.0\;C:\Users\ala\.pyenv\pyenv-win\bin;C:\Users\ala\.pyenv\pyenv-win\shims;C:\Users\ala\AppData\Roaming\Microsoft\Windows\Start Menu\Programs\System Tools;C:\Program Files\dotnet\;C:\Users\ala\Documents\mongosh-2.0.2-win32-x64\bin;C:\ProgramData\Microsoft\Windows\Start Menu\Programs\Git;C:\Program Files\Java\jdk-19\bin;C:\Users\ala\Desktop\TP'S\SOA\TP3\apache-tomcat-9.0.65\bin;C:\Program Files\Apache Software Foundation\Tomcat 9.0;C:\Users\ala\AppData\Local\Android\Sdk\platform-tools;C:\Program Files\Docker\Docker\resources\bin;C:\Program Files\Git\cmd;C:\Users\ala\scoop\shims;C:\Users\ala\AppData\Local\Programs\Python\Python312\Scripts\;C:\Users\ala\AppData\Local\Programs\Python\Python312\;C:\Users\ala\AppData\Roaming\Microsoft\Windows\Start Menu\Programs\Python 3.11;C:\ProgramData\Microsoft\Windows\Start Menu\Programs\Node.js;C:\Windows\System32;C:\Users\ala\AppData\Local\Programs\Microsoft VS Code\bin;C:\Users\ala\AppData\Local\GitHubDesktop\bin;C:\Program Files\MongoDB\Server\6.0\bin;C:\Program Files\Erlang OTP;C:\Windows\System32\WindowsPowerShell\v1.0;C:\Program Files\RabbitMQ Server\rabbitmq_server-3.13.6\sbin;C:\Program Files\Erlang OTP\erts-15.0.1\bin;C:\Users\ala\AppData\Roaming\Microsoft\Windows\Start Menu\Programs\Python 3.10;C:\Users\ala\AppData\Roaming\npm;C:\Users\ala\AppData\Roaming\Composer\vendor\bin;C:\Users\ala\AppData\Local\Microsoft\WindowsApps;C:\Users\ala\AppData\Local\Programs\cursor\resources\app\bin;C:\Program Files (x86)\ApacheMaven\mvn\bin;
USERNAME=ala
OS=Windows_NT
PROCESSOR_IDENTIFIER=Intel64 Family 6 Model 140 Stepping 1, GenuineIntel
TMP=C:\Users\ala\AppData\Local\Temp
TEMP=C:\Users\ala\AppData\Local\Temp




Periodic native trim disabled

---------------  S Y S T E M  ---------------

OS:
 Windows 11 , 64 bit Build 26100 (10.0.26100.3912)
OS uptime: 0 days 21:46 hours
Hyper-V role detected

CPU: total 8 (initial active 8) (4 cores per cpu, 2 threads per core) family 6 model 140 stepping 1 microcode 0xac, cx8, cmov, fxsr, ht, mmx, 3dnowpref, sse, sse2, sse3, ssse3, sse4.1, sse4.2, popcnt, lzcnt, tsc, tscinvbit, avx, avx2, aes, erms, clmul, bmi1, bmi2, adx, avx512f, avx512dq, avx512cd, avx512bw, avx512vl, sha, fma, vzeroupper, avx512_vpopcntdq, avx512_vpclmulqdq, avx512_vaes, avx512_vnni, clflush, clflushopt, clwb, avx512_vbmi2, avx512_vbmi, hv, rdtscp, rdpid, fsrm, gfni, avx512_bitalg, f16c, cet_ibt, cet_ss, avx512_ifma
Processor Information for the first 8 processors :
  Max Mhz: 2419, Current Mhz: 2419, Mhz Limit: 2419

Memory: 4k page, system-wide physical 7932M (1168M free)
TotalPageFile size 17932M (AvailPageFile size 235M)
current process WorkingSet (physical memory assigned to process): 143M, peak: 146M
current process commit charge ("private bytes"): 239M, peak: 250M

vm_info: OpenJDK 64-Bit Server VM (21.0.6+7-LTS) for windows-amd64 JRE (21.0.6+7-LTS), built on 2025-01-21T00:00:00Z by "admin" with MS VC++ 17.7 (VS2022)

END.
