#
# There is insufficient memory for the Java Runtime Environment to continue.
# Native memory allocation (malloc) failed to allocate 1048576 bytes. Error detail: AllocateHeap
# Possible reasons:
#   The system is out of physical RAM or swap space
#   This process is running with CompressedOops enabled, and the Java Heap may be blocking the growth of the native heap
# Possible solutions:
#   Reduce memory load on the system
#   Increase physical memory or swap space
#   Check if swap backing store is full
#   Decrease Java heap size (-Xmx/-Xms)
#   Decrease number of Java threads
#   Decrease Java thread stack sizes (-Xss)
#   Set larger code cache with -XX:ReservedCodeCacheSize=
#   JVM is running with Unscaled Compressed Oops mode in which the Java heap is
#     placed in the first 4GB address space. The Java Heap base address is the
#     maximum limit for the native heap growth. Please use -XX:HeapBaseMinAddress
#     to set the Java Heap base and to place the Java Heap above 4GB virtual address.
# This output file may be truncated or incomplete.
#
#  Out of Memory Error (allocation.cpp:44), pid=2872, tid=17552
#
# JRE version: Java(TM) SE Runtime Environment (22.0.2+9) (build 22.0.2+9-70)
# Java VM: Java HotSpot(TM) 64-Bit Server VM (22.0.2+9-70, mixed mode, emulated-client, sharing, tiered, compressed oops, compressed class ptrs, g1 gc, windows-amd64)
# No core dump will be written. Minidumps are not enabled by default on client versions of Windows
#

---------------  S U M M A R Y ------------

Command Line: -XX:TieredStopAtLevel=1 com.linguabridge.backend.LinguaBackendApplication

Host: 11th Gen Intel(R) Core(TM) i5-1135G7 @ 2.40GHz, 8 cores, 7G,  Windows 11 , 64 bit Build 26100 (10.0.26100.3775)
Time: Mon May 12 23:11:44 2025 W. Central Africa Standard Time elapsed time: 1548.245456 seconds (0d 0h 25m 48s)

---------------  T H R E A D  ---------------

Current thread (0x0000029fda6bcd30):  VMThread "VM Thread"          [id=17552, stack(0x000000cc21a00000,0x000000cc21b00000) (1024K)]

Stack: [0x000000cc21a00000,0x000000cc21b00000]
Native frames: (J=compiled Java code, j=interpreted, Vv=VM code, C=native code)
V  [jvm.dll+0x6e26e9]  (no source info available)
V  [jvm.dll+0x875753]  (no source info available)
V  [jvm.dll+0x877b7e]  (no source info available)
V  [jvm.dll+0x878253]  (no source info available)
V  [jvm.dll+0x27fc86]  (no source info available)
V  [jvm.dll+0xbe877]  (no source info available)
V  [jvm.dll+0x348faf]  (no source info available)
V  [jvm.dll+0x34395e]  (no source info available)
V  [jvm.dll+0x32c01c]  (no source info available)
V  [jvm.dll+0x370394]  (no source info available)
V  [jvm.dll+0x87e0f0]  (no source info available)
V  [jvm.dll+0x87f477]  (no source info available)
V  [jvm.dll+0x87f9f0]  (no source info available)
V  [jvm.dll+0x87fc93]  (no source info available)
V  [jvm.dll+0x81dc0b]  (no source info available)
V  [jvm.dll+0x6e0d85]  (no source info available)
C  [ucrtbase.dll+0x37b0]  (no source info available)
C  [KERNEL32.DLL+0x2e8d7]  (no source info available)
C  [ntdll.dll+0xb14fc]  (no source info available)

VM_Operation (0x000000cc210ff170): G1CollectFull, mode: safepoint, requested by thread 0x0000029fc7e72bf0


---------------  P R O C E S S  ---------------

Threads class SMR info:
_java_thread_list=0x0000029fc7c6c1c0, length=18, elements={
0x0000029fda6d6de0, 0x0000029fda6d9850, 0x0000029fda6de2c0, 0x0000029fda6ded20,
0x0000029fda6df8b0, 0x0000029fda6e2450, 0x0000029fda6e8620, 0x0000029fc5265360,
0x0000029fc526ba00, 0x0000029fc5d10800, 0x0000029fc6b84500, 0x0000029fc72df330,
0x0000029fc744bea0, 0x0000029fc7bc1160, 0x0000029fc7bbaef0, 0x0000029fc744c530,
0x0000029fc7e72bf0, 0x0000029fc7e73910
}

Java Threads: ( => current thread )
  0x0000029fda6d6de0 JavaThread "Reference Handler"          daemon [_thread_blocked, id=15288, stack(0x000000cc21b00000,0x000000cc21c00000) (1024K)]
  0x0000029fda6d9850 JavaThread "Finalizer"                  daemon [_thread_blocked, id=3376, stack(0x000000cc21c00000,0x000000cc21d00000) (1024K)]
  0x0000029fda6de2c0 JavaThread "Signal Dispatcher"          daemon [_thread_blocked, id=17588, stack(0x000000cc21d00000,0x000000cc21e00000) (1024K)]
  0x0000029fda6ded20 JavaThread "Attach Listener"            daemon [_thread_blocked, id=1964, stack(0x000000cc21e00000,0x000000cc21f00000) (1024K)]
  0x0000029fda6df8b0 JavaThread "Service Thread"             daemon [_thread_blocked, id=19260, stack(0x000000cc21f00000,0x000000cc22000000) (1024K)]
  0x0000029fda6e2450 JavaThread "Monitor Deflation Thread"   daemon [_thread_blocked, id=5220, stack(0x000000cc22000000,0x000000cc22100000) (1024K)]
  0x0000029fda6e8620 JavaThread "C1 CompilerThread0"         daemon [_thread_blocked, id=17364, stack(0x000000cc22100000,0x000000cc22200000) (1024K)]
  0x0000029fc5265360 JavaThread "Notification Thread"        daemon [_thread_blocked, id=3956, stack(0x000000cc22300000,0x000000cc22400000) (1024K)]
  0x0000029fc526ba00 JavaThread "Common-Cleaner"             daemon [_thread_blocked, id=17164, stack(0x000000cc22400000,0x000000cc22500000) (1024K)]
  0x0000029fc5d10800 JavaThread "WindowsStreamPump"          daemon [_thread_blocked, id=16172, stack(0x000000cc22f00000,0x000000cc23000000) (1024K)]
  0x0000029fc6b84500 JavaThread "Jndi-Dns-address-change-listener" daemon [_thread_in_native, id=18844, stack(0x000000cc23200000,0x000000cc23300000) (1024K)]
  0x0000029fc72df330 JavaThread "BufferPoolPruner-1-thread-1" daemon [_thread_blocked, id=14612, stack(0x000000cc23300000,0x000000cc23400000) (1024K)]
  0x0000029fc744bea0 JavaThread "Live Reload Server"         daemon [_thread_in_native, id=4964, stack(0x000000cc23c00000,0x000000cc23d00000) (1024K)]
  0x0000029fc7bc1160 JavaThread "DestroyJavaVM"                     [_thread_blocked, id=18412, stack(0x000000cc21300000,0x000000cc21400000) (1024K)]
  0x0000029fc7bbaef0 JavaThread "parallel-1"                 daemon [_thread_blocked, id=11156, stack(0x000000cc21100000,0x000000cc21200000) (1024K)]
  0x0000029fc744c530 JavaThread "parallel-2"                 daemon [_thread_blocked, id=17772, stack(0x000000cc22500000,0x000000cc22600000) (1024K)]
  0x0000029fc7e72bf0 JavaThread "Thread-11"                         [_thread_blocked, id=14772, stack(0x000000cc21000000,0x000000cc21100000) (1024K)]
  0x0000029fc7e73910 JavaThread "parallel-3"                 daemon [_thread_blocked, id=3480, stack(0x000000cc21200000,0x000000cc21300000) (1024K)]
Total: 18

Other Threads:
=>0x0000029fda6bcd30 VMThread "VM Thread"                           [id=17552, stack(0x000000cc21a00000,0x000000cc21b00000) (1024K)]
  0x0000029fda6a6eb0 WatcherThread "VM Periodic Task Thread"        [id=8716, stack(0x000000cc21900000,0x000000cc21a00000) (1024K)]
  0x0000029fc9f91630 WorkerThread "GC Thread#0"                     [id=3004, stack(0x000000cc21400000,0x000000cc21500000) (1024K)]
  0x0000029fc5abad00 WorkerThread "GC Thread#1"                     [id=11260, stack(0x000000cc22900000,0x000000cc22a00000) (1024K)]
  0x0000029fc5ad94f0 WorkerThread "GC Thread#2"                     [id=14424, stack(0x000000cc22a00000,0x000000cc22b00000) (1024K)]
  0x0000029fc5ab0360 WorkerThread "GC Thread#3"                     [id=9760, stack(0x000000cc22b00000,0x000000cc22c00000) (1024K)]
  0x0000029fc5aeff00 WorkerThread "GC Thread#4"                     [id=10752, stack(0x000000cc22c00000,0x000000cc22d00000) (1024K)]
  0x0000029fc5af02b0 WorkerThread "GC Thread#5"                     [id=17116, stack(0x000000cc22d00000,0x000000cc22e00000) (1024K)]
  0x0000029fc5f6c790 WorkerThread "GC Thread#6"                     [id=2740, stack(0x000000cc23000000,0x000000cc23100000) (1024K)]
  0x0000029fc5fa9660 WorkerThread "GC Thread#7"                     [id=14176, stack(0x000000cc23100000,0x000000cc23200000) (1024K)]
  0x0000029fc9fa1d30 ConcurrentGCThread "G1 Main Marker"            [id=3324, stack(0x000000cc21500000,0x000000cc21600000) (1024K)]
  0x0000029fc9fa3670 WorkerThread "G1 Conc#0"                       [id=15468, stack(0x000000cc21600000,0x000000cc21700000) (1024K)]
  0x0000029fc656a670 WorkerThread "G1 Conc#1"                       [id=6292, stack(0x000000cc22e00000,0x000000cc22f00000) (1024K)]
  0x0000029fc9feeb10 ConcurrentGCThread "G1 Refine#0"               [id=18088, stack(0x000000cc21700000,0x000000cc21800000) (1024K)]
  0x0000029fda575430 ConcurrentGCThread "G1 Service"                [id=18604, stack(0x000000cc21800000,0x000000cc21900000) (1024K)]
Total: 15

Threads with active compile tasks:
Total: 0

VM state: at safepoint (normal execution)

VM Mutex/Monitor currently owned by a thread:  ([mutex/lock_event])
[0x00007ffa1bf7cb80] Threads_lock - owner thread: 0x0000029fda6bcd30
[0x00007ffa1bf7cc80] Heap_lock - owner thread: 0x0000029fc7e72bf0

Heap address: 0x0000000084000000, size: 1984 MB, Compressed Oops mode: 32-bit

CDS archive(s) mapped at: [0x0000029f80000000-0x0000029f80c60000-0x0000029f80c60000), size 12976128, SharedBaseAddress: 0x0000029f80000000, ArchiveRelocationMode: 1.
Compressed class space mapped at: 0x0000029f81000000-0x0000029fc1000000, reserved size: 1073741824
Narrow klass base: 0x0000029f80000000, Narrow klass shift: 0, Narrow klass range: 0x41000000

GC Precious Log:
 CardTable entry size: 512
 Card Set container configuration: InlinePtr #cards 5 size 8 Array Of Cards #cards 12 size 40 Howl #buckets 4 coarsen threshold 1843 Howl Bitmap #cards 512 size 80 coarsen threshold 460 Card regions per heap region 1 cards per card region 2048
 CPUs: 8 total, 8 available
 Memory: 7932M
 Large Page Support: Disabled
 NUMA Support: Disabled
 Compressed Oops: Enabled (32-bit)
 Heap Region Size: 1M
 Heap Min Capacity: 8M
 Heap Initial Capacity: 124M
 Heap Max Capacity: 1984M
 Pre-touch: Disabled
 Parallel Workers: 8
 Concurrent Workers: 2
 Concurrent Refinement Workers: 8
 Periodic GC: Disabled

Heap:
 garbage-first heap   total reserved 2031616K, committed 59392K, used 35396K [0x0000000084000000, 0x0000000100000000)
  region size 1024K, 9 young (9216K), 1 survivors (1024K)
 Metaspace       used 56983K, committed 57856K, reserved 1114112K
  class space    used 8246K, committed 8576K, reserved 1048576K

Heap Regions: E=young(eden), S=young(survivor), O=old, HS=humongous(starts), HC=humongous(continues), CS=collection set, F=free, TAMS=top-at-mark-start, PB=parsable bottom
|   0|0x0000000084000000, 0x0000000084100000, 0x0000000084100000|100%| O|  |TAMS 0x0000000084000000| PB 0x0000000084000000| Untracked |  0
|   1|0x0000000084100000, 0x00000000841fffc8, 0x0000000084200000| 99%| O|  |TAMS 0x0000000084100000| PB 0x0000000084100000| Untracked |  0
|   2|0x0000000084200000, 0x00000000842fffb0, 0x0000000084300000| 99%| O|  |TAMS 0x0000000084200000| PB 0x0000000084200000| Untracked |  0
|   3|0x0000000084300000, 0x0000000084400000, 0x0000000084400000|100%| O|  |TAMS 0x0000000084300000| PB 0x0000000084300000| Untracked |  0
|   4|0x0000000084400000, 0x0000000084500000, 0x0000000084500000|100%| O|  |TAMS 0x0000000084400000| PB 0x0000000084400000| Untracked |  0
|   5|0x0000000084500000, 0x00000000845ffff0, 0x0000000084600000| 99%| O|  |TAMS 0x0000000084500000| PB 0x0000000084500000| Untracked |  0
|   6|0x0000000084600000, 0x00000000846ffff0, 0x0000000084700000| 99%| O|  |TAMS 0x0000000084600000| PB 0x0000000084600000| Untracked |  0
|   7|0x0000000084700000, 0x0000000084800000, 0x0000000084800000|100%| O|  |TAMS 0x0000000084700000| PB 0x0000000084700000| Untracked |  0
|   8|0x0000000084800000, 0x00000000848ffff8, 0x0000000084900000| 99%| O|  |TAMS 0x0000000084800000| PB 0x0000000084800000| Untracked |  0
|   9|0x0000000084900000, 0x00000000849fffe0, 0x0000000084a00000| 99%| O|  |TAMS 0x0000000084900000| PB 0x0000000084900000| Untracked |  0
|  10|0x0000000084a00000, 0x0000000084b00000, 0x0000000084b00000|100%| O|  |TAMS 0x0000000084a00000| PB 0x0000000084a00000| Untracked |  0
|  11|0x0000000084b00000, 0x0000000084bffff8, 0x0000000084c00000| 99%| O|  |TAMS 0x0000000084b00000| PB 0x0000000084b00000| Untracked |  0
|  12|0x0000000084c00000, 0x0000000084d00000, 0x0000000084d00000|100%| O|  |TAMS 0x0000000084c00000| PB 0x0000000084c00000| Untracked |  0
|  13|0x0000000084d00000, 0x0000000084dffff8, 0x0000000084e00000| 99%| O|  |TAMS 0x0000000084d00000| PB 0x0000000084d00000| Untracked |  0
|  14|0x0000000084e00000, 0x0000000084f00000, 0x0000000084f00000|100%| O|  |TAMS 0x0000000084e00000| PB 0x0000000084e00000| Untracked |  0
|  15|0x0000000084f00000, 0x0000000084ffa898, 0x0000000085000000| 97%| O|  |TAMS 0x0000000084f00000| PB 0x0000000084f00000| Untracked |  0
|  16|0x0000000085000000, 0x0000000085100000, 0x0000000085100000|100%| O|  |TAMS 0x0000000085000000| PB 0x0000000085000000| Untracked |  0
|  17|0x0000000085100000, 0x00000000851ffaa0, 0x0000000085200000| 99%| O|  |TAMS 0x0000000085100000| PB 0x0000000085100000| Untracked |  0
|  18|0x0000000085200000, 0x00000000852fffe8, 0x0000000085300000| 99%| O|  |TAMS 0x0000000085200000| PB 0x0000000085200000| Untracked |  0
|  19|0x0000000085300000, 0x0000000085400000, 0x0000000085400000|100%| O|  |TAMS 0x0000000085300000| PB 0x0000000085300000| Untracked |  0
|  20|0x0000000085400000, 0x0000000085500000, 0x0000000085500000|100%| O|  |TAMS 0x0000000085400000| PB 0x0000000085400000| Untracked |  0
|  21|0x0000000085500000, 0x0000000085500000, 0x0000000085600000|  0%| F|  |TAMS 0x0000000085500000| PB 0x0000000085500000| Untracked |  0
|  22|0x0000000085600000, 0x0000000085600000, 0x0000000085700000|  0%| F|  |TAMS 0x0000000085600000| PB 0x0000000085600000| Untracked |  0
|  23|0x0000000085700000, 0x0000000085800000, 0x0000000085800000|100%| O|  |TAMS 0x0000000085700000| PB 0x0000000085700000| Untracked |  0
|  24|0x0000000085800000, 0x00000000858b7c78, 0x0000000085900000| 71%| O|  |TAMS 0x0000000085800000| PB 0x0000000085800000| Untracked |  0
|  25|0x0000000085900000, 0x0000000085900000, 0x0000000085a00000|  0%| F|  |TAMS 0x0000000085900000| PB 0x0000000085900000| Untracked |  0
|  26|0x0000000085a00000, 0x0000000085a00000, 0x0000000085b00000|  0%| F|  |TAMS 0x0000000085a00000| PB 0x0000000085a00000| Untracked |  0
|  27|0x0000000085b00000, 0x0000000085bdf530, 0x0000000085c00000| 87%| S|CS|TAMS 0x0000000085b00000| PB 0x0000000085b00000| Complete |  0
|  28|0x0000000085c00000, 0x0000000085c00000, 0x0000000085d00000|  0%| F|  |TAMS 0x0000000085c00000| PB 0x0000000085c00000| Untracked |  0
|  29|0x0000000085d00000, 0x0000000085d00000, 0x0000000085e00000|  0%| F|  |TAMS 0x0000000085d00000| PB 0x0000000085d00000| Untracked |  0
|  30|0x0000000085e00000, 0x0000000085f00000, 0x0000000085f00000|100%| O|  |TAMS 0x0000000085e00000| PB 0x0000000085e00000| Untracked |  0
|  31|0x0000000085f00000, 0x0000000086000000, 0x0000000086000000|100%| O|  |TAMS 0x0000000085f00000| PB 0x0000000085f00000| Untracked |  0
|  32|0x0000000086000000, 0x0000000086100000, 0x0000000086100000|100%| O|  |TAMS 0x0000000086000000| PB 0x0000000086000000| Untracked |  0
|  33|0x0000000086100000, 0x0000000086200000, 0x0000000086200000|100%| O|  |TAMS 0x0000000086100000| PB 0x0000000086100000| Untracked |  0
|  34|0x0000000086200000, 0x0000000086200000, 0x0000000086300000|  0%| F|  |TAMS 0x0000000086200000| PB 0x0000000086200000| Untracked |  0
|  35|0x0000000086300000, 0x0000000086300000, 0x0000000086400000|  0%| F|  |TAMS 0x0000000086300000| PB 0x0000000086300000| Untracked |  0
|  36|0x0000000086400000, 0x0000000086400000, 0x0000000086500000|  0%| F|  |TAMS 0x0000000086400000| PB 0x0000000086400000| Untracked |  0
|  37|0x0000000086500000, 0x0000000086500000, 0x0000000086600000|  0%| F|  |TAMS 0x0000000086500000| PB 0x0000000086500000| Untracked |  0
|  38|0x0000000086600000, 0x0000000086600000, 0x0000000086700000|  0%| F|  |TAMS 0x0000000086600000| PB 0x0000000086600000| Untracked |  0
|  39|0x0000000086700000, 0x0000000086700000, 0x0000000086800000|  0%| F|  |TAMS 0x0000000086700000| PB 0x0000000086700000| Untracked |  0
|  40|0x0000000086800000, 0x0000000086800000, 0x0000000086900000|  0%| F|  |TAMS 0x0000000086800000| PB 0x0000000086800000| Untracked |  0
|  41|0x0000000086900000, 0x0000000086900000, 0x0000000086a00000|  0%| F|  |TAMS 0x0000000086900000| PB 0x0000000086900000| Untracked |  0
|  42|0x0000000086a00000, 0x0000000086a00000, 0x0000000086b00000|  0%| F|  |TAMS 0x0000000086a00000| PB 0x0000000086a00000| Untracked |  0
|  43|0x0000000086b00000, 0x0000000086b00000, 0x0000000086c00000|  0%| F|  |TAMS 0x0000000086b00000| PB 0x0000000086b00000| Untracked |  0
|  44|0x0000000086c00000, 0x0000000086c00000, 0x0000000086d00000|  0%| F|  |TAMS 0x0000000086c00000| PB 0x0000000086c00000| Untracked |  0
|  72|0x0000000088800000, 0x0000000088800000, 0x0000000088900000|  0%| F|  |TAMS 0x0000000088800000| PB 0x0000000088800000| Untracked |  0
|  73|0x0000000088900000, 0x0000000088900000, 0x0000000088a00000|  0%| F|  |TAMS 0x0000000088900000| PB 0x0000000088900000| Untracked |  0
|  74|0x0000000088a00000, 0x0000000088a00000, 0x0000000088b00000|  0%| F|  |TAMS 0x0000000088a00000| PB 0x0000000088a00000| Untracked |  0
|  75|0x0000000088b00000, 0x0000000088b00000, 0x0000000088c00000|  0%| F|  |TAMS 0x0000000088b00000| PB 0x0000000088b00000| Untracked |  0
|  76|0x0000000088c00000, 0x0000000088c00000, 0x0000000088d00000|  0%| F|  |TAMS 0x0000000088c00000| PB 0x0000000088c00000| Untracked |  0
|  77|0x0000000088d00000, 0x0000000088d24838, 0x0000000088e00000| 14%| E|  |TAMS 0x0000000088d00000| PB 0x0000000088d00000| Complete |  0
|  78|0x0000000088e00000, 0x0000000088f00000, 0x0000000088f00000|100%| E|CS|TAMS 0x0000000088e00000| PB 0x0000000088e00000| Complete |  0
| 123|0x000000008bb00000, 0x000000008bc00000, 0x000000008bc00000|100%| E|CS|TAMS 0x000000008bb00000| PB 0x000000008bb00000| Complete |  0
|1979|0x00000000ffb00000, 0x00000000ffc00000, 0x00000000ffc00000|100%| E|CS|TAMS 0x00000000ffb00000| PB 0x00000000ffb00000| Complete |  0
|1980|0x00000000ffc00000, 0x00000000ffd00000, 0x00000000ffd00000|100%| E|CS|TAMS 0x00000000ffc00000| PB 0x00000000ffc00000| Complete |  0
|1981|0x00000000ffd00000, 0x00000000ffe00000, 0x00000000ffe00000|100%| E|CS|TAMS 0x00000000ffd00000| PB 0x00000000ffd00000| Complete |  0
|1982|0x00000000ffe00000, 0x00000000fff00000, 0x00000000fff00000|100%| E|CS|TAMS 0x00000000ffe00000| PB 0x00000000ffe00000| Complete |  0
|1983|0x00000000fff00000, 0x0000000100000000, 0x0000000100000000|100%| E|CS|TAMS 0x00000000fff00000| PB 0x00000000fff00000| Complete |  0

Card table byte_map: [0x0000029fd5f70000,0x0000029fd6350000] _byte_map_base: 0x0000029fd5b50000

Marking Bits: (CMBitMap*) 0x0000029fc9f91c50
 Bits: [0x0000029fd6350000, 0x0000029fd8250000)

Polling page: 0x0000029fc9ff0000

Metaspace:

Usage:
  Non-class:     47.60 MB used.
      Class:      8.05 MB used.
       Both:     55.65 MB used.

Virtual space:
  Non-class space:       64.00 MB reserved,      48.12 MB ( 75%) committed,  1 nodes.
      Class space:        1.00 GB reserved,       8.38 MB ( <1%) committed,  1 nodes.
             Both:        1.06 GB reserved,      56.50 MB (  5%) committed. 

Chunk freelists:
   Non-Class:  15.48 MB
       Class:  7.69 MB
        Both:  23.17 MB

MaxMetaspaceSize: unlimited
CompressedClassSpaceSize: 1.00 GB
Initial GC threshold: 21.00 MB
Current GC threshold: 94.19 MB
CDS: on
 - commit_granule_bytes: 65536.
 - commit_granule_words: 8192.
 - virtual_space_node_default_size: 8388608.
 - enlarge_chunks_in_place: 1.
 - use_allocation_guard: 0.


Internal statistics:

num_allocs_failed_limit: 3.
num_arena_births: 1302.
num_arena_deaths: 654.
num_vsnodes_births: 2.
num_vsnodes_deaths: 0.
num_space_committed: 904.
num_space_uncommitted: 0.
num_chunks_returned_to_freelist: 773.
num_chunks_taken_from_freelist: 3646.
num_chunk_merges: 158.
num_chunk_splits: 2248.
num_chunks_enlarged: 1623.
num_inconsistent_stats: 0.

CodeCache: size=49152Kb used=12779Kb max_used=14195Kb free=36372Kb
 bounds [0x0000029fd22b0000, 0x0000029fd3100000, 0x0000029fd52b0000]
 total_blobs=6969 nmethods=6278 adapters=614
 compilation: enabled
              stopped_count=0, restarted_count=0
 full_count=0

Compilation events (20 events):
Event: 1459.089 Thread 0x0000029fda6e8620 11240       1       com.mongodb.internal.connection.NoOpSessionContext::getClusterTime (2 bytes)
Event: 1459.090 Thread 0x0000029fda6e8620 nmethod 11240 0x0000029fd25f4d90 code [0x0000029fd25f4f20, 0x0000029fd25f4ff0]
Event: 1489.744 Thread 0x0000029fda6e8620 11241       1       com.mongodb.internal.connection.DefaultServerMonitor::access$1600 (5 bytes)
Event: 1489.747 Thread 0x0000029fda6e8620 nmethod 11241 0x0000029fd25f4890 code [0x0000029fd25f4a60, 0x0000029fd25f4c40]
Event: 1543.412 Thread 0x0000029fda6e8620 11242       1       org.springframework.boot.devtools.filewatch.ChangedFile::<init> (38 bytes)
Event: 1543.416 Thread 0x0000029fda6e8620 nmethod 11242 0x0000029fd25f4190 code [0x0000029fd25f4360, 0x0000029fd25f4738]
Event: 1543.480 Thread 0x0000029fda6e8620 11243       1       java.util.regex.Pattern$Branch::<init> (37 bytes)
Event: 1543.482 Thread 0x0000029fda6e8620 nmethod 11243 0x0000029fd25f3a90 code [0x0000029fd25f3c40, 0x0000029fd25f4068]
Event: 1546.829 Thread 0x0000029fda6e8620 11244       1       org.apache.tomcat.util.net.Acceptor::getState (5 bytes)
Event: 1546.832 Thread 0x0000029fda6e8620 nmethod 11244 0x0000029fd25f3790 code [0x0000029fd25f3920, 0x0000029fd25f39e8]
Event: 1546.866 Thread 0x0000029fda6e8620 11245       1       java.util.concurrent.CountDownLatch::<init> (31 bytes)
Event: 1546.868 Thread 0x0000029fda6e8620 nmethod 11245 0x0000029fd25f3290 code [0x0000029fd25f3440, 0x0000029fd25f3680]
Event: 1546.978 Thread 0x0000029fda6e8620 11246       1       org.springframework.beans.factory.support.DefaultListableBeanFactory::clearByTypeCache (19 bytes)
Event: 1546.982 Thread 0x0000029fda6e8620 nmethod 11246 0x0000029fd25f2f10 code [0x0000029fd25f30c0, 0x0000029fd25f31f8]
Event: 1547.179 Thread 0x0000029fda6e8620 11247       1       java.lang.Thread::isTerminated (16 bytes)
Event: 1547.185 Thread 0x0000029fda6e8620 nmethod 11247 0x0000029fd25f2b90 code [0x0000029fd25f2d20, 0x0000029fd25f2e28]
Event: 1547.185 Thread 0x0000029fda6e8620 11248       1       java.lang.Thread::getThreadGroup (30 bytes)
Event: 1547.186 Thread 0x0000029fda6e8620 nmethod 11248 0x0000029fd25f2610 code [0x0000029fd25f27c0, 0x0000029fd25f2a20]
Event: 1547.190 Thread 0x0000029fda6e8620 11249       1       org.apache.catalina.ContainerEvent::getType (5 bytes)
Event: 1547.190 Thread 0x0000029fda6e8620 nmethod 11249 0x0000029fd25f2310 code [0x0000029fd25f24a0, 0x0000029fd25f2568]

GC Heap History (20 events):
Event: 959.943 GC heap after
{Heap after GC invocations=35 (full 2):
 garbage-first heap   total reserved 2031616K, committed 59392K, used 28258K [0x0000000084000000, 0x0000000100000000)
  region size 1024K, 3 young (3072K), 3 survivors (3072K)
 Metaspace       used 56342K, committed 57024K, reserved 1114112K
  class space    used 8193K, committed 8448K, reserved 1048576K
}
Event: 970.833 GC heap before
{Heap before GC invocations=36 (full 2):
 garbage-first heap   total reserved 2031616K, committed 59392K, used 49762K [0x0000000084000000, 0x0000000100000000)
  region size 1024K, 24 young (24576K), 3 survivors (3072K)
 Metaspace       used 56677K, committed 57344K, reserved 1114112K
  class space    used 8244K, committed 8512K, reserved 1048576K
}
Event: 970.840 GC heap after
{Heap after GC invocations=37 (full 2):
 garbage-first heap   total reserved 2031616K, committed 59392K, used 27315K [0x0000000084000000, 0x0000000100000000)
  region size 1024K, 2 young (2048K), 2 survivors (2048K)
 Metaspace       used 56677K, committed 57344K, reserved 1114112K
  class space    used 8244K, committed 8512K, reserved 1048576K
}
Event: 974.186 GC heap before
{Heap before GC invocations=37 (full 2):
 garbage-first heap   total reserved 2031616K, committed 59392K, used 48819K [0x0000000084000000, 0x0000000100000000)
  region size 1024K, 24 young (24576K), 2 survivors (2048K)
 Metaspace       used 56848K, committed 57600K, reserved 1114112K
  class space    used 8266K, committed 8576K, reserved 1048576K
}
Event: 974.200 GC heap after
{Heap after GC invocations=38 (full 2):
 garbage-first heap   total reserved 2031616K, committed 59392K, used 29042K [0x0000000084000000, 0x0000000100000000)
  region size 1024K, 3 young (3072K), 3 survivors (3072K)
 Metaspace       used 56848K, committed 57600K, reserved 1114112K
  class space    used 8266K, committed 8576K, reserved 1048576K
}
Event: 978.930 GC heap before
{Heap before GC invocations=38 (full 2):
 garbage-first heap   total reserved 2031616K, committed 59392K, used 50546K [0x0000000084000000, 0x0000000100000000)
  region size 1024K, 24 young (24576K), 3 survivors (3072K)
 Metaspace       used 57111K, committed 57792K, reserved 1114112K
  class space    used 8296K, committed 8576K, reserved 1048576K
}
Event: 978.941 GC heap after
{Heap after GC invocations=39 (full 2):
 garbage-first heap   total reserved 2031616K, committed 59392K, used 31354K [0x0000000084000000, 0x0000000100000000)
  region size 1024K, 3 young (3072K), 3 survivors (3072K)
 Metaspace       used 57111K, committed 57792K, reserved 1114112K
  class space    used 8296K, committed 8576K, reserved 1048576K
}
Event: 994.613 GC heap before
{Heap before GC invocations=40 (full 2):
 garbage-first heap   total reserved 2031616K, committed 59392K, used 49786K [0x0000000084000000, 0x0000000100000000)
  region size 1024K, 21 young (21504K), 3 survivors (3072K)
 Metaspace       used 57121K, committed 57856K, reserved 1114112K
  class space    used 8283K, committed 8576K, reserved 1048576K
}
Event: 994.630 GC heap after
{Heap after GC invocations=41 (full 2):
 garbage-first heap   total reserved 2031616K, committed 59392K, used 32286K [0x0000000084000000, 0x0000000100000000)
  region size 1024K, 2 young (2048K), 2 survivors (2048K)
 Metaspace       used 57121K, committed 57856K, reserved 1114112K
  class space    used 8283K, committed 8576K, reserved 1048576K
}
Event: 1083.384 GC heap before
{Heap before GC invocations=41 (full 2):
 garbage-first heap   total reserved 2031616K, committed 59392K, used 50718K [0x0000000084000000, 0x0000000100000000)
  region size 1024K, 20 young (20480K), 2 survivors (2048K)
 Metaspace       used 57121K, committed 57856K, reserved 1114112K
  class space    used 8283K, committed 8576K, reserved 1048576K
}
Event: 1083.396 GC heap after
{Heap after GC invocations=42 (full 2):
 garbage-first heap   total reserved 2031616K, committed 59392K, used 32411K [0x0000000084000000, 0x0000000100000000)
  region size 1024K, 2 young (2048K), 2 survivors (2048K)
 Metaspace       used 57121K, committed 57856K, reserved 1114112K
  class space    used 8283K, committed 8576K, reserved 1048576K
}
Event: 1177.607 GC heap before
{Heap before GC invocations=42 (full 2):
 garbage-first heap   total reserved 2031616K, committed 59392K, used 51867K [0x0000000084000000, 0x0000000100000000)
  region size 1024K, 21 young (21504K), 2 survivors (2048K)
 Metaspace       used 57121K, committed 57856K, reserved 1114112K
  class space    used 8283K, committed 8576K, reserved 1048576K
}
Event: 1177.639 GC heap after
{Heap after GC invocations=43 (full 2):
 garbage-first heap   total reserved 2031616K, committed 59392K, used 32131K [0x0000000084000000, 0x0000000100000000)
  region size 1024K, 1 young (1024K), 1 survivors (1024K)
 Metaspace       used 57121K, committed 57856K, reserved 1114112K
  class space    used 8283K, committed 8576K, reserved 1048576K
}
Event: 1280.059 GC heap before
{Heap before GC invocations=44 (full 2):
 garbage-first heap   total reserved 2031616K, committed 59392K, used 53635K [0x0000000084000000, 0x0000000100000000)
  region size 1024K, 22 young (22528K), 1 survivors (1024K)
 Metaspace       used 56974K, committed 57856K, reserved 1114112K
  class space    used 8244K, committed 8576K, reserved 1048576K
}
Event: 1280.069 GC heap after
{Heap after GC invocations=45 (full 2):
 garbage-first heap   total reserved 2031616K, committed 59392K, used 32047K [0x0000000084000000, 0x0000000100000000)
  region size 1024K, 1 young (1024K), 1 survivors (1024K)
 Metaspace       used 56974K, committed 57856K, reserved 1114112K
  class space    used 8244K, committed 8576K, reserved 1048576K
}
Event: 1384.477 GC heap before
{Heap before GC invocations=45 (full 2):
 garbage-first heap   total reserved 2031616K, committed 59392K, used 53551K [0x0000000084000000, 0x0000000100000000)
  region size 1024K, 22 young (22528K), 1 survivors (1024K)
 Metaspace       used 56974K, committed 57856K, reserved 1114112K
  class space    used 8244K, committed 8576K, reserved 1048576K
}
Event: 1384.512 GC heap after
{Heap after GC invocations=46 (full 2):
 garbage-first heap   total reserved 2031616K, committed 59392K, used 29189K [0x0000000084000000, 0x0000000100000000)
  region size 1024K, 1 young (1024K), 1 survivors (1024K)
 Metaspace       used 56974K, committed 57856K, reserved 1114112K
  class space    used 8244K, committed 8576K, reserved 1048576K
}
Event: 1506.291 GC heap before
{Heap before GC invocations=46 (full 2):
 garbage-first heap   total reserved 2031616K, committed 59392K, used 53765K [0x0000000084000000, 0x0000000100000000)
  region size 1024K, 25 young (25600K), 1 survivors (1024K)
 Metaspace       used 56974K, committed 57856K, reserved 1114112K
  class space    used 8244K, committed 8576K, reserved 1048576K
}
Event: 1506.336 GC heap after
{Heap after GC invocations=47 (full 2):
 garbage-first heap   total reserved 2031616K, committed 59392K, used 28228K [0x0000000084000000, 0x0000000100000000)
  region size 1024K, 1 young (1024K), 1 survivors (1024K)
 Metaspace       used 56974K, committed 57856K, reserved 1114112K
  class space    used 8244K, committed 8576K, reserved 1048576K
}
Event: 1547.212 GC heap before
{Heap before GC invocations=47 (full 2):
 garbage-first heap   total reserved 2031616K, committed 59392K, used 35396K [0x0000000084000000, 0x0000000100000000)
  region size 1024K, 9 young (9216K), 1 survivors (1024K)
 Metaspace       used 56983K, committed 57856K, reserved 1114112K
  class space    used 8246K, committed 8576K, reserved 1048576K
}

Dll operation events (11 events):
Event: 0.020 Loaded shared library C:\Program Files\Java\jdk-22\bin\java.dll
Event: 0.127 Loaded shared library C:\Program Files\Java\jdk-22\bin\net.dll
Event: 0.130 Loaded shared library C:\Program Files\Java\jdk-22\bin\nio.dll
Event: 0.133 Loaded shared library C:\Program Files\Java\jdk-22\bin\zip.dll
Event: 0.275 Loaded shared library C:\Program Files\Java\jdk-22\bin\jimage.dll
Event: 0.629 Loaded shared library C:\Program Files\Java\jdk-22\bin\management.dll
Event: 0.639 Loaded shared library C:\Program Files\Java\jdk-22\bin\management_ext.dll
Event: 1.343 Loaded shared library C:\Program Files\Java\jdk-22\bin\le.dll
Event: 2.078 Loaded shared library C:\Program Files\Java\jdk-22\bin\sunmscapi.dll
Event: 4.536 Loaded shared library C:\Program Files\Java\jdk-22\bin\extnet.dll
Event: 19.289 Loaded shared library C:\Program Files\Java\jdk-22\bin\verify.dll

Deoptimization events (2 events):
Event: 5.168 Thread 0x0000029fc526ba00 DEOPT PACKING pc=0x0000029fd28bf214 sp=0x000000cc224ff130
Event: 5.168 Thread 0x0000029fc526ba00 DEOPT UNPACKING pc=0x0000029fd23088e2 sp=0x000000cc224fe678 mode 0

Classes loaded (20 events):
Event: 931.848 Loading class java/lang/ref/Finalizer$1
Event: 931.849 Loading class java/lang/ref/Finalizer$1 done
Event: 941.461 Loading class java/time/DurationEditor
Event: 941.461 Loading class java/time/DurationEditor done
Event: 942.758 Loading class javax/net/DefaultSocketFactory
Event: 942.770 Loading class javax/net/DefaultSocketFactory done
Event: 942.833 Loading class java/net/ConnectException
Event: 942.837 Loading class java/net/ConnectException done
Event: 942.838 Loading class sun/net/util/SocketExceptions
Event: 942.843 Loading class sun/net/util/SocketExceptions done
Event: 962.861 Loading class java/lang/invoke/WrongMethodTypeException
Event: 962.864 Loading class java/lang/invoke/WrongMethodTypeException done
Event: 974.639 Loading class java/lang/invoke/MethodHandleImpl$CountingWrapper$1
Event: 974.646 Loading class java/lang/invoke/MethodHandleImpl$CountingWrapper$1 done
Event: 979.177 Loading class java/time/DurationEditor
Event: 979.177 Loading class java/time/DurationEditor done
Event: 1529.162 Loading class java/lang/Throwable$WrappedPrintStream
Event: 1529.192 Loading class java/lang/Throwable$PrintStreamOrWriter
Event: 1529.207 Loading class java/lang/Throwable$PrintStreamOrWriter done
Event: 1529.213 Loading class java/lang/Throwable$WrappedPrintStream done

Classes unloaded (20 events):
Event: 1177.757 Thread 0x0000029fda6bcd30 Unloading class 0x0000029f81660800 'java/lang/invoke/LambdaForm$MH+0x0000029f81660800'
Event: 1177.757 Thread 0x0000029fda6bcd30 Unloading class 0x0000029f81660400 'java/lang/invoke/LambdaForm$MH+0x0000029f81660400'
Event: 1177.758 Thread 0x0000029fda6bcd30 Unloading class 0x0000029f8158c800 'java/lang/invoke/LambdaForm$MH+0x0000029f8158c800'
Event: 1177.758 Thread 0x0000029fda6bcd30 Unloading class 0x0000029f81580800 'java/lang/invoke/LambdaForm$MH+0x0000029f81580800'
Event: 1177.758 Thread 0x0000029fda6bcd30 Unloading class 0x0000029f81520c00 'java/lang/invoke/LambdaForm$MH+0x0000029f81520c00'
Event: 1177.759 Thread 0x0000029fda6bcd30 Unloading class 0x0000029f814a8800 'java/lang/invoke/LambdaForm$MH+0x0000029f814a8800'
Event: 1177.760 Thread 0x0000029fda6bcd30 Unloading class 0x0000029f81480c00 'java/lang/invoke/LambdaForm$MH+0x0000029f81480c00'
Event: 1177.760 Thread 0x0000029fda6bcd30 Unloading class 0x0000029f81461400 'java/lang/invoke/LambdaForm$MH+0x0000029f81461400'
Event: 1177.760 Thread 0x0000029fda6bcd30 Unloading class 0x0000029f81460800 'java/lang/invoke/LambdaForm$MH+0x0000029f81460800'
Event: 1177.760 Thread 0x0000029fda6bcd30 Unloading class 0x0000029f81428c00 'java/lang/invoke/LambdaForm$MH+0x0000029f81428c00'
Event: 1177.761 Thread 0x0000029fda6bcd30 Unloading class 0x0000029f81409000 'java/lang/invoke/LambdaForm$MH+0x0000029f81409000'
Event: 1177.761 Thread 0x0000029fda6bcd30 Unloading class 0x0000029f81408000 'java/lang/invoke/LambdaForm$MH+0x0000029f81408000'
Event: 1177.761 Thread 0x0000029fda6bcd30 Unloading class 0x0000029f81405800 'java/lang/invoke/LambdaForm$MH+0x0000029f81405800'
Event: 1177.761 Thread 0x0000029fda6bcd30 Unloading class 0x0000029f81405000 'java/lang/invoke/LambdaForm$MH+0x0000029f81405000'
Event: 1177.761 Thread 0x0000029fda6bcd30 Unloading class 0x0000029f81404400 'java/lang/invoke/LambdaForm$MH+0x0000029f81404400'
Event: 1177.762 Thread 0x0000029fda6bcd30 Unloading class 0x0000029f813f0c00 'java/lang/invoke/LambdaForm$MH+0x0000029f813f0c00'
Event: 1177.762 Thread 0x0000029fda6bcd30 Unloading class 0x0000029f813d5400 'java/lang/invoke/LambdaForm$MH+0x0000029f813d5400'
Event: 1177.763 Thread 0x0000029fda6bcd30 Unloading class 0x0000029f813d4c00 'java/lang/invoke/LambdaForm$MH+0x0000029f813d4c00'
Event: 1177.763 Thread 0x0000029fda6bcd30 Unloading class 0x0000029f810d1000 'java/lang/invoke/LambdaForm$MH+0x0000029f810d1000'
Event: 1177.764 Thread 0x0000029fda6bcd30 Unloading class 0x0000029f81008400 'java/lang/invoke/LambdaForm$MH+0x0000029f81008400'

Classes redefined (0 events):
No events

Internal exceptions (20 events):
Event: 976.450 Thread 0x0000029fc744d250 Exception <a 'java/net/SocketException'{0x000000008888a7e0}: Network is unreachable: connect> (0x000000008888a7e0) 
thrown [s\open\src\hotspot\share\prims\jni.cpp, line 539]
Event: 977.369 Thread 0x0000029fc744d250 Exception <a 'sun/nio/fs/WindowsException'{0x00000000888c4cf8}> (0x00000000888c4cf8) 
thrown [s\open\src\hotspot\share\prims\jni.cpp, line 520]
Event: 977.408 Thread 0x0000029fc744d250 Exception <a 'java/net/SocketException'{0x00000000888ea9e8}: Network is unreachable: connect> (0x00000000888ea9e8) 
thrown [s\open\src\hotspot\share\prims\jni.cpp, line 539]
Event: 977.411 Thread 0x0000029fc744d250 Exception <a 'java/net/SocketException'{0x0000000086c01ff8}: Network is unreachable: connect> (0x0000000086c01ff8) 
thrown [s\open\src\hotspot\share\prims\jni.cpp, line 539]
Event: 977.587 Thread 0x0000029fc744df70 Exception <a 'java/net/SocketException'{0x00000000888f11f8}: Network is unreachable: connect> (0x00000000888f11f8) 
thrown [s\open\src\hotspot\share\prims\jni.cpp, line 539]
Event: 977.588 Thread 0x0000029fc744df70 Exception <a 'java/net/SocketException'{0x00000000888f3898}: Network is unreachable: connect> (0x00000000888f3898) 
thrown [s\open\src\hotspot\share\prims\jni.cpp, line 539]
Event: 978.365 Thread 0x0000029fc744d250 Exception <a 'java/io/FileNotFoundException'{0x00000000868723f0}> (0x00000000868723f0) 
thrown [s\open\src\hotspot\share\prims\jni.cpp, line 520]
Event: 978.591 Thread 0x0000029fc744df70 Exception <a 'sun/nio/fs/WindowsException'{0x00000000888fdc58}> (0x00000000888fdc58) 
thrown [s\open\src\hotspot\share\prims\jni.cpp, line 520]
Event: 978.638 Thread 0x0000029fc744df70 Exception <a 'sun/nio/fs/WindowsException'{0x00000000867d5378}> (0x00000000867d5378) 
thrown [s\open\src\hotspot\share\prims\jni.cpp, line 520]
Event: 978.668 Thread 0x0000029fc744df70 Exception <a 'sun/nio/fs/WindowsException'{0x00000000867ec208}> (0x00000000867ec208) 
thrown [s\open\src\hotspot\share\prims\jni.cpp, line 520]
Event: 978.670 Thread 0x0000029fc744df70 Exception <a 'sun/nio/fs/WindowsException'{0x000000008663c088}> (0x000000008663c088) 
thrown [s\open\src\hotspot\share\prims\jni.cpp, line 520]
Event: 978.726 Thread 0x0000029fc744df70 Exception <a 'sun/nio/fs/WindowsException'{0x000000008665eac8}> (0x000000008665eac8) 
thrown [s\open\src\hotspot\share\prims\jni.cpp, line 520]
Event: 978.728 Thread 0x0000029fc744df70 Exception <a 'sun/nio/fs/WindowsException'{0x0000000086536b18}> (0x0000000086536b18) 
thrown [s\open\src\hotspot\share\prims\jni.cpp, line 520]
Event: 1547.006 Thread 0x0000029fc744e600 Exception <a 'java/lang/InterruptedException'{0x000000008bbce2d0}: sleep interrupted> (0x000000008bbce2d0) 
thrown [s\open\src\hotspot\share\prims\jvm.cpp, line 3093]
Event: 1547.013 Thread 0x0000029fc744d250 Exception <a 'java/lang/InterruptedException'{0x000000008bb942e8}: sleep interrupted> (0x000000008bb942e8) 
thrown [s\open\src\hotspot\share\prims\jvm.cpp, line 3093]
Event: 1547.016 Thread 0x0000029fc7bbea00 Exception <a 'java/io/IOException'{0x0000000088e018a0}> (0x0000000088e018a0) 
thrown [s\open\src\hotspot\share\prims\jni.cpp, line 520]
Event: 1547.016 Thread 0x0000029fc7bbf090 Exception <a 'java/io/IOException'{0x000000008bbf2628}> (0x000000008bbf2628) 
thrown [s\open\src\hotspot\share\prims\jni.cpp, line 520]
Event: 1547.017 Thread 0x0000029fc7e71ed0 Exception <a 'java/lang/InterruptedException'{0x000000008bbd3430}: sleep interrupted> (0x000000008bbd3430) 
thrown [s\open\src\hotspot\share\prims\jvm.cpp, line 3093]
Event: 1547.018 Thread 0x0000029fc7bbb580 Exception <a 'java/io/IOException'{0x0000000088efa530}> (0x0000000088efa530) 
thrown [s\open\src\hotspot\share\prims\jni.cpp, line 520]
Event: 1547.191 Thread 0x0000029fc744d8e0 Exception <a 'java/lang/InterruptedException'{0x0000000088d100b8}: sleep interrupted> (0x0000000088d100b8) 
thrown [s\open\src\hotspot\share\prims\jvm.cpp, line 3093]

ZGC Phase Switch (0 events):
No events

VM Operations (20 events):
Event: 1417.764 Executing VM operation: Cleanup done
Event: 1426.811 Executing VM operation: Cleanup
Event: 1426.811 Executing VM operation: Cleanup done
Event: 1428.830 Executing VM operation: Cleanup
Event: 1428.830 Executing VM operation: Cleanup done
Event: 1436.895 Executing VM operation: Cleanup
Event: 1436.895 Executing VM operation: Cleanup done
Event: 1437.900 Executing VM operation: Cleanup
Event: 1437.900 Executing VM operation: Cleanup done
Event: 1446.974 Executing VM operation: Cleanup
Event: 1446.974 Executing VM operation: Cleanup done
Event: 1458.061 Executing VM operation: Cleanup
Event: 1458.062 Executing VM operation: Cleanup done
Event: 1460.071 Executing VM operation: Cleanup
Event: 1460.071 Executing VM operation: Cleanup done
Event: 1469.124 Executing VM operation: Cleanup
Event: 1469.124 Executing VM operation: Cleanup done
Event: 1506.291 Executing VM operation: G1CollectForAllocation (G1 Evacuation Pause)
Event: 1506.336 Executing VM operation: G1CollectForAllocation (G1 Evacuation Pause) done
Event: 1547.210 Executing VM operation: G1CollectFull (System.gc())

Memory protections (0 events):
No events

Nmethod flushes (20 events):
Event: 979.146 Thread 0x0000029fda6bcd30 flushing  nmethod 0x0000029fd2e7a410
Event: 979.146 Thread 0x0000029fda6bcd30 flushing  nmethod 0x0000029fd2f52690
Event: 979.146 Thread 0x0000029fda6bcd30 flushing  nmethod 0x0000029fd2f52a10
Event: 979.146 Thread 0x0000029fda6bcd30 flushing  nmethod 0x0000029fd2f53f10
Event: 979.146 Thread 0x0000029fda6bcd30 flushing  nmethod 0x0000029fd2f55210
Event: 979.146 Thread 0x0000029fda6bcd30 flushing  nmethod 0x0000029fd2f5b910
Event: 979.146 Thread 0x0000029fda6bcd30 flushing  nmethod 0x0000029fd2f5bc10
Event: 979.146 Thread 0x0000029fda6bcd30 flushing  nmethod 0x0000029fd2f5d010
Event: 979.146 Thread 0x0000029fda6bcd30 flushing  nmethod 0x0000029fd2f5d410
Event: 979.146 Thread 0x0000029fda6bcd30 flushing  nmethod 0x0000029fd2f5db10
Event: 979.146 Thread 0x0000029fda6bcd30 flushing  nmethod 0x0000029fd2f5df90
Event: 979.146 Thread 0x0000029fda6bcd30 flushing  nmethod 0x0000029fd2f5e290
Event: 979.146 Thread 0x0000029fda6bcd30 flushing  nmethod 0x0000029fd2f98190
Event: 979.146 Thread 0x0000029fda6bcd30 flushing  nmethod 0x0000029fd2f98490
Event: 979.146 Thread 0x0000029fda6bcd30 flushing  nmethod 0x0000029fd2f98790
Event: 979.146 Thread 0x0000029fda6bcd30 flushing  nmethod 0x0000029fd2f9a610
Event: 979.146 Thread 0x0000029fda6bcd30 flushing  nmethod 0x0000029fd2fad710
Event: 979.146 Thread 0x0000029fda6bcd30 flushing  nmethod 0x0000029fd2fadd90
Event: 1177.932 Thread 0x0000029fda6bcd30 flushing  nmethod 0x0000029fd241fb90
Event: 1177.932 Thread 0x0000029fda6bcd30 flushing  nmethod 0x0000029fd25a6d90

Events (20 events):
Event: 1546.864 Thread 0x0000029fc7bc17f0 Thread exited: 0x0000029fc7bc17f0
Event: 1546.864 Thread 0x0000029fc7bc2510 Thread exited: 0x0000029fc7bc2510
Event: 1546.864 Thread 0x0000029fc7bbc930 Thread exited: 0x0000029fc7bbc930
Event: 1546.864 Thread 0x0000029fc7bbc2a0 Thread exited: 0x0000029fc7bbc2a0
Event: 1546.864 Thread 0x0000029fc7bbdce0 Thread exited: 0x0000029fc7bbdce0
Event: 1546.864 Thread 0x0000029fc7bbcfc0 Thread exited: 0x0000029fc7bbcfc0
Event: 1546.865 Thread 0x0000029fc7bbd650 Thread exited: 0x0000029fc7bbd650
Event: 1546.926 Thread 0x0000029fc7e72bf0 Thread added: 0x0000029fc7e73910
Event: 1546.995 Thread 0x0000029fc7e73fa0 Thread exited: 0x0000029fc7e73fa0
Event: 1547.010 Thread 0x0000029fc744e600 Thread exited: 0x0000029fc744e600
Event: 1547.013 Thread 0x0000029fc7e75350 Thread exited: 0x0000029fc7e75350
Event: 1547.014 Thread 0x0000029fc744d250 Thread exited: 0x0000029fc744d250
Event: 1547.015 Thread 0x0000029fc7e73280 Thread exited: 0x0000029fc7e73280
Event: 1547.017 Thread 0x0000029fc7e71ed0 Thread exited: 0x0000029fc7e71ed0
Event: 1547.033 Thread 0x0000029fc7bbf090 Thread exited: 0x0000029fc7bbf090
Event: 1547.034 Thread 0x0000029fc7bbb580 Thread exited: 0x0000029fc7bbb580
Event: 1547.034 Thread 0x0000029fc7bbea00 Thread exited: 0x0000029fc7bbea00
Event: 1547.190 Thread 0x0000029fc744f320 Thread exited: 0x0000029fc744f320
Event: 1547.190 Thread 0x0000029fc744ec90 Thread exited: 0x0000029fc744ec90
Event: 1547.191 Thread 0x0000029fc744d8e0 Thread exited: 0x0000029fc744d8e0


Dynamic libraries:
0x00007ff664310000 - 0x00007ff664320000 	C:\Program Files\Java\jdk-22\bin\java.exe
0x00007ffa78dc0000 - 0x00007ffa79020000 	C:\WINDOWS\SYSTEM32\ntdll.dll
0x00007ffa77800000 - 0x00007ffa778c7000 	C:\WINDOWS\System32\KERNEL32.DLL
0x00007ffa763e0000 - 0x00007ffa767aa000 	C:\WINDOWS\System32\KERNELBASE.dll
0x00007ffa76050000 - 0x00007ffa7619b000 	C:\WINDOWS\System32\ucrtbase.dll
0x00007ffa66350000 - 0x00007ffa66367000 	C:\Program Files\Java\jdk-22\bin\jli.dll
0x00007ffa655c0000 - 0x00007ffa655db000 	C:\Program Files\Java\jdk-22\bin\VCRUNTIME140.dll
0x00007ffa77b90000 - 0x00007ffa77d5c000 	C:\WINDOWS\System32\USER32.dll
0x00007ffa763b0000 - 0x00007ffa763d7000 	C:\WINDOWS\System32\win32u.dll
0x00007ffa779c0000 - 0x00007ffa779ea000 	C:\WINDOWS\System32\GDI32.dll
0x00007ffa585a0000 - 0x00007ffa58837000 	C:\WINDOWS\WinSxS\amd64_microsoft.windows.common-controls_6595b64144ccf1df_6.0.26100.3624_none_3e086962e3345f24\COMCTL32.dll
0x00007ffa76a80000 - 0x00007ffa76bb1000 	C:\WINDOWS\System32\gdi32full.dll
0x00007ffa78340000 - 0x00007ffa783e9000 	C:\WINDOWS\System32\msvcrt.dll
0x00007ffa75fa0000 - 0x00007ffa76043000 	C:\WINDOWS\System32\msvcp_win.dll
0x00007ffa77160000 - 0x00007ffa7718f000 	C:\WINDOWS\System32\IMM32.DLL
0x00007ffa6e090000 - 0x00007ffa6e09c000 	C:\Program Files\Java\jdk-22\bin\vcruntime140_1.dll
0x00007ffa4fcf0000 - 0x00007ffa4fd7e000 	C:\Program Files\Java\jdk-22\bin\msvcp140.dll
0x00007ffa1b310000 - 0x00007ffa1c059000 	C:\Program Files\Java\jdk-22\bin\server\jvm.dll
0x00007ffa78cc0000 - 0x00007ffa78d72000 	C:\WINDOWS\System32\ADVAPI32.dll
0x00007ffa781f0000 - 0x00007ffa78296000 	C:\WINDOWS\System32\sechost.dll
0x00007ffa76e00000 - 0x00007ffa76f16000 	C:\WINDOWS\System32\RPCRT4.dll
0x00007ffa76fe0000 - 0x00007ffa77054000 	C:\WINDOWS\System32\WS2_32.dll
0x00007ffa757d0000 - 0x00007ffa7582e000 	C:\WINDOWS\SYSTEM32\POWRPROF.dll
0x00007ffa6abe0000 - 0x00007ffa6ac16000 	C:\WINDOWS\SYSTEM32\WINMM.dll
0x00007ffa62810000 - 0x00007ffa6281b000 	C:\WINDOWS\SYSTEM32\VERSION.dll
0x00007ffa757b0000 - 0x00007ffa757c4000 	C:\WINDOWS\SYSTEM32\UMPDC.dll
0x00007ffa74d70000 - 0x00007ffa74d8a000 	C:\WINDOWS\SYSTEM32\kernel.appcore.dll
0x00007ffa66340000 - 0x00007ffa6634a000 	C:\Program Files\Java\jdk-22\bin\jimage.dll
0x00007ffa73790000 - 0x00007ffa739d1000 	C:\WINDOWS\SYSTEM32\DBGHELP.DLL
0x00007ffa77380000 - 0x00007ffa77702000 	C:\WINDOWS\System32\combase.dll
0x00007ffa76d20000 - 0x00007ffa76df6000 	C:\WINDOWS\System32\OLEAUT32.dll
0x00007ffa4bc60000 - 0x00007ffa4bc99000 	C:\WINDOWS\SYSTEM32\dbgcore.DLL
0x00007ffa76870000 - 0x00007ffa76909000 	C:\WINDOWS\System32\bcryptPrimitives.dll
0x00007ffa647d0000 - 0x00007ffa647ee000 	C:\Program Files\Java\jdk-22\bin\java.dll
0x00007ffa78570000 - 0x00007ffa78c99000 	C:\WINDOWS\System32\SHELL32.dll
0x00007ffa76910000 - 0x00007ffa76a78000 	C:\WINDOWS\System32\wintypes.dll
0x00007ffa779f0000 - 0x00007ffa77b86000 	C:\WINDOWS\System32\ole32.dll
0x00007ffa73c00000 - 0x00007ffa74452000 	C:\WINDOWS\SYSTEM32\windows.storage.dll
0x00007ffa77710000 - 0x00007ffa777fd000 	C:\WINDOWS\System32\SHCORE.dll
0x00007ffa784f0000 - 0x00007ffa78554000 	C:\WINDOWS\System32\shlwapi.dll
0x00007ffa75eb0000 - 0x00007ffa75edf000 	C:\WINDOWS\SYSTEM32\profapi.dll
0x00007ffa655b0000 - 0x00007ffa655c0000 	C:\Program Files\Java\jdk-22\bin\net.dll
0x00007ffa75270000 - 0x00007ffa752da000 	C:\WINDOWS\system32\mswsock.dll
0x00007ffa61a80000 - 0x00007ffa61a96000 	C:\Program Files\Java\jdk-22\bin\nio.dll
0x00007ffa61a60000 - 0x00007ffa61a77000 	C:\Program Files\Java\jdk-22\bin\zip.dll
0x00007ffa64540000 - 0x00007ffa6454a000 	C:\Program Files\Java\jdk-22\bin\management.dll
0x00007ffa62060000 - 0x00007ffa6206b000 	C:\Program Files\Java\jdk-22\bin\management_ext.dll
0x00007ffa78560000 - 0x00007ffa78568000 	C:\WINDOWS\System32\PSAPI.DLL
0x00007ffa62010000 - 0x00007ffa6201b000 	C:\Program Files\Java\jdk-22\bin\le.dll
0x00007ffa61f20000 - 0x00007ffa61f2e000 	C:\Program Files\Java\jdk-22\bin\sunmscapi.dll
0x00007ffa761a0000 - 0x00007ffa76317000 	C:\WINDOWS\System32\CRYPT32.dll
0x00007ffa75890000 - 0x00007ffa758c0000 	C:\WINDOWS\SYSTEM32\ncrypt.dll
0x00007ffa75840000 - 0x00007ffa7587f000 	C:\WINDOWS\SYSTEM32\NTASN1.dll
0x00007ffa75620000 - 0x00007ffa7563c000 	C:\WINDOWS\SYSTEM32\CRYPTSP.dll
0x00007ffa74cd0000 - 0x00007ffa74d0a000 	C:\WINDOWS\system32\rsaenh.dll
0x00007ffa75310000 - 0x00007ffa7533b000 	C:\WINDOWS\SYSTEM32\USERENV.dll
0x00007ffa75e80000 - 0x00007ffa75ea6000 	C:\WINDOWS\SYSTEM32\bcrypt.dll
0x00007ffa754a0000 - 0x00007ffa754ac000 	C:\WINDOWS\SYSTEM32\CRYPTBASE.dll
0x00007ffa74830000 - 0x00007ffa74863000 	C:\WINDOWS\SYSTEM32\IPHLPAPI.DLL
0x00007ffa778d0000 - 0x00007ffa778da000 	C:\WINDOWS\System32\NSI.dll
0x00007ffa65fd0000 - 0x00007ffa65fef000 	C:\WINDOWS\SYSTEM32\dhcpcsvc6.DLL
0x00007ffa65fa0000 - 0x00007ffa65fc5000 	C:\WINDOWS\SYSTEM32\dhcpcsvc.DLL
0x00007ffa74900000 - 0x00007ffa74a25000 	C:\WINDOWS\SYSTEM32\DNSAPI.dll
0x00007ffa6e0a0000 - 0x00007ffa6e0a9000 	C:\Program Files\Java\jdk-22\bin\extnet.dll
0x00007ffa61940000 - 0x00007ffa61948000 	C:\WINDOWS\system32\wshunix.dll
0x00007ffa63350000 - 0x00007ffa6335b000 	C:\Windows\System32\rasadhlp.dll
0x00007ffa66020000 - 0x00007ffa660a5000 	C:\WINDOWS\System32\fwpuclnt.dll
0x00007ffa647c0000 - 0x00007ffa647d0000 	C:\Program Files\Java\jdk-22\bin\verify.dll

dbghelp: loaded successfully - version: 4.0.5 - missing functions: none
symbol engine: initialized successfully - sym options: 0x614 - pdb path: .;C:\Program Files\Java\jdk-22\bin;C:\WINDOWS\SYSTEM32;C:\WINDOWS\WinSxS\amd64_microsoft.windows.common-controls_6595b64144ccf1df_6.0.26100.3624_none_3e086962e3345f24;C:\Program Files\Java\jdk-22\bin\server

VM Arguments:
jvm_args: -XX:TieredStopAtLevel=1 
java_command: com.linguabridge.backend.LinguaBackendApplication
java_class_path (initial): C:\Users\ala\Desktop\backend\target\classes;C:\Users\ala\.m2\repository\ch\qos\logback\logback-classic\1.5.18\logback-classic-1.5.18.jar;C:\Users\ala\.m2\repository\ch\qos\logback\logback-core\1.5.18\logback-core-1.5.18.jar;C:\Users\ala\.m2\repository\org\apache\logging\log4j\log4j-to-slf4j\2.24.3\log4j-to-slf4j-2.24.3.jar;C:\Users\ala\.m2\repository\org\apache\logging\log4j\log4j-api\2.24.3\log4j-api-2.24.3.jar;C:\Users\ala\.m2\repository\org\slf4j\jul-to-slf4j\2.0.17\jul-to-slf4j-2.0.17.jar;C:\Users\ala\.m2\repository\jakarta\annotation\jakarta.annotation-api\2.1.1\jakarta.annotation-api-2.1.1.jar;C:\Users\ala\.m2\repository\org\yaml\snakeyaml\2.3\snakeyaml-2.3.jar;C:\Users\ala\.m2\repository\org\mongodb\mongodb-driver-sync\5.2.1\mongodb-driver-sync-5.2.1.jar;C:\Users\ala\.m2\repository\org\mongodb\bson\5.2.1\bson-5.2.1.jar;C:\Users\ala\.m2\repository\org\mongodb\mongodb-driver-core\5.2.1\mongodb-driver-core-5.2.1.jar;C:\Users\ala\.m2\repository\org\mongodb\bson-record-codec\5.2.1\bson-record-codec-5.2.1.jar;C:\Users\ala\.m2\repository\org\springframework\data\spring-data-mongodb\4.4.5\spring-data-mongodb-4.4.5.jar;C:\Users\ala\.m2\repository\org\springframework\spring-tx\6.2.6\spring-tx-6.2.6.jar;C:\Users\ala\.m2\repository\org\springframework\spring-context\6.2.6\spring-context-6.2.6.jar;C:\Users\ala\.m2\repository\org\springframework\spring-beans\6.2.6\spring-beans-6.2.6.jar;C:\Users\ala\.m2\repository\org\springframework\spring-expression\6.2.6\spring-expression-6.2.6.jar;C:\Users\ala\.m2\repository\org\springframework\data\spring-data-commons\3.4.5\spring-data-commons-3.4.5.jar;C:\Users\ala\.m2\repository\org\slf4j\slf4j-api\2.0.17\slf4j-api-2.0.17.jar;C:\Users\ala\.m2\repository\org\springframework\spring-aop\6.2.6\spring-aop-6.2.6.jar;C:\Users\ala\.m2\repository\org\springframework\security\spring-security-config\6.4.5\spring-security-config-6.4.5.jar;C:\Users\ala\.m2\repository\org\springframework\security\spring-security-web\6.4.5\spring-security-web-6.4.5.jar;C:\Users\ala\.m2\repository\org\apache\tomcat\embed\tomcat-embed-el\10.1.40\tomcat-embed-el-10.1.40.jar;C:\Users\ala\.m2\repository\org\hibernate\validator\hibernate-validator\8.0.2.Final\hibernate-validator-8.0.2.Final.jar;C:\Users\ala\.m2\repository\jakarta\validation\jakarta.validation-api\3.0.2\jakarta.validation-api-3.0.2.jar;C:\Users\ala\.m2\repository\org\jboss\logging\jboss-logging\3.6.1.Final\jboss-logging-3.6.1.Final.jar;C:\Users\ala\.m2\repository\com\fasterxml\classmate\1.7.0\classmate-1.7.0.jar;C:\Users\ala\.m2\repository\com\fasterxml\jackson\datatype\jackson-datatype-jdk8\2.18.3\jackson-datatype-jdk8-2.18.3.jar;C:\Users\ala\.m2\repository\com\fasterxml\jackson\datatype\jackson-datatype-jsr310\2.18.3\jackson-datatype-jsr310-2.18.3.jar;C:\Users\ala\.m2\repository\com\fasterxml\jackson\module\jackson-module-parameter-names\2.18.3\jackson-module-parameter-names-2.18.3.jar;C:\Users\ala\.m2\repository\org\apache\tomcat\embed\tomcat-embed-core\10.1.40\tomcat-embed-core-10.1.40.jar;C:\Users\ala\.m2\repository\org\apache\tomcat\embed\tomcat-embed-websocket\10.1.40\tomcat-embed-websocket-10.1.40.jar;C:\Users\ala\.m2\repository\org\springframework\spring-web\6.2.6\spring-web-6.2.6.jar;C:\Users\ala\.m2\repository\io\micrometer\micrometer-observation\1.14.6\micrometer-observation-1.14.6.jar;C:\Users\ala\.m2\repository\io\micrometer\micrometer-commons\1.14.6\micrometer-commons-1.14.6.jar;C:\Users\ala\.m2\repository\org\springframework\spring-webmvc\6.2.6\spring-webmvc-6.2.6.jar;C:\Users\ala\.m2\repository\io\projectreactor\netty\reactor-netty-http\1.2.5\reactor-netty-http-1.2.5.jar;C:\Users\ala\.m2\repository\io\netty\netty-codec-http\4.1.119.Final\netty-codec-http-4.1.119.Final.jar;C:\Users\ala\.m2\repository\io\netty\netty-common\4.1.119.Final\netty-common-4.1.119.Final.jar;C:\Users\ala\.m2\repository\io\netty\netty-buffer\4.1.119.Final\netty-buffer-4.1.119.Final.jar;C:\Users\ala\.m2\repository\io\netty\netty-transport\4.1.119.Final\netty-transport-4.1.119.Final.jar;C:\Users\ala\.m2\repository\io\netty\netty-codec\4.1.119.Final\netty-codec-4.1.119.Final.jar;C:\Users\ala\.m2\repository\io\netty\netty-handler\4.1.119.Final\netty-handler-4.1.119.Final.jar;C:\Users\ala\.m2\repository\io\netty\netty-codec-http2\4.1.119.Final\netty-codec-http2-4.1.119.Final.jar;C:\Users\ala\.m2\repository\io\netty\netty-resolver-dns\4.1.119.Final\netty-resolver-dns-4.1.119.Final.jar;C:\Users\ala\.m2\repository\io\netty\netty-resolver\4.1.119.Final\netty-resolver-4.1.119.Final.jar;C:\Users\ala\.m2\repository\io\netty\netty-codec-dns\4.1.119.Final\netty-codec-dns-4.1.119.Final.jar;C:\Users\ala\.m2\repository\io\netty\netty-resolver-dns-native-macos\4.1.119.Final\netty-resolver-dns-native-macos-4.1.119.Final-osx-x86_64.jar;C:\Users\ala\.m2\repository\io\netty\netty-resolver-dns-classes-macos\4.1.119.Final\netty-resolver-dns-classes-macos-4.1.119.Final.jar;C:\Users\ala\.m2\repository\io\netty\netty-transport-native-epoll\4.1.119.Final\netty-transport-native-epoll-4.1.119.Final-linux-x86_64.jar;C:\Users\ala\.m2\repository\io\netty\netty-transport-native-unix-common\4.1.119.Final\netty-transport-native-unix-common-4.1.119.Final.jar;C:\Users\ala\.m2\repository\io\netty\netty-transport-classes-epoll\4.1.119.Final\netty-transport-classes-epoll-4.1.119.Final.jar;C:\Users\ala\.m2\repository\io\projectreactor\netty\reactor-netty-core\1.2.5\reactor-netty-core-1.2.5.jar;C:\Users\ala\.m2\repository\io\netty\netty-handler-proxy\4.1.119.Final\netty-handler-proxy-4.1.119.Final.jar;C:\Users\ala\.m2\repository\io\netty\netty-codec-socks\4.1.119.Final\netty-codec-socks-4.1.119.Final.jar;C:\Users\ala\.m2\repository\org\springframework\spring-webflux\6.2.6\spring-webflux-6.2.6.jar;C:\Users\ala\.m2\repository\io\projectreactor\reactor-core\3.7.5\reactor-core-3.7.5.jar;C:\Users\ala\.m2\repository\org\reactivestreams\reactive-streams\1.0.4\reactive-streams-1.0.4.jar;C:\Users\ala\.m2\repository\org\springframework\boot\spring-boot-devtools\3.4.5\spring-boot-devtools-3.4.5.jar;C:\Users\ala\.m2\repository\org\springframework\boot\spring-boot\3.4.5\spring-boot-3.4.5.jar;C:\Users\ala\.m2\repository\org\springframework\boot\spring-boot-autoconfigure\3.4.5\spring-boot-autoconfigure-3.4.5.jar;C:\Users\ala\.m2\repository\io\jsonwebtoken\jjwt-api\0.11.5\jjwt-api-0.11.5.jar;C:\Users\ala\.m2\repository\io\jsonwebtoken\jjwt-impl\0.11.5\jjwt-impl-0.11.5.jar;C:\Users\ala\.m2\repository\io\jsonwebtoken\jjwt-jackson\0.11.5\jjwt-jackson-0.11.5.jar;C:\Users\ala\.m2\repository\com\fasterxml\jackson\core\jackson-databind\2.18.3\jackson-databind-2.18.3.jar;C:\Users\ala\.m2\repository\com\fasterxml\jackson\core\jackson-annotations\2.18.3\jackson-annotations-2.18.3.jar;C:\Users\ala\.m2\repository\com\fasterxml\jackson\core\jackson-core\2.18.3\jackson-core-2.18.3.jar;C:\Users\ala\.m2\repository\org\springframework\spring-core\6.2.6\spring-core-6.2.6.jar;C:\Users\ala\.m2\repository\org\springframework\spring-jcl\6.2.6\spring-jcl-6.2.6.jar;C:\Users\ala\.m2\repository\org\springframework\security\spring-security-core\6.4.5\spring-security-core-6.4.5.jar;C:\Users\ala\.m2\repository\org\springframework\security\spring-security-crypto\6.4.5\spring-security-crypto-6.4.5.jar
Launcher Type: SUN_STANDARD

[Global flags]
     intx CICompilerCount                          = 4                                         {product} {ergonomic}
     uint ConcGCThreads                            = 2                                         {product} {ergonomic}
     uint G1ConcRefinementThreads                  = 8                                         {product} {ergonomic}
   size_t G1HeapRegionSize                         = 1048576                                   {product} {ergonomic}
   size_t InitialHeapSize                          = 130023424                                 {product} {ergonomic}
   size_t MarkStackSize                            = 4194304                                   {product} {ergonomic}
   size_t MaxHeapSize                              = 2080374784                                {product} {ergonomic}
   size_t MaxNewSize                               = 1247805440                                {product} {ergonomic}
   size_t MinHeapDeltaBytes                        = 1048576                                   {product} {ergonomic}
   size_t MinHeapSize                              = 8388608                                   {product} {ergonomic}
    uintx NonNMethodCodeHeapSize                   = 4096                                   {pd product} {ergonomic}
    uintx NonProfiledCodeHeapSize                  = 0                                      {pd product} {ergonomic}
     bool ProfileInterpreter                       = false                                  {pd product} {command line}
    uintx ProfiledCodeHeapSize                     = 0                                      {pd product} {ergonomic}
   size_t SoftMaxHeapSize                          = 2080374784                             {manageable} {ergonomic}
     intx TieredStopAtLevel                        = 1                                         {product} {command line}
     bool UseCompressedOops                        = true                           {product lp64_product} {ergonomic}
     bool UseG1GC                                  = true                                      {product} {ergonomic}
     bool UseLargePagesIndividualAllocation        = false                                  {pd product} {ergonomic}

Logging:
Log output configuration:
 #0: stdout all=warning uptime,level,tags foldmultilines=false
 #1: stderr all=off uptime,level,tags foldmultilines=false

Environment Variables:
PATH=C:\Users\ala\.pyenv\pyenv-win\versions\3.10.0;C:\Users\ala\.pyenv\pyenv-win\versions\3.10.0;C:\Program Files\Common Files\Oracle\Java\javapath;C:\Users\ala\AppData\Roaming\Microsoft\Windows\Start Menu\Programs\System Tools;C:\Program Files\dotnet\;C:\Users\ala\Documents\mongosh-2.0.2-win32-x64\bin;C:\ProgramData\Microsoft\Windows\Start Menu\Programs\Git;C:\Program Files\Java\jdk-19\bin;C:\Users\ala\Desktop\TP'S\SOA\TP3\apache-tomcat-9.0.65\bin;C:\Program Files\Apache Software Foundation\Tomcat 9.0;C:\Users\ala\AppData\Local\Android\Sdk\platform-tools;C:\Program Files\Docker\Docker\resources\bin;C:\Program Files\Git\cmd;C:\Program Files\MySQL\MySQL Server 8.2\bin;C:\Program Files\OpenSSL-Win64\bin;;C:\WINDOWS\System32\OpenSSH\;C:\Users\ala\AppData\Roaming\Microsoft\Windows\Start Menu\Programs\Python 3.10;C:\Program Files\nodejs\;C:\xampp\php;C:\composer;C:\WINDOWS\system32;C:\WINDOWS;C:\WINDOWS\System32\Wbem;C:\WINDOWS\System32\WindowsPowerShell\v1.0\;C:\Users\ala\.pyenv\pyenv-win\bin;C:\Users\ala\.pyenv\pyenv-win\shims;C:\Users\ala\AppData\Roaming\Microsoft\Windows\Start Menu\Programs\System Tools;C:\Program Files\dotnet\;C:\Users\ala\Documents\mongosh-2.0.2-win32-x64\bin;C:\ProgramData\Microsoft\Windows\Start Menu\Programs\Git;C:\Program Files\Java\jdk-19\bin;C:\Users\ala\Desktop\TP'S\SOA\TP3\apache-tomcat-9.0.65\bin;C:\Program Files\Apache Software Foundation\Tomcat 9.0;C:\Users\ala\AppData\Local\Android\Sdk\platform-tools;C:\Program Files\Docker\Docker\resources\bin;C:\Program Files\Git\cmd;C:\Users\ala\scoop\shims;C:\Users\ala\AppData\Local\Programs\Python\Python312\Scripts\;C:\Users\ala\AppData\Local\Programs\Python\Python312\;C:\Users\ala\AppData\Roaming\Microsoft\Windows\Start Menu\Programs\Python 3.11;C:\ProgramData\Microsoft\Windows\Start Menu\Programs\Node.js;C:\Windows\System32;C:\Users\ala\AppData\Local\Programs\Microsoft VS Code\bin;C:\Users\ala\AppData\Local\GitHubDesktop\bin;C:\Program Files\MongoDB\Server\6.0\bin;C:\Program Files\Erlang OTP;C:\Windows\System32\WindowsPowerShell\v1.0;C:\Program Files\RabbitMQ Server\rabbitmq_server-3.13.6\sbin;C:\Program Files\Erlang OTP\erts-15.0.1\bin;C:\Users\ala\AppData\Roaming\Microsoft\Windows\Start Menu\Programs\Python 3.10;C:\Users\ala\AppData\Roaming\npm;C:\Users\ala\AppData\Roaming\Composer\vendor\bin;C:\Users\ala\AppData\Local\Microsoft\WindowsApps;C:\Users\ala\AppData\Local\Programs\cursor\resources\app\bin;C:\Program Files (x86)\ApacheMaven\mvn\bin;
USERNAME=ala
LANG=en_US.UTF-8
OS=Windows_NT
PROCESSOR_IDENTIFIER=Intel64 Family 6 Model 140 Stepping 1, GenuineIntel
TMP=C:\Users\ala\AppData\Local\Temp
TEMP=C:\Users\ala\AppData\Local\Temp




Periodic native trim disabled

---------------  S Y S T E M  ---------------

OS:
 Windows 11 , 64 bit Build 26100 (10.0.26100.3775)
OS uptime: 0 days 2:14 hours
Hyper-V role detected

CPU: total 8 (initial active 8) (4 cores per cpu, 2 threads per core) family 6 model 140 stepping 1 microcode 0xac, cx8, cmov, fxsr, ht, mmx, 3dnowpref, sse, sse2, sse3, ssse3, sse4.1, sse4.2, popcnt, lzcnt, tsc, tscinvbit, avx, avx2, aes, erms, clmul, bmi1, bmi2, adx, avx512f, avx512dq, avx512cd, avx512bw, avx512vl, sha, fma, vzeroupper, avx512_vpopcntdq, avx512_vpclmulqdq, avx512_vaes, avx512_vnni, clflush, clflushopt, clwb, avx512_vbmi2, avx512_vbmi, hv, rdtscp, rdpid, fsrm, gfni, avx512_bitalg, f16c, cet_ibt, cet_ss, avx512_ifma
Processor Information for processor 0
  Max Mhz: 2419, Current Mhz: 1007, Mhz Limit: 2419
Processor Information for processor 1
  Max Mhz: 2419, Current Mhz: 1007, Mhz Limit: 2419
Processor Information for processor 2
  Max Mhz: 2419, Current Mhz: 1007, Mhz Limit: 2419
Processor Information for processor 3
  Max Mhz: 2419, Current Mhz: 2419, Mhz Limit: 2419
Processor Information for processor 4
  Max Mhz: 2419, Current Mhz: 1007, Mhz Limit: 2419
Processor Information for processor 5
  Max Mhz: 2419, Current Mhz: 2419, Mhz Limit: 2419
Processor Information for processor 6
  Max Mhz: 2419, Current Mhz: 2419, Mhz Limit: 2419
Processor Information for processor 7
  Max Mhz: 2419, Current Mhz: 2419, Mhz Limit: 2419

Memory: 4k page, system-wide physical 7932M (606M free)
TotalPageFile size 17932M (AvailPageFile size 0M)
current process WorkingSet (physical memory assigned to process): 70M, peak: 203M
current process commit charge ("private bytes"): 242M, peak: 253M

vm_info: Java HotSpot(TM) 64-Bit Server VM (22.0.2+9-70) for windows-amd64 JRE (22.0.2+9-70), built on 2024-06-04T16:52:23Z by "mach5one" with MS VC++ 17.6 (VS2022)

END.
