#
# There is insufficient memory for the Java Runtime Environment to continue.
# Native memory allocation (malloc) failed to allocate 2708480 bytes. Error detail: Chunk::new
# Possible reasons:
#   The system is out of physical RAM or swap space
#   This process is running with CompressedOops enabled, and the Java Heap may be blocking the growth of the native heap
# Possible solutions:
#   Reduce memory load on the system
#   Increase physical memory or swap space
#   Check if swap backing store is full
#   Decrease Java heap size (-Xmx/-Xms)
#   Decrease number of Java threads
#   Decrease Java thread stack sizes (-Xss)
#   Set larger code cache with -XX:ReservedCodeCacheSize=
#   JVM is running with Unscaled Compressed Oops mode in which the Java heap is
#     placed in the first 4GB address space. The Java Heap base address is the
#     maximum limit for the native heap growth. Please use -XX:HeapBaseMinAddress
#     to set the Java Heap base and to place the Java Heap above 4GB virtual address.
# This output file may be truncated or incomplete.
#
#  Out of Memory Error (arena.cpp:168), pid=9864, tid=3156
#
# JRE version: OpenJDK Runtime Environment Temurin-21.0.6+7 (21.0.6+7) (build 21.0.6+7-LTS)
# Java VM: OpenJDK 64-Bit Server VM Temurin-21.0.6+7 (21.0.6+7-LTS, mixed mode, sharing, tiered, compressed oops, compressed class ptrs, parallel gc, windows-amd64)
# No core dump will be written. Minidumps are not enabled by default on client versions of Windows
#

---------------  S U M M A R Y ------------

Command Line: --add-modules=ALL-SYSTEM --add-opens=java.base/java.util=ALL-UNNAMED --add-opens=java.base/java.lang=ALL-UNNAMED --add-opens=java.base/sun.nio.fs=ALL-UNNAMED -Declipse.application=org.eclipse.jdt.ls.core.id1 -Dosgi.bundles.defaultStartLevel=4 -Declipse.product=org.eclipse.jdt.ls.core.product -Djava.import.generatesMetadataFilesAtProjectRoot=false -DDetectVMInstallationsJob.disabled=true -Dfile.encoding=utf8 -XX:+UseParallelGC -XX:GCTimeRatio=4 -XX:AdaptiveSizePolicyWeight=90 -Dsun.zip.disableMemoryMapping=true -Xmx1G -Xms100m -Xlog:disable -javaagent:c:\Users\ala\.vscode\extensions\redhat.java-1.41.1-win32-x64\lombok\lombok-1.18.36.jar -XX:+HeapDumpOnOutOfMemoryError -XX:HeapDumpPath=c:\Users\ala\AppData\Roaming\Code\User\workspaceStorage\5d2470ca3e79821120c345c9360372f0\redhat.java -Daether.dependencyCollector.impl=bf c:\Users\ala\.vscode\extensions\redhat.java-1.41.1-win32-x64\server\plugins\org.eclipse.equinox.launcher_1.7.0.v20250331-1702.jar -configuration c:\Users\ala\AppData\Roaming\Code\User\globalStorage\redhat.java\1.41.1\config_win -data c:\Users\ala\AppData\Roaming\Code\User\workspaceStorage\5d2470ca3e79821120c345c9360372f0\redhat.java\jdt_ws --pipe=\\.\pipe\lsp-638c6dd7d558155d2cf8aba7530f8ce2-sock

Host: 11th Gen Intel(R) Core(TM) i5-1135G7 @ 2.40GHz, 8 cores, 7G,  Windows 11 , 64 bit Build 26100 (10.0.26100.3912)
Time: Thu May 15 14:09:47 2025 W. Central Africa Standard Time elapsed time: 18.565554 seconds (0d 0h 0m 18s)

---------------  T H R E A D  ---------------

Current thread (0x000001c23ec83dc0):  JavaThread "C2 CompilerThread0" daemon [_thread_in_native, id=3156, stack(0x000000208cb00000,0x000000208cc00000) (1024K)]


Current CompileTask:
C2:18565 8046       4       org.lombokweb.asm.ClassReader::readMethod (1070 bytes)

Stack: [0x000000208cb00000,0x000000208cc00000]
Native frames: (J=compiled Java code, j=interpreted, Vv=VM code, C=native code)
V  [jvm.dll+0x6cdee9]
V  [jvm.dll+0x8a83d1]
V  [jvm.dll+0x8aa8fe]
V  [jvm.dll+0x8aafe3]
V  [jvm.dll+0x27f706]
V  [jvm.dll+0xc500d]
V  [jvm.dll+0xc5543]
V  [jvm.dll+0x3b678c]
V  [jvm.dll+0x1e0009]
V  [jvm.dll+0x247b42]
V  [jvm.dll+0x246fcf]
V  [jvm.dll+0x1c75ee]
V  [jvm.dll+0x25685a]
V  [jvm.dll+0x254dfa]
V  [jvm.dll+0x3f0256]
V  [jvm.dll+0x851f8b]
V  [jvm.dll+0x6cc5ed]
C  [ucrtbase.dll+0x37b0]
C  [KERNEL32.DLL+0x2e8d7]
C  [ntdll.dll+0x9c5dc]


---------------  P R O C E S S  ---------------

Threads class SMR info:
_java_thread_list=0x000001c28b976460, length=54, elements={
0x000001c22a8c38f0, 0x000001c23ec787d0, 0x000001c22a97dae0, 0x000001c23ec7b6a0,
0x000001c23ec7c2f0, 0x000001c23ec7e5d0, 0x000001c23ec81030, 0x000001c23ec83dc0,
0x000001c28168f780, 0x000001c22a92f210, 0x000001c2819668d0, 0x000001c2867e1fa0,
0x000001c2868b7580, 0x000001c286a4b800, 0x000001c286a47390, 0x000001c28693da30,
0x000001c286d39460, 0x000001c286cbf140, 0x000001c286cbf7d0, 0x000001c286cbe420,
0x000001c286cbeab0, 0x000001c287d0fca0, 0x000001c286cbfe60, 0x000001c286cc04f0,
0x000001c286cbd070, 0x000001c286cbd700, 0x000001c286cbdd90, 0x000001c28ab9d880,
0x000001c28ab9f950, 0x000001c28ab9ffe0, 0x000001c28aba0d00, 0x000001c28ab9f2c0,
0x000001c28ab9e5a0, 0x000001c28aba0670, 0x000001c28ab9ec30, 0x000001c28ab9df10,
0x000001c28aba2740, 0x000001c28aba4180, 0x000001c28aba4810, 0x000001c28aba3af0,
0x000001c28aba1390, 0x000001c28aba20b0, 0x000001c28aba4ea0, 0x000001c28aba2dd0,
0x000001c28aba1a20, 0x000001c28aba3460, 0x000001c287da2420, 0x000001c287da0350,
0x000001c287da1d90, 0x000001c287da2ab0, 0x000001c287da3140, 0x000001c287d9fcc0,
0x000001c287da37d0, 0x000001c287938660
}

Java Threads: ( => current thread )
  0x000001c22a8c38f0 JavaThread "main"                              [_thread_blocked, id=13872, stack(0x000000208c100000,0x000000208c200000) (1024K)]
  0x000001c23ec787d0 JavaThread "Reference Handler"          daemon [_thread_blocked, id=20308, stack(0x000000208c500000,0x000000208c600000) (1024K)]
  0x000001c22a97dae0 JavaThread "Finalizer"                  daemon [_thread_blocked, id=14148, stack(0x000000208c600000,0x000000208c700000) (1024K)]
  0x000001c23ec7b6a0 JavaThread "Signal Dispatcher"          daemon [_thread_blocked, id=10676, stack(0x000000208c700000,0x000000208c800000) (1024K)]
  0x000001c23ec7c2f0 JavaThread "Attach Listener"            daemon [_thread_blocked, id=18256, stack(0x000000208c800000,0x000000208c900000) (1024K)]
  0x000001c23ec7e5d0 JavaThread "Service Thread"             daemon [_thread_blocked, id=8960, stack(0x000000208c900000,0x000000208ca00000) (1024K)]
  0x000001c23ec81030 JavaThread "Monitor Deflation Thread"   daemon [_thread_blocked, id=18008, stack(0x000000208ca00000,0x000000208cb00000) (1024K)]
=>0x000001c23ec83dc0 JavaThread "C2 CompilerThread0"         daemon [_thread_in_native, id=3156, stack(0x000000208cb00000,0x000000208cc00000) (1024K)]
  0x000001c28168f780 JavaThread "C1 CompilerThread0"         daemon [_thread_blocked, id=4616, stack(0x000000208cc00000,0x000000208cd00000) (1024K)]
  0x000001c22a92f210 JavaThread "Common-Cleaner"             daemon [_thread_blocked, id=6944, stack(0x000000208cd00000,0x000000208ce00000) (1024K)]
  0x000001c2819668d0 JavaThread "Notification Thread"        daemon [_thread_blocked, id=16324, stack(0x000000208cf00000,0x000000208d000000) (1024K)]
  0x000001c2867e1fa0 JavaThread "Active Thread: Equinox Container: 30502cf2-df38-4cbe-af4e-b9e1d82279f4"        [_thread_blocked, id=14780, stack(0x000000208d600000,0x000000208d700000) (1024K)]
  0x000001c2868b7580 JavaThread "Refresh Thread: Equinox Container: 30502cf2-df38-4cbe-af4e-b9e1d82279f4" daemon [_thread_blocked, id=10244, stack(0x000000208d700000,0x000000208d800000) (1024K)]
  0x000001c286a4b800 JavaThread "Framework Event Dispatcher: Equinox Container: 30502cf2-df38-4cbe-af4e-b9e1d82279f4" daemon [_thread_blocked, id=12588, stack(0x000000208d800000,0x000000208d900000) (1024K)]
  0x000001c286a47390 JavaThread "Start Level: Equinox Container: 30502cf2-df38-4cbe-af4e-b9e1d82279f4" daemon [_thread_blocked, id=2864, stack(0x000000208da00000,0x000000208db00000) (1024K)]
  0x000001c28693da30 JavaThread "Bundle File Closer"         daemon [_thread_blocked, id=2624, stack(0x000000208db00000,0x000000208dc00000) (1024K)]
  0x000001c286d39460 JavaThread "SCR Component Actor"        daemon [_thread_blocked, id=16216, stack(0x000000208d500000,0x000000208d600000) (1024K)]
  0x000001c286cbf140 JavaThread "Worker-JM"                         [_thread_blocked, id=17180, stack(0x000000208de00000,0x000000208df00000) (1024K)]
  0x000001c286cbf7d0 JavaThread "JNA Cleaner"                daemon [_thread_blocked, id=17652, stack(0x000000208dd00000,0x000000208de00000) (1024K)]
  0x000001c286cbe420 JavaThread "Worker-0"                          [_thread_blocked, id=16816, stack(0x000000208df00000,0x000000208e000000) (1024K)]
  0x000001c286cbeab0 JavaThread "Worker-1: Java indexing... "        [_thread_blocked, id=9120, stack(0x000000208e000000,0x000000208e100000) (1024K)]
  0x000001c287d0fca0 JavaThread "C2 CompilerThread1"         daemon [_thread_in_vm, id=12020, stack(0x000000208e100000,0x000000208e200000) (1024K)]
  0x000001c286cbfe60 JavaThread "Worker-2"                          [_thread_blocked, id=14700, stack(0x000000208e300000,0x000000208e400000) (1024K)]
  0x000001c286cc04f0 JavaThread "Java indexing"              daemon [_thread_in_Java, id=14168, stack(0x000000208e400000,0x000000208e500000) (1024K)]
  0x000001c286cbd070 JavaThread "Worker-3: Building"                [_thread_in_Java, id=5268, stack(0x000000208e800000,0x000000208e900000) (1024K)]
  0x000001c286cbd700 JavaThread "Worker-4"                          [_thread_blocked, id=14860, stack(0x000000208e900000,0x000000208ea00000) (1024K)]
  0x000001c286cbdd90 JavaThread "Thread-2"                   daemon [_thread_in_native, id=9408, stack(0x000000208ea00000,0x000000208eb00000) (1024K)]
  0x000001c28ab9d880 JavaThread "Thread-3"                   daemon [_thread_in_native, id=19096, stack(0x000000208eb00000,0x000000208ec00000) (1024K)]
  0x000001c28ab9f950 JavaThread "Thread-4"                   daemon [_thread_in_native, id=20036, stack(0x000000208ec00000,0x000000208ed00000) (1024K)]
  0x000001c28ab9ffe0 JavaThread "Thread-5"                   daemon [_thread_in_native, id=19568, stack(0x000000208ed00000,0x000000208ee00000) (1024K)]
  0x000001c28aba0d00 JavaThread "Thread-6"                   daemon [_thread_in_native, id=8820, stack(0x000000208ee00000,0x000000208ef00000) (1024K)]
  0x000001c28ab9f2c0 JavaThread "Thread-7"                   daemon [_thread_in_native, id=10260, stack(0x000000208ef00000,0x000000208f000000) (1024K)]
  0x000001c28ab9e5a0 JavaThread "Thread-8"                   daemon [_thread_in_native, id=15724, stack(0x000000208f000000,0x000000208f100000) (1024K)]
  0x000001c28aba0670 JavaThread "Thread-9"                   daemon [_thread_in_native, id=15800, stack(0x000000208f100000,0x000000208f200000) (1024K)]
  0x000001c28ab9ec30 JavaThread "Thread-10"                  daemon [_thread_in_native, id=19228, stack(0x000000208f200000,0x000000208f300000) (1024K)]
  0x000001c28ab9df10 JavaThread "pool-2-thread-1"                   [_thread_blocked, id=7576, stack(0x000000208f300000,0x000000208f400000) (1024K)]
  0x000001c28aba2740 JavaThread "WorkspaceEventsHandler"            [_thread_blocked, id=16044, stack(0x000000208f400000,0x000000208f500000) (1024K)]
  0x000001c28aba4180 JavaThread "pool-1-thread-1"                   [_thread_in_native, id=15856, stack(0x000000208f500000,0x000000208f600000) (1024K)]
  0x000001c28aba4810 JavaThread "Worker-5"                          [_thread_blocked, id=9992, stack(0x000000208f600000,0x000000208f700000) (1024K)]
  0x000001c28aba3af0 JavaThread "LocalFile Deleter"          daemon [_thread_blocked, id=8784, stack(0x000000208dc00000,0x000000208dd00000) (1024K)]
  0x000001c28aba1390 JavaThread "LocalFile Deleter"          daemon [_thread_blocked, id=8992, stack(0x000000208f700000,0x000000208f800000) (1024K)]
  0x000001c28aba20b0 JavaThread "LocalFile Deleter"          daemon [_thread_blocked, id=13916, stack(0x000000208f800000,0x000000208f900000) (1024K)]
  0x000001c28aba4ea0 JavaThread "LocalFile Deleter"          daemon [_thread_blocked, id=15604, stack(0x000000208f900000,0x000000208fa00000) (1024K)]
  0x000001c28aba2dd0 JavaThread "LocalFile Deleter"          daemon [_thread_blocked, id=17896, stack(0x000000208fa00000,0x000000208fb00000) (1024K)]
  0x000001c28aba1a20 JavaThread "LocalFile Deleter"          daemon [_thread_blocked, id=19688, stack(0x000000208fb00000,0x000000208fc00000) (1024K)]
  0x000001c28aba3460 JavaThread "LocalFile Deleter"          daemon [_thread_blocked, id=18164, stack(0x000000208fc00000,0x000000208fd00000) (1024K)]
  0x000001c287da2420 JavaThread "LocalFile Deleter"          daemon [_thread_blocked, id=19800, stack(0x000000208fd00000,0x000000208fe00000) (1024K)]
  0x000001c287da0350 JavaThread "Compiler Source File Reader" daemon [_thread_blocked, id=10660, stack(0x000000208fe00000,0x000000208ff00000) (1024K)]
  0x000001c287da1d90 JavaThread "Compiler Source File Reader" daemon [_thread_blocked, id=10924, stack(0x000000208ff00000,0x0000002090000000) (1024K)]
  0x000001c287da2ab0 JavaThread "Compiler Source File Reader" daemon [_thread_blocked, id=15976, stack(0x0000002090000000,0x0000002090100000) (1024K)]
  0x000001c287da3140 JavaThread "Compiler Source File Reader" daemon [_thread_blocked, id=20416, stack(0x0000002090100000,0x0000002090200000) (1024K)]
  0x000001c287d9fcc0 JavaThread "Compiler Source File Reader" daemon [_thread_blocked, id=7760, stack(0x0000002090200000,0x0000002090300000) (1024K)]
  0x000001c287da37d0 JavaThread "Compiler Source File Reader" daemon [_thread_blocked, id=18956, stack(0x0000002090300000,0x0000002090400000) (1024K)]
  0x000001c287938660 JavaThread "C2 CompilerThread2"         daemon [_thread_in_native, id=16452, stack(0x000000208e200000,0x000000208e300000) (1024K)]
Total: 54

Other Threads:
  0x000001c23ec735f0 VMThread "VM Thread"                           [id=8608, stack(0x000000208c400000,0x000000208c500000) (1024K)]
  0x000001c22a92e840 WatcherThread "VM Periodic Task Thread"        [id=9236, stack(0x000000208c300000,0x000000208c400000) (1024K)]
  0x000001c22a8e1350 WorkerThread "GC Thread#0"                     [id=15916, stack(0x000000208c200000,0x000000208c300000) (1024K)]
  0x000001c286560770 WorkerThread "GC Thread#1"                     [id=8808, stack(0x000000208ce00000,0x000000208cf00000) (1024K)]
  0x000001c286560b10 WorkerThread "GC Thread#2"                     [id=20180, stack(0x000000208d000000,0x000000208d100000) (1024K)]
  0x000001c2860ac600 WorkerThread "GC Thread#3"                     [id=20328, stack(0x000000208d100000,0x000000208d200000) (1024K)]
  0x000001c2860ac9a0 WorkerThread "GC Thread#4"                     [id=19872, stack(0x000000208d200000,0x000000208d300000) (1024K)]
  0x000001c286376610 WorkerThread "GC Thread#5"                     [id=10012, stack(0x000000208d300000,0x000000208d400000) (1024K)]
  0x000001c2863769b0 WorkerThread "GC Thread#6"                     [id=17992, stack(0x000000208d400000,0x000000208d500000) (1024K)]
  0x000001c286a42bd0 WorkerThread "GC Thread#7"                     [id=16984, stack(0x000000208d900000,0x000000208da00000) (1024K)]
Total: 10

Threads with active compile tasks:
C2 CompilerThread0  18677 8046       4       org.lombokweb.asm.ClassReader::readMethod (1070 bytes)
C1 CompilerThread0  18677 8325       3       org.eclipse.jdt.internal.compiler.ast.SingleNameReference::<init> (25 bytes)
C2 CompilerThread1  18677 8290       4       org.eclipse.jdt.internal.compiler.parser.Parser::actFromTokenOrSynthetic (12 bytes)
C2 CompilerThread2  18677 8297       4       lombok.core.configuration.BubblingConfigurationResolver::resolve (432 bytes)
Total: 4

VM state: not at safepoint (normal execution)

VM Mutex/Monitor currently owned by a thread: None

Heap address: 0x00000000c0000000, size: 1024 MB, Compressed Oops mode: 32-bit

CDS archive(s) mapped at: [0x000001c23f000000-0x000001c23fba0000-0x000001c23fba0000), size 12189696, SharedBaseAddress: 0x000001c23f000000, ArchiveRelocationMode: 1.
Compressed class space mapped at: 0x000001c240000000-0x000001c280000000, reserved size: 1073741824
Narrow klass base: 0x000001c23f000000, Narrow klass shift: 0, Narrow klass range: 0x100000000

GC Precious Log:
 CardTable entry size: 512
 CPUs: 8 total, 8 available
 Memory: 7932M
 Large Page Support: Disabled
 NUMA Support: Disabled
 Compressed Oops: Enabled (32-bit)
 Alignments: Space 512K, Generation 512K, Heap 2M
 Heap Min Capacity: 100M
 Heap Initial Capacity: 100M
 Heap Max Capacity: 1G
 Pre-touch: Disabled
 Parallel Workers: 8

Heap:
 PSYoungGen      total 9728K, used 3653K [0x00000000eab00000, 0x00000000eb600000, 0x0000000100000000)
  eden space 8192K, 28% used [0x00000000eab00000,0x00000000ead3dab8,0x00000000eb300000)
  from space 1536K, 88% used [0x00000000eb300000,0x00000000eb453d38,0x00000000eb480000)
  to   space 1536K, 0% used [0x00000000eb480000,0x00000000eb480000,0x00000000eb600000)
 ParOldGen       total 130048K, used 129667K [0x00000000c0000000, 0x00000000c7f00000, 0x00000000eab00000)
  object space 130048K, 99% used [0x00000000c0000000,0x00000000c7ea0fa8,0x00000000c7f00000)
 Metaspace       used 54699K, committed 55936K, reserved 1114112K
  class space    used 5671K, committed 6208K, reserved 1048576K

Card table byte_map: [0x000001c22a260000,0x000001c22a470000] _byte_map_base: 0x000001c229c60000

Marking Bits: (ParMarkBitMap*) 0x00007ffe47ae3260
 Begin Bits: [0x000001c23cab0000, 0x000001c23dab0000)
 End Bits:   [0x000001c23dab0000, 0x000001c23eab0000)

Polling page: 0x000001c2286e0000

Metaspace:

Usage:
  Non-class:     47.88 MB used.
      Class:      5.54 MB used.
       Both:     53.42 MB used.

Virtual space:
  Non-class space:       64.00 MB reserved,      48.56 MB ( 76%) committed,  1 nodes.
      Class space:        1.00 GB reserved,       6.06 MB ( <1%) committed,  1 nodes.
             Both:        1.06 GB reserved,      54.62 MB (  5%) committed. 

Chunk freelists:
   Non-Class:  15.36 MB
       Class:  9.95 MB
        Both:  25.31 MB

MaxMetaspaceSize: unlimited
CompressedClassSpaceSize: 1.00 GB
Initial GC threshold: 21.00 MB
Current GC threshold: 58.38 MB
CDS: on
 - commit_granule_bytes: 65536.
 - commit_granule_words: 8192.
 - virtual_space_node_default_size: 8388608.
 - enlarge_chunks_in_place: 1.
 - use_allocation_guard: 0.


Internal statistics:

num_allocs_failed_limit: 6.
num_arena_births: 1038.
num_arena_deaths: 14.
num_vsnodes_births: 2.
num_vsnodes_deaths: 0.
num_space_committed: 874.
num_space_uncommitted: 0.
num_chunks_returned_to_freelist: 20.
num_chunks_taken_from_freelist: 3589.
num_chunk_merges: 12.
num_chunk_splits: 2206.
num_chunks_enlarged: 1225.
num_inconsistent_stats: 0.

CodeHeap 'non-profiled nmethods': size=120000Kb used=5387Kb max_used=5387Kb free=114612Kb
 bounds [0x000001c235580000, 0x000001c235ad0000, 0x000001c23cab0000]
CodeHeap 'profiled nmethods': size=120000Kb used=16674Kb max_used=16674Kb free=103325Kb
 bounds [0x000001c22dab0000, 0x000001c22eb00000, 0x000001c234fe0000]
CodeHeap 'non-nmethods': size=5760Kb used=1412Kb max_used=1493Kb free=4347Kb
 bounds [0x000001c234fe0000, 0x000001c235250000, 0x000001c235580000]
 total_blobs=8408 nmethods=7699 adapters=615
 compilation: enabled
              stopped_count=0, restarted_count=0
 full_count=0

Compilation events (20 events):
Event: 17.856 Thread 0x000001c28168f780 8254       3       java.lang.CharacterDataLatin1::getPropertiesEx (11 bytes)
Event: 17.857 Thread 0x000001c28168f780 nmethod 8254 0x000001c22ead1910 code [0x000001c22ead1ac0, 0x000001c22ead1c08]
Event: 17.857 Thread 0x000001c28168f780 8255       3       sun.reflect.annotation.AnnotationParser::parseMemberValue (230 bytes)
Event: 17.860 Thread 0x000001c287d0fca0 nmethod 8243 0x000001c235ab4990 code [0x000001c235ab4c00, 0x000001c235ab5998]
Event: 17.860 Thread 0x000001c28168f780 nmethod 8255 0x000001c22ead1d10 code [0x000001c22ead2220, 0x000001c22ead4698]
Event: 17.860 Thread 0x000001c287d0fca0 8244       4       lombok.core.configuration.FileSystemSourceCache::ensureContent (48 bytes)
Event: 17.875 Thread 0x000001c287d0fca0 nmethod 8244 0x000001c235ab6210 code [0x000001c235ab6440, 0x000001c235ab6c70]
Event: 17.875 Thread 0x000001c287d0fca0 8251       4       lombok.core.configuration.ConfigurationFile$RegularConfigurationFile::parent (39 bytes)
Event: 17.880 Thread 0x000001c287d0fca0 nmethod 8251 0x000001c235ab7310 code [0x000001c235ab7540, 0x000001c235ab7900]
Event: 17.880 Thread 0x000001c287d0fca0 8252       4       lombok.core.configuration.ConfigurationFile::equals (24 bytes)
Event: 17.883 Thread 0x000001c287d0fca0 nmethod 8252 0x000001c235ab7c90 code [0x000001c235ab7e20, 0x000001c235ab8040]
Event: 17.907 Thread 0x000001c287d0fca0 8256       4       java.util.jar.JarFile::match (132 bytes)
Event: 17.914 Thread 0x000001c287d0fca0 nmethod 8256 0x000001c235ab8190 code [0x000001c235ab8340, 0x000001c235ab86c8]
Event: 17.939 Thread 0x000001c28168f780 8257       3       java.lang.String::join (281 bytes)
Event: 17.941 Thread 0x000001c28168f780 nmethod 8257 0x000001c22ead5310 code [0x000001c22ead5660, 0x000001c22ead6ad0]
Event: 17.941 Thread 0x000001c28168f780 8258       3       java.lang.reflect.Method::toShortSignature (78 bytes)
Event: 17.942 Thread 0x000001c28168f780 nmethod 8258 0x000001c22ead7590 code [0x000001c22ead7800, 0x000001c22ead7f70]
Event: 17.960 Thread 0x000001c28168f780 8259       3       java.util.Collections$SingletonList::iterator (8 bytes)
Event: 17.961 Thread 0x000001c28168f780 nmethod 8259 0x000001c22ead8310 code [0x000001c22ead84c0, 0x000001c22ead8760]
Event: 17.962 Thread 0x000001c287d0fca0 8260       4       java.util.WeakHashMap::get (75 bytes)

GC Heap History (20 events):
Event: 15.528 GC heap after
{Heap after GC invocations=52 (full 2):
 PSYoungGen      total 10240K, used 2024K [0x00000000eab00000, 0x00000000ebf80000, 0x0000000100000000)
  eden space 8192K, 0% used [0x00000000eab00000,0x00000000eab00000,0x00000000eb300000)
  from space 2048K, 98% used [0x00000000eb880000,0x00000000eba7a280,0x00000000eba80000)
  to   space 5632K, 0% used [0x00000000eb300000,0x00000000eb300000,0x00000000eb880000)
 ParOldGen       total 117760K, used 117657K [0x00000000c0000000, 0x00000000c7300000, 0x00000000eab00000)
  object space 117760K, 99% used [0x00000000c0000000,0x00000000c72e67c8,0x00000000c7300000)
 Metaspace       used 52347K, committed 53568K, reserved 1114112K
  class space    used 5467K, committed 6016K, reserved 1048576K
}
Event: 15.644 GC heap before
{Heap before GC invocations=53 (full 2):
 PSYoungGen      total 10240K, used 10216K [0x00000000eab00000, 0x00000000ebf80000, 0x0000000100000000)
  eden space 8192K, 100% used [0x00000000eab00000,0x00000000eb300000,0x00000000eb300000)
  from space 2048K, 98% used [0x00000000eb880000,0x00000000eba7a280,0x00000000eba80000)
  to   space 5632K, 0% used [0x00000000eb300000,0x00000000eb300000,0x00000000eb880000)
 ParOldGen       total 117760K, used 117657K [0x00000000c0000000, 0x00000000c7300000, 0x00000000eab00000)
  object space 117760K, 99% used [0x00000000c0000000,0x00000000c72e67c8,0x00000000c7300000)
 Metaspace       used 52679K, committed 53952K, reserved 1114112K
  class space    used 5495K, committed 6080K, reserved 1048576K
}
Event: 15.649 GC heap after
{Heap after GC invocations=53 (full 2):
 PSYoungGen      total 11264K, used 2998K [0x00000000eab00000, 0x00000000ebb00000, 0x0000000100000000)
  eden space 8192K, 0% used [0x00000000eab00000,0x00000000eab00000,0x00000000eb300000)
  from space 3072K, 97% used [0x00000000eb300000,0x00000000eb5eda50,0x00000000eb600000)
  to   space 4096K, 0% used [0x00000000eb700000,0x00000000eb700000,0x00000000ebb00000)
 ParOldGen       total 119808K, used 119679K [0x00000000c0000000, 0x00000000c7500000, 0x00000000eab00000)
  object space 119808K, 99% used [0x00000000c0000000,0x00000000c74dfe18,0x00000000c7500000)
 Metaspace       used 52679K, committed 53952K, reserved 1114112K
  class space    used 5495K, committed 6080K, reserved 1048576K
}
Event: 15.675 GC heap before
{Heap before GC invocations=54 (full 2):
 PSYoungGen      total 11264K, used 11190K [0x00000000eab00000, 0x00000000ebb00000, 0x0000000100000000)
  eden space 8192K, 100% used [0x00000000eab00000,0x00000000eb300000,0x00000000eb300000)
  from space 3072K, 97% used [0x00000000eb300000,0x00000000eb5eda50,0x00000000eb600000)
  to   space 4096K, 0% used [0x00000000eb700000,0x00000000eb700000,0x00000000ebb00000)
 ParOldGen       total 119808K, used 119679K [0x00000000c0000000, 0x00000000c7500000, 0x00000000eab00000)
  object space 119808K, 99% used [0x00000000c0000000,0x00000000c74dfe18,0x00000000c7500000)
 Metaspace       used 52686K, committed 53952K, reserved 1114112K
  class space    used 5495K, committed 6080K, reserved 1048576K
}
Event: 15.680 GC heap after
{Heap after GC invocations=54 (full 2):
 PSYoungGen      total 10752K, used 2235K [0x00000000eab00000, 0x00000000eb980000, 0x0000000100000000)
  eden space 8192K, 0% used [0x00000000eab00000,0x00000000eab00000,0x00000000eb300000)
  from space 2560K, 87% used [0x00000000eb700000,0x00000000eb92efe8,0x00000000eb980000)
  to   space 3072K, 0% used [0x00000000eb380000,0x00000000eb380000,0x00000000eb680000)
 ParOldGen       total 122880K, used 122511K [0x00000000c0000000, 0x00000000c7800000, 0x00000000eab00000)
  object space 122880K, 99% used [0x00000000c0000000,0x00000000c77a3f98,0x00000000c7800000)
 Metaspace       used 52686K, committed 53952K, reserved 1114112K
  class space    used 5495K, committed 6080K, reserved 1048576K
}
Event: 15.737 GC heap before
{Heap before GC invocations=55 (full 2):
 PSYoungGen      total 10752K, used 10427K [0x00000000eab00000, 0x00000000eb980000, 0x0000000100000000)
  eden space 8192K, 100% used [0x00000000eab00000,0x00000000eb300000,0x00000000eb300000)
  from space 2560K, 87% used [0x00000000eb700000,0x00000000eb92efe8,0x00000000eb980000)
  to   space 3072K, 0% used [0x00000000eb380000,0x00000000eb380000,0x00000000eb680000)
 ParOldGen       total 122880K, used 122511K [0x00000000c0000000, 0x00000000c7800000, 0x00000000eab00000)
  object space 122880K, 99% used [0x00000000c0000000,0x00000000c77a3f98,0x00000000c7800000)
 Metaspace       used 52695K, committed 53952K, reserved 1114112K
  class space    used 5495K, committed 6080K, reserved 1048576K
}
Event: 15.743 GC heap after
{Heap after GC invocations=55 (full 2):
 PSYoungGen      total 9216K, used 998K [0x00000000eab00000, 0x00000000eb780000, 0x0000000100000000)
  eden space 8192K, 0% used [0x00000000eab00000,0x00000000eab00000,0x00000000eb300000)
  from space 1024K, 97% used [0x00000000eb380000,0x00000000eb4799c0,0x00000000eb480000)
  to   space 1536K, 0% used [0x00000000eb600000,0x00000000eb600000,0x00000000eb780000)
 ParOldGen       total 124416K, used 124211K [0x00000000c0000000, 0x00000000c7980000, 0x00000000eab00000)
  object space 124416K, 99% used [0x00000000c0000000,0x00000000c794cde0,0x00000000c7980000)
 Metaspace       used 52695K, committed 53952K, reserved 1114112K
  class space    used 5495K, committed 6080K, reserved 1048576K
}
Event: 15.814 GC heap before
{Heap before GC invocations=56 (full 2):
 PSYoungGen      total 9216K, used 9190K [0x00000000eab00000, 0x00000000eb780000, 0x0000000100000000)
  eden space 8192K, 100% used [0x00000000eab00000,0x00000000eb300000,0x00000000eb300000)
  from space 1024K, 97% used [0x00000000eb380000,0x00000000eb4799c0,0x00000000eb480000)
  to   space 1536K, 0% used [0x00000000eb600000,0x00000000eb600000,0x00000000eb780000)
 ParOldGen       total 124416K, used 124211K [0x00000000c0000000, 0x00000000c7980000, 0x00000000eab00000)
  object space 124416K, 99% used [0x00000000c0000000,0x00000000c794cde0,0x00000000c7980000)
 Metaspace       used 52704K, committed 53952K, reserved 1114112K
  class space    used 5495K, committed 6080K, reserved 1048576K
}
Event: 15.815 GC heap after
{Heap after GC invocations=56 (full 2):
 PSYoungGen      total 9728K, used 1281K [0x00000000eab00000, 0x00000000eb780000, 0x0000000100000000)
  eden space 8192K, 0% used [0x00000000eab00000,0x00000000eab00000,0x00000000eb300000)
  from space 1536K, 83% used [0x00000000eb600000,0x00000000eb740428,0x00000000eb780000)
  to   space 1536K, 0% used [0x00000000eb480000,0x00000000eb480000,0x00000000eb600000)
 ParOldGen       total 124928K, used 124710K [0x00000000c0000000, 0x00000000c7a00000, 0x00000000eab00000)
  object space 124928K, 99% used [0x00000000c0000000,0x00000000c79c9ad8,0x00000000c7a00000)
 Metaspace       used 52704K, committed 53952K, reserved 1114112K
  class space    used 5495K, committed 6080K, reserved 1048576K
}
Event: 15.966 GC heap before
{Heap before GC invocations=57 (full 2):
 PSYoungGen      total 9728K, used 9473K [0x00000000eab00000, 0x00000000eb780000, 0x0000000100000000)
  eden space 8192K, 100% used [0x00000000eab00000,0x00000000eb300000,0x00000000eb300000)
  from space 1536K, 83% used [0x00000000eb600000,0x00000000eb740428,0x00000000eb780000)
  to   space 1536K, 0% used [0x00000000eb480000,0x00000000eb480000,0x00000000eb600000)
 ParOldGen       total 124928K, used 124710K [0x00000000c0000000, 0x00000000c7a00000, 0x00000000eab00000)
  object space 124928K, 99% used [0x00000000c0000000,0x00000000c79c9ad8,0x00000000c7a00000)
 Metaspace       used 52714K, committed 54016K, reserved 1114112K
  class space    used 5495K, committed 6080K, reserved 1048576K
}
Event: 15.970 GC heap after
{Heap after GC invocations=57 (full 2):
 PSYoungGen      total 9216K, used 937K [0x00000000eab00000, 0x00000000eb680000, 0x0000000100000000)
  eden space 8192K, 0% used [0x00000000eab00000,0x00000000eab00000,0x00000000eb300000)
  from space 1024K, 91% used [0x00000000eb480000,0x00000000eb56a628,0x00000000eb580000)
  to   space 1024K, 0% used [0x00000000eb580000,0x00000000eb580000,0x00000000eb680000)
 ParOldGen       total 125440K, used 125355K [0x00000000c0000000, 0x00000000c7a80000, 0x00000000eab00000)
  object space 125440K, 99% used [0x00000000c0000000,0x00000000c7a6adc0,0x00000000c7a80000)
 Metaspace       used 52714K, committed 54016K, reserved 1114112K
  class space    used 5495K, committed 6080K, reserved 1048576K
}
Event: 16.121 GC heap before
{Heap before GC invocations=58 (full 2):
 PSYoungGen      total 9216K, used 9129K [0x00000000eab00000, 0x00000000eb680000, 0x0000000100000000)
  eden space 8192K, 100% used [0x00000000eab00000,0x00000000eb300000,0x00000000eb300000)
  from space 1024K, 91% used [0x00000000eb480000,0x00000000eb56a628,0x00000000eb580000)
  to   space 1024K, 0% used [0x00000000eb580000,0x00000000eb580000,0x00000000eb680000)
 ParOldGen       total 125440K, used 125355K [0x00000000c0000000, 0x00000000c7a80000, 0x00000000eab00000)
  object space 125440K, 99% used [0x00000000c0000000,0x00000000c7a6adc0,0x00000000c7a80000)
 Metaspace       used 52716K, committed 54016K, reserved 1114112K
  class space    used 5495K, committed 6080K, reserved 1048576K
}
Event: 16.123 GC heap after
{Heap after GC invocations=58 (full 2):
 PSYoungGen      total 9216K, used 790K [0x00000000eab00000, 0x00000000eb680000, 0x0000000100000000)
  eden space 8192K, 0% used [0x00000000eab00000,0x00000000eab00000,0x00000000eb300000)
  from space 1024K, 77% used [0x00000000eb580000,0x00000000eb645968,0x00000000eb680000)
  to   space 1024K, 0% used [0x00000000eb480000,0x00000000eb480000,0x00000000eb580000)
 ParOldGen       total 125952K, used 125750K [0x00000000c0000000, 0x00000000c7b00000, 0x00000000eab00000)
  object space 125952K, 99% used [0x00000000c0000000,0x00000000c7acd9b0,0x00000000c7b00000)
 Metaspace       used 52716K, committed 54016K, reserved 1114112K
  class space    used 5495K, committed 6080K, reserved 1048576K
}
Event: 16.447 GC heap before
{Heap before GC invocations=59 (full 2):
 PSYoungGen      total 9216K, used 8982K [0x00000000eab00000, 0x00000000eb680000, 0x0000000100000000)
  eden space 8192K, 100% used [0x00000000eab00000,0x00000000eb300000,0x00000000eb300000)
  from space 1024K, 77% used [0x00000000eb580000,0x00000000eb645968,0x00000000eb680000)
  to   space 1024K, 0% used [0x00000000eb480000,0x00000000eb480000,0x00000000eb580000)
 ParOldGen       total 125952K, used 125750K [0x00000000c0000000, 0x00000000c7b00000, 0x00000000eab00000)
  object space 125952K, 99% used [0x00000000c0000000,0x00000000c7acd9b0,0x00000000c7b00000)
 Metaspace       used 52976K, committed 54208K, reserved 1114112K
  class space    used 5507K, committed 6080K, reserved 1048576K
}
Event: 16.458 GC heap after
{Heap after GC invocations=59 (full 2):
 PSYoungGen      total 9216K, used 529K [0x00000000eab00000, 0x00000000eb600000, 0x0000000100000000)
  eden space 8192K, 0% used [0x00000000eab00000,0x00000000eab00000,0x00000000eb300000)
  from space 1024K, 51% used [0x00000000eb480000,0x00000000eb504680,0x00000000eb580000)
  to   space 512K, 0% used [0x00000000eb580000,0x00000000eb580000,0x00000000eb600000)
 ParOldGen       total 125952K, used 125798K [0x00000000c0000000, 0x00000000c7b00000, 0x00000000eab00000)
  object space 125952K, 99% used [0x00000000c0000000,0x00000000c7ad99b0,0x00000000c7b00000)
 Metaspace       used 52976K, committed 54208K, reserved 1114112K
  class space    used 5507K, committed 6080K, reserved 1048576K
}
Event: 16.795 GC heap before
{Heap before GC invocations=60 (full 2):
 PSYoungGen      total 9216K, used 8721K [0x00000000eab00000, 0x00000000eb600000, 0x0000000100000000)
  eden space 8192K, 100% used [0x00000000eab00000,0x00000000eb300000,0x00000000eb300000)
  from space 1024K, 51% used [0x00000000eb480000,0x00000000eb504680,0x00000000eb580000)
  to   space 512K, 0% used [0x00000000eb580000,0x00000000eb580000,0x00000000eb600000)
 ParOldGen       total 125952K, used 125798K [0x00000000c0000000, 0x00000000c7b00000, 0x00000000eab00000)
  object space 125952K, 99% used [0x00000000c0000000,0x00000000c7ad99b0,0x00000000c7b00000)
 Metaspace       used 53929K, committed 55168K, reserved 1114112K
  class space    used 5598K, committed 6144K, reserved 1048576K
}
Event: 16.802 GC heap after
{Heap after GC invocations=60 (full 2):
 PSYoungGen      total 8704K, used 507K [0x00000000eab00000, 0x00000000eb600000, 0x0000000100000000)
  eden space 8192K, 0% used [0x00000000eab00000,0x00000000eab00000,0x00000000eb300000)
  from space 512K, 99% used [0x00000000eb580000,0x00000000eb5fefc0,0x00000000eb600000)
  to   space 1536K, 0% used [0x00000000eb300000,0x00000000eb300000,0x00000000eb480000)
 ParOldGen       total 126976K, used 126493K [0x00000000c0000000, 0x00000000c7c00000, 0x00000000eab00000)
  object space 126976K, 99% used [0x00000000c0000000,0x00000000c7b87630,0x00000000c7c00000)
 Metaspace       used 53929K, committed 55168K, reserved 1114112K
  class space    used 5598K, committed 6144K, reserved 1048576K
}
Event: 17.361 GC heap before
{Heap before GC invocations=61 (full 2):
 PSYoungGen      total 8704K, used 8699K [0x00000000eab00000, 0x00000000eb600000, 0x0000000100000000)
  eden space 8192K, 100% used [0x00000000eab00000,0x00000000eb300000,0x00000000eb300000)
  from space 512K, 99% used [0x00000000eb580000,0x00000000eb5fefc0,0x00000000eb600000)
  to   space 1536K, 0% used [0x00000000eb300000,0x00000000eb300000,0x00000000eb480000)
 ParOldGen       total 126976K, used 126493K [0x00000000c0000000, 0x00000000c7c00000, 0x00000000eab00000)
  object space 126976K, 99% used [0x00000000c0000000,0x00000000c7b87630,0x00000000c7c00000)
 Metaspace       used 54242K, committed 55424K, reserved 1114112K
  class space    used 5614K, committed 6144K, reserved 1048576K
}
Event: 17.365 GC heap after
{Heap after GC invocations=61 (full 2):
 PSYoungGen      total 9728K, used 1523K [0x00000000eab00000, 0x00000000eb800000, 0x0000000100000000)
  eden space 8192K, 0% used [0x00000000eab00000,0x00000000eab00000,0x00000000eb300000)
  from space 1536K, 99% used [0x00000000eb300000,0x00000000eb47ced0,0x00000000eb480000)
  to   space 2560K, 0% used [0x00000000eb580000,0x00000000eb580000,0x00000000eb800000)
 ParOldGen       total 127488K, used 127094K [0x00000000c0000000, 0x00000000c7c80000, 0x00000000eab00000)
  object space 127488K, 99% used [0x00000000c0000000,0x00000000c7c1dbc0,0x00000000c7c80000)
 Metaspace       used 54242K, committed 55424K, reserved 1114112K
  class space    used 5614K, committed 6144K, reserved 1048576K
}
Event: 18.181 GC heap before
{Heap before GC invocations=62 (full 2):
 PSYoungGen      total 9728K, used 9715K [0x00000000eab00000, 0x00000000eb800000, 0x0000000100000000)
  eden space 8192K, 100% used [0x00000000eab00000,0x00000000eb300000,0x00000000eb300000)
  from space 1536K, 99% used [0x00000000eb300000,0x00000000eb47ced0,0x00000000eb480000)
  to   space 2560K, 0% used [0x00000000eb580000,0x00000000eb580000,0x00000000eb800000)
 ParOldGen       total 127488K, used 127094K [0x00000000c0000000, 0x00000000c7c80000, 0x00000000eab00000)
  object space 127488K, 99% used [0x00000000c0000000,0x00000000c7c1dbc0,0x00000000c7c80000)
 Metaspace       used 54441K, committed 55680K, reserved 1114112K
  class space    used 5638K, committed 6208K, reserved 1048576K
}

Dll operation events (10 events):
Event: 0.015 Loaded shared library c:\Users\ala\.vscode\extensions\redhat.java-1.41.1-win32-x64\jre\21.0.6-win32-x86_64\bin\java.dll
Event: 0.124 Loaded shared library c:\Users\ala\.vscode\extensions\redhat.java-1.41.1-win32-x64\jre\21.0.6-win32-x86_64\bin\zip.dll
Event: 0.150 Loaded shared library C:\Users\ala\.vscode\extensions\redhat.java-1.41.1-win32-x64\jre\21.0.6-win32-x86_64\bin\instrument.dll
Event: 0.155 Loaded shared library C:\Users\ala\.vscode\extensions\redhat.java-1.41.1-win32-x64\jre\21.0.6-win32-x86_64\bin\net.dll
Event: 0.162 Loaded shared library C:\Users\ala\.vscode\extensions\redhat.java-1.41.1-win32-x64\jre\21.0.6-win32-x86_64\bin\nio.dll
Event: 0.171 Loaded shared library C:\Users\ala\.vscode\extensions\redhat.java-1.41.1-win32-x64\jre\21.0.6-win32-x86_64\bin\zip.dll
Event: 0.207 Loaded shared library C:\Users\ala\.vscode\extensions\redhat.java-1.41.1-win32-x64\jre\21.0.6-win32-x86_64\bin\jimage.dll
Event: 0.350 Loaded shared library c:\Users\ala\.vscode\extensions\redhat.java-1.41.1-win32-x64\jre\21.0.6-win32-x86_64\bin\verify.dll
Event: 2.769 Loaded shared library C:\Users\ala\AppData\Roaming\Code\User\globalStorage\redhat.java\1.41.1\config_win\org.eclipse.equinox.launcher\org.eclipse.equinox.launcher.win32.win32.x86_64_1.2.1300.v20250331-1702\eclipse_11911.dll
Event: 5.109 Loaded shared library C:\Users\ala\AppData\Local\Temp\jna-96662\jna5976694865991935471.dll

Deoptimization events (20 events):
Event: 16.176 Thread 0x000001c286cbe420 DEOPT PACKING pc=0x000001c235a4627c sp=0x000000208dffe230
Event: 16.176 Thread 0x000001c286cbe420 DEOPT UNPACKING pc=0x000001c235036da2 sp=0x000000208dffe1b0 mode 2
Event: 16.176 Thread 0x000001c286cbe420 Uncommon trap: trap_request=0xffffffbe fr.pc=0x000001c235a4627c relative=0x000000000000039c
Event: 16.176 Thread 0x000001c286cbe420 Uncommon trap: reason=profile_predicate action=maybe_recompile pc=0x000001c235a4627c method=java.util.Arrays.binarySearch0([Ljava/lang/Object;IILjava/lang/Object;)I @ 12 c2
Event: 16.176 Thread 0x000001c286cbe420 DEOPT PACKING pc=0x000001c235a4627c sp=0x000000208dffe230
Event: 16.176 Thread 0x000001c286cbe420 DEOPT UNPACKING pc=0x000001c235036da2 sp=0x000000208dffe1b0 mode 2
Event: 16.709 Thread 0x000001c286cbd070 Uncommon trap: trap_request=0xffffff45 fr.pc=0x000001c235a01d04 relative=0x0000000000001004
Event: 16.709 Thread 0x000001c286cbd070 Uncommon trap: reason=unstable_if action=reinterpret pc=0x000001c235a01d04 method=org.eclipse.jdt.internal.compiler.parser.Scanner.internalScanIdentifierOrKeyword(II[C)Lorg/eclipse/jdt/internal/compiler/parser/TerminalToken; @ 4091 c2
Event: 16.709 Thread 0x000001c286cbd070 DEOPT PACKING pc=0x000001c235a01d04 sp=0x000000208e8fe080
Event: 16.709 Thread 0x000001c286cbd070 DEOPT UNPACKING pc=0x000001c235036da2 sp=0x000000208e8fe018 mode 2
Event: 17.040 Thread 0x000001c28aba4180 Uncommon trap: trap_request=0xffffff45 fr.pc=0x000001c2355d3014 relative=0x0000000000000154
Event: 17.040 Thread 0x000001c28aba4180 Uncommon trap: reason=unstable_if action=reinterpret pc=0x000001c2355d3014 method=com.google.gson.stream.JsonReader.doPeek()I @ 697 c2
Event: 17.040 Thread 0x000001c28aba4180 DEOPT PACKING pc=0x000001c2355d3014 sp=0x000000208f5fef20
Event: 17.040 Thread 0x000001c28aba4180 DEOPT UNPACKING pc=0x000001c235036da2 sp=0x000000208f5feea0 mode 2
Event: 17.040 Thread 0x000001c28aba4180 Uncommon trap: trap_request=0xffffff45 fr.pc=0x000001c2355ec658 relative=0x00000000000000b8
Event: 17.040 Thread 0x000001c28aba4180 Uncommon trap: reason=unstable_if action=reinterpret pc=0x000001c2355ec658 method=com.google.gson.stream.JsonReader.peek()Lcom/google/gson/stream/JsonToken; @ 15 c2
Event: 17.040 Thread 0x000001c28aba4180 DEOPT PACKING pc=0x000001c2355ec658 sp=0x000000208f5fef50
Event: 17.040 Thread 0x000001c28aba4180 DEOPT UNPACKING pc=0x000001c235036da2 sp=0x000000208f5feed8 mode 2
Event: 17.908 Thread 0x000001c286cbd070 DEOPT PACKING pc=0x000001c22e2fc27b sp=0x000000208e8fc0d0
Event: 17.909 Thread 0x000001c286cbd070 DEOPT UNPACKING pc=0x000001c2350378e2 sp=0x000000208e8fb540 mode 0

Classes loaded (20 events):
Event: 12.067 Loading class java/util/ImmutableCollections$SubList
Event: 12.069 Loading class java/util/ImmutableCollections$SubList done
Event: 12.108 Loading class java/nio/file/attribute/PosixFileAttributes
Event: 12.108 Loading class java/nio/file/attribute/PosixFileAttributes done
Event: 12.126 Loading class java/nio/file/attribute/PosixFileAttributeView
Event: 12.126 Loading class java/nio/file/attribute/PosixFileAttributeView done
Event: 12.228 Loading class java/nio/file/DirectoryIteratorException
Event: 12.229 Loading class java/nio/file/DirectoryIteratorException done
Event: 12.236 Loading class java/util/regex/PatternSyntaxException
Event: 12.237 Loading class java/util/regex/PatternSyntaxException done
Event: 12.834 Loading class java/util/concurrent/ForkJoinTask$AdaptedCallable
Event: 12.835 Loading class java/util/concurrent/ForkJoinTask$AdaptedCallable done
Event: 13.940 Loading class java/util/Vector$1
Event: 13.941 Loading class java/util/Vector$1 done
Event: 14.779 Loading class java/util/regex/Pattern$Caret
Event: 14.779 Loading class java/util/regex/Pattern$Caret done
Event: 15.000 Loading class java/util/regex/Pattern$LazyLoop
Event: 15.001 Loading class java/util/regex/Pattern$LazyLoop done
Event: 15.295 Loading class java/nio/file/FileTreeIterator
Event: 15.296 Loading class java/nio/file/FileTreeIterator done

Classes unloaded (7 events):
Event: 6.188 Thread 0x000001c23ec735f0 Unloading class 0x000001c2401a0400 'java/lang/invoke/LambdaForm$MH+0x000001c2401a0400'
Event: 6.188 Thread 0x000001c23ec735f0 Unloading class 0x000001c2401a0000 'java/lang/invoke/LambdaForm$MH+0x000001c2401a0000'
Event: 6.189 Thread 0x000001c23ec735f0 Unloading class 0x000001c24019fc00 'java/lang/invoke/LambdaForm$MH+0x000001c24019fc00'
Event: 6.189 Thread 0x000001c23ec735f0 Unloading class 0x000001c24019f800 'java/lang/invoke/LambdaForm$MH+0x000001c24019f800'
Event: 6.189 Thread 0x000001c23ec735f0 Unloading class 0x000001c24019f400 'java/lang/invoke/LambdaForm$BMH+0x000001c24019f400'
Event: 6.189 Thread 0x000001c23ec735f0 Unloading class 0x000001c24019f000 'java/lang/invoke/LambdaForm$DMH+0x000001c24019f000'
Event: 6.189 Thread 0x000001c23ec735f0 Unloading class 0x000001c24019dc00 'java/lang/invoke/LambdaForm$DMH+0x000001c24019dc00'

Classes redefined (0 events):
No events

Internal exceptions (20 events):
Event: 12.031 Thread 0x000001c286cbd070 Exception <a 'java/io/FileNotFoundException'{0x00000000ebf23080}> (0x00000000ebf23080) 
thrown [s\src\hotspot\share\prims\jni.cpp, line 520]
Event: 12.036 Thread 0x000001c286cbd070 Exception <a 'java/io/FileNotFoundException'{0x00000000ebf24330}> (0x00000000ebf24330) 
thrown [s\src\hotspot\share\prims\jni.cpp, line 520]
Event: 12.037 Thread 0x000001c286cbd070 Exception <a 'java/io/FileNotFoundException'{0x00000000ebf25338}> (0x00000000ebf25338) 
thrown [s\src\hotspot\share\prims\jni.cpp, line 520]
Event: 12.831 Thread 0x000001c286cbd070 Exception <a 'sun/nio/fs/WindowsException'{0x00000000eb47fa18}> (0x00000000eb47fa18) 
thrown [s\src\hotspot\share\prims\jni.cpp, line 520]
Event: 12.840 Thread 0x000001c28aba3af0 Exception <a 'sun/nio/fs/WindowsException'{0x00000000eb656180}> (0x00000000eb656180) 
thrown [s\src\hotspot\share\prims\jni.cpp, line 520]
Event: 12.845 Thread 0x000001c28aba1390 Exception <a 'sun/nio/fs/WindowsException'{0x00000000eb6d8a90}> (0x00000000eb6d8a90) 
thrown [s\src\hotspot\share\prims\jni.cpp, line 520]
Event: 12.851 Thread 0x000001c28aba20b0 Exception <a 'sun/nio/fs/WindowsException'{0x00000000eb722b88}> (0x00000000eb722b88) 
thrown [s\src\hotspot\share\prims\jni.cpp, line 520]
Event: 12.854 Thread 0x000001c28aba4ea0 Exception <a 'sun/nio/fs/WindowsException'{0x00000000eb76cfb8}> (0x00000000eb76cfb8) 
thrown [s\src\hotspot\share\prims\jni.cpp, line 520]
Event: 12.861 Thread 0x000001c28aba1a20 Exception <a 'sun/nio/fs/WindowsException'{0x00000000eb7b7088}> (0x00000000eb7b7088) 
thrown [s\src\hotspot\share\prims\jni.cpp, line 520]
Event: 12.863 Thread 0x000001c28aba2dd0 Exception <a 'sun/nio/fs/WindowsException'{0x00000000eb7ca498}> (0x00000000eb7ca498) 
thrown [s\src\hotspot\share\prims\jni.cpp, line 520]
Event: 12.864 Thread 0x000001c28aba3460 Exception <a 'sun/nio/fs/WindowsException'{0x00000000eb7dd670}> (0x00000000eb7dd670) 
thrown [s\src\hotspot\share\prims\jni.cpp, line 520]
Event: 12.889 Thread 0x000001c287da2420 Exception <a 'sun/nio/fs/WindowsException'{0x00000000eac0a1b8}> (0x00000000eac0a1b8) 
thrown [s\src\hotspot\share\prims\jni.cpp, line 520]
Event: 12.890 Thread 0x000001c28aba1a20 Exception <a 'sun/nio/fs/WindowsException'{0x00000000eac4c1c8}> (0x00000000eac4c1c8) 
thrown [s\src\hotspot\share\prims\jni.cpp, line 520]
Event: 12.917 Thread 0x000001c28aba3460 Exception <a 'sun/nio/fs/WindowsException'{0x00000000eab0b578}> (0x00000000eab0b578) 
thrown [s\src\hotspot\share\prims\jni.cpp, line 520]
Event: 12.934 Thread 0x000001c28aba4ea0 Exception <a 'sun/nio/fs/WindowsException'{0x00000000eab86a40}> (0x00000000eab86a40) 
thrown [s\src\hotspot\share\prims\jni.cpp, line 520]
Event: 12.970 Thread 0x000001c28aba20b0 Exception <a 'sun/nio/fs/WindowsException'{0x00000000eac014d8}> (0x00000000eac014d8) 
thrown [s\src\hotspot\share\prims\jni.cpp, line 520]
Event: 12.984 Thread 0x000001c28aba4ea0 Exception <a 'sun/nio/fs/WindowsException'{0x00000000eab8aac0}> (0x00000000eab8aac0) 
thrown [s\src\hotspot\share\prims\jni.cpp, line 520]
Event: 13.234 Thread 0x000001c286cbd070 Exception <a 'sun/nio/fs/WindowsException'{0x00000000eb82d208}> (0x00000000eb82d208) 
thrown [s\src\hotspot\share\prims\jni.cpp, line 520]
Event: 13.241 Thread 0x000001c286cbd070 Exception <a 'sun/nio/fs/WindowsException'{0x00000000eb856420}> (0x00000000eb856420) 
thrown [s\src\hotspot\share\prims\jni.cpp, line 520]
Event: 13.254 Thread 0x000001c286cbd070 Exception <a 'sun/nio/fs/WindowsException'{0x00000000eb868e70}> (0x00000000eb868e70) 
thrown [s\src\hotspot\share\prims\jni.cpp, line 520]

ZGC Phase Switch (0 events):
No events

VM Operations (20 events):
Event: 15.529 Executing VM operation: ParallelGCFailedAllocation (Allocation Failure) done
Event: 15.633 Executing VM operation: ParallelGCFailedAllocation (Allocation Failure)
Event: 15.649 Executing VM operation: ParallelGCFailedAllocation (Allocation Failure) done
Event: 15.675 Executing VM operation: ParallelGCFailedAllocation (Allocation Failure)
Event: 15.680 Executing VM operation: ParallelGCFailedAllocation (Allocation Failure) done
Event: 15.737 Executing VM operation: ParallelGCFailedAllocation (Allocation Failure)
Event: 15.743 Executing VM operation: ParallelGCFailedAllocation (Allocation Failure) done
Event: 15.804 Executing VM operation: ParallelGCFailedAllocation (Allocation Failure)
Event: 15.815 Executing VM operation: ParallelGCFailedAllocation (Allocation Failure) done
Event: 15.902 Executing VM operation: ParallelGCFailedAllocation (Allocation Failure)
Event: 15.970 Executing VM operation: ParallelGCFailedAllocation (Allocation Failure) done
Event: 16.060 Executing VM operation: ParallelGCFailedAllocation (Allocation Failure)
Event: 16.123 Executing VM operation: ParallelGCFailedAllocation (Allocation Failure) done
Event: 16.321 Executing VM operation: ParallelGCFailedAllocation (Allocation Failure)
Event: 16.458 Executing VM operation: ParallelGCFailedAllocation (Allocation Failure) done
Event: 16.795 Executing VM operation: ParallelGCFailedAllocation (Allocation Failure)
Event: 16.802 Executing VM operation: ParallelGCFailedAllocation (Allocation Failure) done
Event: 17.352 Executing VM operation: ParallelGCFailedAllocation (Allocation Failure)
Event: 17.366 Executing VM operation: ParallelGCFailedAllocation (Allocation Failure) done
Event: 17.964 Executing VM operation: ParallelGCFailedAllocation (Allocation Failure)

Memory protections (0 events):
No events

Nmethod flushes (20 events):
Event: 8.683 Thread 0x000001c23ec735f0 flushing  nmethod 0x000001c22e122e10
Event: 8.683 Thread 0x000001c23ec735f0 flushing  nmethod 0x000001c22e12ce90
Event: 8.683 Thread 0x000001c23ec735f0 flushing  nmethod 0x000001c22e12e510
Event: 8.683 Thread 0x000001c23ec735f0 flushing  nmethod 0x000001c22e141590
Event: 8.683 Thread 0x000001c23ec735f0 flushing  nmethod 0x000001c22e14a610
Event: 8.683 Thread 0x000001c23ec735f0 flushing  nmethod 0x000001c22e14ff10
Event: 8.683 Thread 0x000001c23ec735f0 flushing  nmethod 0x000001c22e152490
Event: 8.683 Thread 0x000001c23ec735f0 flushing  nmethod 0x000001c22e1aa690
Event: 8.683 Thread 0x000001c23ec735f0 flushing  nmethod 0x000001c22e1b0510
Event: 8.683 Thread 0x000001c23ec735f0 flushing  nmethod 0x000001c22e1ca690
Event: 8.683 Thread 0x000001c23ec735f0 flushing  nmethod 0x000001c22e1e3990
Event: 8.683 Thread 0x000001c23ec735f0 flushing  nmethod 0x000001c22e1fd610
Event: 8.683 Thread 0x000001c23ec735f0 flushing  nmethod 0x000001c22e213890
Event: 8.683 Thread 0x000001c23ec735f0 flushing  nmethod 0x000001c22e213d10
Event: 8.683 Thread 0x000001c23ec735f0 flushing  nmethod 0x000001c22e214c90
Event: 8.683 Thread 0x000001c23ec735f0 flushing  nmethod 0x000001c22e215a90
Event: 8.683 Thread 0x000001c23ec735f0 flushing  nmethod 0x000001c22e216710
Event: 8.683 Thread 0x000001c23ec735f0 flushing  nmethod 0x000001c22e217f90
Event: 8.683 Thread 0x000001c23ec735f0 flushing  nmethod 0x000001c22e22bb90
Event: 8.683 Thread 0x000001c23ec735f0 flushing  nmethod 0x000001c22e249890

Events (20 events):
Event: 8.714 Thread 0x000001c22a8c38f0 Thread added: 0x000001c28ab9df10
Event: 9.063 Thread 0x000001c22a8c38f0 Thread added: 0x000001c28aba2740
Event: 9.063 Thread 0x000001c22a8c38f0 Thread added: 0x000001c28aba4180
Event: 9.395 Thread 0x000001c286cbd070 Thread added: 0x000001c28aba4810
Event: 11.275 Thread 0x000001c286b76f60 Thread exited: 0x000001c286b76f60
Event: 12.837 Thread 0x000001c286cbd070 Thread added: 0x000001c28aba3af0
Event: 12.841 Thread 0x000001c28aba3af0 Thread added: 0x000001c28aba1390
Event: 12.843 Thread 0x000001c28aba3af0 Thread added: 0x000001c28aba20b0
Event: 12.846 Thread 0x000001c28aba1390 Thread added: 0x000001c28aba4ea0
Event: 12.846 Thread 0x000001c28aba1390 Thread added: 0x000001c28aba2dd0
Event: 12.847 Thread 0x000001c28aba4ea0 Thread added: 0x000001c28aba1a20
Event: 12.847 Thread 0x000001c28aba1a20 Thread added: 0x000001c28aba3460
Event: 12.848 Thread 0x000001c28aba2dd0 Thread added: 0x000001c287da2420
Event: 13.329 Thread 0x000001c286cbd070 Thread added: 0x000001c287da0350
Event: 13.329 Thread 0x000001c286cbd070 Thread added: 0x000001c287da1d90
Event: 13.329 Thread 0x000001c286cbd070 Thread added: 0x000001c287da2ab0
Event: 13.329 Thread 0x000001c286cbd070 Thread added: 0x000001c287da3140
Event: 13.329 Thread 0x000001c286cbd070 Thread added: 0x000001c287d9fcc0
Event: 13.329 Thread 0x000001c286cbd070 Thread added: 0x000001c287da37d0
Event: 14.529 Thread 0x000001c28842f390 Thread exited: 0x000001c28842f390


Dynamic libraries:
0x00007ff748bf0000 - 0x00007ff748bfe000 	c:\Users\ala\.vscode\extensions\redhat.java-1.41.1-win32-x64\jre\21.0.6-win32-x86_64\bin\java.exe
0x00007ffea7de0000 - 0x00007ffea8046000 	C:\WINDOWS\SYSTEM32\ntdll.dll
0x00007ffea7450000 - 0x00007ffea7519000 	C:\WINDOWS\System32\KERNEL32.DLL
0x00007ffea56e0000 - 0x00007ffea5aac000 	C:\WINDOWS\System32\KERNELBASE.dll
0x00007ffea5230000 - 0x00007ffea537b000 	C:\WINDOWS\System32\ucrtbase.dll
0x00007ffe87a50000 - 0x00007ffe87a68000 	c:\Users\ala\.vscode\extensions\redhat.java-1.41.1-win32-x64\jre\21.0.6-win32-x86_64\bin\jli.dll
0x00007ffe87760000 - 0x00007ffe8777e000 	c:\Users\ala\.vscode\extensions\redhat.java-1.41.1-win32-x64\jre\21.0.6-win32-x86_64\bin\VCRUNTIME140.dll
0x00007ffea7650000 - 0x00007ffea781a000 	C:\WINDOWS\System32\USER32.dll
0x00007ffea5ab0000 - 0x00007ffea5ad7000 	C:\WINDOWS\System32\win32u.dll
0x00007ffea7520000 - 0x00007ffea754b000 	C:\WINDOWS\System32\GDI32.dll
0x00007ffea4f70000 - 0x00007ffea50a2000 	C:\WINDOWS\System32\gdi32full.dll
0x00007ffea5630000 - 0x00007ffea56d3000 	C:\WINDOWS\System32\msvcp_win.dll
0x00007ffe87780000 - 0x00007ffe87a1a000 	C:\WINDOWS\WinSxS\amd64_microsoft.windows.common-controls_6595b64144ccf1df_6.0.26100.3912_none_3e07963ce335137e\COMCTL32.dll
0x00007ffea6f90000 - 0x00007ffea7039000 	C:\WINDOWS\System32\msvcrt.dll
0x00007ffea6bc0000 - 0x00007ffea6bf0000 	C:\WINDOWS\System32\IMM32.DLL
0x00007ffe9f250000 - 0x00007ffe9f25c000 	c:\Users\ala\.vscode\extensions\redhat.java-1.41.1-win32-x64\jre\21.0.6-win32-x86_64\bin\vcruntime140_1.dll
0x00007ffe73190000 - 0x00007ffe7321d000 	c:\Users\ala\.vscode\extensions\redhat.java-1.41.1-win32-x64\jre\21.0.6-win32-x86_64\bin\msvcp140.dll
0x00007ffe46e30000 - 0x00007ffe47bc0000 	c:\Users\ala\.vscode\extensions\redhat.java-1.41.1-win32-x64\jre\21.0.6-win32-x86_64\bin\server\jvm.dll
0x00007ffea7cb0000 - 0x00007ffea7d62000 	C:\WINDOWS\System32\ADVAPI32.dll
0x00007ffea70d0000 - 0x00007ffea7176000 	C:\WINDOWS\System32\sechost.dll
0x00007ffea71f0000 - 0x00007ffea7306000 	C:\WINDOWS\System32\RPCRT4.dll
0x00007ffea6880000 - 0x00007ffea68f4000 	C:\WINDOWS\System32\WS2_32.dll
0x00007ffea47b0000 - 0x00007ffea480e000 	C:\WINDOWS\SYSTEM32\POWRPROF.dll
0x00007ffe97bd0000 - 0x00007ffe97c06000 	C:\WINDOWS\SYSTEM32\WINMM.dll
0x00007ffe91a20000 - 0x00007ffe91a2b000 	C:\WINDOWS\SYSTEM32\VERSION.dll
0x00007ffea4790000 - 0x00007ffea47a4000 	C:\WINDOWS\SYSTEM32\UMPDC.dll
0x00007ffea3cf0000 - 0x00007ffea3d0a000 	C:\WINDOWS\SYSTEM32\kernel.appcore.dll
0x00007ffe9f1f0000 - 0x00007ffe9f1fa000 	c:\Users\ala\.vscode\extensions\redhat.java-1.41.1-win32-x64\jre\21.0.6-win32-x86_64\bin\jimage.dll
0x00007ffea2900000 - 0x00007ffea2b41000 	C:\WINDOWS\SYSTEM32\DBGHELP.DLL
0x00007ffea6c00000 - 0x00007ffea6f84000 	C:\WINDOWS\System32\combase.dll
0x00007ffea7360000 - 0x00007ffea7440000 	C:\WINDOWS\System32\OLEAUT32.dll
0x00007ffe83d20000 - 0x00007ffe83d59000 	C:\WINDOWS\SYSTEM32\dbgcore.DLL
0x00007ffea5590000 - 0x00007ffea5629000 	C:\WINDOWS\System32\bcryptPrimitives.dll
0x00007ffe88340000 - 0x00007ffe8834f000 	c:\Users\ala\.vscode\extensions\redhat.java-1.41.1-win32-x64\jre\21.0.6-win32-x86_64\bin\instrument.dll
0x00007ffe869e0000 - 0x00007ffe869ff000 	c:\Users\ala\.vscode\extensions\redhat.java-1.41.1-win32-x64\jre\21.0.6-win32-x86_64\bin\java.dll
0x00007ffea5cb0000 - 0x00007ffea63dd000 	C:\WINDOWS\System32\SHELL32.dll
0x00007ffea50b0000 - 0x00007ffea5224000 	C:\WINDOWS\System32\wintypes.dll
0x00007ffea2ca0000 - 0x00007ffea34f6000 	C:\WINDOWS\SYSTEM32\windows.storage.dll
0x00007ffea7550000 - 0x00007ffea763f000 	C:\WINDOWS\System32\SHCORE.dll
0x00007ffea7180000 - 0x00007ffea71e9000 	C:\WINDOWS\System32\shlwapi.dll
0x00007ffea4e80000 - 0x00007ffea4eaf000 	C:\WINDOWS\SYSTEM32\profapi.dll
0x00007ffe86840000 - 0x00007ffe86858000 	c:\Users\ala\.vscode\extensions\redhat.java-1.41.1-win32-x64\jre\21.0.6-win32-x86_64\bin\zip.dll
0x00007ffe875d0000 - 0x00007ffe875e0000 	C:\Users\ala\.vscode\extensions\redhat.java-1.41.1-win32-x64\jre\21.0.6-win32-x86_64\bin\net.dll
0x00007ffe9a550000 - 0x00007ffe9a66e000 	C:\WINDOWS\SYSTEM32\WINHTTP.dll
0x00007ffea4240000 - 0x00007ffea42aa000 	C:\WINDOWS\system32\mswsock.dll
0x00007ffe866d0000 - 0x00007ffe866e6000 	C:\Users\ala\.vscode\extensions\redhat.java-1.41.1-win32-x64\jre\21.0.6-win32-x86_64\bin\nio.dll
0x00007ffe874e0000 - 0x00007ffe874f0000 	c:\Users\ala\.vscode\extensions\redhat.java-1.41.1-win32-x64\jre\21.0.6-win32-x86_64\bin\verify.dll
0x00007ffe81a40000 - 0x00007ffe81a85000 	C:\Users\ala\AppData\Roaming\Code\User\globalStorage\redhat.java\1.41.1\config_win\org.eclipse.equinox.launcher\org.eclipse.equinox.launcher.win32.win32.x86_64_1.2.1300.v20250331-1702\eclipse_11911.dll
0x00007ffea63f0000 - 0x00007ffea658f000 	C:\WINDOWS\System32\ole32.dll
0x00007ffea4600000 - 0x00007ffea461c000 	C:\WINDOWS\SYSTEM32\CRYPTSP.dll
0x00007ffea3c50000 - 0x00007ffea3c8a000 	C:\WINDOWS\system32\rsaenh.dll
0x00007ffea42e0000 - 0x00007ffea430b000 	C:\WINDOWS\SYSTEM32\USERENV.dll
0x00007ffea4e50000 - 0x00007ffea4e76000 	C:\WINDOWS\SYSTEM32\bcrypt.dll
0x00007ffea4470000 - 0x00007ffea447c000 	C:\WINDOWS\SYSTEM32\CRYPTBASE.dll
0x00007ffea35a0000 - 0x00007ffea35d3000 	C:\WINDOWS\SYSTEM32\IPHLPAPI.DLL
0x00007ffea63e0000 - 0x00007ffea63ea000 	C:\WINDOWS\System32\NSI.dll
0x00007ffe7e280000 - 0x00007ffe7e2c9000 	C:\Users\ala\AppData\Local\Temp\jna-96662\jna5976694865991935471.dll
0x00007ffea65a0000 - 0x00007ffea65a8000 	C:\WINDOWS\System32\PSAPI.DLL
0x00007ffe9ac80000 - 0x00007ffe9ac9f000 	C:\WINDOWS\SYSTEM32\dhcpcsvc6.DLL
0x00007ffe9a520000 - 0x00007ffe9a545000 	C:\WINDOWS\SYSTEM32\dhcpcsvc.DLL

dbghelp: loaded successfully - version: 4.0.5 - missing functions: none
symbol engine: initialized successfully - sym options: 0x614 - pdb path: .;c:\Users\ala\.vscode\extensions\redhat.java-1.41.1-win32-x64\jre\21.0.6-win32-x86_64\bin;C:\WINDOWS\SYSTEM32;C:\WINDOWS\WinSxS\amd64_microsoft.windows.common-controls_6595b64144ccf1df_6.0.26100.3912_none_3e07963ce335137e;c:\Users\ala\.vscode\extensions\redhat.java-1.41.1-win32-x64\jre\21.0.6-win32-x86_64\bin\server;C:\Users\ala\AppData\Roaming\Code\User\globalStorage\redhat.java\1.41.1\config_win\org.eclipse.equinox.launcher\org.eclipse.equinox.launcher.win32.win32.x86_64_1.2.1300.v20250331-1702;C:\Users\ala\AppData\Local\Temp\jna-96662

VM Arguments:
jvm_args: --add-modules=ALL-SYSTEM --add-opens=java.base/java.util=ALL-UNNAMED --add-opens=java.base/java.lang=ALL-UNNAMED --add-opens=java.base/sun.nio.fs=ALL-UNNAMED -Declipse.application=org.eclipse.jdt.ls.core.id1 -Dosgi.bundles.defaultStartLevel=4 -Declipse.product=org.eclipse.jdt.ls.core.product -Djava.import.generatesMetadataFilesAtProjectRoot=false -DDetectVMInstallationsJob.disabled=true -Dfile.encoding=utf8 -XX:+UseParallelGC -XX:GCTimeRatio=4 -XX:AdaptiveSizePolicyWeight=90 -Dsun.zip.disableMemoryMapping=true -Xmx1G -Xms100m -Xlog:disable -javaagent:c:\Users\ala\.vscode\extensions\redhat.java-1.41.1-win32-x64\lombok\lombok-1.18.36.jar -XX:+HeapDumpOnOutOfMemoryError -XX:HeapDumpPath=c:\Users\ala\AppData\Roaming\Code\User\workspaceStorage\5d2470ca3e79821120c345c9360372f0\redhat.java -Daether.dependencyCollector.impl=bf 
java_command: c:\Users\ala\.vscode\extensions\redhat.java-1.41.1-win32-x64\server\plugins\org.eclipse.equinox.launcher_1.7.0.v20250331-1702.jar -configuration c:\Users\ala\AppData\Roaming\Code\User\globalStorage\redhat.java\1.41.1\config_win -data c:\Users\ala\AppData\Roaming\Code\User\workspaceStorage\5d2470ca3e79821120c345c9360372f0\redhat.java\jdt_ws --pipe=\\.\pipe\lsp-638c6dd7d558155d2cf8aba7530f8ce2-sock
java_class_path (initial): c:\Users\ala\.vscode\extensions\redhat.java-1.41.1-win32-x64\server\plugins\org.eclipse.equinox.launcher_1.7.0.v20250331-1702.jar
Launcher Type: SUN_STANDARD

[Global flags]
    uintx AdaptiveSizePolicyWeight                 = 90                                        {product} {command line}
     intx CICompilerCount                          = 4                                         {product} {ergonomic}
    uintx GCTimeRatio                              = 4                                         {product} {command line}
     bool HeapDumpOnOutOfMemoryError               = true                                   {manageable} {command line}
    ccstr HeapDumpPath                             = c:\Users\ala\AppData\Roaming\Code\User\workspaceStorage\5d2470ca3e79821120c345c9360372f0\redhat.java         {manageable} {command line}
   size_t InitialHeapSize                          = 104857600                                 {product} {command line}
   size_t MaxHeapSize                              = 1073741824                                {product} {command line}
   size_t MaxNewSize                               = 357564416                                 {product} {ergonomic}
   size_t MinHeapDeltaBytes                        = 524288                                    {product} {ergonomic}
   size_t MinHeapSize                              = 104857600                                 {product} {command line}
   size_t NewSize                                  = 34603008                                  {product} {ergonomic}
    uintx NonNMethodCodeHeapSize                   = 5839372                                {pd product} {ergonomic}
    uintx NonProfiledCodeHeapSize                  = 122909434                              {pd product} {ergonomic}
   size_t OldSize                                  = 70254592                                  {product} {ergonomic}
    uintx ProfiledCodeHeapSize                     = 122909434                              {pd product} {ergonomic}
    uintx ReservedCodeCacheSize                    = 251658240                              {pd product} {ergonomic}
     bool SegmentedCodeCache                       = true                                      {product} {ergonomic}
   size_t SoftMaxHeapSize                          = 1073741824                             {manageable} {ergonomic}
     bool UseCompressedOops                        = true                           {product lp64_product} {ergonomic}
     bool UseLargePagesIndividualAllocation        = false                                  {pd product} {ergonomic}
     bool UseParallelGC                            = true                                      {product} {command line}

Logging:
Log output configuration:
 #0: stdout all=off uptime,level,tags foldmultilines=false
 #1: stderr all=off uptime,level,tags foldmultilines=false

Environment Variables:
PATH=C:\Program Files\Common Files\Oracle\Java\javapath;C:\Users\ala\AppData\Roaming\Microsoft\Windows\Start Menu\Programs\System Tools;C:\Program Files\dotnet\;C:\Users\ala\Documents\mongosh-2.0.2-win32-x64\bin;C:\ProgramData\Microsoft\Windows\Start Menu\Programs\Git;C:\Program Files\Java\jdk-19\bin;C:\Users\ala\Desktop\TP'S\SOA\TP3\apache-tomcat-9.0.65\bin;C:\Program Files\Apache Software Foundation\Tomcat 9.0;C:\Users\ala\AppData\Local\Android\Sdk\platform-tools;C:\Program Files\Docker\Docker\resources\bin;C:\Program Files\Git\cmd;C:\Program Files\MySQL\MySQL Server 8.2\bin;C:\Program Files\OpenSSL-Win64\bin;;C:\WINDOWS\System32\OpenSSH\;C:\Users\ala\AppData\Roaming\Microsoft\Windows\Start Menu\Programs\Python 3.10;C:\Program Files\nodejs\;C:\xampp\php;C:\composer;C:\WINDOWS\system32;C:\WINDOWS;C:\WINDOWS\System32\Wbem;C:\WINDOWS\System32\WindowsPowerShell\v1.0\;C:\Users\ala\.pyenv\pyenv-win\bin;C:\Users\ala\.pyenv\pyenv-win\shims;C:\Users\ala\AppData\Roaming\Microsoft\Windows\Start Menu\Programs\System Tools;C:\Program Files\dotnet\;C:\Users\ala\Documents\mongosh-2.0.2-win32-x64\bin;C:\ProgramData\Microsoft\Windows\Start Menu\Programs\Git;C:\Program Files\Java\jdk-19\bin;C:\Users\ala\Desktop\TP'S\SOA\TP3\apache-tomcat-9.0.65\bin;C:\Program Files\Apache Software Foundation\Tomcat 9.0;C:\Users\ala\AppData\Local\Android\Sdk\platform-tools;C:\Program Files\Docker\Docker\resources\bin;C:\Program Files\Git\cmd;C:\Users\ala\scoop\shims;C:\Users\ala\AppData\Local\Programs\Python\Python312\Scripts\;C:\Users\ala\AppData\Local\Programs\Python\Python312\;C:\Users\ala\AppData\Roaming\Microsoft\Windows\Start Menu\Programs\Python 3.11;C:\ProgramData\Microsoft\Windows\Start Menu\Programs\Node.js;C:\Windows\System32;C:\Users\ala\AppData\Local\Programs\Microsoft VS Code\bin;C:\Users\ala\AppData\Local\GitHubDesktop\bin;C:\Program Files\MongoDB\Server\6.0\bin;C:\Program Files\Erlang OTP;C:\Windows\System32\WindowsPowerShell\v1.0;C:\Program Files\RabbitMQ Server\rabbitmq_server-3.13.6\sbin;C:\Program Files\Erlang OTP\erts-15.0.1\bin;C:\Users\ala\AppData\Roaming\Microsoft\Windows\Start Menu\Programs\Python 3.10;C:\Users\ala\AppData\Roaming\npm;C:\Users\ala\AppData\Roaming\Composer\vendor\bin;C:\Users\ala\AppData\Local\Microsoft\WindowsApps;C:\Users\ala\AppData\Local\Programs\cursor\resources\app\bin;C:\Program Files (x86)\ApacheMaven\mvn\bin;
USERNAME=ala
OS=Windows_NT
PROCESSOR_IDENTIFIER=Intel64 Family 6 Model 140 Stepping 1, GenuineIntel
TMP=C:\Users\ala\AppData\Local\Temp
TEMP=C:\Users\ala\AppData\Local\Temp




Periodic native trim disabled

---------------  S Y S T E M  ---------------

OS:
 Windows 11 , 64 bit Build 26100 (10.0.26100.3912)
OS uptime: 0 days 21:45 hours
Hyper-V role detected

CPU: total 8 (initial active 8) (4 cores per cpu, 2 threads per core) family 6 model 140 stepping 1 microcode 0xac, cx8, cmov, fxsr, ht, mmx, 3dnowpref, sse, sse2, sse3, ssse3, sse4.1, sse4.2, popcnt, lzcnt, tsc, tscinvbit, avx, avx2, aes, erms, clmul, bmi1, bmi2, adx, avx512f, avx512dq, avx512cd, avx512bw, avx512vl, sha, fma, vzeroupper, avx512_vpopcntdq, avx512_vpclmulqdq, avx512_vaes, avx512_vnni, clflush, clflushopt, clwb, avx512_vbmi2, avx512_vbmi, hv, rdtscp, rdpid, fsrm, gfni, avx512_bitalg, f16c, cet_ibt, cet_ss, avx512_ifma
Processor Information for the first 8 processors :
  Max Mhz: 2419, Current Mhz: 2419, Mhz Limit: 2419

Memory: 4k page, system-wide physical 7932M (753M free)
TotalPageFile size 17932M (AvailPageFile size 1M)
current process WorkingSet (physical memory assigned to process): 373M, peak: 379M
current process commit charge ("private bytes"): 386M, peak: 393M

vm_info: OpenJDK 64-Bit Server VM (21.0.6+7-LTS) for windows-amd64 JRE (21.0.6+7-LTS), built on 2025-01-21T00:00:00Z by "admin" with MS VC++ 17.7 (VS2022)

END.
