#
# There is insufficient memory for the Java Runtime Environment to continue.
# Native memory allocation (malloc) failed to allocate 1821088 bytes. Error detail: Chunk::new
# Possible reasons:
#   The system is out of physical RAM or swap space
#   This process is running with CompressedOops enabled, and the Java Heap may be blocking the growth of the native heap
# Possible solutions:
#   Reduce memory load on the system
#   Increase physical memory or swap space
#   Check if swap backing store is full
#   Decrease Java heap size (-Xmx/-Xms)
#   Decrease number of Java threads
#   Decrease Java thread stack sizes (-Xss)
#   Set larger code cache with -XX:ReservedCodeCacheSize=
#   JVM is running with Unscaled Compressed Oops mode in which the Java heap is
#     placed in the first 4GB address space. The Java Heap base address is the
#     maximum limit for the native heap growth. Please use -XX:HeapBaseMinAddress
#     to set the Java Heap base and to place the Java Heap above 4GB virtual address.
# This output file may be truncated or incomplete.
#
#  Out of Memory Error (arena.cpp:168), pid=16504, tid=20812
#
# JRE version: OpenJDK Runtime Environment Temurin-21.0.6+7 (21.0.6+7) (build 21.0.6+7-LTS)
# Java VM: OpenJDK 64-Bit Server VM Temurin-21.0.6+7 (21.0.6+7-LTS, mixed mode, sharing, tiered, compressed oops, compressed class ptrs, parallel gc, windows-amd64)
# No core dump will be written. Minidumps are not enabled by default on client versions of Windows
#

---------------  S U M M A R Y ------------

Command Line: --add-modules=ALL-SYSTEM --add-opens=java.base/java.util=ALL-UNNAMED --add-opens=java.base/java.lang=ALL-UNNAMED --add-opens=java.base/sun.nio.fs=ALL-UNNAMED -Declipse.application=org.eclipse.jdt.ls.core.id1 -Dosgi.bundles.defaultStartLevel=4 -Declipse.product=org.eclipse.jdt.ls.core.product -Djava.import.generatesMetadataFilesAtProjectRoot=false -DDetectVMInstallationsJob.disabled=true -Dfile.encoding=utf8 -XX:+UseParallelGC -XX:GCTimeRatio=4 -XX:AdaptiveSizePolicyWeight=90 -Dsun.zip.disableMemoryMapping=true -Xmx1G -Xms100m -Xlog:disable -javaagent:c:\Users\ala\.vscode\extensions\redhat.java-1.41.1-win32-x64\lombok\lombok-1.18.36.jar c:\Users\ala\.vscode\extensions\redhat.java-1.41.1-win32-x64\server\plugins\org.eclipse.equinox.launcher_1.7.0.v20250331-1702.jar -configuration c:\Users\ala\AppData\Roaming\Code\User\globalStorage\redhat.java\1.41.1\config_ss_win -data c:\Users\ala\AppData\Roaming\Code\User\workspaceStorage\5d2470ca3e79821120c345c9360372f0\redhat.java\ss_ws --pipe=\\.\pipe\lsp-c2641b60c6f295ceb0298edd1b26d971-sock

Host: 11th Gen Intel(R) Core(TM) i5-1135G7 @ 2.40GHz, 8 cores, 7G,  Windows 11 , 64 bit Build 26100 (10.0.26100.3775)
Time: Sun May 11 22:35:42 2025 W. Central Africa Standard Time elapsed time: 30.243395 seconds (0d 0h 0m 30s)

---------------  T H R E A D  ---------------

Current thread (0x000001cb742b4970):  JavaThread "C2 CompilerThread1" daemon [_thread_in_native, id=20812, stack(0x00000049dde00000,0x00000049ddf00000) (1024K)]


Current CompileTask:
C2:30243 4832       4       org.lombokweb.asm.ClassReader::readMethod (1070 bytes)

Stack: [0x00000049dde00000,0x00000049ddf00000]
Native frames: (J=compiled Java code, j=interpreted, Vv=VM code, C=native code)
V  [jvm.dll+0x6cdee9]
V  [jvm.dll+0x8a83d1]
V  [jvm.dll+0x8aa8fe]
V  [jvm.dll+0x8aafe3]
V  [jvm.dll+0x27f706]
V  [jvm.dll+0xc500d]
V  [jvm.dll+0xc5543]
V  [jvm.dll+0x3b678c]
V  [jvm.dll+0x1e0009]
V  [jvm.dll+0x247b42]
V  [jvm.dll+0x246fcf]
V  [jvm.dll+0x1c75ee]
V  [jvm.dll+0x25685a]
V  [jvm.dll+0x254dfa]
V  [jvm.dll+0x3f0256]
V  [jvm.dll+0x851f8b]
V  [jvm.dll+0x6cc5ed]
C  [ucrtbase.dll+0x37b0]
C  [KERNEL32.DLL+0x2e8d7]
C  [ntdll.dll+0xb14fc]


---------------  P R O C E S S  ---------------

Threads class SMR info:
_java_thread_list=0x000001cb73f0c550, length=36, elements={
0x000001cb578f2e50, 0x000001cb579ac490, 0x000001cb579ae350, 0x000001cb6bca7590,
0x000001cb6bca6f00, 0x000001cb6bca7c20, 0x000001cb6bca82b0, 0x000001cb6bcb0830,
0x000001cb6bcd77f0, 0x000001cb6bca9cf0, 0x000001cb6bca8940, 0x000001cb6bca8fd0,
0x000001cb6bca9660, 0x000001cb6bcaa380, 0x000001cb72721d10, 0x000001cb72722a30,
0x000001cb72721680, 0x000001cb7271fc40, 0x000001cb727223a0, 0x000001cb727230c0,
0x000001cb72723750, 0x000001cb727202d0, 0x000001cb72720960, 0x000001cb72725190,
0x000001cb72727260, 0x000001cb72726540, 0x000001cb72726bd0, 0x000001cb72723de0,
0x000001cb72724470, 0x000001cb72720ff0, 0x000001cb72725820, 0x000001cb72724b00,
0x000001cb72725eb0, 0x000001cb72c13590, 0x000001cb742b4970, 0x000001cb7481c6c0
}

Java Threads: ( => current thread )
  0x000001cb578f2e50 JavaThread "main"                              [_thread_blocked, id=15148, stack(0x00000049daf00000,0x00000049db000000) (1024K)]
  0x000001cb579ac490 JavaThread "Reference Handler"          daemon [_thread_blocked, id=18152, stack(0x00000049db300000,0x00000049db400000) (1024K)]
  0x000001cb579ae350 JavaThread "Finalizer"                  daemon [_thread_blocked, id=13724, stack(0x00000049db400000,0x00000049db500000) (1024K)]
  0x000001cb6bca7590 JavaThread "Signal Dispatcher"          daemon [_thread_blocked, id=6292, stack(0x00000049db500000,0x00000049db600000) (1024K)]
  0x000001cb6bca6f00 JavaThread "Attach Listener"            daemon [_thread_blocked, id=18164, stack(0x00000049db600000,0x00000049db700000) (1024K)]
  0x000001cb6bca7c20 JavaThread "Service Thread"             daemon [_thread_blocked, id=7308, stack(0x00000049db700000,0x00000049db800000) (1024K)]
  0x000001cb6bca82b0 JavaThread "Monitor Deflation Thread"   daemon [_thread_blocked, id=18196, stack(0x00000049db800000,0x00000049db900000) (1024K)]
  0x000001cb6bcb0830 JavaThread "C2 CompilerThread0"         daemon [_thread_in_native, id=2444, stack(0x00000049db900000,0x00000049dba00000) (1024K)]
  0x000001cb6bcd77f0 JavaThread "C1 CompilerThread0"         daemon [_thread_blocked, id=16436, stack(0x00000049dba00000,0x00000049dbb00000) (1024K)]
  0x000001cb6bca9cf0 JavaThread "Common-Cleaner"             daemon [_thread_blocked, id=16344, stack(0x00000049dbb00000,0x00000049dbc00000) (1024K)]
  0x000001cb6bca8940 JavaThread "Notification Thread"        daemon [_thread_blocked, id=21084, stack(0x00000049dbd00000,0x00000049dbe00000) (1024K)]
  0x000001cb6bca8fd0 JavaThread "Active Thread: Equinox Container: 656935d8-3e3d-408c-9148-9aaf1851e322"        [_thread_blocked, id=11940, stack(0x00000049dc500000,0x00000049dc600000) (1024K)]
  0x000001cb6bca9660 JavaThread "Framework Event Dispatcher: Equinox Container: 656935d8-3e3d-408c-9148-9aaf1851e322" daemon [_thread_blocked, id=10660, stack(0x00000049dc300000,0x00000049dc400000) (1024K)]
  0x000001cb6bcaa380 JavaThread "Start Level: Equinox Container: 656935d8-3e3d-408c-9148-9aaf1851e322" daemon [_thread_blocked, id=16804, stack(0x00000049dc400000,0x00000049dc500000) (1024K)]
  0x000001cb72721d10 JavaThread "SCR Component Actor"        daemon [_thread_blocked, id=14868, stack(0x00000049dc600000,0x00000049dc700000) (1024K)]
  0x000001cb72722a30 JavaThread "Worker-JM"                         [_thread_blocked, id=21184, stack(0x00000049dc900000,0x00000049dca00000) (1024K)]
  0x000001cb72721680 JavaThread "JNA Cleaner"                daemon [_thread_blocked, id=3552, stack(0x00000049dca00000,0x00000049dcb00000) (1024K)]
  0x000001cb7271fc40 JavaThread "Worker-0"                          [_thread_blocked, id=14268, stack(0x00000049dcb00000,0x00000049dcc00000) (1024K)]
  0x000001cb727223a0 JavaThread "Worker-1"                          [_thread_blocked, id=20148, stack(0x00000049dcc00000,0x00000049dcd00000) (1024K)]
  0x000001cb727230c0 JavaThread "Thread-2"                   daemon [_thread_in_native, id=17948, stack(0x00000049dd100000,0x00000049dd200000) (1024K)]
  0x000001cb72723750 JavaThread "Thread-3"                   daemon [_thread_in_native, id=2748, stack(0x00000049dd200000,0x00000049dd300000) (1024K)]
  0x000001cb727202d0 JavaThread "Thread-4"                   daemon [_thread_in_native, id=14104, stack(0x00000049dd300000,0x00000049dd400000) (1024K)]
  0x000001cb72720960 JavaThread "Thread-5"                   daemon [_thread_in_native, id=11432, stack(0x00000049dd400000,0x00000049dd500000) (1024K)]
  0x000001cb72725190 JavaThread "Thread-6"                   daemon [_thread_in_native, id=20120, stack(0x00000049dd500000,0x00000049dd600000) (1024K)]
  0x000001cb72727260 JavaThread "Thread-7"                   daemon [_thread_in_native, id=10236, stack(0x00000049dd600000,0x00000049dd700000) (1024K)]
  0x000001cb72726540 JavaThread "Thread-8"                   daemon [_thread_in_native, id=19264, stack(0x00000049dd700000,0x00000049dd800000) (1024K)]
  0x000001cb72726bd0 JavaThread "Thread-9"                   daemon [_thread_in_native, id=19728, stack(0x00000049dd800000,0x00000049dd900000) (1024K)]
  0x000001cb72723de0 JavaThread "Thread-10"                  daemon [_thread_in_native, id=16000, stack(0x00000049dd900000,0x00000049dda00000) (1024K)]
  0x000001cb72724470 JavaThread "pool-2-thread-1"                   [_thread_blocked, id=15792, stack(0x00000049dda00000,0x00000049ddb00000) (1024K)]
  0x000001cb72720ff0 JavaThread "Worker-2"                          [_thread_blocked, id=14176, stack(0x00000049dc800000,0x00000049dc900000) (1024K)]
  0x000001cb72725820 JavaThread "WorkspaceEventsHandler"            [_thread_blocked, id=18572, stack(0x00000049dcd00000,0x00000049dce00000) (1024K)]
  0x000001cb72724b00 JavaThread "pool-1-thread-1"                   [_thread_in_native, id=20164, stack(0x00000049ddb00000,0x00000049ddc00000) (1024K)]
  0x000001cb72725eb0 JavaThread "ForkJoinPool.commonPool-worker-1" daemon [_thread_in_vm, id=4600, stack(0x00000049ddc00000,0x00000049ddd00000) (1024K)]
  0x000001cb72c13590 JavaThread "ForkJoinPool.commonPool-worker-2" daemon [_thread_blocked, id=2524, stack(0x00000049ddd00000,0x00000049dde00000) (1024K)]
=>0x000001cb742b4970 JavaThread "C2 CompilerThread1"         daemon [_thread_in_native, id=20812, stack(0x00000049dde00000,0x00000049ddf00000) (1024K)]
  0x000001cb7481c6c0 JavaThread "C2 CompilerThread2"         daemon [_thread_in_native, id=11484, stack(0x00000049ddf00000,0x00000049de000000) (1024K)]
Total: 36

Other Threads:
  0x000001cb5568ea10 VMThread "VM Thread"                           [id=7152, stack(0x00000049db200000,0x00000049db300000) (1024K)]
  0x000001cb5795f7f0 WatcherThread "VM Periodic Task Thread"        [id=12000, stack(0x00000049db100000,0x00000049db200000) (1024K)]
  0x000001cb579116a0 WorkerThread "GC Thread#0"                     [id=10880, stack(0x00000049db000000,0x00000049db100000) (1024K)]
  0x000001cb6d8a59c0 WorkerThread "GC Thread#1"                     [id=20400, stack(0x00000049dbc00000,0x00000049dbd00000) (1024K)]
  0x000001cb6d9abae0 WorkerThread "GC Thread#2"                     [id=9232, stack(0x00000049dbe00000,0x00000049dbf00000) (1024K)]
  0x000001cb6d939fa0 WorkerThread "GC Thread#3"                     [id=21300, stack(0x00000049dbf00000,0x00000049dc000000) (1024K)]
  0x000001cb6d93a340 WorkerThread "GC Thread#4"                     [id=12332, stack(0x00000049dc000000,0x00000049dc100000) (1024K)]
  0x000001cb6d93a6e0 WorkerThread "GC Thread#5"                     [id=10492, stack(0x00000049dc100000,0x00000049dc200000) (1024K)]
  0x000001cb6da711f0 WorkerThread "GC Thread#6"                     [id=19092, stack(0x00000049dc200000,0x00000049dc300000) (1024K)]
  0x000001cb725b7520 WorkerThread "GC Thread#7"                     [id=19084, stack(0x00000049dc700000,0x00000049dc800000) (1024K)]
Total: 10

Threads with active compile tasks:
C2 CompilerThread0  30330 4808 %     4       org.lombokweb.asm.SymbolTable::<init> @ 98 (536 bytes)
C2 CompilerThread1  30330 4832       4       org.lombokweb.asm.ClassReader::readMethod (1070 bytes)
C2 CompilerThread2  30330 4848 %     4       org.lombokweb.asm.ClassReader::readCode @ 2187 (5117 bytes)
Total: 3

VM state: not at safepoint (normal execution)

VM Mutex/Monitor currently owned by a thread: None

Heap address: 0x00000000c0000000, size: 1024 MB, Compressed Oops mode: 32-bit

CDS archive(s) mapped at: [0x000001cb00000000-0x000001cb00ba0000-0x000001cb00ba0000), size 12189696, SharedBaseAddress: 0x000001cb00000000, ArchiveRelocationMode: 1.
Compressed class space mapped at: 0x000001cb01000000-0x000001cb41000000, reserved size: 1073741824
Narrow klass base: 0x000001cb00000000, Narrow klass shift: 0, Narrow klass range: 0x100000000

GC Precious Log:
 CardTable entry size: 512
 CPUs: 8 total, 8 available
 Memory: 7932M
 Large Page Support: Disabled
 NUMA Support: Disabled
 Compressed Oops: Enabled (32-bit)
 Alignments: Space 512K, Generation 512K, Heap 2M
 Heap Min Capacity: 100M
 Heap Initial Capacity: 100M
 Heap Max Capacity: 1G
 Pre-touch: Disabled
 Parallel Workers: 8

Heap:
 PSYoungGen      total 23552K, used 4109K [0x00000000eab00000, 0x00000000ec380000, 0x0000000100000000)
  eden space 22016K, 18% used [0x00000000eab00000,0x00000000eaf03750,0x00000000ec080000)
  from space 1536K, 0% used [0x00000000ec100000,0x00000000ec100000,0x00000000ec280000)
  to   space 1024K, 0% used [0x00000000ec280000,0x00000000ec280000,0x00000000ec380000)
 ParOldGen       total 68608K, used 28042K [0x00000000c0000000, 0x00000000c4300000, 0x00000000eab00000)
  object space 68608K, 40% used [0x00000000c0000000,0x00000000c1b62a38,0x00000000c4300000)
 Metaspace       used 35261K, committed 36160K, reserved 1114112K
  class space    used 3442K, committed 3840K, reserved 1048576K

Card table byte_map: [0x000001cb57290000,0x000001cb574a0000] _byte_map_base: 0x000001cb56c90000

Marking Bits: (ParMarkBitMap*) 0x00007fff63c23260
 Begin Bits: [0x000001cb69ae0000, 0x000001cb6aae0000)
 End Bits:   [0x000001cb6aae0000, 0x000001cb6bae0000)

Polling page: 0x000001cb55740000

Metaspace:

Usage:
  Non-class:     31.07 MB used.
      Class:      3.36 MB used.
       Both:     34.43 MB used.

Virtual space:
  Non-class space:       64.00 MB reserved,      31.56 MB ( 49%) committed,  1 nodes.
      Class space:        1.00 GB reserved,       3.75 MB ( <1%) committed,  1 nodes.
             Both:        1.06 GB reserved,      35.31 MB (  3%) committed. 

Chunk freelists:
   Non-Class:  15.64 MB
       Class:  12.14 MB
        Both:  27.78 MB

MaxMetaspaceSize: unlimited
CompressedClassSpaceSize: 1.00 GB
Initial GC threshold: 21.00 MB
Current GC threshold: 58.38 MB
CDS: on
 - commit_granule_bytes: 65536.
 - commit_granule_words: 8192.
 - virtual_space_node_default_size: 8388608.
 - enlarge_chunks_in_place: 1.
 - use_allocation_guard: 0.


Internal statistics:

num_allocs_failed_limit: 8.
num_arena_births: 748.
num_arena_deaths: 72.
num_vsnodes_births: 2.
num_vsnodes_deaths: 0.
num_space_committed: 565.
num_space_uncommitted: 0.
num_chunks_returned_to_freelist: 97.
num_chunks_taken_from_freelist: 2227.
num_chunk_merges: 28.
num_chunk_splits: 1424.
num_chunks_enlarged: 881.
num_inconsistent_stats: 0.

CodeHeap 'non-profiled nmethods': size=120000Kb used=2485Kb max_used=2756Kb free=117514Kb
 bounds [0x000001cb625b0000, 0x000001cb62870000, 0x000001cb69ae0000]
CodeHeap 'profiled nmethods': size=120000Kb used=9301Kb max_used=10249Kb free=110699Kb
 bounds [0x000001cb5aae0000, 0x000001cb5b4f0000, 0x000001cb62010000]
CodeHeap 'non-nmethods': size=5760Kb used=1374Kb max_used=1428Kb free=4386Kb
 bounds [0x000001cb62010000, 0x000001cb62280000, 0x000001cb625b0000]
 total_blobs=5119 nmethods=4457 adapters=568
 compilation: enabled
              stopped_count=0, restarted_count=0
 full_count=0

Compilation events (20 events):
Event: 28.841 Thread 0x000001cb6bcd77f0 4856       3       org.lombokweb.asm.Handler::putExceptionTable (63 bytes)
Event: 28.841 Thread 0x000001cb6bcd77f0 nmethod 4856 0x000001cb5b4dd110 code [0x000001cb5b4dd320, 0x000001cb5b4dd760]
Event: 28.847 Thread 0x000001cb6bcd77f0 4858       3       org.lombokweb.asm.MethodWriter::visitIntInsn (113 bytes)
Event: 28.847 Thread 0x000001cb6bcd77f0 nmethod 4858 0x000001cb5b4dda10 code [0x000001cb5b4ddc00, 0x000001cb5b4de050]
Event: 28.861 Thread 0x000001cb6bcd77f0 4859       3       lombok.patcher.MethodLogistics::loadOpcodeFor (145 bytes)
Event: 28.863 Thread 0x000001cb6bcd77f0 nmethod 4859 0x000001cb5b4de190 code [0x000001cb5b4de440, 0x000001cb5b4df0b8]
Event: 28.863 Thread 0x000001cb6bcd77f0 4860       3       org.lombokweb.asm.MethodVisitor::visitIntInsn (17 bytes)
Event: 28.863 Thread 0x000001cb6bcd77f0 nmethod 4860 0x000001cb5b4df590 code [0x000001cb5b4df740, 0x000001cb5b4df948]
Event: 28.863 Thread 0x000001cb6bcd77f0 4861       3       org.lombokweb.asm.MethodWriter::visitLdcInsn (215 bytes)
Event: 28.865 Thread 0x000001cb6bcd77f0 nmethod 4861 0x000001cb5b4dfa10 code [0x000001cb5b4dfca0, 0x000001cb5b4e07a0]
Event: 28.994 Thread 0x000001cb6bcd77f0 4865       3       org.lombokweb.asm.MethodVisitor::visitCode (15 bytes)
Event: 28.994 Thread 0x000001cb6bcd77f0 nmethod 4865 0x000001cb5b4e0c10 code [0x000001cb5b4e0dc0, 0x000001cb5b4e0fc8]
Event: 28.994 Thread 0x000001cb6bcd77f0 4866       3       org.lombokweb.asm.ByteVector::put122 (93 bytes)
Event: 28.995 Thread 0x000001cb6bcd77f0 nmethod 4866 0x000001cb5b4e1090 code [0x000001cb5b4e1240, 0x000001cb5b4e14b8]
Event: 28.995 Thread 0x000001cb6bcd77f0 4867       3       org.lombokweb.asm.MethodVisitor::visitMaxs (17 bytes)
Event: 28.995 Thread 0x000001cb6bcd77f0 nmethod 4867 0x000001cb5b4e1690 code [0x000001cb5b4e1840, 0x000001cb5b4e1a48]
Event: 29.077 Thread 0x000001cb6bcd77f0 4869       3       org.eclipse.osgi.internal.loader.classpath.ClasspathEntry::findResource (65 bytes)
Event: 29.078 Thread 0x000001cb6bcd77f0 nmethod 4869 0x000001cb5b4e1b10 code [0x000001cb5b4e1d20, 0x000001cb5b4e2440]
Event: 29.233 Thread 0x000001cb6bcd77f0 4870 %     3       lombok.launch.PackageShader::apply @ 119 (252 bytes)
Event: 29.235 Thread 0x000001cb6bcd77f0 nmethod 4870% 0x000001cb5abc6910 code [0x000001cb5abc6b80, 0x000001cb5abc79c8]

GC Heap History (20 events):
Event: 25.069 GC heap before
{Heap before GC invocations=12 (full 1):
 PSYoungGen      total 26112K, used 25971K [0x00000000eab00000, 0x00000000eca00000, 0x0000000100000000)
  eden space 23040K, 100% used [0x00000000eab00000,0x00000000ec180000,0x00000000ec180000)
  from space 3072K, 95% used [0x00000000ec700000,0x00000000ec9dcf58,0x00000000eca00000)
  to   space 3584K, 0% used [0x00000000ec300000,0x00000000ec300000,0x00000000ec680000)
 ParOldGen       total 68608K, used 13557K [0x00000000c0000000, 0x00000000c4300000, 0x00000000eab00000)
  object space 68608K, 19% used [0x00000000c0000000,0x00000000c0d3d660,0x00000000c4300000)
 Metaspace       used 32031K, committed 32960K, reserved 1114112K
  class space    used 3137K, committed 3584K, reserved 1048576K
}
Event: 25.076 GC heap after
{Heap after GC invocations=12 (full 1):
 PSYoungGen      total 25088K, used 2385K [0x00000000eab00000, 0x00000000ec780000, 0x0000000100000000)
  eden space 22528K, 0% used [0x00000000eab00000,0x00000000eab00000,0x00000000ec100000)
  from space 2560K, 93% used [0x00000000ec300000,0x00000000ec554440,0x00000000ec580000)
  to   space 2048K, 0% used [0x00000000ec580000,0x00000000ec580000,0x00000000ec780000)
 ParOldGen       total 68608K, used 16319K [0x00000000c0000000, 0x00000000c4300000, 0x00000000eab00000)
  object space 68608K, 23% used [0x00000000c0000000,0x00000000c0feff80,0x00000000c4300000)
 Metaspace       used 32031K, committed 32960K, reserved 1114112K
  class space    used 3137K, committed 3584K, reserved 1048576K
}
Event: 25.430 GC heap before
{Heap before GC invocations=13 (full 1):
 PSYoungGen      total 25088K, used 24913K [0x00000000eab00000, 0x00000000ec780000, 0x0000000100000000)
  eden space 22528K, 100% used [0x00000000eab00000,0x00000000ec100000,0x00000000ec100000)
  from space 2560K, 93% used [0x00000000ec300000,0x00000000ec554440,0x00000000ec580000)
  to   space 2048K, 0% used [0x00000000ec580000,0x00000000ec580000,0x00000000ec780000)
 ParOldGen       total 68608K, used 16319K [0x00000000c0000000, 0x00000000c4300000, 0x00000000eab00000)
  object space 68608K, 23% used [0x00000000c0000000,0x00000000c0feff80,0x00000000c4300000)
 Metaspace       used 32048K, committed 32960K, reserved 1114112K
  class space    used 3137K, committed 3584K, reserved 1048576K
}
Event: 25.437 GC heap after
{Heap after GC invocations=13 (full 1):
 PSYoungGen      total 24064K, used 2016K [0x00000000eab00000, 0x00000000eca80000, 0x0000000100000000)
  eden space 22016K, 0% used [0x00000000eab00000,0x00000000eab00000,0x00000000ec080000)
  from space 2048K, 98% used [0x00000000ec580000,0x00000000ec778030,0x00000000ec780000)
  to   space 5120K, 0% used [0x00000000ec080000,0x00000000ec080000,0x00000000ec580000)
 ParOldGen       total 68608K, used 18656K [0x00000000c0000000, 0x00000000c4300000, 0x00000000eab00000)
  object space 68608K, 27% used [0x00000000c0000000,0x00000000c1238030,0x00000000c4300000)
 Metaspace       used 32048K, committed 32960K, reserved 1114112K
  class space    used 3137K, committed 3584K, reserved 1048576K
}
Event: 25.788 GC heap before
{Heap before GC invocations=14 (full 1):
 PSYoungGen      total 24064K, used 24032K [0x00000000eab00000, 0x00000000eca80000, 0x0000000100000000)
  eden space 22016K, 100% used [0x00000000eab00000,0x00000000ec080000,0x00000000ec080000)
  from space 2048K, 98% used [0x00000000ec580000,0x00000000ec778030,0x00000000ec780000)
  to   space 5120K, 0% used [0x00000000ec080000,0x00000000ec080000,0x00000000ec580000)
 ParOldGen       total 68608K, used 18656K [0x00000000c0000000, 0x00000000c4300000, 0x00000000eab00000)
  object space 68608K, 27% used [0x00000000c0000000,0x00000000c1238030,0x00000000c4300000)
 Metaspace       used 32098K, committed 33024K, reserved 1114112K
  class space    used 3137K, committed 3584K, reserved 1048576K
}
Event: 25.793 GC heap after
{Heap after GC invocations=14 (full 1):
 PSYoungGen      total 24576K, used 2372K [0x00000000eab00000, 0x00000000ec780000, 0x0000000100000000)
  eden space 22016K, 0% used [0x00000000eab00000,0x00000000eab00000,0x00000000ec080000)
  from space 2560K, 92% used [0x00000000ec080000,0x00000000ec2d1000,0x00000000ec300000)
  to   space 3584K, 0% used [0x00000000ec400000,0x00000000ec400000,0x00000000ec780000)
 ParOldGen       total 68608K, used 20704K [0x00000000c0000000, 0x00000000c4300000, 0x00000000eab00000)
  object space 68608K, 30% used [0x00000000c0000000,0x00000000c1438060,0x00000000c4300000)
 Metaspace       used 32098K, committed 33024K, reserved 1114112K
  class space    used 3137K, committed 3584K, reserved 1048576K
}
Event: 25.977 GC heap before
{Heap before GC invocations=15 (full 1):
 PSYoungGen      total 24576K, used 24388K [0x00000000eab00000, 0x00000000ec780000, 0x0000000100000000)
  eden space 22016K, 100% used [0x00000000eab00000,0x00000000ec080000,0x00000000ec080000)
  from space 2560K, 92% used [0x00000000ec080000,0x00000000ec2d1000,0x00000000ec300000)
  to   space 3584K, 0% used [0x00000000ec400000,0x00000000ec400000,0x00000000ec780000)
 ParOldGen       total 68608K, used 20704K [0x00000000c0000000, 0x00000000c4300000, 0x00000000eab00000)
  object space 68608K, 30% used [0x00000000c0000000,0x00000000c1438060,0x00000000c4300000)
 Metaspace       used 32115K, committed 33024K, reserved 1114112K
  class space    used 3138K, committed 3584K, reserved 1048576K
}
Event: 25.984 GC heap after
{Heap after GC invocations=15 (full 1):
 PSYoungGen      total 24064K, used 1952K [0x00000000eab00000, 0x00000000ec600000, 0x0000000100000000)
  eden space 22016K, 0% used [0x00000000eab00000,0x00000000eab00000,0x00000000ec080000)
  from space 2048K, 95% used [0x00000000ec400000,0x00000000ec5e8000,0x00000000ec600000)
  to   space 2560K, 0% used [0x00000000ec100000,0x00000000ec100000,0x00000000ec380000)
 ParOldGen       total 68608K, used 22966K [0x00000000c0000000, 0x00000000c4300000, 0x00000000eab00000)
  object space 68608K, 33% used [0x00000000c0000000,0x00000000c166db10,0x00000000c4300000)
 Metaspace       used 32115K, committed 33024K, reserved 1114112K
  class space    used 3138K, committed 3584K, reserved 1048576K
}
Event: 26.328 GC heap before
{Heap before GC invocations=16 (full 1):
 PSYoungGen      total 24064K, used 23968K [0x00000000eab00000, 0x00000000ec600000, 0x0000000100000000)
  eden space 22016K, 100% used [0x00000000eab00000,0x00000000ec080000,0x00000000ec080000)
  from space 2048K, 95% used [0x00000000ec400000,0x00000000ec5e8000,0x00000000ec600000)
  to   space 2560K, 0% used [0x00000000ec100000,0x00000000ec100000,0x00000000ec380000)
 ParOldGen       total 68608K, used 22966K [0x00000000c0000000, 0x00000000c4300000, 0x00000000eab00000)
  object space 68608K, 33% used [0x00000000c0000000,0x00000000c166db10,0x00000000c4300000)
 Metaspace       used 32214K, committed 33152K, reserved 1114112K
  class space    used 3138K, committed 3584K, reserved 1048576K
}
Event: 26.334 GC heap after
{Heap after GC invocations=16 (full 1):
 PSYoungGen      total 24576K, used 2176K [0x00000000eab00000, 0x00000000ec580000, 0x0000000100000000)
  eden space 22016K, 0% used [0x00000000eab00000,0x00000000eab00000,0x00000000ec080000)
  from space 2560K, 85% used [0x00000000ec100000,0x00000000ec320010,0x00000000ec380000)
  to   space 2048K, 0% used [0x00000000ec380000,0x00000000ec380000,0x00000000ec580000)
 ParOldGen       total 68608K, used 24862K [0x00000000c0000000, 0x00000000c4300000, 0x00000000eab00000)
  object space 68608K, 36% used [0x00000000c0000000,0x00000000c1847b10,0x00000000c4300000)
 Metaspace       used 32214K, committed 33152K, reserved 1114112K
  class space    used 3138K, committed 3584K, reserved 1048576K
}
Event: 26.683 GC heap before
{Heap before GC invocations=17 (full 1):
 PSYoungGen      total 24576K, used 24192K [0x00000000eab00000, 0x00000000ec580000, 0x0000000100000000)
  eden space 22016K, 100% used [0x00000000eab00000,0x00000000ec080000,0x00000000ec080000)
  from space 2560K, 85% used [0x00000000ec100000,0x00000000ec320010,0x00000000ec380000)
  to   space 2048K, 0% used [0x00000000ec380000,0x00000000ec380000,0x00000000ec580000)
 ParOldGen       total 68608K, used 24862K [0x00000000c0000000, 0x00000000c4300000, 0x00000000eab00000)
  object space 68608K, 36% used [0x00000000c0000000,0x00000000c1847b10,0x00000000c4300000)
 Metaspace       used 32613K, committed 33536K, reserved 1114112K
  class space    used 3189K, committed 3648K, reserved 1048576K
}
Event: 26.688 GC heap after
{Heap after GC invocations=17 (full 1):
 PSYoungGen      total 24064K, used 1923K [0x00000000eab00000, 0x00000000ec580000, 0x0000000100000000)
  eden space 22016K, 0% used [0x00000000eab00000,0x00000000eab00000,0x00000000ec080000)
  from space 2048K, 93% used [0x00000000ec380000,0x00000000ec560e70,0x00000000ec580000)
  to   space 2048K, 0% used [0x00000000ec180000,0x00000000ec180000,0x00000000ec380000)
 ParOldGen       total 68608K, used 26958K [0x00000000c0000000, 0x00000000c4300000, 0x00000000eab00000)
  object space 68608K, 39% used [0x00000000c0000000,0x00000000c1a53b20,0x00000000c4300000)
 Metaspace       used 32613K, committed 33536K, reserved 1114112K
  class space    used 3189K, committed 3648K, reserved 1048576K
}
Event: 28.681 GC heap before
{Heap before GC invocations=18 (full 1):
 PSYoungGen      total 24064K, used 23939K [0x00000000eab00000, 0x00000000ec580000, 0x0000000100000000)
  eden space 22016K, 100% used [0x00000000eab00000,0x00000000ec080000,0x00000000ec080000)
  from space 2048K, 93% used [0x00000000ec380000,0x00000000ec560e70,0x00000000ec580000)
  to   space 2048K, 0% used [0x00000000ec180000,0x00000000ec180000,0x00000000ec380000)
 ParOldGen       total 68608K, used 26958K [0x00000000c0000000, 0x00000000c4300000, 0x00000000eab00000)
  object space 68608K, 39% used [0x00000000c0000000,0x00000000c1a53b20,0x00000000c4300000)
 Metaspace       used 34718K, committed 35648K, reserved 1114112K
  class space    used 3398K, committed 3840K, reserved 1048576K
}
Event: 28.684 GC heap after
{Heap after GC invocations=18 (full 1):
 PSYoungGen      total 23552K, used 1435K [0x00000000eab00000, 0x00000000ec480000, 0x0000000100000000)
  eden space 22016K, 0% used [0x00000000eab00000,0x00000000eab00000,0x00000000ec080000)
  from space 1536K, 93% used [0x00000000ec180000,0x00000000ec2e6ed8,0x00000000ec300000)
  to   space 1536K, 0% used [0x00000000ec300000,0x00000000ec300000,0x00000000ec480000)
 ParOldGen       total 68608K, used 28699K [0x00000000c0000000, 0x00000000c4300000, 0x00000000eab00000)
  object space 68608K, 41% used [0x00000000c0000000,0x00000000c1c06e30,0x00000000c4300000)
 Metaspace       used 34718K, committed 35648K, reserved 1114112K
  class space    used 3398K, committed 3840K, reserved 1048576K
}
Event: 28.998 GC heap before
{Heap before GC invocations=19 (full 1):
 PSYoungGen      total 23552K, used 23451K [0x00000000eab00000, 0x00000000ec480000, 0x0000000100000000)
  eden space 22016K, 100% used [0x00000000eab00000,0x00000000ec080000,0x00000000ec080000)
  from space 1536K, 93% used [0x00000000ec180000,0x00000000ec2e6ed8,0x00000000ec300000)
  to   space 1536K, 0% used [0x00000000ec300000,0x00000000ec300000,0x00000000ec480000)
 ParOldGen       total 68608K, used 28699K [0x00000000c0000000, 0x00000000c4300000, 0x00000000eab00000)
  object space 68608K, 41% used [0x00000000c0000000,0x00000000c1c06e30,0x00000000c4300000)
 Metaspace       used 34734K, committed 35712K, reserved 1114112K
  class space    used 3398K, committed 3840K, reserved 1048576K
}
Event: 29.000 GC heap after
{Heap after GC invocations=19 (full 1):
 PSYoungGen      total 23040K, used 959K [0x00000000eab00000, 0x00000000ec400000, 0x0000000100000000)
  eden space 22016K, 0% used [0x00000000eab00000,0x00000000eab00000,0x00000000ec080000)
  from space 1024K, 93% used [0x00000000ec300000,0x00000000ec3efcd8,0x00000000ec400000)
  to   space 1536K, 0% used [0x00000000ec100000,0x00000000ec100000,0x00000000ec280000)
 ParOldGen       total 68608K, used 29549K [0x00000000c0000000, 0x00000000c4300000, 0x00000000eab00000)
  object space 68608K, 43% used [0x00000000c0000000,0x00000000c1cdb550,0x00000000c4300000)
 Metaspace       used 34734K, committed 35712K, reserved 1114112K
  class space    used 3398K, committed 3840K, reserved 1048576K
}
Event: 29.099 GC heap before
{Heap before GC invocations=20 (full 1):
 PSYoungGen      total 23040K, used 4647K [0x00000000eab00000, 0x00000000ec400000, 0x0000000100000000)
  eden space 22016K, 16% used [0x00000000eab00000,0x00000000eae9a050,0x00000000ec080000)
  from space 1024K, 93% used [0x00000000ec300000,0x00000000ec3efcd8,0x00000000ec400000)
  to   space 1536K, 0% used [0x00000000ec100000,0x00000000ec100000,0x00000000ec280000)
 ParOldGen       total 68608K, used 29549K [0x00000000c0000000, 0x00000000c4300000, 0x00000000eab00000)
  object space 68608K, 43% used [0x00000000c0000000,0x00000000c1cdb550,0x00000000c4300000)
 Metaspace       used 34928K, committed 35840K, reserved 1114112K
  class space    used 3402K, committed 3840K, reserved 1048576K
}
Event: 29.100 GC heap after
{Heap after GC invocations=20 (full 1):
 PSYoungGen      total 23552K, used 320K [0x00000000eab00000, 0x00000000ec380000, 0x0000000100000000)
  eden space 22016K, 0% used [0x00000000eab00000,0x00000000eab00000,0x00000000ec080000)
  from space 1536K, 20% used [0x00000000ec100000,0x00000000ec150010,0x00000000ec280000)
  to   space 1024K, 0% used [0x00000000ec280000,0x00000000ec280000,0x00000000ec380000)
 ParOldGen       total 68608K, used 29565K [0x00000000c0000000, 0x00000000c4300000, 0x00000000eab00000)
  object space 68608K, 43% used [0x00000000c0000000,0x00000000c1cdf550,0x00000000c4300000)
 Metaspace       used 34928K, committed 35840K, reserved 1114112K
  class space    used 3402K, committed 3840K, reserved 1048576K
}
Event: 29.100 GC heap before
{Heap before GC invocations=21 (full 2):
 PSYoungGen      total 23552K, used 320K [0x00000000eab00000, 0x00000000ec380000, 0x0000000100000000)
  eden space 22016K, 0% used [0x00000000eab00000,0x00000000eab00000,0x00000000ec080000)
  from space 1536K, 20% used [0x00000000ec100000,0x00000000ec150010,0x00000000ec280000)
  to   space 1024K, 0% used [0x00000000ec280000,0x00000000ec280000,0x00000000ec380000)
 ParOldGen       total 68608K, used 29565K [0x00000000c0000000, 0x00000000c4300000, 0x00000000eab00000)
  object space 68608K, 43% used [0x00000000c0000000,0x00000000c1cdf550,0x00000000c4300000)
 Metaspace       used 34928K, committed 35840K, reserved 1114112K
  class space    used 3402K, committed 3840K, reserved 1048576K
}
Event: 29.210 GC heap after
{Heap after GC invocations=21 (full 2):
 PSYoungGen      total 23552K, used 0K [0x00000000eab00000, 0x00000000ec380000, 0x0000000100000000)
  eden space 22016K, 0% used [0x00000000eab00000,0x00000000eab00000,0x00000000ec080000)
  from space 1536K, 0% used [0x00000000ec100000,0x00000000ec100000,0x00000000ec280000)
  to   space 1024K, 0% used [0x00000000ec280000,0x00000000ec280000,0x00000000ec380000)
 ParOldGen       total 68608K, used 28042K [0x00000000c0000000, 0x00000000c4300000, 0x00000000eab00000)
  object space 68608K, 40% used [0x00000000c0000000,0x00000000c1b62a38,0x00000000c4300000)
 Metaspace       used 34878K, committed 35840K, reserved 1114112K
  class space    used 3388K, committed 3840K, reserved 1048576K
}

Dll operation events (10 events):
Event: 0.019 Loaded shared library c:\Users\ala\.vscode\extensions\redhat.java-1.41.1-win32-x64\jre\21.0.6-win32-x86_64\bin\java.dll
Event: 0.119 Loaded shared library c:\Users\ala\.vscode\extensions\redhat.java-1.41.1-win32-x64\jre\21.0.6-win32-x86_64\bin\zip.dll
Event: 0.144 Loaded shared library C:\Users\ala\.vscode\extensions\redhat.java-1.41.1-win32-x64\jre\21.0.6-win32-x86_64\bin\instrument.dll
Event: 0.150 Loaded shared library C:\Users\ala\.vscode\extensions\redhat.java-1.41.1-win32-x64\jre\21.0.6-win32-x86_64\bin\net.dll
Event: 0.153 Loaded shared library C:\Users\ala\.vscode\extensions\redhat.java-1.41.1-win32-x64\jre\21.0.6-win32-x86_64\bin\nio.dll
Event: 0.158 Loaded shared library C:\Users\ala\.vscode\extensions\redhat.java-1.41.1-win32-x64\jre\21.0.6-win32-x86_64\bin\zip.dll
Event: 0.174 Loaded shared library C:\Users\ala\.vscode\extensions\redhat.java-1.41.1-win32-x64\jre\21.0.6-win32-x86_64\bin\jimage.dll
Event: 0.272 Loaded shared library c:\Users\ala\.vscode\extensions\redhat.java-1.41.1-win32-x64\jre\21.0.6-win32-x86_64\bin\verify.dll
Event: 2.556 Loaded shared library C:\Users\ala\AppData\Roaming\Code\User\globalStorage\redhat.java\1.41.1\config_ss_win\org.eclipse.equinox.launcher\org.eclipse.equinox.launcher.win32.win32.x86_64_1.2.1300.v20250331-1702\eclipse_11911.dll
Event: 7.166 Loaded shared library C:\Users\ala\AppData\Local\Temp\jna-96662\jna10093796135973897465.dll

Deoptimization events (20 events):
Event: 28.696 Thread 0x000001cb72725eb0 DEOPT PACKING pc=0x000001cb626e365c sp=0x00000049ddcf9f70
Event: 28.696 Thread 0x000001cb72725eb0 DEOPT UNPACKING pc=0x000001cb62066da2 sp=0x00000049ddcf9f18 mode 2
Event: 28.696 Thread 0x000001cb72725eb0 Uncommon trap: trap_request=0xffffffde fr.pc=0x000001cb626e365c relative=0x0000000000005c7c
Event: 28.696 Thread 0x000001cb72725eb0 Uncommon trap: reason=class_check action=maybe_recompile pc=0x000001cb626e365c method=lombok.patcher.PatchScript$MethodPatcher.visitMethod(ILjava/lang/String;Ljava/lang/String;Ljava/lang/String;[Ljava/lang/String;)Lorg/lombokweb/asm/MethodVisitor; @ 101 c
Event: 28.696 Thread 0x000001cb72725eb0 DEOPT PACKING pc=0x000001cb626e365c sp=0x00000049ddcf9f70
Event: 28.696 Thread 0x000001cb72725eb0 DEOPT UNPACKING pc=0x000001cb62066da2 sp=0x00000049ddcf9f18 mode 2
Event: 28.696 Thread 0x000001cb72725eb0 Uncommon trap: trap_request=0xffffffde fr.pc=0x000001cb626e365c relative=0x0000000000005c7c
Event: 28.696 Thread 0x000001cb72725eb0 Uncommon trap: reason=class_check action=maybe_recompile pc=0x000001cb626e365c method=lombok.patcher.PatchScript$MethodPatcher.visitMethod(ILjava/lang/String;Ljava/lang/String;Ljava/lang/String;[Ljava/lang/String;)Lorg/lombokweb/asm/MethodVisitor; @ 101 c
Event: 28.696 Thread 0x000001cb72725eb0 DEOPT PACKING pc=0x000001cb626e365c sp=0x00000049ddcf9f70
Event: 28.696 Thread 0x000001cb72725eb0 DEOPT UNPACKING pc=0x000001cb62066da2 sp=0x00000049ddcf9f18 mode 2
Event: 28.696 Thread 0x000001cb72725eb0 Uncommon trap: trap_request=0xffffffde fr.pc=0x000001cb626e365c relative=0x0000000000005c7c
Event: 28.696 Thread 0x000001cb72725eb0 Uncommon trap: reason=class_check action=maybe_recompile pc=0x000001cb626e365c method=lombok.patcher.PatchScript$MethodPatcher.visitMethod(ILjava/lang/String;Ljava/lang/String;Ljava/lang/String;[Ljava/lang/String;)Lorg/lombokweb/asm/MethodVisitor; @ 101 c
Event: 28.696 Thread 0x000001cb72725eb0 DEOPT PACKING pc=0x000001cb626e365c sp=0x00000049ddcf9f70
Event: 28.696 Thread 0x000001cb72725eb0 DEOPT UNPACKING pc=0x000001cb62066da2 sp=0x00000049ddcf9f18 mode 2
Event: 29.093 Thread 0x000001cb72724b00 DEOPT PACKING pc=0x000001cb5b05c60d sp=0x00000049ddbfd480
Event: 29.093 Thread 0x000001cb72724b00 DEOPT UNPACKING pc=0x000001cb620678e2 sp=0x00000049ddbfc930 mode 0
Event: 29.097 Thread 0x000001cb72724b00 DEOPT PACKING pc=0x000001cb5ab84b78 sp=0x00000049ddbf9820
Event: 29.097 Thread 0x000001cb72724b00 DEOPT UNPACKING pc=0x000001cb620678e2 sp=0x00000049ddbf8d08 mode 0
Event: 29.233 Thread 0x000001cb72724b00 DEOPT PACKING pc=0x000001cb5b05c60d sp=0x00000049ddbf91b0
Event: 29.233 Thread 0x000001cb72724b00 DEOPT UNPACKING pc=0x000001cb620678e2 sp=0x00000049ddbf8660 mode 0

Classes loaded (20 events):
Event: 24.728 Loading class java/lang/invoke/MethodHandleImpl$Makers$1
Event: 24.728 Loading class java/lang/invoke/MethodHandleImpl$Makers$1 done
Event: 24.728 Loading class java/lang/invoke/MethodHandleImpl$Makers$2
Event: 24.728 Loading class java/lang/invoke/MethodHandleImpl$Makers$2 done
Event: 24.728 Loading class java/lang/invoke/MethodHandleImpl$Makers$3
Event: 24.728 Loading class java/lang/invoke/MethodHandleImpl$Makers$3 done
Event: 24.735 Loading class java/lang/runtime/ObjectMethods$1
Event: 24.735 Loading class java/lang/runtime/ObjectMethods$1 done
Event: 24.976 Loading class java/lang/invoke/MethodHandleImpl$CountingWrapper
Event: 24.976 Loading class java/lang/invoke/MethodHandleImpl$CountingWrapper done
Event: 25.007 Loading class java/util/AbstractList$ListItr
Event: 25.007 Loading class java/util/AbstractList$ListItr done
Event: 25.018 Loading class java/nio/channels/Channels$ReadableByteChannelImpl
Event: 25.018 Loading class java/nio/channels/Channels$ReadableByteChannelImpl done
Event: 25.019 Loading class java/nio/channels/NonWritableChannelException
Event: 25.020 Loading class java/nio/channels/NonWritableChannelException done
Event: 25.914 Loading class java/lang/invoke/MethodHandleImpl$CountingWrapper$1
Event: 25.914 Loading class java/lang/invoke/MethodHandleImpl$CountingWrapper$1 done
Event: 26.672 Loading class java/lang/ExceptionInInitializerError
Event: 26.672 Loading class java/lang/ExceptionInInitializerError done

Classes unloaded (20 events):
Event: 29.125 Thread 0x000001cb5568ea10 Unloading class 0x000001cb0137e800 'java/lang/invoke/LambdaForm$MH+0x000001cb0137e800'
Event: 29.125 Thread 0x000001cb5568ea10 Unloading class 0x000001cb0137e400 'java/lang/invoke/LambdaForm$MH+0x000001cb0137e400'
Event: 29.125 Thread 0x000001cb5568ea10 Unloading class 0x000001cb0137dc00 'java/lang/invoke/LambdaForm$MH+0x000001cb0137dc00'
Event: 29.125 Thread 0x000001cb5568ea10 Unloading class 0x000001cb0137d000 'java/lang/invoke/LambdaForm$MH+0x000001cb0137d000'
Event: 29.125 Thread 0x000001cb5568ea10 Unloading class 0x000001cb0137d400 'java/lang/invoke/LambdaForm$MH+0x000001cb0137d400'
Event: 29.125 Thread 0x000001cb5568ea10 Unloading class 0x000001cb0137cc00 'java/lang/invoke/LambdaForm$DMH+0x000001cb0137cc00'
Event: 29.125 Thread 0x000001cb5568ea10 Unloading class 0x000001cb0137c400 'java/lang/invoke/LambdaForm$DMH+0x000001cb0137c400'
Event: 29.125 Thread 0x000001cb5568ea10 Unloading class 0x000001cb0137bc00 'java/lang/invoke/LambdaForm$MH+0x000001cb0137bc00'
Event: 29.125 Thread 0x000001cb5568ea10 Unloading class 0x000001cb01378000 'java/lang/invoke/LambdaForm$MH+0x000001cb01378000'
Event: 29.125 Thread 0x000001cb5568ea10 Unloading class 0x000001cb01377800 'java/lang/invoke/LambdaForm$MH+0x000001cb01377800'
Event: 29.125 Thread 0x000001cb5568ea10 Unloading class 0x000001cb01377000 'java/lang/invoke/LambdaForm$MH+0x000001cb01377000'
Event: 29.125 Thread 0x000001cb5568ea10 Unloading class 0x000001cb01376800 'java/lang/invoke/LambdaForm$MH+0x000001cb01376800'
Event: 29.125 Thread 0x000001cb5568ea10 Unloading class 0x000001cb01376400 'java/lang/invoke/LambdaForm$MH+0x000001cb01376400'
Event: 29.125 Thread 0x000001cb5568ea10 Unloading class 0x000001cb01376000 'java/lang/invoke/LambdaForm$MH+0x000001cb01376000'
Event: 29.125 Thread 0x000001cb5568ea10 Unloading class 0x000001cb01375c00 'java/lang/invoke/LambdaForm$MH+0x000001cb01375c00'
Event: 29.125 Thread 0x000001cb5568ea10 Unloading class 0x000001cb01375400 'java/lang/invoke/LambdaForm$MH+0x000001cb01375400'
Event: 29.125 Thread 0x000001cb5568ea10 Unloading class 0x000001cb01374c00 'java/lang/invoke/LambdaForm$MH+0x000001cb01374c00'
Event: 29.125 Thread 0x000001cb5568ea10 Unloading class 0x000001cb01374800 'java/lang/invoke/LambdaForm$MH+0x000001cb01374800'
Event: 29.125 Thread 0x000001cb5568ea10 Unloading class 0x000001cb01374400 'java/lang/invoke/LambdaForm$DMH+0x000001cb01374400'
Event: 29.125 Thread 0x000001cb5568ea10 Unloading class 0x000001cb01371c00 'java/lang/invoke/LambdaForm$DMH+0x000001cb01371c00'

Classes redefined (0 events):
No events

Internal exceptions (20 events):
Event: 24.217 Thread 0x000001cb72724b00 Exception <a 'java/lang/NoSuchMethodError'{0x00000000eb2684e8}: 'java.lang.Object java.lang.invoke.DelegatingMethodHandle$Holder.reinvoke_L(java.lang.Object, int, long, java.lang.Object, java.lang.Object, int, java.lang.Object)'> (0x00000000eb2684e8) 
thrown [s\src\hotspot\share\interpreter\linkResolver.cpp, line 773]
Event: 24.726 Thread 0x000001cb72725eb0 Exception <a 'java/lang/NoSuchMethodError'{0x00000000eb80e808}: 'java.lang.Object java.lang.invoke.DirectMethodHandle$Holder.invokeStaticInit(java.lang.Object, java.lang.Object, java.lang.Object, java.lang.Object, java.lang.Object, java.lang.Object, java.lang.Object)'> (0x00000000eb80e808) 
thrown [s\src\hotspot\share\interpreter\linkResolver.cpp, line 773]
Event: 24.726 Thread 0x000001cb72c13590 Exception <a 'java/lang/NoSuchMethodError'{0x00000000eb834688}: 'java.lang.Object java.lang.invoke.DirectMethodHandle$Holder.invokeStaticInit(java.lang.Object, java.lang.Object, java.lang.Object, java.lang.Object, java.lang.Object, java.lang.Object, java.lang.Object)'> (0x00000000eb834688) 
thrown [s\src\hotspot\share\interpreter\linkResolver.cpp, line 773]
Event: 24.726 Thread 0x000001cb72724b00 Exception <a 'java/lang/NoSuchMethodError'{0x00000000eb819d30}: 'java.lang.Object java.lang.invoke.DirectMethodHandle$Holder.invokeStaticInit(java.lang.Object, java.lang.Object, java.lang.Object, java.lang.Object, java.lang.Object, java.lang.Object, java.lang.Object)'> (0x00000000eb819d30) 
thrown [s\src\hotspot\share\interpreter\linkResolver.cpp, line 773]
Event: 24.727 Thread 0x000001cb72c13590 Exception <a 'java/lang/NoSuchMethodError'{0x00000000eb839118}: 'java.lang.Object java.lang.invoke.Invokers$Holder.invoke_MT(java.lang.Object, java.lang.Object, java.lang.Object, java.lang.Object, java.lang.Object, java.lang.Object, java.lang.Object, java.lang.Object, java.lang.Object, java.lang.Object)'> (0x00000000eb839118) 
thrown [s\src\hotspot\share\interpreter\linkResolver.cpp, line 773]
Event: 24.735 Thread 0x000001cb72c13590 Exception <a 'java/lang/NoSuchMethodError'{0x00000000eb898f80}: 'int java.lang.invoke.DirectMethodHandle$Holder.invokeVirtual(java.lang.Object, java.lang.Object, java.lang.Object)'> (0x00000000eb898f80) 
thrown [s\src\hotspot\share\interpreter\linkResolver.cpp, line 773]
Event: 24.736 Thread 0x000001cb72c13590 Exception <a 'java/lang/NoSuchMethodError'{0x00000000eb89d328}: 'int java.lang.invoke.DirectMethodHandle$Holder.invokeStaticInit(java.lang.Object, int, int)'> (0x00000000eb89d328) 
thrown [s\src\hotspot\share\interpreter\linkResolver.cpp, line 773]
Event: 24.737 Thread 0x000001cb72c13590 Exception <a 'java/lang/NoSuchMethodError'{0x00000000eb8a4e20}: 'int java.lang.invoke.DirectMethodHandle$Holder.invokeStaticInit(java.lang.Object, long, long)'> (0x00000000eb8a4e20) 
thrown [s\src\hotspot\share\interpreter\linkResolver.cpp, line 773]
Event: 24.738 Thread 0x000001cb72c13590 Exception <a 'java/lang/NoSuchMethodError'{0x00000000eb8abdc0}: 'int java.lang.invoke.DirectMethodHandle$Holder.invokeStaticInit(java.lang.Object, float, float)'> (0x00000000eb8abdc0) 
thrown [s\src\hotspot\share\interpreter\linkResolver.cpp, line 773]
Event: 24.739 Thread 0x000001cb72c13590 Exception <a 'java/lang/NoSuchMethodError'{0x00000000eb8b2b00}: 'int java.lang.invoke.DirectMethodHandle$Holder.invokeStaticInit(java.lang.Object, double, double)'> (0x00000000eb8b2b00) 
thrown [s\src\hotspot\share\interpreter\linkResolver.cpp, line 773]
Event: 24.740 Thread 0x000001cb72c13590 Exception <a 'java/lang/NoSuchMethodError'{0x00000000eb8b75a8}: 'int java.lang.invoke.DirectMethodHandle$Holder.invokeStatic(java.lang.Object, long)'> (0x00000000eb8b75a8) 
thrown [s\src\hotspot\share\interpreter\linkResolver.cpp, line 773]
Event: 24.744 Thread 0x000001cb72725eb0 Exception <a 'java/lang/NoSuchMethodError'{0x00000000eb902a18}: 'int java.lang.invoke.Invokers$Holder.linkToTargetMethod(java.lang.Object, java.lang.Object)'> (0x00000000eb902a18) 
thrown [s\src\hotspot\share\interpreter\linkResolver.cpp, line 773]
Event: 24.744 Thread 0x000001cb72c13590 Exception <a 'java/lang/NoSuchMethodError'{0x00000000eb8f7f38}: 'int java.lang.invoke.Invokers$Holder.linkToTargetMethod(java.lang.Object, java.lang.Object)'> (0x00000000eb8f7f38) 
thrown [s\src\hotspot\share\interpreter\linkResolver.cpp, line 773]
Event: 24.744 Thread 0x000001cb72724b00 Exception <a 'java/lang/NoSuchMethodError'{0x00000000eb8dbb58}: 'int java.lang.invoke.Invokers$Holder.linkToTargetMethod(java.lang.Object, java.lang.Object)'> (0x00000000eb8dbb58) 
thrown [s\src\hotspot\share\interpreter\linkResolver.cpp, line 773]
Event: 24.972 Thread 0x000001cb72c13590 Exception <a 'java/lang/NoSuchMethodError'{0x00000000ebe90bd0}: 'int java.lang.invoke.DirectMethodHandle$Holder.invokeSpecial(java.lang.Object, java.lang.Object, java.lang.Object, java.lang.Object)'> (0x00000000ebe90bd0) 
thrown [s\src\hotspot\share\interpreter\linkResolver.cpp, line 773]
Event: 24.974 Thread 0x000001cb72c13590 Exception <a 'java/lang/NoSuchMethodError'{0x00000000ebea0788}: 'java.lang.Object java.lang.invoke.DirectMethodHandle$Holder.invokeStatic(java.lang.Object, int, java.lang.Object, java.lang.Object)'> (0x00000000ebea0788) 
thrown [s\src\hotspot\share\interpreter\linkResolver.cpp, line 773]
Event: 24.976 Thread 0x000001cb72c13590 Exception <a 'java/lang/NoSuchMethodError'{0x00000000ebea4238}: 'java.lang.Object java.lang.invoke.DelegatingMethodHandle$Holder.delegate(java.lang.Object, int, java.lang.Object, java.lang.Object)'> (0x00000000ebea4238) 
thrown [s\src\hotspot\share\interpreter\linkResolver.cpp, line 773]
Event: 24.983 Thread 0x000001cb72724b00 Exception <a 'java/lang/NoSuchMethodError'{0x00000000ebe7abb0}: 'int java.lang.invoke.Invokers$Holder.linkToTargetMethod(java.lang.Object, java.lang.Object, java.lang.Object)'> (0x00000000ebe7abb0) 
thrown [s\src\hotspot\share\interpreter\linkResolver.cpp, line 773]
Event: 24.983 Thread 0x000001cb72c13590 Exception <a 'java/lang/NoSuchMethodError'{0x00000000ebed7030}: 'int java.lang.invoke.Invokers$Holder.linkToTargetMethod(java.lang.Object, java.lang.Object, java.lang.Object)'> (0x00000000ebed7030) 
thrown [s\src\hotspot\share\interpreter\linkResolver.cpp, line 773]
Event: 28.466 Thread 0x000001cb72725eb0 Exception <a 'java/lang/LinkageError'{0x00000000eb2ebf40}: loader lombok.launch.ShadowClassLoader @4666e503 attempted duplicate class definition for lombok.launch.PatchFixesHider$ValPortal. (lombok.launch.PatchFixesHider$ValPortal is in unnamed module of loader lombok.launch.ShadowClassLoader @4666e503, parent loader org.eclipse.osgi.internal.loader.EquinoxClassLoader @5e1f9edf)> (0x00000000eb2ebf40) 
thrown [s\src\hotspot\share\classfile\systemDictionary.cpp, line 1682]

ZGC Phase Switch (0 events):
No events

VM Operations (20 events):
Event: 25.977 Executing VM operation: ParallelGCFailedAllocation (Allocation Failure)
Event: 25.985 Executing VM operation: ParallelGCFailedAllocation (Allocation Failure) done
Event: 26.315 Executing VM operation: ParallelGCFailedAllocation (Allocation Failure)
Event: 26.334 Executing VM operation: ParallelGCFailedAllocation (Allocation Failure) done
Event: 26.626 Executing VM operation: HandshakeAllThreads (Deoptimize)
Event: 26.627 Executing VM operation: HandshakeAllThreads (Deoptimize) done
Event: 26.683 Executing VM operation: ParallelGCFailedAllocation (Allocation Failure)
Event: 26.688 Executing VM operation: ParallelGCFailedAllocation (Allocation Failure) done
Event: 27.699 Executing VM operation: Cleanup
Event: 27.699 Executing VM operation: Cleanup done
Event: 28.367 Executing VM operation: HandshakeAllThreads (Deoptimize)
Event: 28.367 Executing VM operation: HandshakeAllThreads (Deoptimize) done
Event: 28.681 Executing VM operation: ParallelGCFailedAllocation (Allocation Failure)
Event: 28.684 Executing VM operation: ParallelGCFailedAllocation (Allocation Failure) done
Event: 28.998 Executing VM operation: ParallelGCFailedAllocation (Allocation Failure)
Event: 29.000 Executing VM operation: ParallelGCFailedAllocation (Allocation Failure) done
Event: 29.098 Executing VM operation: CollectForMetadataAllocation (Metadata GC Threshold)
Event: 29.210 Executing VM operation: CollectForMetadataAllocation (Metadata GC Threshold) done
Event: 29.211 Executing VM operation: CollectForMetadataAllocation (Metadata GC Threshold)
Event: 29.211 Executing VM operation: CollectForMetadataAllocation (Metadata GC Threshold) done

Memory protections (0 events):
No events

Nmethod flushes (20 events):
Event: 29.143 Thread 0x000001cb5568ea10 flushing  nmethod 0x000001cb5af02e10
Event: 29.143 Thread 0x000001cb5568ea10 flushing  nmethod 0x000001cb5af37610
Event: 29.143 Thread 0x000001cb5568ea10 flushing  nmethod 0x000001cb5af37a10
Event: 29.143 Thread 0x000001cb5568ea10 flushing  nmethod 0x000001cb5af38410
Event: 29.143 Thread 0x000001cb5568ea10 flushing  nmethod 0x000001cb5af3d090
Event: 29.143 Thread 0x000001cb5568ea10 flushing  nmethod 0x000001cb5af5a810
Event: 29.143 Thread 0x000001cb5568ea10 flushing  nmethod 0x000001cb5af84a10
Event: 29.143 Thread 0x000001cb5568ea10 flushing  nmethod 0x000001cb5af87290
Event: 29.143 Thread 0x000001cb5568ea10 flushing  nmethod 0x000001cb5af87d10
Event: 29.143 Thread 0x000001cb5568ea10 flushing  nmethod 0x000001cb5afcc390
Event: 29.143 Thread 0x000001cb5568ea10 flushing  nmethod 0x000001cb5afccc10
Event: 29.143 Thread 0x000001cb5568ea10 flushing  nmethod 0x000001cb5afd0510
Event: 29.143 Thread 0x000001cb5568ea10 flushing  nmethod 0x000001cb5afdb710
Event: 29.143 Thread 0x000001cb5568ea10 flushing  nmethod 0x000001cb5afddd90
Event: 29.143 Thread 0x000001cb5568ea10 flushing  nmethod 0x000001cb5afe3990
Event: 29.143 Thread 0x000001cb5568ea10 flushing  nmethod 0x000001cb5afe4990
Event: 29.143 Thread 0x000001cb5568ea10 flushing  nmethod 0x000001cb5afe8990
Event: 29.143 Thread 0x000001cb5568ea10 flushing  nmethod 0x000001cb5aff3410
Event: 29.143 Thread 0x000001cb5568ea10 flushing  nmethod 0x000001cb5b000d10
Event: 29.143 Thread 0x000001cb5568ea10 flushing osr nmethod 0x000001cb5b010590

Events (20 events):
Event: 12.041 Thread 0x000001cb578f2e50 Thread added: 0x000001cb72720960
Event: 12.041 Thread 0x000001cb578f2e50 Thread added: 0x000001cb72725190
Event: 12.041 Thread 0x000001cb578f2e50 Thread added: 0x000001cb72727260
Event: 12.041 Thread 0x000001cb578f2e50 Thread added: 0x000001cb72726540
Event: 12.041 Thread 0x000001cb578f2e50 Thread added: 0x000001cb72726bd0
Event: 12.041 Thread 0x000001cb578f2e50 Thread added: 0x000001cb72723de0
Event: 12.096 Thread 0x000001cb578f2e50 Thread added: 0x000001cb72724470
Event: 12.461 Thread 0x000001cb72720ff0 Thread exited: 0x000001cb72720ff0
Event: 12.480 Thread 0x000001cb728e32e0 Thread exited: 0x000001cb728e32e0
Event: 12.540 Thread 0x000001cb7271fc40 Thread added: 0x000001cb72720ff0
Event: 13.751 Thread 0x000001cb578f2e50 Thread added: 0x000001cb72725820
Event: 13.752 Thread 0x000001cb578f2e50 Thread added: 0x000001cb72724b00
Event: 15.202 Thread 0x000001cb6bcd77f0 Thread added: 0x000001cb72a67c00
Event: 20.278 Thread 0x000001cb72a67c00 Thread exited: 0x000001cb72a67c00
Event: 23.941 Thread 0x000001cb72724b00 Thread added: 0x000001cb72725eb0
Event: 23.972 Thread 0x000001cb72725eb0 Thread added: 0x000001cb72c13590
Event: 24.500 Thread 0x000001cb6bcd77f0 Thread added: 0x000001cb7202f380
Event: 26.966 Thread 0x000001cb7202f380 Thread exited: 0x000001cb7202f380
Event: 28.673 Thread 0x000001cb6bcd77f0 Thread added: 0x000001cb742b4970
Event: 28.737 Thread 0x000001cb6bcd77f0 Thread added: 0x000001cb7481c6c0


Dynamic libraries:
0x00007ff770b50000 - 0x00007ff770b5e000 	c:\Users\ala\.vscode\extensions\redhat.java-1.41.1-win32-x64\jre\21.0.6-win32-x86_64\bin\java.exe
0x00007fffd95c0000 - 0x00007fffd9820000 	C:\WINDOWS\SYSTEM32\ntdll.dll
0x00007fffd81b0000 - 0x00007fffd8277000 	C:\WINDOWS\System32\KERNEL32.DLL
0x00007fffd6b00000 - 0x00007fffd6eca000 	C:\WINDOWS\System32\KERNELBASE.dll
0x00007fffd6920000 - 0x00007fffd6a6b000 	C:\WINDOWS\System32\ucrtbase.dll
0x00007fffd0170000 - 0x00007fffd0188000 	c:\Users\ala\.vscode\extensions\redhat.java-1.41.1-win32-x64\jre\21.0.6-win32-x86_64\bin\jli.dll
0x00007fffcbef0000 - 0x00007fffcbf0e000 	c:\Users\ala\.vscode\extensions\redhat.java-1.41.1-win32-x64\jre\21.0.6-win32-x86_64\bin\VCRUNTIME140.dll
0x00007fffd7480000 - 0x00007fffd764c000 	C:\WINDOWS\System32\USER32.dll
0x00007fffb8100000 - 0x00007fffb8397000 	C:\WINDOWS\WinSxS\amd64_microsoft.windows.common-controls_6595b64144ccf1df_6.0.26100.3624_none_3e086962e3345f24\COMCTL32.dll
0x00007fffd7f30000 - 0x00007fffd7fd9000 	C:\WINDOWS\System32\msvcrt.dll
0x00007fffd72d0000 - 0x00007fffd72f7000 	C:\WINDOWS\System32\win32u.dll
0x00007fffd8280000 - 0x00007fffd82aa000 	C:\WINDOWS\System32\GDI32.dll
0x00007fffd7190000 - 0x00007fffd72c1000 	C:\WINDOWS\System32\gdi32full.dll
0x00007fffd6ed0000 - 0x00007fffd6f73000 	C:\WINDOWS\System32\msvcp_win.dll
0x00007fffd73c0000 - 0x00007fffd73ef000 	C:\WINDOWS\System32\IMM32.DLL
0x00007fffd3270000 - 0x00007fffd327c000 	c:\Users\ala\.vscode\extensions\redhat.java-1.41.1-win32-x64\jre\21.0.6-win32-x86_64\bin\vcruntime140_1.dll
0x00007fffa8760000 - 0x00007fffa87ed000 	c:\Users\ala\.vscode\extensions\redhat.java-1.41.1-win32-x64\jre\21.0.6-win32-x86_64\bin\msvcp140.dll
0x00007fff62f70000 - 0x00007fff63d00000 	c:\Users\ala\.vscode\extensions\redhat.java-1.41.1-win32-x64\jre\21.0.6-win32-x86_64\bin\server\jvm.dll
0x00007fffd94c0000 - 0x00007fffd9572000 	C:\WINDOWS\System32\ADVAPI32.dll
0x00007fffd9180000 - 0x00007fffd9226000 	C:\WINDOWS\System32\sechost.dll
0x00007fffd7c30000 - 0x00007fffd7d46000 	C:\WINDOWS\System32\RPCRT4.dll
0x00007fffd7400000 - 0x00007fffd7474000 	C:\WINDOWS\System32\WS2_32.dll
0x00007fffd5fd0000 - 0x00007fffd602e000 	C:\WINDOWS\SYSTEM32\POWRPROF.dll
0x00007fffcc530000 - 0x00007fffcc566000 	C:\WINDOWS\SYSTEM32\WINMM.dll
0x00007fffc7570000 - 0x00007fffc757b000 	C:\WINDOWS\SYSTEM32\VERSION.dll
0x00007fffd5fb0000 - 0x00007fffd5fc4000 	C:\WINDOWS\SYSTEM32\UMPDC.dll
0x00007fffd5570000 - 0x00007fffd558a000 	C:\WINDOWS\SYSTEM32\kernel.appcore.dll
0x00007fffd2bc0000 - 0x00007fffd2bca000 	c:\Users\ala\.vscode\extensions\redhat.java-1.41.1-win32-x64\jre\21.0.6-win32-x86_64\bin\jimage.dll
0x00007fffd3fd0000 - 0x00007fffd4211000 	C:\WINDOWS\SYSTEM32\DBGHELP.DLL
0x00007fffd85f0000 - 0x00007fffd8972000 	C:\WINDOWS\System32\combase.dll
0x00007fffd7650000 - 0x00007fffd7726000 	C:\WINDOWS\System32\OLEAUT32.dll
0x00007fffacda0000 - 0x00007fffacdd9000 	C:\WINDOWS\SYSTEM32\dbgcore.DLL
0x00007fffd6f80000 - 0x00007fffd7019000 	C:\WINDOWS\System32\bcryptPrimitives.dll
0x00007fffd0ce0000 - 0x00007fffd0cef000 	c:\Users\ala\.vscode\extensions\redhat.java-1.41.1-win32-x64\jre\21.0.6-win32-x86_64\bin\instrument.dll
0x00007fffbccc0000 - 0x00007fffbccdf000 	c:\Users\ala\.vscode\extensions\redhat.java-1.41.1-win32-x64\jre\21.0.6-win32-x86_64\bin\java.dll
0x00007fffd8980000 - 0x00007fffd90a9000 	C:\WINDOWS\System32\SHELL32.dll
0x00007fffd7020000 - 0x00007fffd7188000 	C:\WINDOWS\System32\wintypes.dll
0x00007fffd4400000 - 0x00007fffd4c52000 	C:\WINDOWS\SYSTEM32\windows.storage.dll
0x00007fffd82b0000 - 0x00007fffd839d000 	C:\WINDOWS\System32\SHCORE.dll
0x00007fffd7730000 - 0x00007fffd7794000 	C:\WINDOWS\System32\shlwapi.dll
0x00007fffd66b0000 - 0x00007fffd66df000 	C:\WINDOWS\SYSTEM32\profapi.dll
0x00007fffb7fa0000 - 0x00007fffb7fb8000 	c:\Users\ala\.vscode\extensions\redhat.java-1.41.1-win32-x64\jre\21.0.6-win32-x86_64\bin\zip.dll
0x00007fffd0770000 - 0x00007fffd0780000 	C:\Users\ala\.vscode\extensions\redhat.java-1.41.1-win32-x64\jre\21.0.6-win32-x86_64\bin\net.dll
0x00007fffcf500000 - 0x00007fffcf61d000 	C:\WINDOWS\SYSTEM32\WINHTTP.dll
0x00007fffd5a70000 - 0x00007fffd5ada000 	C:\WINDOWS\system32\mswsock.dll
0x00007fffb22c0000 - 0x00007fffb22d6000 	C:\Users\ala\.vscode\extensions\redhat.java-1.41.1-win32-x64\jre\21.0.6-win32-x86_64\bin\nio.dll
0x00007fffd01f0000 - 0x00007fffd0200000 	c:\Users\ala\.vscode\extensions\redhat.java-1.41.1-win32-x64\jre\21.0.6-win32-x86_64\bin\verify.dll
0x00007fffa5580000 - 0x00007fffa55c5000 	C:\Users\ala\AppData\Roaming\Code\User\globalStorage\redhat.java\1.41.1\config_ss_win\org.eclipse.equinox.launcher\org.eclipse.equinox.launcher.win32.win32.x86_64_1.2.1300.v20250331-1702\eclipse_11911.dll
0x00007fffd8010000 - 0x00007fffd81a6000 	C:\WINDOWS\System32\ole32.dll
0x00007fffd5e20000 - 0x00007fffd5e3c000 	C:\WINDOWS\SYSTEM32\CRYPTSP.dll
0x00007fffd54d0000 - 0x00007fffd550a000 	C:\WINDOWS\system32\rsaenh.dll
0x00007fffd5b10000 - 0x00007fffd5b3b000 	C:\WINDOWS\SYSTEM32\USERENV.dll
0x00007fffd6680000 - 0x00007fffd66a6000 	C:\WINDOWS\SYSTEM32\bcrypt.dll
0x00007fffd5ca0000 - 0x00007fffd5cac000 	C:\WINDOWS\SYSTEM32\CRYPTBASE.dll
0x00007fffd4f70000 - 0x00007fffd4fa3000 	C:\WINDOWS\SYSTEM32\IPHLPAPI.DLL
0x00007fffd8470000 - 0x00007fffd847a000 	C:\WINDOWS\System32\NSI.dll
0x00007fffafe90000 - 0x00007fffafed9000 	C:\Users\ala\AppData\Local\Temp\jna-96662\jna10093796135973897465.dll
0x00007fffd85e0000 - 0x00007fffd85e8000 	C:\WINDOWS\System32\PSAPI.DLL
0x00007fffcfeb0000 - 0x00007fffcfecf000 	C:\WINDOWS\SYSTEM32\dhcpcsvc6.DLL
0x00007fffcfe80000 - 0x00007fffcfea5000 	C:\WINDOWS\SYSTEM32\dhcpcsvc.DLL

dbghelp: loaded successfully - version: 4.0.5 - missing functions: none
symbol engine: initialized successfully - sym options: 0x614 - pdb path: .;c:\Users\ala\.vscode\extensions\redhat.java-1.41.1-win32-x64\jre\21.0.6-win32-x86_64\bin;C:\WINDOWS\SYSTEM32;C:\WINDOWS\WinSxS\amd64_microsoft.windows.common-controls_6595b64144ccf1df_6.0.26100.3624_none_3e086962e3345f24;c:\Users\ala\.vscode\extensions\redhat.java-1.41.1-win32-x64\jre\21.0.6-win32-x86_64\bin\server;C:\Users\ala\AppData\Roaming\Code\User\globalStorage\redhat.java\1.41.1\config_ss_win\org.eclipse.equinox.launcher\org.eclipse.equinox.launcher.win32.win32.x86_64_1.2.1300.v20250331-1702;C:\Users\ala\AppData\Local\Temp\jna-96662

VM Arguments:
jvm_args: --add-modules=ALL-SYSTEM --add-opens=java.base/java.util=ALL-UNNAMED --add-opens=java.base/java.lang=ALL-UNNAMED --add-opens=java.base/sun.nio.fs=ALL-UNNAMED -Declipse.application=org.eclipse.jdt.ls.core.id1 -Dosgi.bundles.defaultStartLevel=4 -Declipse.product=org.eclipse.jdt.ls.core.product -Djava.import.generatesMetadataFilesAtProjectRoot=false -DDetectVMInstallationsJob.disabled=true -Dfile.encoding=utf8 -XX:+UseParallelGC -XX:GCTimeRatio=4 -XX:AdaptiveSizePolicyWeight=90 -Dsun.zip.disableMemoryMapping=true -Xmx1G -Xms100m -Xlog:disable -javaagent:c:\Users\ala\.vscode\extensions\redhat.java-1.41.1-win32-x64\lombok\lombok-1.18.36.jar 
java_command: c:\Users\ala\.vscode\extensions\redhat.java-1.41.1-win32-x64\server\plugins\org.eclipse.equinox.launcher_1.7.0.v20250331-1702.jar -configuration c:\Users\ala\AppData\Roaming\Code\User\globalStorage\redhat.java\1.41.1\config_ss_win -data c:\Users\ala\AppData\Roaming\Code\User\workspaceStorage\5d2470ca3e79821120c345c9360372f0\redhat.java\ss_ws --pipe=\\.\pipe\lsp-c2641b60c6f295ceb0298edd1b26d971-sock
java_class_path (initial): c:\Users\ala\.vscode\extensions\redhat.java-1.41.1-win32-x64\server\plugins\org.eclipse.equinox.launcher_1.7.0.v20250331-1702.jar
Launcher Type: SUN_STANDARD

[Global flags]
    uintx AdaptiveSizePolicyWeight                 = 90                                        {product} {command line}
     intx CICompilerCount                          = 4                                         {product} {ergonomic}
    uintx GCTimeRatio                              = 4                                         {product} {command line}
   size_t InitialHeapSize                          = 104857600                                 {product} {command line}
   size_t MaxHeapSize                              = 1073741824                                {product} {command line}
   size_t MaxNewSize                               = 357564416                                 {product} {ergonomic}
   size_t MinHeapDeltaBytes                        = 524288                                    {product} {ergonomic}
   size_t MinHeapSize                              = 104857600                                 {product} {command line}
   size_t NewSize                                  = 34603008                                  {product} {ergonomic}
    uintx NonNMethodCodeHeapSize                   = 5839372                                {pd product} {ergonomic}
    uintx NonProfiledCodeHeapSize                  = 122909434                              {pd product} {ergonomic}
   size_t OldSize                                  = 70254592                                  {product} {ergonomic}
    uintx ProfiledCodeHeapSize                     = 122909434                              {pd product} {ergonomic}
    uintx ReservedCodeCacheSize                    = 251658240                              {pd product} {ergonomic}
     bool SegmentedCodeCache                       = true                                      {product} {ergonomic}
   size_t SoftMaxHeapSize                          = 1073741824                             {manageable} {ergonomic}
     bool UseCompressedOops                        = true                           {product lp64_product} {ergonomic}
     bool UseLargePagesIndividualAllocation        = false                                  {pd product} {ergonomic}
     bool UseParallelGC                            = true                                      {product} {command line}

Logging:
Log output configuration:
 #0: stdout all=off uptime,level,tags foldmultilines=false
 #1: stderr all=off uptime,level,tags foldmultilines=false

Environment Variables:
PATH=C:\Program Files\Common Files\Oracle\Java\javapath;C:\Users\ala\AppData\Roaming\Microsoft\Windows\Start Menu\Programs\System Tools;C:\Program Files\dotnet\;C:\Users\ala\Documents\mongosh-2.0.2-win32-x64\bin;C:\ProgramData\Microsoft\Windows\Start Menu\Programs\Git;C:\Program Files\Java\jdk-19\bin;C:\Users\ala\Desktop\TP'S\SOA\TP3\apache-tomcat-9.0.65\bin;C:\Program Files\Apache Software Foundation\Tomcat 9.0;C:\Users\ala\AppData\Local\Android\Sdk\platform-tools;C:\Program Files\Docker\Docker\resources\bin;C:\Program Files\Git\cmd;C:\Program Files\MySQL\MySQL Server 8.2\bin;C:\Program Files\OpenSSL-Win64\bin;;C:\WINDOWS\System32\OpenSSH\;C:\Users\ala\AppData\Roaming\Microsoft\Windows\Start Menu\Programs\Python 3.10;C:\Program Files\nodejs\;C:\xampp\php;C:\composer;C:\WINDOWS\system32;C:\WINDOWS;C:\WINDOWS\System32\Wbem;C:\WINDOWS\System32\WindowsPowerShell\v1.0\;C:\Users\ala\.pyenv\pyenv-win\bin;C:\Users\ala\.pyenv\pyenv-win\shims;C:\Users\ala\AppData\Roaming\Microsoft\Windows\Start Menu\Programs\System Tools;C:\Program Files\dotnet\;C:\Users\ala\Documents\mongosh-2.0.2-win32-x64\bin;C:\ProgramData\Microsoft\Windows\Start Menu\Programs\Git;C:\Program Files\Java\jdk-19\bin;C:\Users\ala\Desktop\TP'S\SOA\TP3\apache-tomcat-9.0.65\bin;C:\Program Files\Apache Software Foundation\Tomcat 9.0;C:\Users\ala\AppData\Local\Android\Sdk\platform-tools;C:\Program Files\Docker\Docker\resources\bin;C:\Program Files\Git\cmd;C:\Users\ala\scoop\shims;C:\Users\ala\AppData\Local\Programs\Python\Python312\Scripts\;C:\Users\ala\AppData\Local\Programs\Python\Python312\;C:\Users\ala\AppData\Roaming\Microsoft\Windows\Start Menu\Programs\Python 3.11;C:\ProgramData\Microsoft\Windows\Start Menu\Programs\Node.js;C:\Windows\System32;C:\Users\ala\AppData\Local\Programs\Microsoft VS Code\bin;C:\Users\ala\AppData\Local\GitHubDesktop\bin;C:\Program Files\MongoDB\Server\6.0\bin;C:\Program Files\Erlang OTP;C:\Windows\System32\WindowsPowerShell\v1.0;C:\Program Files\RabbitMQ Server\rabbitmq_server-3.13.6\sbin;C:\Program Files\Erlang OTP\erts-15.0.1\bin;C:\Users\ala\AppData\Roaming\Microsoft\Windows\Start Menu\Programs\Python 3.10;C:\Users\ala\AppData\Roaming\npm;C:\Users\ala\AppData\Roaming\Composer\vendor\bin;C:\Users\ala\AppData\Local\Microsoft\WindowsApps;C:\Users\ala\AppData\Local\Programs\cursor\resources\app\bin;C:\Program Files (x86)\ApacheMaven\mvn\bin;
USERNAME=ala
OS=Windows_NT
PROCESSOR_IDENTIFIER=Intel64 Family 6 Model 140 Stepping 1, GenuineIntel
TMP=C:\Users\ala\AppData\Local\Temp
TEMP=C:\Users\ala\AppData\Local\Temp




Periodic native trim disabled

---------------  S Y S T E M  ---------------

OS:
 Windows 11 , 64 bit Build 26100 (10.0.26100.3775)
OS uptime: 0 days 2:49 hours
Hyper-V role detected

CPU: total 8 (initial active 8) (4 cores per cpu, 2 threads per core) family 6 model 140 stepping 1 microcode 0xac, cx8, cmov, fxsr, ht, mmx, 3dnowpref, sse, sse2, sse3, ssse3, sse4.1, sse4.2, popcnt, lzcnt, tsc, tscinvbit, avx, avx2, aes, erms, clmul, bmi1, bmi2, adx, avx512f, avx512dq, avx512cd, avx512bw, avx512vl, sha, fma, vzeroupper, avx512_vpopcntdq, avx512_vpclmulqdq, avx512_vaes, avx512_vnni, clflush, clflushopt, clwb, avx512_vbmi2, avx512_vbmi, hv, rdtscp, rdpid, fsrm, gfni, avx512_bitalg, f16c, cet_ibt, cet_ss, avx512_ifma
Processor Information for processor 0
  Max Mhz: 2419, Current Mhz: 2419, Mhz Limit: 2419
Processor Information for processor 1
  Max Mhz: 2419, Current Mhz: 2419, Mhz Limit: 2419
Processor Information for processor 2
  Max Mhz: 2419, Current Mhz: 1209, Mhz Limit: 2419
Processor Information for processor 3
  Max Mhz: 2419, Current Mhz: 2419, Mhz Limit: 2419
Processor Information for processor 4
  Max Mhz: 2419, Current Mhz: 2419, Mhz Limit: 2419
Processor Information for processor 5
  Max Mhz: 2419, Current Mhz: 2419, Mhz Limit: 2419
Processor Information for processor 6
  Max Mhz: 2419, Current Mhz: 2419, Mhz Limit: 2419
Processor Information for processor 7
  Max Mhz: 2419, Current Mhz: 1209, Mhz Limit: 2419

Memory: 4k page, system-wide physical 7932M (580M free)
TotalPageFile size 17932M (AvailPageFile size 7M)
current process WorkingSet (physical memory assigned to process): 205M, peak: 215M
current process commit charge ("private bytes"): 303M, peak: 310M

vm_info: OpenJDK 64-Bit Server VM (21.0.6+7-LTS) for windows-amd64 JRE (21.0.6+7-LTS), built on 2025-01-21T00:00:00Z by "admin" with MS VC++ 17.7 (VS2022)

END.
