#
# There is insufficient memory for the Java Runtime Environment to continue.
# Native memory allocation (malloc) failed to allocate 102272 bytes. Error detail: Chunk::new
# Possible reasons:
#   The system is out of physical RAM or swap space
#   This process is running with CompressedOops enabled, and the Java Heap may be blocking the growth of the native heap
# Possible solutions:
#   Reduce memory load on the system
#   Increase physical memory or swap space
#   Check if swap backing store is full
#   Decrease Java heap size (-Xmx/-Xms)
#   Decrease number of Java threads
#   Decrease Java thread stack sizes (-Xss)
#   Set larger code cache with -XX:ReservedCodeCacheSize=
#   JVM is running with Unscaled Compressed Oops mode in which the Java heap is
#     placed in the first 4GB address space. The Java Heap base address is the
#     maximum limit for the native heap growth. Please use -XX:HeapBaseMinAddress
#     to set the Java Heap base and to place the Java Heap above 4GB virtual address.
# This output file may be truncated or incomplete.
#
#  Out of Memory Error (arena.cpp:150), pid=5432, tid=8080
#
# JRE version: Java(TM) SE Runtime Environment (22.0.2+9) (build 22.0.2+9-70)
# Java VM: Java HotSpot(TM) 64-Bit Server VM (22.0.2+9-70, mixed mode, sharing, tiered, compressed oops, compressed class ptrs, g1 gc, windows-amd64)
# No core dump will be written. Minidumps are not enabled by default on client versions of Windows
#

---------------  S U M M A R Y ------------

Command Line: -Dclassworlds.conf=C:\Program Files (x86)\ApacheMaven\mvn\bin\m2.conf -Dmaven.home=C:\Program Files (x86)\ApacheMaven\mvn -Dlibrary.jansi.path=C:\Program Files (x86)\ApacheMaven\mvn\lib\jansi-native -Dmaven.multiModuleProjectDirectory=C:\Users\ala\Desktop\backend org.codehaus.plexus.classworlds.launcher.Launcher spring-boot:run

Host: 11th Gen Intel(R) Core(TM) i5-1135G7 @ 2.40GHz, 8 cores, 7G,  Windows 11 , 64 bit Build 26100 (10.0.26100.3775)
Time: Mon May 12 18:02:29 2025 W. Central Africa Standard Time elapsed time: 6.653147 seconds (0d 0h 0m 6s)

---------------  T H R E A D  ---------------

Current thread (0x00000285f149bd80):  JavaThread "C2 CompilerThread1" daemon [_thread_in_native, id=8080, stack(0x000000e69eb00000,0x000000e69ec00000) (1024K)]


Current CompileTask:
C2:6653 3333   !   4       org.apache.maven.model.Dependency::clone (137 bytes)

Stack: [0x000000e69eb00000,0x000000e69ec00000]
Native frames: (J=compiled Java code, j=interpreted, Vv=VM code, C=native code)
V  [jvm.dll+0x6e26e9]  (no source info available)
V  [jvm.dll+0x875753]  (no source info available)
V  [jvm.dll+0x877b7e]  (no source info available)
V  [jvm.dll+0x878253]  (no source info available)
V  [jvm.dll+0x27fc86]  (no source info available)
V  [jvm.dll+0xc3d0f]  (no source info available)
V  [jvm.dll+0xc3f6b]  (no source info available)
V  [jvm.dll+0x3bb47c]  (no source info available)
V  [jvm.dll+0x387d4b]  (no source info available)
V  [jvm.dll+0x3871ba]  (no source info available)
V  [jvm.dll+0x2477f8]  (no source info available)
V  [jvm.dll+0x246e9f]  (no source info available)
V  [jvm.dll+0x1c4e80]  (no source info available)
V  [jvm.dll+0x2568f3]  (no source info available)
V  [jvm.dll+0x254baa]  (no source info available)
V  [jvm.dll+0x3f57a6]  (no source info available)
V  [jvm.dll+0x81dc0b]  (no source info available)
V  [jvm.dll+0x6e0d85]  (no source info available)
C  [ucrtbase.dll+0x37b0]  (no source info available)
C  [KERNEL32.DLL+0x2e8d7]  (no source info available)
C  [ntdll.dll+0xb14fc]  (no source info available)


---------------  P R O C E S S  ---------------

Threads class SMR info:
_java_thread_list=0x00000285f22721e0, length=13, elements={
0x000002858ca495b0, 0x00000285ab4dea50, 0x00000285ab4df5a0, 0x00000285ab4e9dc0,
0x00000285ab4eb6d0, 0x00000285ab4f53e0, 0x00000285ab4f9bc0, 0x00000285ab5057c0,
0x00000285ab50b8b0, 0x00000285ab4f6dd0, 0x00000285ab4f7af0, 0x00000285f149bd80,
0x00000285ab4fa250
}

Java Threads: ( => current thread )
  0x000002858ca495b0 JavaThread "main"                              [_thread_blocked, id=13380, stack(0x000000e69d900000,0x000000e69da00000) (1024K)]
  0x00000285ab4dea50 JavaThread "Reference Handler"          daemon [_thread_blocked, id=2872, stack(0x000000e69e100000,0x000000e69e200000) (1024K)]
  0x00000285ab4df5a0 JavaThread "Finalizer"                  daemon [_thread_blocked, id=2896, stack(0x000000e69e200000,0x000000e69e300000) (1024K)]
  0x00000285ab4e9dc0 JavaThread "Signal Dispatcher"          daemon [_thread_blocked, id=17740, stack(0x000000e69e300000,0x000000e69e400000) (1024K)]
  0x00000285ab4eb6d0 JavaThread "Attach Listener"            daemon [_thread_blocked, id=6664, stack(0x000000e69e400000,0x000000e69e500000) (1024K)]
  0x00000285ab4f53e0 JavaThread "Service Thread"             daemon [_thread_blocked, id=1848, stack(0x000000e69e500000,0x000000e69e600000) (1024K)]
  0x00000285ab4f9bc0 JavaThread "Monitor Deflation Thread"   daemon [_thread_blocked, id=11068, stack(0x000000e69e600000,0x000000e69e700000) (1024K)]
  0x00000285ab5057c0 JavaThread "C2 CompilerThread0"         daemon [_thread_in_native, id=21140, stack(0x000000e69e700000,0x000000e69e800000) (1024K)]
  0x00000285ab50b8b0 JavaThread "C1 CompilerThread0"         daemon [_thread_blocked, id=12180, stack(0x000000e69e800000,0x000000e69e900000) (1024K)]
  0x00000285ab4f6dd0 JavaThread "Notification Thread"        daemon [_thread_blocked, id=18444, stack(0x000000e69e900000,0x000000e69ea00000) (1024K)]
  0x00000285ab4f7af0 JavaThread "Common-Cleaner"             daemon [_thread_blocked, id=14192, stack(0x000000e69ea00000,0x000000e69eb00000) (1024K)]
=>0x00000285f149bd80 JavaThread "C2 CompilerThread1"         daemon [_thread_in_native, id=8080, stack(0x000000e69eb00000,0x000000e69ec00000) (1024K)]
  0x00000285ab4fa250 JavaThread "Thread-1"                   daemon [_thread_blocked, id=16564, stack(0x000000e69f300000,0x000000e69f400000) (1024K)]
Total: 13

Other Threads:
  0x00000285ab4c5ea0 VMThread "VM Thread"                           [id=13364, stack(0x000000e69e000000,0x000000e69e100000) (1024K)] _threads_hazard_ptr=0x00000285f22721e0
  0x00000285ab4abdc0 WatcherThread "VM Periodic Task Thread"        [id=10116, stack(0x000000e69df00000,0x000000e69e000000) (1024K)]
  0x000002858edb3e20 WorkerThread "GC Thread#0"                     [id=4500, stack(0x000000e69da00000,0x000000e69db00000) (1024K)]
  0x00000285f1e4e010 WorkerThread "GC Thread#1"                     [id=13320, stack(0x000000e69ec00000,0x000000e69ed00000) (1024K)]
  0x00000285f1f94d10 WorkerThread "GC Thread#2"                     [id=17940, stack(0x000000e69ed00000,0x000000e69ee00000) (1024K)]
  0x00000285f1f950c0 WorkerThread "GC Thread#3"                     [id=18776, stack(0x000000e69ee00000,0x000000e69ef00000) (1024K)]
  0x00000285f1f95470 WorkerThread "GC Thread#4"                     [id=20588, stack(0x000000e69ef00000,0x000000e69f000000) (1024K)]
  0x00000285f19f9300 WorkerThread "GC Thread#5"                     [id=14916, stack(0x000000e69f000000,0x000000e69f100000) (1024K)]
  0x00000285f19f96b0 WorkerThread "GC Thread#6"                     [id=21052, stack(0x000000e69f100000,0x000000e69f200000) (1024K)]
  0x00000285f19fa280 WorkerThread "GC Thread#7"                     [id=18636, stack(0x000000e69f200000,0x000000e69f300000) (1024K)]
  0x000002858edc4610 ConcurrentGCThread "G1 Main Marker"            [id=20236, stack(0x000000e69db00000,0x000000e69dc00000) (1024K)]
  0x000002858edc5130 WorkerThread "G1 Conc#0"                       [id=19840, stack(0x000000e69dc00000,0x000000e69dd00000) (1024K)]
  0x00000285ab37b140 ConcurrentGCThread "G1 Refine#0"               [id=20868, stack(0x000000e69dd00000,0x000000e69de00000) (1024K)]
  0x00000285ab37bad0 ConcurrentGCThread "G1 Service"                [id=11316, stack(0x000000e69de00000,0x000000e69df00000) (1024K)]
Total: 14

Threads with active compile tasks:
C2 CompilerThread0  8847 3588   !   4       java.util.zip.InflaterInputStream::read (129 bytes)
C1 CompilerThread0  8847 3611       1       org.apache.maven.model.Build::setOutputDirectory (6 bytes)
C2 CompilerThread1  8847 3333   !   4       org.apache.maven.model.Dependency::clone (137 bytes)
Total: 3

VM state: synchronizing (normal execution)

VM Mutex/Monitor currently owned by a thread:  ([mutex/lock_event])
[0x00007ff92d5fcb80] Threads_lock - owner thread: 0x00000285ab4c5ea0

Heap address: 0x0000000084000000, size: 1984 MB, Compressed Oops mode: 32-bit

CDS archive(s) mapped at: [0x00000285ac000000-0x00000285acc60000-0x00000285acc60000), size 12976128, SharedBaseAddress: 0x00000285ac000000, ArchiveRelocationMode: 1.
Compressed class space mapped at: 0x00000285ad000000-0x00000285ed000000, reserved size: 1073741824
Narrow klass base: 0x00000285ac000000, Narrow klass shift: 0, Narrow klass range: 0x41000000

GC Precious Log:
 CardTable entry size: 512
 Card Set container configuration: InlinePtr #cards 5 size 8 Array Of Cards #cards 12 size 40 Howl #buckets 4 coarsen threshold 1843 Howl Bitmap #cards 512 size 80 coarsen threshold 460 Card regions per heap region 1 cards per card region 2048
 CPUs: 8 total, 8 available
 Memory: 7932M
 Large Page Support: Disabled
 NUMA Support: Disabled
 Compressed Oops: Enabled (32-bit)
 Heap Region Size: 1M
 Heap Min Capacity: 8M
 Heap Initial Capacity: 124M
 Heap Max Capacity: 1984M
 Pre-touch: Disabled
 Parallel Workers: 8
 Concurrent Workers: 2
 Concurrent Refinement Workers: 8
 Periodic GC: Disabled

Heap:
 garbage-first heap   total reserved 2031616K, committed 126976K, used 56399K [0x0000000084000000, 0x0000000100000000)
  region size 1024K, 53 young (54272K), 3 survivors (3072K)
 Metaspace       used 15507K, committed 15744K, reserved 1114112K
  class space    used 1875K, committed 1984K, reserved 1048576K

Heap Regions: E=young(eden), S=young(survivor), O=old, HS=humongous(starts), HC=humongous(continues), CS=collection set, F=free, TAMS=top-at-mark-start, PB=parsable bottom
|   0|0x0000000084000000, 0x0000000084100000, 0x0000000084100000|100%| O|  |TAMS 0x0000000084000000| PB 0x0000000084000000| Untracked |  0
|   1|0x0000000084100000, 0x0000000084200000, 0x0000000084200000|100%| O|  |TAMS 0x0000000084100000| PB 0x0000000084100000| Untracked |  0
|   2|0x0000000084200000, 0x0000000084300000, 0x0000000084300000|100%| O|  |TAMS 0x0000000084200000| PB 0x0000000084200000| Untracked |  0
|   3|0x0000000084300000, 0x00000000843d2398, 0x0000000084400000| 82%| O|  |TAMS 0x0000000084300000| PB 0x0000000084300000| Untracked |  0
|   4|0x0000000084400000, 0x0000000084400000, 0x0000000084500000|  0%| F|  |TAMS 0x0000000084400000| PB 0x0000000084400000| Untracked |  0
|   5|0x0000000084500000, 0x0000000084500000, 0x0000000084600000|  0%| F|  |TAMS 0x0000000084500000| PB 0x0000000084500000| Untracked |  0
|   6|0x0000000084600000, 0x0000000084600000, 0x0000000084700000|  0%| F|  |TAMS 0x0000000084600000| PB 0x0000000084600000| Untracked |  0
|   7|0x0000000084700000, 0x0000000084700000, 0x0000000084800000|  0%| F|  |TAMS 0x0000000084700000| PB 0x0000000084700000| Untracked |  0
|   8|0x0000000084800000, 0x0000000084800000, 0x0000000084900000|  0%| F|  |TAMS 0x0000000084800000| PB 0x0000000084800000| Untracked |  0
|   9|0x0000000084900000, 0x0000000084900000, 0x0000000084a00000|  0%| F|  |TAMS 0x0000000084900000| PB 0x0000000084900000| Untracked |  0
|  10|0x0000000084a00000, 0x0000000084a00000, 0x0000000084b00000|  0%| F|  |TAMS 0x0000000084a00000| PB 0x0000000084a00000| Untracked |  0
|  11|0x0000000084b00000, 0x0000000084b00000, 0x0000000084c00000|  0%| F|  |TAMS 0x0000000084b00000| PB 0x0000000084b00000| Untracked |  0
|  12|0x0000000084c00000, 0x0000000084c00000, 0x0000000084d00000|  0%| F|  |TAMS 0x0000000084c00000| PB 0x0000000084c00000| Untracked |  0
|  13|0x0000000084d00000, 0x0000000084d00000, 0x0000000084e00000|  0%| F|  |TAMS 0x0000000084d00000| PB 0x0000000084d00000| Untracked |  0
|  14|0x0000000084e00000, 0x0000000084e00000, 0x0000000084f00000|  0%| F|  |TAMS 0x0000000084e00000| PB 0x0000000084e00000| Untracked |  0
|  15|0x0000000084f00000, 0x0000000084f00000, 0x0000000085000000|  0%| F|  |TAMS 0x0000000084f00000| PB 0x0000000084f00000| Untracked |  0
|  16|0x0000000085000000, 0x0000000085000000, 0x0000000085100000|  0%| F|  |TAMS 0x0000000085000000| PB 0x0000000085000000| Untracked |  0
|  17|0x0000000085100000, 0x0000000085100000, 0x0000000085200000|  0%| F|  |TAMS 0x0000000085100000| PB 0x0000000085100000| Untracked |  0
|  18|0x0000000085200000, 0x0000000085200000, 0x0000000085300000|  0%| F|  |TAMS 0x0000000085200000| PB 0x0000000085200000| Untracked |  0
|  19|0x0000000085300000, 0x0000000085300000, 0x0000000085400000|  0%| F|  |TAMS 0x0000000085300000| PB 0x0000000085300000| Untracked |  0
|  20|0x0000000085400000, 0x0000000085400000, 0x0000000085500000|  0%| F|  |TAMS 0x0000000085400000| PB 0x0000000085400000| Untracked |  0
|  21|0x0000000085500000, 0x0000000085500000, 0x0000000085600000|  0%| F|  |TAMS 0x0000000085500000| PB 0x0000000085500000| Untracked |  0
|  22|0x0000000085600000, 0x0000000085600000, 0x0000000085700000|  0%| F|  |TAMS 0x0000000085600000| PB 0x0000000085600000| Untracked |  0
|  23|0x0000000085700000, 0x0000000085700000, 0x0000000085800000|  0%| F|  |TAMS 0x0000000085700000| PB 0x0000000085700000| Untracked |  0
|  24|0x0000000085800000, 0x0000000085800000, 0x0000000085900000|  0%| F|  |TAMS 0x0000000085800000| PB 0x0000000085800000| Untracked |  0
|  25|0x0000000085900000, 0x0000000085900000, 0x0000000085a00000|  0%| F|  |TAMS 0x0000000085900000| PB 0x0000000085900000| Untracked |  0
|  26|0x0000000085a00000, 0x0000000085a00000, 0x0000000085b00000|  0%| F|  |TAMS 0x0000000085a00000| PB 0x0000000085a00000| Untracked |  0
|  27|0x0000000085b00000, 0x0000000085b00000, 0x0000000085c00000|  0%| F|  |TAMS 0x0000000085b00000| PB 0x0000000085b00000| Untracked |  0
|  28|0x0000000085c00000, 0x0000000085c00000, 0x0000000085d00000|  0%| F|  |TAMS 0x0000000085c00000| PB 0x0000000085c00000| Untracked |  0
|  29|0x0000000085d00000, 0x0000000085d00000, 0x0000000085e00000|  0%| F|  |TAMS 0x0000000085d00000| PB 0x0000000085d00000| Untracked |  0
|  30|0x0000000085e00000, 0x0000000085e00000, 0x0000000085f00000|  0%| F|  |TAMS 0x0000000085e00000| PB 0x0000000085e00000| Untracked |  0
|  31|0x0000000085f00000, 0x0000000085f00000, 0x0000000086000000|  0%| F|  |TAMS 0x0000000085f00000| PB 0x0000000085f00000| Untracked |  0
|  32|0x0000000086000000, 0x0000000086000000, 0x0000000086100000|  0%| F|  |TAMS 0x0000000086000000| PB 0x0000000086000000| Untracked |  0
|  33|0x0000000086100000, 0x0000000086100000, 0x0000000086200000|  0%| F|  |TAMS 0x0000000086100000| PB 0x0000000086100000| Untracked |  0
|  34|0x0000000086200000, 0x0000000086200000, 0x0000000086300000|  0%| F|  |TAMS 0x0000000086200000| PB 0x0000000086200000| Untracked |  0
|  35|0x0000000086300000, 0x0000000086300000, 0x0000000086400000|  0%| F|  |TAMS 0x0000000086300000| PB 0x0000000086300000| Untracked |  0
|  36|0x0000000086400000, 0x0000000086400000, 0x0000000086500000|  0%| F|  |TAMS 0x0000000086400000| PB 0x0000000086400000| Untracked |  0
|  37|0x0000000086500000, 0x0000000086500000, 0x0000000086600000|  0%| F|  |TAMS 0x0000000086500000| PB 0x0000000086500000| Untracked |  0
|  38|0x0000000086600000, 0x0000000086600000, 0x0000000086700000|  0%| F|  |TAMS 0x0000000086600000| PB 0x0000000086600000| Untracked |  0
|  39|0x0000000086700000, 0x0000000086700000, 0x0000000086800000|  0%| F|  |TAMS 0x0000000086700000| PB 0x0000000086700000| Untracked |  0
|  40|0x0000000086800000, 0x0000000086800000, 0x0000000086900000|  0%| F|  |TAMS 0x0000000086800000| PB 0x0000000086800000| Untracked |  0
|  41|0x0000000086900000, 0x0000000086900000, 0x0000000086a00000|  0%| F|  |TAMS 0x0000000086900000| PB 0x0000000086900000| Untracked |  0
|  42|0x0000000086a00000, 0x0000000086a00000, 0x0000000086b00000|  0%| F|  |TAMS 0x0000000086a00000| PB 0x0000000086a00000| Untracked |  0
|  43|0x0000000086b00000, 0x0000000086b00000, 0x0000000086c00000|  0%| F|  |TAMS 0x0000000086b00000| PB 0x0000000086b00000| Untracked |  0
|  44|0x0000000086c00000, 0x0000000086c00000, 0x0000000086d00000|  0%| F|  |TAMS 0x0000000086c00000| PB 0x0000000086c00000| Untracked |  0
|  45|0x0000000086d00000, 0x0000000086d00000, 0x0000000086e00000|  0%| F|  |TAMS 0x0000000086d00000| PB 0x0000000086d00000| Untracked |  0
|  46|0x0000000086e00000, 0x0000000086e00000, 0x0000000086f00000|  0%| F|  |TAMS 0x0000000086e00000| PB 0x0000000086e00000| Untracked |  0
|  47|0x0000000086f00000, 0x0000000086f00000, 0x0000000087000000|  0%| F|  |TAMS 0x0000000086f00000| PB 0x0000000086f00000| Untracked |  0
|  48|0x0000000087000000, 0x0000000087000000, 0x0000000087100000|  0%| F|  |TAMS 0x0000000087000000| PB 0x0000000087000000| Untracked |  0
|  49|0x0000000087100000, 0x0000000087100000, 0x0000000087200000|  0%| F|  |TAMS 0x0000000087100000| PB 0x0000000087100000| Untracked |  0
|  50|0x0000000087200000, 0x0000000087200000, 0x0000000087300000|  0%| F|  |TAMS 0x0000000087200000| PB 0x0000000087200000| Untracked |  0
|  51|0x0000000087300000, 0x0000000087300000, 0x0000000087400000|  0%| F|  |TAMS 0x0000000087300000| PB 0x0000000087300000| Untracked |  0
|  52|0x0000000087400000, 0x0000000087400000, 0x0000000087500000|  0%| F|  |TAMS 0x0000000087400000| PB 0x0000000087400000| Untracked |  0
|  53|0x0000000087500000, 0x0000000087500000, 0x0000000087600000|  0%| F|  |TAMS 0x0000000087500000| PB 0x0000000087500000| Untracked |  0
|  54|0x0000000087600000, 0x0000000087600000, 0x0000000087700000|  0%| F|  |TAMS 0x0000000087600000| PB 0x0000000087600000| Untracked |  0
|  55|0x0000000087700000, 0x0000000087700000, 0x0000000087800000|  0%| F|  |TAMS 0x0000000087700000| PB 0x0000000087700000| Untracked |  0
|  56|0x0000000087800000, 0x0000000087800000, 0x0000000087900000|  0%| F|  |TAMS 0x0000000087800000| PB 0x0000000087800000| Untracked |  0
|  57|0x0000000087900000, 0x0000000087900000, 0x0000000087a00000|  0%| F|  |TAMS 0x0000000087900000| PB 0x0000000087900000| Untracked |  0
|  58|0x0000000087a00000, 0x0000000087a00000, 0x0000000087b00000|  0%| F|  |TAMS 0x0000000087a00000| PB 0x0000000087a00000| Untracked |  0
|  59|0x0000000087b00000, 0x0000000087b00000, 0x0000000087c00000|  0%| F|  |TAMS 0x0000000087b00000| PB 0x0000000087b00000| Untracked |  0
|  60|0x0000000087c00000, 0x0000000087c00000, 0x0000000087d00000|  0%| F|  |TAMS 0x0000000087c00000| PB 0x0000000087c00000| Untracked |  0
|  61|0x0000000087d00000, 0x0000000087d00000, 0x0000000087e00000|  0%| F|  |TAMS 0x0000000087d00000| PB 0x0000000087d00000| Untracked |  0
|  62|0x0000000087e00000, 0x0000000087e00000, 0x0000000087f00000|  0%| F|  |TAMS 0x0000000087e00000| PB 0x0000000087e00000| Untracked |  0
|  63|0x0000000087f00000, 0x0000000087f00000, 0x0000000088000000|  0%| F|  |TAMS 0x0000000087f00000| PB 0x0000000087f00000| Untracked |  0
|  64|0x0000000088000000, 0x0000000088000000, 0x0000000088100000|  0%| F|  |TAMS 0x0000000088000000| PB 0x0000000088000000| Untracked |  0
|  65|0x0000000088100000, 0x0000000088100000, 0x0000000088200000|  0%| F|  |TAMS 0x0000000088100000| PB 0x0000000088100000| Untracked |  0
|  66|0x0000000088200000, 0x0000000088200000, 0x0000000088300000|  0%| F|  |TAMS 0x0000000088200000| PB 0x0000000088200000| Untracked |  0
|  67|0x0000000088300000, 0x0000000088300000, 0x0000000088400000|  0%| F|  |TAMS 0x0000000088300000| PB 0x0000000088300000| Untracked |  0
|  68|0x0000000088400000, 0x0000000088400000, 0x0000000088500000|  0%| F|  |TAMS 0x0000000088400000| PB 0x0000000088400000| Untracked |  0
|  69|0x0000000088500000, 0x0000000088500000, 0x0000000088600000|  0%| F|  |TAMS 0x0000000088500000| PB 0x0000000088500000| Untracked |  0
|  70|0x0000000088600000, 0x0000000088600000, 0x0000000088700000|  0%| F|  |TAMS 0x0000000088600000| PB 0x0000000088600000| Untracked |  0
|  71|0x0000000088700000, 0x0000000088780000, 0x0000000088800000| 50%| E|  |TAMS 0x0000000088700000| PB 0x0000000088700000| Complete |  0
|  72|0x0000000088800000, 0x0000000088900000, 0x0000000088900000|100%| E|CS|TAMS 0x0000000088800000| PB 0x0000000088800000| Complete |  0
|  73|0x0000000088900000, 0x0000000088a00000, 0x0000000088a00000|100%| E|CS|TAMS 0x0000000088900000| PB 0x0000000088900000| Complete |  0
|  74|0x0000000088a00000, 0x0000000088b00000, 0x0000000088b00000|100%| E|CS|TAMS 0x0000000088a00000| PB 0x0000000088a00000| Complete |  0
|  75|0x0000000088b00000, 0x0000000088c00000, 0x0000000088c00000|100%| E|CS|TAMS 0x0000000088b00000| PB 0x0000000088b00000| Complete |  0
|  76|0x0000000088c00000, 0x0000000088d00000, 0x0000000088d00000|100%| E|CS|TAMS 0x0000000088c00000| PB 0x0000000088c00000| Complete |  0
|  77|0x0000000088d00000, 0x0000000088e00000, 0x0000000088e00000|100%| E|CS|TAMS 0x0000000088d00000| PB 0x0000000088d00000| Complete |  0
|  78|0x0000000088e00000, 0x0000000088f00000, 0x0000000088f00000|100%| E|CS|TAMS 0x0000000088e00000| PB 0x0000000088e00000| Complete |  0
|  79|0x0000000088f00000, 0x0000000089000000, 0x0000000089000000|100%| E|CS|TAMS 0x0000000088f00000| PB 0x0000000088f00000| Complete |  0
|  80|0x0000000089000000, 0x0000000089100000, 0x0000000089100000|100%| E|CS|TAMS 0x0000000089000000| PB 0x0000000089000000| Complete |  0
|  81|0x0000000089100000, 0x0000000089200000, 0x0000000089200000|100%| E|CS|TAMS 0x0000000089100000| PB 0x0000000089100000| Complete |  0
|  82|0x0000000089200000, 0x0000000089300000, 0x0000000089300000|100%| E|CS|TAMS 0x0000000089200000| PB 0x0000000089200000| Complete |  0
|  83|0x0000000089300000, 0x0000000089400000, 0x0000000089400000|100%| E|CS|TAMS 0x0000000089300000| PB 0x0000000089300000| Complete |  0
|  84|0x0000000089400000, 0x0000000089500000, 0x0000000089500000|100%| E|CS|TAMS 0x0000000089400000| PB 0x0000000089400000| Complete |  0
|  85|0x0000000089500000, 0x0000000089600000, 0x0000000089600000|100%| E|CS|TAMS 0x0000000089500000| PB 0x0000000089500000| Complete |  0
|  86|0x0000000089600000, 0x0000000089641968, 0x0000000089700000| 25%| S|CS|TAMS 0x0000000089600000| PB 0x0000000089600000| Complete |  0
|  87|0x0000000089700000, 0x0000000089800000, 0x0000000089800000|100%| S|CS|TAMS 0x0000000089700000| PB 0x0000000089700000| Complete |  0
|  88|0x0000000089800000, 0x0000000089900000, 0x0000000089900000|100%| S|CS|TAMS 0x0000000089800000| PB 0x0000000089800000| Complete |  0
|  89|0x0000000089900000, 0x0000000089a00000, 0x0000000089a00000|100%| E|CS|TAMS 0x0000000089900000| PB 0x0000000089900000| Complete |  0
|  90|0x0000000089a00000, 0x0000000089b00000, 0x0000000089b00000|100%| E|CS|TAMS 0x0000000089a00000| PB 0x0000000089a00000| Complete |  0
|  91|0x0000000089b00000, 0x0000000089c00000, 0x0000000089c00000|100%| E|CS|TAMS 0x0000000089b00000| PB 0x0000000089b00000| Complete |  0
|  92|0x0000000089c00000, 0x0000000089d00000, 0x0000000089d00000|100%| E|CS|TAMS 0x0000000089c00000| PB 0x0000000089c00000| Complete |  0
|  93|0x0000000089d00000, 0x0000000089e00000, 0x0000000089e00000|100%| E|CS|TAMS 0x0000000089d00000| PB 0x0000000089d00000| Complete |  0
|  94|0x0000000089e00000, 0x0000000089f00000, 0x0000000089f00000|100%| E|CS|TAMS 0x0000000089e00000| PB 0x0000000089e00000| Complete |  0
|  95|0x0000000089f00000, 0x000000008a000000, 0x000000008a000000|100%| E|CS|TAMS 0x0000000089f00000| PB 0x0000000089f00000| Complete |  0
|  96|0x000000008a000000, 0x000000008a100000, 0x000000008a100000|100%| E|CS|TAMS 0x000000008a000000| PB 0x000000008a000000| Complete |  0
|  97|0x000000008a100000, 0x000000008a200000, 0x000000008a200000|100%| E|CS|TAMS 0x000000008a100000| PB 0x000000008a100000| Complete |  0
|  98|0x000000008a200000, 0x000000008a300000, 0x000000008a300000|100%| E|CS|TAMS 0x000000008a200000| PB 0x000000008a200000| Complete |  0
|  99|0x000000008a300000, 0x000000008a400000, 0x000000008a400000|100%| E|CS|TAMS 0x000000008a300000| PB 0x000000008a300000| Complete |  0
| 100|0x000000008a400000, 0x000000008a500000, 0x000000008a500000|100%| E|CS|TAMS 0x000000008a400000| PB 0x000000008a400000| Complete |  0
| 101|0x000000008a500000, 0x000000008a600000, 0x000000008a600000|100%| E|CS|TAMS 0x000000008a500000| PB 0x000000008a500000| Complete |  0
| 102|0x000000008a600000, 0x000000008a700000, 0x000000008a700000|100%| E|CS|TAMS 0x000000008a600000| PB 0x000000008a600000| Complete |  0
| 103|0x000000008a700000, 0x000000008a800000, 0x000000008a800000|100%| E|CS|TAMS 0x000000008a700000| PB 0x000000008a700000| Complete |  0
| 104|0x000000008a800000, 0x000000008a900000, 0x000000008a900000|100%| E|CS|TAMS 0x000000008a800000| PB 0x000000008a800000| Complete |  0
| 105|0x000000008a900000, 0x000000008aa00000, 0x000000008aa00000|100%| E|CS|TAMS 0x000000008a900000| PB 0x000000008a900000| Complete |  0
| 106|0x000000008aa00000, 0x000000008ab00000, 0x000000008ab00000|100%| E|CS|TAMS 0x000000008aa00000| PB 0x000000008aa00000| Complete |  0
| 107|0x000000008ab00000, 0x000000008ac00000, 0x000000008ac00000|100%| E|CS|TAMS 0x000000008ab00000| PB 0x000000008ab00000| Complete |  0
| 108|0x000000008ac00000, 0x000000008ad00000, 0x000000008ad00000|100%| E|CS|TAMS 0x000000008ac00000| PB 0x000000008ac00000| Complete |  0
| 109|0x000000008ad00000, 0x000000008ae00000, 0x000000008ae00000|100%| E|CS|TAMS 0x000000008ad00000| PB 0x000000008ad00000| Complete |  0
| 110|0x000000008ae00000, 0x000000008af00000, 0x000000008af00000|100%| E|CS|TAMS 0x000000008ae00000| PB 0x000000008ae00000| Complete |  0
| 111|0x000000008af00000, 0x000000008b000000, 0x000000008b000000|100%| E|CS|TAMS 0x000000008af00000| PB 0x000000008af00000| Complete |  0
| 112|0x000000008b000000, 0x000000008b100000, 0x000000008b100000|100%| E|CS|TAMS 0x000000008b000000| PB 0x000000008b000000| Complete |  0
| 113|0x000000008b100000, 0x000000008b200000, 0x000000008b200000|100%| E|CS|TAMS 0x000000008b100000| PB 0x000000008b100000| Complete |  0
| 114|0x000000008b200000, 0x000000008b300000, 0x000000008b300000|100%| E|CS|TAMS 0x000000008b200000| PB 0x000000008b200000| Complete |  0
| 115|0x000000008b300000, 0x000000008b400000, 0x000000008b400000|100%| E|CS|TAMS 0x000000008b300000| PB 0x000000008b300000| Complete |  0
| 116|0x000000008b400000, 0x000000008b500000, 0x000000008b500000|100%| E|CS|TAMS 0x000000008b400000| PB 0x000000008b400000| Complete |  0
| 117|0x000000008b500000, 0x000000008b600000, 0x000000008b600000|100%| E|CS|TAMS 0x000000008b500000| PB 0x000000008b500000| Complete |  0
| 118|0x000000008b600000, 0x000000008b700000, 0x000000008b700000|100%| E|CS|TAMS 0x000000008b600000| PB 0x000000008b600000| Complete |  0
| 119|0x000000008b700000, 0x000000008b800000, 0x000000008b800000|100%| E|CS|TAMS 0x000000008b700000| PB 0x000000008b700000| Complete |  0
| 120|0x000000008b800000, 0x000000008b900000, 0x000000008b900000|100%| E|CS|TAMS 0x000000008b800000| PB 0x000000008b800000| Complete |  0
| 121|0x000000008b900000, 0x000000008ba00000, 0x000000008ba00000|100%| E|CS|TAMS 0x000000008b900000| PB 0x000000008b900000| Complete |  0
| 122|0x000000008ba00000, 0x000000008bb00000, 0x000000008bb00000|100%| E|CS|TAMS 0x000000008ba00000| PB 0x000000008ba00000| Complete |  0
| 123|0x000000008bb00000, 0x000000008bc00000, 0x000000008bc00000|100%| E|CS|TAMS 0x000000008bb00000| PB 0x000000008bb00000| Complete |  0

Card table byte_map: [0x00000285a67c0000,0x00000285a6ba0000] _byte_map_base: 0x00000285a63a0000

Marking Bits: (CMBitMap*) 0x000002858edb4530
 Bits: [0x00000285a6ba0000, 0x00000285a8aa0000)

Polling page: 0x000002858cc80000

Metaspace:

Usage:
  Non-class:     13.31 MB used.
      Class:      1.83 MB used.
       Both:     15.14 MB used.

Virtual space:
  Non-class space:       64.00 MB reserved,      13.44 MB ( 21%) committed,  1 nodes.
      Class space:        1.00 GB reserved,       1.94 MB ( <1%) committed,  1 nodes.
             Both:        1.06 GB reserved,      15.38 MB (  1%) committed. 

Chunk freelists:
   Non-Class:  2.12 MB
       Class:  13.91 MB
        Both:  16.03 MB

MaxMetaspaceSize: unlimited
CompressedClassSpaceSize: 1.00 GB
Initial GC threshold: 21.00 MB
Current GC threshold: 21.00 MB
CDS: on
 - commit_granule_bytes: 65536.
 - commit_granule_words: 8192.
 - virtual_space_node_default_size: 8388608.
 - enlarge_chunks_in_place: 1.
 - use_allocation_guard: 0.


Internal statistics:

num_allocs_failed_limit: 0.
num_arena_births: 174.
num_arena_deaths: 0.
num_vsnodes_births: 2.
num_vsnodes_deaths: 0.
num_space_committed: 246.
num_space_uncommitted: 0.
num_chunks_returned_to_freelist: 0.
num_chunks_taken_from_freelist: 674.
num_chunk_merges: 0.
num_chunk_splits: 476.
num_chunks_enlarged: 398.
num_inconsistent_stats: 0.

CodeHeap 'non-profiled nmethods': size=120000Kb used=1568Kb max_used=1568Kb free=118431Kb
 bounds [0x000002859eb80000, 0x000002859edf0000, 0x00000285a60b0000]
CodeHeap 'profiled nmethods': size=120000Kb used=7063Kb max_used=7063Kb free=112936Kb
 bounds [0x00000285970b0000, 0x00000285977a0000, 0x000002859e5e0000]
CodeHeap 'non-nmethods': size=5760Kb used=1551Kb max_used=1577Kb free=4208Kb
 bounds [0x000002859e5e0000, 0x000002859e850000, 0x000002859eb80000]
 total_blobs=4106 nmethods=3607 adapters=403
 compilation: enabled
              stopped_count=0, restarted_count=0
 full_count=0

Compilation events (20 events):
Event: 4.612 Thread 0x00000285ab50b8b0 3335   !   3       org.apache.maven.model.DependencyManagement::clone (137 bytes)
Event: 4.613 Thread 0x00000285ab50b8b0 nmethod 3335 0x0000028597719310 code [0x0000028597719680, 0x000002859771abb0]
Event: 4.614 Thread 0x00000285ab50b8b0 3337       3       java.util.Collections::unmodifiableList (51 bytes)
Event: 4.614 Thread 0x00000285ab50b8b0 nmethod 3337 0x000002859771b490 code [0x000002859771b6e0, 0x000002859771c1f8]
Event: 4.615 Thread 0x00000285ab50b8b0 3338       3       java.util.StringTokenizer::skipDelimiters (116 bytes)
Event: 4.616 Thread 0x00000285ab50b8b0 nmethod 3338 0x000002859771c490 code [0x000002859771c700, 0x000002859771d238]
Event: 4.616 Thread 0x00000285ab50b8b0 3339       3       java.lang.StringLatin1::regionMatchesCI (45 bytes)
Event: 4.616 Thread 0x00000285ab50b8b0 nmethod 3339 0x000002859771d690 code [0x000002859771d860, 0x000002859771db18]
Event: 4.619 Thread 0x00000285ab50b8b0 3340       3       java.lang.invoke.MethodHandles$Lookup::checkSecurityManager (97 bytes)
Event: 4.619 Thread 0x00000285ab50b8b0 nmethod 3340 0x000002859771dc90 code [0x000002859771de80, 0x000002859771e378]
Event: 4.619 Thread 0x00000285ab50b8b0 3341       3       jdk.internal.org.objectweb.asm.ClassWriter::<init> (7 bytes)
Event: 4.619 Thread 0x00000285ab50b8b0 nmethod 3341 0x000002859771e510 code [0x000002859771e6c0, 0x000002859771e808]
Event: 4.619 Thread 0x00000285ab50b8b0 3342       3       jdk.internal.org.objectweb.asm.ClassWriter::<init> (73 bytes)
Event: 4.620 Thread 0x00000285ab50b8b0 nmethod 3342 0x000002859771e890 code [0x000002859771ea80, 0x000002859771ef18]
Event: 4.620 Thread 0x00000285ab50b8b0 3344       3       java.util.ImmutableCollections$ListN::size (6 bytes)
Event: 4.620 Thread 0x00000285ab50b8b0 nmethod 3344 0x000002859771f090 code [0x000002859771f220, 0x000002859771f338]
Event: 4.620 Thread 0x00000285f149bd80 nmethod 3327 0x000002859ece7410 code [0x000002859ece76c0, 0x000002859ece86e8]
Event: 4.620 Thread 0x00000285ab50b8b0 3345       3       jdk.internal.org.objectweb.asm.ClassWriter::toByteArray (1517 bytes)
Event: 4.620 Thread 0x00000285f149bd80 3333   !   4       org.apache.maven.model.Dependency::clone (137 bytes)
Event: 4.623 Thread 0x00000285ab5057c0 nmethod 3314 0x000002859ece9190 code [0x000002859ece9480, 0x000002859eceaea8]

GC Heap History (4 events):
Event: 0.786 GC heap before
{Heap before GC invocations=0 (full 0):
 garbage-first heap   total reserved 2031616K, committed 126976K, used 24576K [0x0000000084000000, 0x0000000100000000)
  region size 1024K, 24 young (24576K), 0 survivors (0K)
 Metaspace       used 5614K, committed 5824K, reserved 1114112K
  class space    used 674K, committed 768K, reserved 1048576K
}
Event: 0.797 GC heap after
{Heap after GC invocations=1 (full 0):
 garbage-first heap   total reserved 2031616K, committed 126976K, used 3868K [0x0000000084000000, 0x0000000100000000)
  region size 1024K, 3 young (3072K), 3 survivors (3072K)
 Metaspace       used 5614K, committed 5824K, reserved 1114112K
  class space    used 674K, committed 768K, reserved 1048576K
}
Event: 3.737 GC heap before
{Heap before GC invocations=1 (full 0):
 garbage-first heap   total reserved 2031616K, committed 126976K, used 36636K [0x0000000084000000, 0x0000000100000000)
  region size 1024K, 35 young (35840K), 3 survivors (3072K)
 Metaspace       used 10720K, committed 10880K, reserved 1114112K
  class space    used 1304K, committed 1408K, reserved 1048576K
}
Event: 3.743 GC heap after
{Heap after GC invocations=2 (full 0):
 garbage-first heap   total reserved 2031616K, committed 126976K, used 6223K [0x0000000084000000, 0x0000000100000000)
  region size 1024K, 3 young (3072K), 3 survivors (3072K)
 Metaspace       used 10720K, committed 10880K, reserved 1114112K
  class space    used 1304K, committed 1408K, reserved 1048576K
}

Dll operation events (8 events):
Event: 0.015 Loaded shared library C:\Program Files\Java\jdk-22\bin\java.dll
Event: 0.051 Loaded shared library C:\Program Files\Java\jdk-22\bin\jsvml.dll
Event: 0.060 Loaded shared library C:\Program Files\Java\jdk-22\bin\net.dll
Event: 0.063 Loaded shared library C:\Program Files\Java\jdk-22\bin\nio.dll
Event: 0.069 Loaded shared library C:\Program Files\Java\jdk-22\bin\zip.dll
Event: 0.269 Loaded shared library C:\Program Files\Java\jdk-22\bin\jimage.dll
Event: 0.271 Loaded shared library C:\Program Files (x86)\ApacheMaven\mvn\lib\jansi-native\Windows\x86_64\jansi.dll
Event: 0.288 Loaded shared library C:\Program Files\Java\jdk-22\bin\verify.dll

Deoptimization events (20 events):
Event: 4.419 Thread 0x000002858ca495b0 DEOPT PACKING pc=0x000002859ecc119c sp=0x000000e69d9fdfd0
Event: 4.419 Thread 0x000002858ca495b0 DEOPT UNPACKING pc=0x000002859e637da2 sp=0x000000e69d9fdeb0 mode 2
Event: 4.419 Thread 0x000002858ca495b0 Uncommon trap: trap_request=0xffffff45 fr.pc=0x000002859ec943a4 relative=0x0000000000000284
Event: 4.419 Thread 0x000002858ca495b0 Uncommon trap: reason=unstable_if action=reinterpret pc=0x000002859ec943a4 method=org.codehaus.plexus.util.xml.pull.MXParser.isS(C)Z @ 21 c2
Event: 4.419 Thread 0x000002858ca495b0 DEOPT PACKING pc=0x000002859ec943a4 sp=0x000000e69d9fdf80
Event: 4.419 Thread 0x000002858ca495b0 DEOPT UNPACKING pc=0x000002859e637da2 sp=0x000000e69d9fdeb0 mode 2
Event: 4.479 Thread 0x000002858ca495b0 Uncommon trap: trap_request=0xffffff45 fr.pc=0x000002859eb88e90 relative=0x00000000000001f0
Event: 4.479 Thread 0x000002858ca495b0 Uncommon trap: reason=unstable_if action=reinterpret pc=0x000002859eb88e90 method=java.lang.String.indexOf(II)I @ 4 c2
Event: 4.479 Thread 0x000002858ca495b0 DEOPT PACKING pc=0x000002859eb88e90 sp=0x000000e69d9fe010
Event: 4.479 Thread 0x000002858ca495b0 DEOPT UNPACKING pc=0x000002859e637da2 sp=0x000000e69d9fdfa8 mode 2
Event: 4.526 Thread 0x000002858ca495b0 Uncommon trap: trap_request=0xffffff45 fr.pc=0x000002859ecc90e4 relative=0x00000000000000c4
Event: 4.526 Thread 0x000002858ca495b0 Uncommon trap: reason=unstable_if action=reinterpret pc=0x000002859ecc90e4 method=org.apache.maven.model.validation.DefaultModelValidator.isValidIdCharacter(C)Z @ 45 c2
Event: 4.526 Thread 0x000002858ca495b0 DEOPT PACKING pc=0x000002859ecc90e4 sp=0x000000e69d9fe340
Event: 4.526 Thread 0x000002858ca495b0 DEOPT UNPACKING pc=0x000002859e637da2 sp=0x000000e69d9fe2c8 mode 2
Event: 4.574 Thread 0x000002858ca495b0 DEOPT PACKING pc=0x0000028597634d15 sp=0x000000e69d9fe100
Event: 4.574 Thread 0x000002858ca495b0 DEOPT UNPACKING pc=0x000002859e6388e2 sp=0x000000e69d9fd638 mode 0
Event: 4.595 Thread 0x000002858ca495b0 Uncommon trap: trap_request=0xffffff45 fr.pc=0x000002859ecdf734 relative=0x0000000000000094
Event: 4.595 Thread 0x000002858ca495b0 Uncommon trap: reason=unstable_if action=reinterpret pc=0x000002859ecdf734 method=org.apache.maven.model.validation.DefaultModelValidator.isValidIdCharacter(C)Z @ 51 c2
Event: 4.595 Thread 0x000002858ca495b0 DEOPT PACKING pc=0x000002859ecdf734 sp=0x000000e69d9fe340
Event: 4.595 Thread 0x000002858ca495b0 DEOPT UNPACKING pc=0x000002859e637da2 sp=0x000000e69d9fe2d8 mode 2

Classes loaded (20 events):
Event: 4.218 Loading class java/nio/channels/spi/AbstractInterruptibleChannel$1
Event: 4.218 Loading class sun/nio/ch/Interruptible
Event: 4.218 Loading class sun/nio/ch/Interruptible done
Event: 4.218 Loading class java/nio/channels/spi/AbstractInterruptibleChannel$1 done
Event: 4.219 Loading class java/util/AbstractMap$2
Event: 4.219 Loading class java/util/AbstractMap$2 done
Event: 4.219 Loading class java/util/AbstractMap$ValueIterator
Event: 4.220 Loading class java/util/AbstractMap$ValueIterator done
Event: 4.265 Loading class sun/util/resources/LocaleData$CommonResourceBundleProvider
Event: 4.265 Loading class sun/util/resources/LocaleData$LocaleDataResourceBundleProvider
Event: 4.265 Loading class java/util/spi/ResourceBundleProvider
Event: 4.265 Loading class java/util/spi/ResourceBundleProvider done
Event: 4.265 Loading class sun/util/resources/LocaleData$LocaleDataResourceBundleProvider done
Event: 4.265 Loading class sun/util/resources/LocaleData$CommonResourceBundleProvider done
Event: 4.265 Loading class sun/util/resources/Bundles$2
Event: 4.266 Loading class sun/util/resources/Bundles$2 done
Event: 4.293 Loading class java/util/StringTokenizer
Event: 4.293 Loading class java/util/StringTokenizer done
Event: 4.346 Loading class java/util/stream/Streams$RangeIntSpliterator
Event: 4.346 Loading class java/util/stream/Streams$RangeIntSpliterator done

Classes unloaded (0 events):
No events

Classes redefined (0 events):
No events

Internal exceptions (20 events):
Event: 3.711 Thread 0x000002858ca495b0 Exception <a 'java/lang/ExceptionInInitializerError'{0x0000000089904b60}> (0x0000000089904b60) 
thrown [s\open\src\hotspot\share\oops\instanceKlass.cpp, line 1247]
Event: 3.747 Thread 0x000002858ca495b0 Exception <a 'java/lang/NoSuchMethodError'{0x000000008bb12500}: 'long java.lang.invoke.DirectMethodHandle$Holder.invokeStatic(java.lang.Object, java.lang.Object, int)'> (0x000000008bb12500) 
thrown [s\open\src\hotspot\share\interpreter\linkResolver.cpp, line 774]
Event: 3.748 Thread 0x000002858ca495b0 Exception <a 'java/lang/NoSuchMethodError'{0x000000008bb25a18}: 'java.lang.Object java.lang.invoke.DirectMethodHandle$Holder.invokeStatic(java.lang.Object, java.lang.Object, java.lang.Object, java.lang.Object, int)'> (0x000000008bb25a18) 
thrown [s\open\src\hotspot\share\interpreter\linkResolver.cpp, line 774]
Event: 3.749 Thread 0x000002858ca495b0 Exception <a 'java/lang/NoSuchMethodError'{0x000000008bb2dbd0}: 'java.lang.Object java.lang.invoke.DirectMethodHandle$Holder.invokeSpecial(java.lang.Object, java.lang.Object, java.lang.Object, java.lang.Object, long)'> (0x000000008bb2dbd0) 
thrown [s\open\src\hotspot\share\interpreter\linkResolver.cpp, line 774]
Event: 3.751 Thread 0x000002858ca495b0 Exception <a 'java/lang/NoSuchMethodError'{0x000000008bb399a0}: 'java.lang.Object java.lang.invoke.DirectMethodHandle$Holder.invokeSpecial(java.lang.Object, java.lang.Object, java.lang.Object, int, java.lang.Object)'> (0x000000008bb399a0) 
thrown [s\open\src\hotspot\share\interpreter\linkResolver.cpp, line 774]
Event: 3.751 Thread 0x000002858ca495b0 Exception <a 'java/lang/NoSuchMethodError'{0x000000008bb41cd0}: 'int java.lang.invoke.DirectMethodHandle$Holder.invokeSpecial(java.lang.Object, java.lang.Object, java.lang.Object, int)'> (0x000000008bb41cd0) 
thrown [s\open\src\hotspot\share\interpreter\linkResolver.cpp, line 774]
Event: 3.758 Thread 0x000002858ca495b0 Implicit null exception at 0x000002859ec0633a to 0x000002859ec06534
Event: 3.759 Thread 0x000002858ca495b0 Exception <a 'java/lang/NoSuchMethodError'{0x000000008bb66818}: 'java.lang.Object java.lang.invoke.Invokers$Holder.invokeExact_MT(java.lang.Object, int, java.lang.Object)'> (0x000000008bb66818) 
thrown [s\open\src\hotspot\share\interpreter\linkResolver.cpp, line 774]
Event: 3.946 Thread 0x000002858ca495b0 Exception <a 'java/lang/NoSuchMethodError'{0x000000008b3ce2e0}: 'void java.lang.invoke.Invokers$Holder.invokeExact_MT(java.lang.Object, java.lang.Object, java.lang.Object, java.lang.Object)'> (0x000000008b3ce2e0) 
thrown [s\open\src\hotspot\share\interpreter\linkResolver.cpp, line 774]
Event: 3.965 Thread 0x000002858ca495b0 Exception <a 'java/lang/NoClassDefFoundError'{0x000000008b262ea8}: com/google/inject/servlet/ServletModuleTargetVisitor> (0x000000008b262ea8) 
thrown [s\open\src\hotspot\share\classfile\systemDictionary.cpp, line 302]
Event: 4.013 Thread 0x000002858ca495b0 Exception <a 'java/lang/NoSuchMethodError'{0x000000008b021df0}: 'void java.lang.invoke.DirectMethodHandle$Holder.invokeVirtual(java.lang.Object, java.lang.Object)'> (0x000000008b021df0) 
thrown [s\open\src\hotspot\share\interpreter\linkResolver.cpp, line 774]
Event: 4.050 Thread 0x000002858ca495b0 Exception <a 'java/lang/NoSuchMethodError'{0x000000008b0a1bf0}: 'java.lang.Object java.lang.invoke.DirectMethodHandle$Holder.invokeStaticInit(java.lang.Object, int, int, int, int)'> (0x000000008b0a1bf0) 
thrown [s\open\src\hotspot\share\interpreter\linkResolver.cpp, line 774]
Event: 4.188 Thread 0x000002858ca495b0 Implicit null exception at 0x000002859ebc8624 to 0x000002859ebc8cdc
Event: 4.188 Thread 0x000002858ca495b0 Implicit null exception at 0x000002859ebbd8a0 to 0x000002859ebbdf4c
Event: 4.228 Thread 0x000002858ca495b0 Exception <a 'java/lang/NoSuchMethodError'{0x000000008aa1c7a0}: 'void java.lang.invoke.DirectMethodHandle$Holder.invokeSpecial(java.lang.Object, java.lang.Object, java.lang.Object, java.lang.Object, java.lang.Object)'> (0x000000008aa1c7a0) 
thrown [s\open\src\hotspot\share\interpreter\linkResolver.cpp, line 774]
Event: 4.230 Thread 0x000002858ca495b0 Exception <a 'java/lang/NoSuchMethodError'{0x000000008aa37248}: 'void java.lang.invoke.DirectMethodHandle$Holder.invokeSpecial(java.lang.Object, java.lang.Object, java.lang.Object, java.lang.Object, java.lang.Object, java.lang.Object)'> (0x000000008aa37248) 
thrown [s\open\src\hotspot\share\interpreter\linkResolver.cpp, line 774]
Event: 4.247 Thread 0x000002858ca495b0 Exception <a 'java/lang/NoSuchMethodError'{0x000000008a92da30}: 'java.lang.Object java.lang.invoke.DirectMethodHandle$Holder.invokeVirtual(java.lang.Object, java.lang.Object, java.lang.Object)'> (0x000000008a92da30) 
thrown [s\open\src\hotspot\share\interpreter\linkResolver.cpp, line 774]
Event: 4.299 Thread 0x000002858ca495b0 Exception <a 'java/lang/NoSuchMethodError'{0x000000008a704f50}: 'void java.lang.invoke.DirectMethodHandle$Holder.invokeVirtual(java.lang.Object, java.lang.Object, int)'> (0x000000008a704f50) 
thrown [s\open\src\hotspot\share\interpreter\linkResolver.cpp, line 774]
Event: 4.300 Thread 0x000002858ca495b0 Exception <a 'java/lang/NoSuchMethodError'{0x000000008a708d50}: 'void java.lang.invoke.DirectMethodHandle$Holder.invokeSpecial(java.lang.Object, java.lang.Object, java.lang.Object, int)'> (0x000000008a708d50) 
thrown [s\open\src\hotspot\share\interpreter\linkResolver.cpp, line 774]
Event: 4.300 Thread 0x000002858ca495b0 Exception <a 'java/lang/NoSuchMethodError'{0x000000008a70c420}: 'void java.lang.invoke.DelegatingMethodHandle$Holder.reinvoke_L(java.lang.Object, java.lang.Object, int)'> (0x000000008a70c420) 
thrown [s\open\src\hotspot\share\interpreter\linkResolver.cpp, line 774]

ZGC Phase Switch (0 events):
No events

VM Operations (20 events):
Event: 3.852 Executing VM operation: HandshakeAllThreads (Deoptimize) done
Event: 3.941 Executing VM operation: HandshakeAllThreads (Deoptimize)
Event: 3.941 Executing VM operation: HandshakeAllThreads (Deoptimize) done
Event: 3.991 Executing VM operation: ICBufferFull
Event: 3.991 Executing VM operation: ICBufferFull done
Event: 4.020 Executing VM operation: HandshakeAllThreads (Deoptimize)
Event: 4.020 Executing VM operation: HandshakeAllThreads (Deoptimize) done
Event: 4.061 Executing VM operation: HandshakeAllThreads (Deoptimize)
Event: 4.061 Executing VM operation: HandshakeAllThreads (Deoptimize) done
Event: 4.087 Executing VM operation: HandshakeAllThreads (Deoptimize)
Event: 4.087 Executing VM operation: HandshakeAllThreads (Deoptimize) done
Event: 4.108 Executing VM operation: HandshakeAllThreads (Deoptimize)
Event: 4.108 Executing VM operation: HandshakeAllThreads (Deoptimize) done
Event: 4.146 Executing VM operation: HandshakeAllThreads (Deoptimize)
Event: 4.146 Executing VM operation: HandshakeAllThreads (Deoptimize) done
Event: 4.148 Executing VM operation: HandshakeAllThreads (Deoptimize)
Event: 4.148 Executing VM operation: HandshakeAllThreads (Deoptimize) done
Event: 4.365 Executing VM operation: ICBufferFull
Event: 4.366 Executing VM operation: ICBufferFull done
Event: 5.378 Executing VM operation: Cleanup

Memory protections (0 events):
No events

Nmethod flushes (0 events):
No events

Events (15 events):
Event: 0.031 Thread 0x000002858ca495b0 Thread added: 0x000002858ca495b0
Event: 0.042 Thread 0x000002858ca495b0 Thread added: 0x00000285ab4dea50
Event: 0.042 Thread 0x000002858ca495b0 Thread added: 0x00000285ab4df5a0
Event: 0.042 Thread 0x000002858ca495b0 Thread added: 0x00000285ab4e9dc0
Event: 0.042 Thread 0x000002858ca495b0 Thread added: 0x00000285ab4eb6d0
Event: 0.043 Thread 0x000002858ca495b0 Thread added: 0x00000285ab4f53e0
Event: 0.043 Thread 0x000002858ca495b0 Thread added: 0x00000285ab4f9bc0
Event: 0.043 Thread 0x000002858ca495b0 Thread added: 0x00000285ab5057c0
Event: 0.043 Thread 0x000002858ca495b0 Thread added: 0x00000285ab50b8b0
Event: 0.054 Thread 0x000002858ca495b0 Thread added: 0x00000285ab4f6dd0
Event: 0.058 Thread 0x000002858ca495b0 Thread added: 0x00000285ab4f7af0
Event: 0.267 Thread 0x000002858ca495b0 Thread added: 0x00000285ab4f9530
Event: 0.314 Thread 0x00000285ab4f9530 Thread exited: 0x00000285ab4f9530
Event: 0.427 Thread 0x00000285ab50b8b0 Thread added: 0x00000285f149bd80
Event: 4.107 Thread 0x000002858ca495b0 Thread added: 0x00000285ab4fa250


Dynamic libraries:
0x00007ff7c39c0000 - 0x00007ff7c39d0000 	C:\Program Files\Java\jdk-22\bin\java.exe
0x00007ff98f300000 - 0x00007ff98f560000 	C:\WINDOWS\SYSTEM32\ntdll.dll
0x00007ff98d960000 - 0x00007ff98da27000 	C:\WINDOWS\System32\KERNEL32.DLL
0x00007ff98c640000 - 0x00007ff98ca0a000 	C:\WINDOWS\System32\KERNELBASE.dll
0x00007ff98cb80000 - 0x00007ff98cccb000 	C:\WINDOWS\System32\ucrtbase.dll
0x00007ff9860b0000 - 0x00007ff9860cb000 	C:\Program Files\Java\jdk-22\bin\VCRUNTIME140.dll
0x00007ff984ca0000 - 0x00007ff984cb7000 	C:\Program Files\Java\jdk-22\bin\jli.dll
0x00007ff98ee80000 - 0x00007ff98f04c000 	C:\WINDOWS\System32\USER32.dll
0x00007ff98cd80000 - 0x00007ff98cda7000 	C:\WINDOWS\System32\win32u.dll
0x00007ff98d1d0000 - 0x00007ff98d1fa000 	C:\WINDOWS\System32\GDI32.dll
0x00007ff96ef10000 - 0x00007ff96f1a7000 	C:\WINDOWS\WinSxS\amd64_microsoft.windows.common-controls_6595b64144ccf1df_6.0.26100.3624_none_3e086962e3345f24\COMCTL32.dll
0x00007ff98ce40000 - 0x00007ff98cf71000 	C:\WINDOWS\System32\gdi32full.dll
0x00007ff98e800000 - 0x00007ff98e8a9000 	C:\WINDOWS\System32\msvcrt.dll
0x00007ff98ccd0000 - 0x00007ff98cd73000 	C:\WINDOWS\System32\msvcp_win.dll
0x00007ff98dc40000 - 0x00007ff98dc6f000 	C:\WINDOWS\System32\IMM32.DLL
0x00007ff984580000 - 0x00007ff98458c000 	C:\Program Files\Java\jdk-22\bin\vcruntime140_1.dll
0x00007ff966b50000 - 0x00007ff966bde000 	C:\Program Files\Java\jdk-22\bin\msvcp140.dll
0x00007ff92c990000 - 0x00007ff92d6d9000 	C:\Program Files\Java\jdk-22\bin\server\jvm.dll
0x00007ff98e3b0000 - 0x00007ff98e462000 	C:\WINDOWS\System32\ADVAPI32.dll
0x00007ff98e930000 - 0x00007ff98e9d6000 	C:\WINDOWS\System32\sechost.dll
0x00007ff98d500000 - 0x00007ff98d616000 	C:\WINDOWS\System32\RPCRT4.dll
0x00007ff98e8b0000 - 0x00007ff98e924000 	C:\WINDOWS\System32\WS2_32.dll
0x00007ff98bd10000 - 0x00007ff98bd6e000 	C:\WINDOWS\SYSTEM32\POWRPROF.dll
0x00007ff978db0000 - 0x00007ff978dbb000 	C:\WINDOWS\SYSTEM32\VERSION.dll
0x00007ff981460000 - 0x00007ff981496000 	C:\WINDOWS\SYSTEM32\WINMM.dll
0x00007ff98bcf0000 - 0x00007ff98bd04000 	C:\WINDOWS\SYSTEM32\UMPDC.dll
0x00007ff98b2b0000 - 0x00007ff98b2ca000 	C:\WINDOWS\SYSTEM32\kernel.appcore.dll
0x00007ff9844e0000 - 0x00007ff9844ea000 	C:\Program Files\Java\jdk-22\bin\jimage.dll
0x00007ff989d10000 - 0x00007ff989f51000 	C:\WINDOWS\SYSTEM32\DBGHELP.DLL
0x00007ff98e470000 - 0x00007ff98e7f2000 	C:\WINDOWS\System32\combase.dll
0x00007ff98d7e0000 - 0x00007ff98d8b6000 	C:\WINDOWS\System32\OLEAUT32.dll
0x00007ff961f60000 - 0x00007ff961f99000 	C:\WINDOWS\SYSTEM32\dbgcore.DLL
0x00007ff98c4e0000 - 0x00007ff98c579000 	C:\WINDOWS\System32\bcryptPrimitives.dll
0x00007ff9841a0000 - 0x00007ff9841be000 	C:\Program Files\Java\jdk-22\bin\java.dll
0x00007ff98dc80000 - 0x00007ff98e3a9000 	C:\WINDOWS\System32\SHELL32.dll
0x00007ff98ca10000 - 0x00007ff98cb78000 	C:\WINDOWS\System32\wintypes.dll
0x00007ff98d620000 - 0x00007ff98d7b6000 	C:\WINDOWS\System32\ole32.dll
0x00007ff98a140000 - 0x00007ff98a992000 	C:\WINDOWS\SYSTEM32\windows.storage.dll
0x00007ff98f1a0000 - 0x00007ff98f28d000 	C:\WINDOWS\System32\SHCORE.dll
0x00007ff98d100000 - 0x00007ff98d164000 	C:\WINDOWS\System32\shlwapi.dll
0x00007ff98c3f0000 - 0x00007ff98c41f000 	C:\WINDOWS\SYSTEM32\profapi.dll
0x00007ff95a060000 - 0x00007ff95a137000 	C:\Program Files\Java\jdk-22\bin\jsvml.dll
0x00007ff984020000 - 0x00007ff984030000 	C:\Program Files\Java\jdk-22\bin\net.dll
0x00007ff98b7b0000 - 0x00007ff98b81a000 	C:\WINDOWS\system32\mswsock.dll
0x00007ff984000000 - 0x00007ff984016000 	C:\Program Files\Java\jdk-22\bin\nio.dll
0x00007ff983fe0000 - 0x00007ff983ff7000 	C:\Program Files\Java\jdk-22\bin\zip.dll
0x00007ff97ba20000 - 0x00007ff97ba44000 	C:\Program Files (x86)\ApacheMaven\mvn\lib\jansi-native\Windows\x86_64\jansi.dll
0x00007ff983fd0000 - 0x00007ff983fe0000 	C:\Program Files\Java\jdk-22\bin\verify.dll

dbghelp: loaded successfully - version: 4.0.5 - missing functions: none
symbol engine: initialized successfully - sym options: 0x614 - pdb path: .;C:\Program Files\Java\jdk-22\bin;C:\WINDOWS\SYSTEM32;C:\WINDOWS\WinSxS\amd64_microsoft.windows.common-controls_6595b64144ccf1df_6.0.26100.3624_none_3e086962e3345f24;C:\Program Files\Java\jdk-22\bin\server;C:\Program Files (x86)\ApacheMaven\mvn\lib\jansi-native\Windows\x86_64

VM Arguments:
jvm_args: -Dclassworlds.conf=C:\Program Files (x86)\ApacheMaven\mvn\bin\m2.conf -Dmaven.home=C:\Program Files (x86)\ApacheMaven\mvn -Dlibrary.jansi.path=C:\Program Files (x86)\ApacheMaven\mvn\lib\jansi-native -Dmaven.multiModuleProjectDirectory=C:\Users\ala\Desktop\backend 
java_command: org.codehaus.plexus.classworlds.launcher.Launcher spring-boot:run
java_class_path (initial): C:\Program Files (x86)\ApacheMaven\mvn\boot\plexus-classworlds-2.8.0.jar
Launcher Type: SUN_STANDARD

[Global flags]
     intx CICompilerCount                          = 4                                         {product} {ergonomic}
     uint ConcGCThreads                            = 2                                         {product} {ergonomic}
     uint G1ConcRefinementThreads                  = 8                                         {product} {ergonomic}
   size_t G1HeapRegionSize                         = 1048576                                   {product} {ergonomic}
   size_t InitialHeapSize                          = 130023424                                 {product} {ergonomic}
   size_t MarkStackSize                            = 4194304                                   {product} {ergonomic}
   size_t MaxHeapSize                              = 2080374784                                {product} {ergonomic}
   size_t MaxNewSize                               = 1247805440                                {product} {ergonomic}
   size_t MinHeapDeltaBytes                        = 1048576                                   {product} {ergonomic}
   size_t MinHeapSize                              = 8388608                                   {product} {ergonomic}
    uintx NonNMethodCodeHeapSize                   = 5839372                                {pd product} {ergonomic}
    uintx NonProfiledCodeHeapSize                  = 122909434                              {pd product} {ergonomic}
    uintx ProfiledCodeHeapSize                     = 122909434                              {pd product} {ergonomic}
    uintx ReservedCodeCacheSize                    = 251658240                              {pd product} {ergonomic}
     bool SegmentedCodeCache                       = true                                      {product} {ergonomic}
   size_t SoftMaxHeapSize                          = 2080374784                             {manageable} {ergonomic}
     bool UseCompressedOops                        = true                           {product lp64_product} {ergonomic}
     bool UseG1GC                                  = true                                      {product} {ergonomic}
     bool UseLargePagesIndividualAllocation        = false                                  {pd product} {ergonomic}

Logging:
Log output configuration:
 #0: stdout all=warning uptime,level,tags foldmultilines=false
 #1: stderr all=off uptime,level,tags foldmultilines=false

Environment Variables:
PATH=C:\Users\ala\.pyenv\pyenv-win\versions\3.10.0;C:\Users\ala\.pyenv\pyenv-win\versions\3.10.0;C:\Program Files\Common Files\Oracle\Java\javapath;C:\Users\ala\AppData\Roaming\Microsoft\Windows\Start Menu\Programs\System Tools;C:\Program Files\dotnet\;C:\Users\ala\Documents\mongosh-2.0.2-win32-x64\bin;C:\ProgramData\Microsoft\Windows\Start Menu\Programs\Git;C:\Program Files\Java\jdk-19\bin;C:\Users\ala\Desktop\TP'S\SOA\TP3\apache-tomcat-9.0.65\bin;C:\Program Files\Apache Software Foundation\Tomcat 9.0;C:\Users\ala\AppData\Local\Android\Sdk\platform-tools;C:\Program Files\Docker\Docker\resources\bin;C:\Program Files\Git\cmd;C:\Program Files\MySQL\MySQL Server 8.2\bin;C:\Program Files\OpenSSL-Win64\bin;;C:\WINDOWS\System32\OpenSSH\;C:\Users\ala\AppData\Roaming\Microsoft\Windows\Start Menu\Programs\Python 3.10;C:\Program Files\nodejs\;C:\xampp\php;C:\composer;C:\WINDOWS\system32;C:\WINDOWS;C:\WINDOWS\System32\Wbem;C:\WINDOWS\System32\WindowsPowerShell\v1.0\;C:\Users\ala\.pyenv\pyenv-win\bin;C:\Users\ala\.pyenv\pyenv-win\shims;C:\Users\ala\AppData\Roaming\Microsoft\Windows\Start Menu\Programs\System Tools;C:\Program Files\dotnet\;C:\Users\ala\Documents\mongosh-2.0.2-win32-x64\bin;C:\ProgramData\Microsoft\Windows\Start Menu\Programs\Git;C:\Program Files\Java\jdk-19\bin;C:\Users\ala\Desktop\TP'S\SOA\TP3\apache-tomcat-9.0.65\bin;C:\Program Files\Apache Software Foundation\Tomcat 9.0;C:\Users\ala\AppData\Local\Android\Sdk\platform-tools;C:\Program Files\Docker\Docker\resources\bin;C:\Program Files\Git\cmd;C:\Users\ala\scoop\shims;C:\Users\ala\AppData\Local\Programs\Python\Python312\Scripts\;C:\Users\ala\AppData\Local\Programs\Python\Python312\;C:\Users\ala\AppData\Roaming\Microsoft\Windows\Start Menu\Programs\Python 3.11;C:\ProgramData\Microsoft\Windows\Start Menu\Programs\Node.js;C:\Windows\System32;C:\Users\ala\AppData\Local\Programs\Microsoft VS Code\bin;C:\Users\ala\AppData\Local\GitHubDesktop\bin;C:\Program Files\MongoDB\Server\6.0\bin;C:\Program Files\Erlang OTP;C:\Windows\System32\WindowsPowerShell\v1.0;C:\Program Files\RabbitMQ Server\rabbitmq_server-3.13.6\sbin;C:\Program Files\Erlang OTP\erts-15.0.1\bin;C:\Users\ala\AppData\Roaming\Microsoft\Windows\Start Menu\Programs\Python 3.10;C:\Users\ala\AppData\Roaming\npm;C:\Users\ala\AppData\Roaming\Composer\vendor\bin;C:\Users\ala\AppData\Local\Microsoft\WindowsApps;C:\Users\ala\AppData\Local\Programs\cursor\resources\app\bin;C:\Program Files (x86)\ApacheMaven\mvn\bin;
USERNAME=ala
LANG=en_US.UTF-8
OS=Windows_NT
PROCESSOR_IDENTIFIER=Intel64 Family 6 Model 140 Stepping 1, GenuineIntel
TMP=C:\Users\ala\AppData\Local\Temp
TEMP=C:\Users\ala\AppData\Local\Temp




Periodic native trim disabled

---------------  S Y S T E M  ---------------

OS:
 Windows 11 , 64 bit Build 26100 (10.0.26100.3775)
OS uptime: 0 days 3:28 hours
Hyper-V role detected

CPU: total 8 (initial active 8) (4 cores per cpu, 2 threads per core) family 6 model 140 stepping 1 microcode 0xac, cx8, cmov, fxsr, ht, mmx, 3dnowpref, sse, sse2, sse3, ssse3, sse4.1, sse4.2, popcnt, lzcnt, tsc, tscinvbit, avx, avx2, aes, erms, clmul, bmi1, bmi2, adx, avx512f, avx512dq, avx512cd, avx512bw, avx512vl, sha, fma, vzeroupper, avx512_vpopcntdq, avx512_vpclmulqdq, avx512_vaes, avx512_vnni, clflush, clflushopt, clwb, avx512_vbmi2, avx512_vbmi, hv, rdtscp, rdpid, fsrm, gfni, avx512_bitalg, f16c, cet_ibt, cet_ss, avx512_ifma
Processor Information for all 8 processors :
  Max Mhz: 2419, Current Mhz: 2419, Mhz Limit: 2419

Memory: 4k page, system-wide physical 7932M (561M free)
TotalPageFile size 17932M (AvailPageFile size 28M)
current process WorkingSet (physical memory assigned to process): 136M, peak: 136M
current process commit charge ("private bytes"): 245M, peak: 247M

vm_info: Java HotSpot(TM) 64-Bit Server VM (22.0.2+9-70) for windows-amd64 JRE (22.0.2+9-70), built on 2024-06-04T16:52:23Z by "mach5one" with MS VC++ 17.6 (VS2022)

END.
