#
# There is insufficient memory for the Java Runtime Environment to continue.
# Native memory allocation (malloc) failed to allocate 1393616 bytes. Error detail: Chunk::new
# Possible reasons:
#   The system is out of physical RAM or swap space
#   This process is running with CompressedOops enabled, and the Java Heap may be blocking the growth of the native heap
# Possible solutions:
#   Reduce memory load on the system
#   Increase physical memory or swap space
#   Check if swap backing store is full
#   Decrease Java heap size (-Xmx/-Xms)
#   Decrease number of Java threads
#   Decrease Java thread stack sizes (-Xss)
#   Set larger code cache with -XX:ReservedCodeCacheSize=
#   JVM is running with Unscaled Compressed Oops mode in which the Java heap is
#     placed in the first 4GB address space. The Java Heap base address is the
#     maximum limit for the native heap growth. Please use -XX:HeapBaseMinAddress
#     to set the Java Heap base and to place the Java Heap above 4GB virtual address.
# This output file may be truncated or incomplete.
#
#  Out of Memory Error (arena.cpp:168), pid=14064, tid=17892
#
# JRE version: OpenJDK Runtime Environment Temurin-21.0.6+7 (21.0.6+7) (build 21.0.6+7-LTS)
# Java VM: OpenJDK 64-Bit Server VM Temurin-21.0.6+7 (21.0.6+7-LTS, mixed mode, sharing, tiered, compressed oops, compressed class ptrs, parallel gc, windows-amd64)
# No core dump will be written. Minidumps are not enabled by default on client versions of Windows
#

---------------  S U M M A R Y ------------

Command Line: --add-modules=ALL-SYSTEM --add-opens=java.base/java.util=ALL-UNNAMED --add-opens=java.base/java.lang=ALL-UNNAMED --add-opens=java.base/sun.nio.fs=ALL-UNNAMED -Declipse.application=org.eclipse.jdt.ls.core.id1 -Dosgi.bundles.defaultStartLevel=4 -Declipse.product=org.eclipse.jdt.ls.core.product -Djava.import.generatesMetadataFilesAtProjectRoot=false -DDetectVMInstallationsJob.disabled=true -Dfile.encoding=utf8 -XX:+UseParallelGC -XX:GCTimeRatio=4 -XX:AdaptiveSizePolicyWeight=90 -Dsun.zip.disableMemoryMapping=true -Xmx1G -Xms100m -Xlog:disable -javaagent:c:\Users\ala\.vscode\extensions\redhat.java-1.41.1-win32-x64\lombok\lombok-1.18.36.jar c:\Users\ala\.vscode\extensions\redhat.java-1.41.1-win32-x64\server\plugins\org.eclipse.equinox.launcher_1.7.0.v20250331-1702.jar -configuration c:\Users\ala\AppData\Roaming\Code\User\globalStorage\redhat.java\1.41.1\config_ss_win -data c:\Users\ala\AppData\Roaming\Code\User\workspaceStorage\5d2470ca3e79821120c345c9360372f0\redhat.java\ss_ws --pipe=\\.\pipe\lsp-b99cefdd50dfaf1d75e44d5f505ad8f4-sock

Host: 11th Gen Intel(R) Core(TM) i5-1135G7 @ 2.40GHz, 8 cores, 7G,  Windows 11 , 64 bit Build 26100 (10.0.26100.3912)
Time: Thu May 15 14:09:57 2025 W. Central Africa Standard Time elapsed time: 29.555901 seconds (0d 0h 0m 29s)

---------------  T H R E A D  ---------------

Current thread (0x00000189ec3bf740):  JavaThread "C2 CompilerThread2" daemon [_thread_in_native, id=17892, stack(0x00000062e6400000,0x00000062e6500000) (1024K)]


Current CompileTask:
C2:29556 5266       4       java.lang.invoke.MemberName::getMethodOrFieldType (72 bytes)

Stack: [0x00000062e6400000,0x00000062e6500000]
Native frames: (J=compiled Java code, j=interpreted, Vv=VM code, C=native code)
V  [jvm.dll+0x6cdee9]
V  [jvm.dll+0x8a83d1]
V  [jvm.dll+0x8aa8fe]
V  [jvm.dll+0x8aafe3]
V  [jvm.dll+0x27f706]
V  [jvm.dll+0xc500d]
V  [jvm.dll+0xc5543]
V  [jvm.dll+0x3b6752]
V  [jvm.dll+0x382935]
V  [jvm.dll+0x381d9a]
V  [jvm.dll+0x2479f0]
V  [jvm.dll+0x246fcf]
V  [jvm.dll+0x1c75ee]
V  [jvm.dll+0x25685a]
V  [jvm.dll+0x254dfa]
V  [jvm.dll+0x3f0256]
V  [jvm.dll+0x851f8b]
V  [jvm.dll+0x6cc5ed]
C  [ucrtbase.dll+0x37b0]
C  [KERNEL32.DLL+0x2e8d7]
C  [ntdll.dll+0x9c5dc]


---------------  P R O C E S S  ---------------

Threads class SMR info:
_java_thread_list=0x00000189eda691d0, length=36, elements={
0x000001898d2a0420, 0x00000189a36a22a0, 0x00000189a36a3e20, 0x00000189a36aa000,
0x00000189a36aacd0, 0x00000189a36ab720, 0x00000189a36ac170, 0x00000189a36acfa0,
0x00000189e614b480, 0x00000189e61c8f80, 0x00000189e6409b70, 0x00000189e6ae5780,
0x00000189eb094760, 0x00000189e6d0d130, 0x00000189e6b0dad0, 0x00000189eb07fdd0,
0x00000189e6583c00, 0x00000189eb36dfe0, 0x00000189eb39b4f0, 0x00000189eb398700,
0x00000189eb399420, 0x00000189eb39bb80, 0x00000189eb39a140, 0x00000189eb398d90,
0x00000189eb399ab0, 0x00000189eb39a7d0, 0x00000189eb39ae60, 0x00000189ebb11f20,
0x00000189ebb0f7c0, 0x00000189ebb10b70, 0x00000189ebb11200, 0x00000189ebb11890,
0x00000189ebb0fe50, 0x00000189ebb12c40, 0x00000189ec6dd900, 0x00000189ec3bf740
}

Java Threads: ( => current thread )
  0x000001898d2a0420 JavaThread "main"                              [_thread_blocked, id=5264, stack(0x00000062e3400000,0x00000062e3500000) (1024K)]
  0x00000189a36a22a0 JavaThread "Reference Handler"          daemon [_thread_blocked, id=2436, stack(0x00000062e3800000,0x00000062e3900000) (1024K)]
  0x00000189a36a3e20 JavaThread "Finalizer"                  daemon [_thread_blocked, id=19896, stack(0x00000062e3900000,0x00000062e3a00000) (1024K)]
  0x00000189a36aa000 JavaThread "Signal Dispatcher"          daemon [_thread_blocked, id=19772, stack(0x00000062e3a00000,0x00000062e3b00000) (1024K)]
  0x00000189a36aacd0 JavaThread "Attach Listener"            daemon [_thread_blocked, id=15312, stack(0x00000062e3b00000,0x00000062e3c00000) (1024K)]
  0x00000189a36ab720 JavaThread "Service Thread"             daemon [_thread_blocked, id=11904, stack(0x00000062e3c00000,0x00000062e3d00000) (1024K)]
  0x00000189a36ac170 JavaThread "Monitor Deflation Thread"   daemon [_thread_blocked, id=4432, stack(0x00000062e3d00000,0x00000062e3e00000) (1024K)]
  0x00000189a36acfa0 JavaThread "C2 CompilerThread0"         daemon [_thread_in_native, id=19280, stack(0x00000062e3e00000,0x00000062e3f00000) (1024K)]
  0x00000189e614b480 JavaThread "C1 CompilerThread0"         daemon [_thread_blocked, id=11480, stack(0x00000062e3f00000,0x00000062e4000000) (1024K)]
  0x00000189e61c8f80 JavaThread "Common-Cleaner"             daemon [_thread_blocked, id=18372, stack(0x00000062e4000000,0x00000062e4100000) (1024K)]
  0x00000189e6409b70 JavaThread "Notification Thread"        daemon [_thread_blocked, id=11976, stack(0x00000062e4200000,0x00000062e4300000) (1024K)]
  0x00000189e6ae5780 JavaThread "Active Thread: Equinox Container: ef5bcd95-796d-4d9a-990f-9b62e67378c8"        [_thread_blocked, id=15492, stack(0x00000062e4900000,0x00000062e4a00000) (1024K)]
  0x00000189eb094760 JavaThread "Framework Event Dispatcher: Equinox Container: ef5bcd95-796d-4d9a-990f-9b62e67378c8" daemon [_thread_blocked, id=10956, stack(0x00000062e4a00000,0x00000062e4b00000) (1024K)]
  0x00000189e6d0d130 JavaThread "Start Level: Equinox Container: ef5bcd95-796d-4d9a-990f-9b62e67378c8" daemon [_thread_blocked, id=8980, stack(0x00000062e4b00000,0x00000062e4c00000) (1024K)]
  0x00000189e6b0dad0 JavaThread "SCR Component Actor"        daemon [_thread_blocked, id=15540, stack(0x00000062e4c00000,0x00000062e4d00000) (1024K)]
  0x00000189eb07fdd0 JavaThread "Worker-JM"                         [_thread_blocked, id=10912, stack(0x00000062e4f00000,0x00000062e5000000) (1024K)]
  0x00000189e6583c00 JavaThread "JNA Cleaner"                daemon [_thread_blocked, id=6480, stack(0x00000062e4e00000,0x00000062e4f00000) (1024K)]
  0x00000189eb36dfe0 JavaThread "Worker-0: Publish Diagnostics"        [_thread_in_vm, id=872, stack(0x00000062e5000000,0x00000062e5100000) (1024K)]
  0x00000189eb39b4f0 JavaThread "Worker-1"                          [_thread_blocked, id=15188, stack(0x00000062e5100000,0x00000062e5200000) (1024K)]
  0x00000189eb398700 JavaThread "Thread-2"                   daemon [_thread_in_native, id=336, stack(0x00000062e5600000,0x00000062e5700000) (1024K)]
  0x00000189eb399420 JavaThread "Thread-3"                   daemon [_thread_in_native, id=16140, stack(0x00000062e5700000,0x00000062e5800000) (1024K)]
  0x00000189eb39bb80 JavaThread "Thread-4"                   daemon [_thread_in_native, id=19812, stack(0x00000062e5800000,0x00000062e5900000) (1024K)]
  0x00000189eb39a140 JavaThread "Thread-5"                   daemon [_thread_in_native, id=3572, stack(0x00000062e5900000,0x00000062e5a00000) (1024K)]
  0x00000189eb398d90 JavaThread "Thread-6"                   daemon [_thread_in_native, id=18988, stack(0x00000062e5a00000,0x00000062e5b00000) (1024K)]
  0x00000189eb399ab0 JavaThread "Thread-7"                   daemon [_thread_in_native, id=12044, stack(0x00000062e5b00000,0x00000062e5c00000) (1024K)]
  0x00000189eb39a7d0 JavaThread "Thread-8"                   daemon [_thread_in_native, id=6256, stack(0x00000062e5c00000,0x00000062e5d00000) (1024K)]
  0x00000189eb39ae60 JavaThread "Thread-9"                   daemon [_thread_in_native, id=756, stack(0x00000062e5d00000,0x00000062e5e00000) (1024K)]
  0x00000189ebb11f20 JavaThread "Thread-10"                  daemon [_thread_in_native, id=15328, stack(0x00000062e5e00000,0x00000062e5f00000) (1024K)]
  0x00000189ebb0f7c0 JavaThread "pool-2-thread-1"                   [_thread_blocked, id=6056, stack(0x00000062e5f00000,0x00000062e6000000) (1024K)]
  0x00000189ebb10b70 JavaThread "Worker-2"                          [_thread_blocked, id=1412, stack(0x00000062e6000000,0x00000062e6100000) (1024K)]
  0x00000189ebb11200 JavaThread "WorkspaceEventsHandler"            [_thread_blocked, id=14412, stack(0x00000062e5200000,0x00000062e5300000) (1024K)]
  0x00000189ebb11890 JavaThread "pool-1-thread-1"                   [_thread_in_native, id=4808, stack(0x00000062e6100000,0x00000062e6200000) (1024K)]
  0x00000189ebb0fe50 JavaThread "ForkJoinPool.commonPool-worker-1" daemon [_thread_blocked, id=5608, stack(0x00000062e4100000,0x00000062e4200000) (1024K)]
  0x00000189ebb12c40 JavaThread "ForkJoinPool.commonPool-worker-2" daemon [_thread_blocked, id=4812, stack(0x00000062e6200000,0x00000062e6300000) (1024K)]
  0x00000189ec6dd900 JavaThread "C2 CompilerThread1"         daemon [_thread_in_native, id=888, stack(0x00000062e6300000,0x00000062e6400000) (1024K)]
=>0x00000189ec3bf740 JavaThread "C2 CompilerThread2"         daemon [_thread_in_native, id=17892, stack(0x00000062e6400000,0x00000062e6500000) (1024K)]
Total: 36

Other Threads:
  0x00000189a3684490 VMThread "VM Thread"                           [id=19780, stack(0x00000062e3700000,0x00000062e3800000) (1024K)]
  0x000001898d309650 WatcherThread "VM Periodic Task Thread"        [id=20000, stack(0x00000062e3600000,0x00000062e3700000) (1024K)]
  0x000001898d2bde80 WorkerThread "GC Thread#0"                     [id=4212, stack(0x00000062e3500000,0x00000062e3600000) (1024K)]
  0x00000189e6606a00 WorkerThread "GC Thread#1"                     [id=3408, stack(0x00000062e4300000,0x00000062e4400000) (1024K)]
  0x00000189e6a489f0 WorkerThread "GC Thread#2"                     [id=5200, stack(0x00000062e4400000,0x00000062e4500000) (1024K)]
  0x00000189e6a48d90 WorkerThread "GC Thread#3"                     [id=18728, stack(0x00000062e4500000,0x00000062e4600000) (1024K)]
  0x00000189e6a49130 WorkerThread "GC Thread#4"                     [id=4992, stack(0x00000062e4600000,0x00000062e4700000) (1024K)]
  0x00000189e6a494d0 WorkerThread "GC Thread#5"                     [id=884, stack(0x00000062e4700000,0x00000062e4800000) (1024K)]
  0x00000189e6781070 WorkerThread "GC Thread#6"                     [id=3168, stack(0x00000062e4800000,0x00000062e4900000) (1024K)]
  0x00000189e6b0e660 WorkerThread "GC Thread#7"                     [id=6848, stack(0x00000062e4d00000,0x00000062e4e00000) (1024K)]
Total: 10

Threads with active compile tasks:
C2 CompilerThread0  29609 5410 %     4       org.eclipse.jdt.internal.compiler.classfmt.ClassFileStruct::utf8At @ 21 (171 bytes)
C2 CompilerThread1  29609 5326 %     4       org.lombokweb.asm.SymbolTable::<init> @ 98 (536 bytes)
C2 CompilerThread2  29609 5266       4       java.lang.invoke.MemberName::getMethodOrFieldType (72 bytes)
Total: 3

VM state: not at safepoint (normal execution)

VM Mutex/Monitor currently owned by a thread: None

Heap address: 0x00000000c0000000, size: 1024 MB, Compressed Oops mode: 32-bit

CDS archive(s) mapped at: [0x00000189a4000000-0x00000189a4ba0000-0x00000189a4ba0000), size 12189696, SharedBaseAddress: 0x00000189a4000000, ArchiveRelocationMode: 1.
Compressed class space mapped at: 0x00000189a5000000-0x00000189e5000000, reserved size: 1073741824
Narrow klass base: 0x00000189a4000000, Narrow klass shift: 0, Narrow klass range: 0x100000000

GC Precious Log:
 CardTable entry size: 512
 CPUs: 8 total, 8 available
 Memory: 7932M
 Large Page Support: Disabled
 NUMA Support: Disabled
 Compressed Oops: Enabled (32-bit)
 Alignments: Space 512K, Generation 512K, Heap 2M
 Heap Min Capacity: 100M
 Heap Initial Capacity: 100M
 Heap Max Capacity: 1G
 Pre-touch: Disabled
 Parallel Workers: 8

Heap:
 PSYoungGen      total 21504K, used 12774K [0x00000000eab00000, 0x00000000ec200000, 0x0000000100000000)
  eden space 20480K, 57% used [0x00000000eab00000,0x00000000eb68ff80,0x00000000ebf00000)
  from space 1024K, 91% used [0x00000000ebf00000,0x00000000ebfe9980,0x00000000ec000000)
  to   space 1536K, 0% used [0x00000000ec080000,0x00000000ec080000,0x00000000ec200000)
 ParOldGen       total 68608K, used 30472K [0x00000000c0000000, 0x00000000c4300000, 0x00000000eab00000)
  object space 68608K, 44% used [0x00000000c0000000,0x00000000c1dc2218,0x00000000c4300000)
 Metaspace       used 39791K, committed 40640K, reserved 1114112K
  class space    used 3899K, committed 4224K, reserved 1048576K

Card table byte_map: [0x00000189a0f50000,0x00000189a1160000] _byte_map_base: 0x00000189a0950000

Marking Bits: (ParMarkBitMap*) 0x00007ffe47ae3260
 Begin Bits: [0x00000189a12c0000, 0x00000189a22c0000)
 End Bits:   [0x00000189a22c0000, 0x00000189a32c0000)

Polling page: 0x000001898d240000

Metaspace:

Usage:
  Non-class:     35.05 MB used.
      Class:      3.81 MB used.
       Both:     38.86 MB used.

Virtual space:
  Non-class space:       64.00 MB reserved,      35.56 MB ( 56%) committed,  1 nodes.
      Class space:        1.00 GB reserved,       4.12 MB ( <1%) committed,  1 nodes.
             Both:        1.06 GB reserved,      39.69 MB (  4%) committed. 

Chunk freelists:
   Non-Class:  11.81 MB
       Class:  11.88 MB
        Both:  23.69 MB

MaxMetaspaceSize: unlimited
CompressedClassSpaceSize: 1.00 GB
Initial GC threshold: 21.00 MB
Current GC threshold: 58.38 MB
CDS: on
 - commit_granule_bytes: 65536.
 - commit_granule_words: 8192.
 - virtual_space_node_default_size: 8388608.
 - enlarge_chunks_in_place: 1.
 - use_allocation_guard: 0.


Internal statistics:

num_allocs_failed_limit: 6.
num_arena_births: 820.
num_arena_deaths: 76.
num_vsnodes_births: 2.
num_vsnodes_deaths: 0.
num_space_committed: 635.
num_space_uncommitted: 0.
num_chunks_returned_to_freelist: 103.
num_chunks_taken_from_freelist: 2524.
num_chunk_merges: 29.
num_chunk_splits: 1605.
num_chunks_enlarged: 977.
num_inconsistent_stats: 0.

CodeHeap 'non-profiled nmethods': size=120000Kb used=2822Kb max_used=2822Kb free=117177Kb
 bounds [0x0000018999830000, 0x0000018999b00000, 0x00000189a0d60000]
CodeHeap 'profiled nmethods': size=120000Kb used=10650Kb max_used=10650Kb free=109349Kb
 bounds [0x0000018991d60000, 0x00000189927d0000, 0x0000018999290000]
CodeHeap 'non-nmethods': size=5760Kb used=1397Kb max_used=1467Kb free=4363Kb
 bounds [0x0000018999290000, 0x0000018999500000, 0x0000018999830000]
 total_blobs=5698 nmethods=5009 adapters=595
 compilation: enabled
              stopped_count=0, restarted_count=0
 full_count=0

Compilation events (20 events):
Event: 28.505 Thread 0x00000189e614b480 5404       3       java.util.stream.AbstractPipeline::evaluate (94 bytes)
Event: 28.506 Thread 0x00000189e614b480 nmethod 5404 0x00000189927c4810 code [0x00000189927c4a40, 0x00000189927c50f8]
Event: 28.506 Thread 0x00000189e614b480 5406   !   3       org.eclipse.jdt.internal.core.util.DeduplicationUtil::intern (28 bytes)
Event: 28.507 Thread 0x00000189e614b480 nmethod 5406 0x00000189927c5310 code [0x00000189927c54e0, 0x00000189927c5870]
Event: 28.507 Thread 0x00000189e614b480 5402       1       java.util.stream.Collectors$CollectorImpl::characteristics (5 bytes)
Event: 28.507 Thread 0x00000189e614b480 nmethod 5402 0x00000189998e9490 code [0x00000189998e9620, 0x00000189998e96e8]
Event: 28.507 Thread 0x00000189e614b480 5407       3       org.eclipse.jdt.internal.core.ClassFile::<init> (56 bytes)
Event: 28.508 Thread 0x00000189e614b480 nmethod 5407 0x00000189927c5a10 code [0x00000189927c5ca0, 0x00000189927c68c8]
Event: 28.515 Thread 0x00000189a36acfa0 nmethod 5098 0x0000018999adba10 code [0x0000018999adc6c0, 0x0000018999ae6e78]
Event: 28.517 Thread 0x00000189a36acfa0 5376       4       jdk.internal.util.ArraysSupport::hashCode (33 bytes)
Event: 28.519 Thread 0x00000189a36acfa0 nmethod 5376 0x00000189998e9090 code [0x00000189998e9220, 0x00000189998e93a0]
Event: 28.519 Thread 0x00000189a36acfa0 5377       4       java.lang.invoke.Invokers$Holder::linkToTargetMethod (9 bytes)
Event: 28.520 Thread 0x00000189a36acfa0 nmethod 5377 0x00000189998b5390 code [0x00000189998b5520, 0x00000189998b5618]
Event: 28.520 Thread 0x00000189a36acfa0 5394       4       java.lang.invoke.LambdaForm$MH/0x00000189a5000800::invoke (8 bytes)
Event: 28.520 Thread 0x00000189a36acfa0 nmethod 5394 0x00000189998e8d90 code [0x00000189998e8f20, 0x00000189998e8fc8]
Event: 28.520 Thread 0x00000189a36acfa0 5395       4       java.lang.invoke.Invokers$Holder::linkToTargetMethod (8 bytes)
Event: 28.521 Thread 0x00000189a36acfa0 nmethod 5395 0x00000189998b5010 code [0x00000189998b51a0, 0x00000189998b5278]
Event: 28.521 Thread 0x00000189a36acfa0 5254       4       java.lang.reflect.AccessibleObject::checkAccess (40 bytes)
Event: 28.536 Thread 0x00000189e614b480 5408       3       java.nio.channels.spi.AbstractInterruptibleChannel::blockedOn (10 bytes)
Event: 28.536 Thread 0x00000189e614b480 nmethod 5408 0x00000189927c6d90 code [0x00000189927c6f60, 0x00000189927c7190]

GC Heap History (20 events):
Event: 20.754 GC heap before
{Heap before GC invocations=14 (full 1):
 PSYoungGen      total 23040K, used 23025K [0x00000000eab00000, 0x00000000eca80000, 0x0000000100000000)
  eden space 22016K, 100% used [0x00000000eab00000,0x00000000ec080000,0x00000000ec080000)
  from space 1024K, 98% used [0x00000000ec580000,0x00000000ec67c410,0x00000000ec680000)
  to   space 5120K, 0% used [0x00000000ec080000,0x00000000ec080000,0x00000000ec580000)
 ParOldGen       total 68608K, used 19771K [0x00000000c0000000, 0x00000000c4300000, 0x00000000eab00000)
  object space 68608K, 28% used [0x00000000c0000000,0x00000000c134ed20,0x00000000c4300000)
 Metaspace       used 32139K, committed 33088K, reserved 1114112K
  class space    used 3139K, committed 3520K, reserved 1048576K
}
Event: 20.758 GC heap after
{Heap after GC invocations=14 (full 1):
 PSYoungGen      total 24576K, used 2242K [0x00000000eab00000, 0x00000000ec680000, 0x0000000100000000)
  eden space 22016K, 0% used [0x00000000eab00000,0x00000000eab00000,0x00000000ec080000)
  from space 2560K, 87% used [0x00000000ec080000,0x00000000ec2b0800,0x00000000ec300000)
  to   space 3072K, 0% used [0x00000000ec380000,0x00000000ec380000,0x00000000ec680000)
 ParOldGen       total 68608K, used 20710K [0x00000000c0000000, 0x00000000c4300000, 0x00000000eab00000)
  object space 68608K, 30% used [0x00000000c0000000,0x00000000c1439b70,0x00000000c4300000)
 Metaspace       used 32139K, committed 33088K, reserved 1114112K
  class space    used 3139K, committed 3520K, reserved 1048576K
}
Event: 20.942 GC heap before
{Heap before GC invocations=15 (full 1):
 PSYoungGen      total 24576K, used 24258K [0x00000000eab00000, 0x00000000ec680000, 0x0000000100000000)
  eden space 22016K, 100% used [0x00000000eab00000,0x00000000ec080000,0x00000000ec080000)
  from space 2560K, 87% used [0x00000000ec080000,0x00000000ec2b0800,0x00000000ec300000)
  to   space 3072K, 0% used [0x00000000ec380000,0x00000000ec380000,0x00000000ec680000)
 ParOldGen       total 68608K, used 20710K [0x00000000c0000000, 0x00000000c4300000, 0x00000000eab00000)
  object space 68608K, 30% used [0x00000000c0000000,0x00000000c1439b70,0x00000000c4300000)
 Metaspace       used 32147K, committed 33088K, reserved 1114112K
  class space    used 3139K, committed 3520K, reserved 1048576K
}
Event: 20.949 GC heap after
{Heap after GC invocations=15 (full 1):
 PSYoungGen      total 24576K, used 2180K [0x00000000eab00000, 0x00000000ec600000, 0x0000000100000000)
  eden space 22016K, 0% used [0x00000000eab00000,0x00000000eab00000,0x00000000ec080000)
  from space 2560K, 85% used [0x00000000ec380000,0x00000000ec5a1000,0x00000000ec600000)
  to   space 2560K, 0% used [0x00000000ec080000,0x00000000ec080000,0x00000000ec300000)
 ParOldGen       total 68608K, used 22707K [0x00000000c0000000, 0x00000000c4300000, 0x00000000eab00000)
  object space 68608K, 33% used [0x00000000c0000000,0x00000000c162ced0,0x00000000c4300000)
 Metaspace       used 32147K, committed 33088K, reserved 1114112K
  class space    used 3139K, committed 3520K, reserved 1048576K
}
Event: 21.136 GC heap before
{Heap before GC invocations=16 (full 1):
 PSYoungGen      total 24576K, used 24196K [0x00000000eab00000, 0x00000000ec600000, 0x0000000100000000)
  eden space 22016K, 100% used [0x00000000eab00000,0x00000000ec080000,0x00000000ec080000)
  from space 2560K, 85% used [0x00000000ec380000,0x00000000ec5a1000,0x00000000ec600000)
  to   space 2560K, 0% used [0x00000000ec080000,0x00000000ec080000,0x00000000ec300000)
 ParOldGen       total 68608K, used 22707K [0x00000000c0000000, 0x00000000c4300000, 0x00000000eab00000)
  object space 68608K, 33% used [0x00000000c0000000,0x00000000c162ced0,0x00000000c4300000)
 Metaspace       used 32240K, committed 33152K, reserved 1114112K
  class space    used 3140K, committed 3520K, reserved 1048576K
}
Event: 21.140 GC heap after
{Heap after GC invocations=16 (full 1):
 PSYoungGen      total 24576K, used 2240K [0x00000000eab00000, 0x00000000ec580000, 0x0000000100000000)
  eden space 22016K, 0% used [0x00000000eab00000,0x00000000eab00000,0x00000000ec080000)
  from space 2560K, 87% used [0x00000000ec080000,0x00000000ec2b0010,0x00000000ec300000)
  to   space 2560K, 0% used [0x00000000ec300000,0x00000000ec300000,0x00000000ec580000)
 ParOldGen       total 68608K, used 24755K [0x00000000c0000000, 0x00000000c4300000, 0x00000000eab00000)
  object space 68608K, 36% used [0x00000000c0000000,0x00000000c182cfd0,0x00000000c4300000)
 Metaspace       used 32240K, committed 33152K, reserved 1114112K
  class space    used 3140K, committed 3520K, reserved 1048576K
}
Event: 21.251 GC heap before
{Heap before GC invocations=17 (full 1):
 PSYoungGen      total 24576K, used 24256K [0x00000000eab00000, 0x00000000ec580000, 0x0000000100000000)
  eden space 22016K, 100% used [0x00000000eab00000,0x00000000ec080000,0x00000000ec080000)
  from space 2560K, 87% used [0x00000000ec080000,0x00000000ec2b0010,0x00000000ec300000)
  to   space 2560K, 0% used [0x00000000ec300000,0x00000000ec300000,0x00000000ec580000)
 ParOldGen       total 68608K, used 24755K [0x00000000c0000000, 0x00000000c4300000, 0x00000000eab00000)
  object space 68608K, 36% used [0x00000000c0000000,0x00000000c182cfd0,0x00000000c4300000)
 Metaspace       used 32286K, committed 33152K, reserved 1114112K
  class space    used 3140K, committed 3520K, reserved 1048576K
}
Event: 21.254 GC heap after
{Heap after GC invocations=17 (full 1):
 PSYoungGen      total 24576K, used 1944K [0x00000000eab00000, 0x00000000ec580000, 0x0000000100000000)
  eden space 22016K, 0% used [0x00000000eab00000,0x00000000eab00000,0x00000000ec080000)
  from space 2560K, 75% used [0x00000000ec300000,0x00000000ec4e6200,0x00000000ec580000)
  to   space 2560K, 0% used [0x00000000ec080000,0x00000000ec080000,0x00000000ec300000)
 ParOldGen       total 68608K, used 26931K [0x00000000c0000000, 0x00000000c4300000, 0x00000000eab00000)
  object space 68608K, 39% used [0x00000000c0000000,0x00000000c1a4cfe0,0x00000000c4300000)
 Metaspace       used 32286K, committed 33152K, reserved 1114112K
  class space    used 3140K, committed 3520K, reserved 1048576K
}
Event: 22.732 GC heap before
{Heap before GC invocations=18 (full 1):
 PSYoungGen      total 24576K, used 23954K [0x00000000eab00000, 0x00000000ec580000, 0x0000000100000000)
  eden space 22016K, 99% used [0x00000000eab00000,0x00000000ec07e9e8,0x00000000ec080000)
  from space 2560K, 75% used [0x00000000ec300000,0x00000000ec4e6200,0x00000000ec580000)
  to   space 2560K, 0% used [0x00000000ec080000,0x00000000ec080000,0x00000000ec300000)
 ParOldGen       total 68608K, used 26931K [0x00000000c0000000, 0x00000000c4300000, 0x00000000eab00000)
  object space 68608K, 39% used [0x00000000c0000000,0x00000000c1a4cfe0,0x00000000c4300000)
 Metaspace       used 34549K, committed 35456K, reserved 1114112K
  class space    used 3392K, committed 3776K, reserved 1048576K
}
Event: 22.736 GC heap after
{Heap after GC invocations=18 (full 1):
 PSYoungGen      total 23552K, used 1189K [0x00000000eab00000, 0x00000000ec380000, 0x0000000100000000)
  eden space 22016K, 0% used [0x00000000eab00000,0x00000000eab00000,0x00000000ec080000)
  from space 1536K, 77% used [0x00000000ec080000,0x00000000ec1a9558,0x00000000ec200000)
  to   space 1536K, 0% used [0x00000000ec200000,0x00000000ec200000,0x00000000ec380000)
 ParOldGen       total 68608K, used 28793K [0x00000000c0000000, 0x00000000c4300000, 0x00000000eab00000)
  object space 68608K, 41% used [0x00000000c0000000,0x00000000c1c1e538,0x00000000c4300000)
 Metaspace       used 34549K, committed 35456K, reserved 1114112K
  class space    used 3392K, committed 3776K, reserved 1048576K
}
Event: 23.262 GC heap before
{Heap before GC invocations=19 (full 1):
 PSYoungGen      total 23552K, used 12262K [0x00000000eab00000, 0x00000000ec380000, 0x0000000100000000)
  eden space 22016K, 50% used [0x00000000eab00000,0x00000000eb5d04d8,0x00000000ec080000)
  from space 1536K, 77% used [0x00000000ec080000,0x00000000ec1a9558,0x00000000ec200000)
  to   space 1536K, 0% used [0x00000000ec200000,0x00000000ec200000,0x00000000ec380000)
 ParOldGen       total 68608K, used 28793K [0x00000000c0000000, 0x00000000c4300000, 0x00000000eab00000)
  object space 68608K, 41% used [0x00000000c0000000,0x00000000c1c1e538,0x00000000c4300000)
 Metaspace       used 35047K, committed 35840K, reserved 1114112K
  class space    used 3451K, committed 3776K, reserved 1048576K
}
Event: 23.264 GC heap after
{Heap after GC invocations=19 (full 1):
 PSYoungGen      total 22528K, used 320K [0x00000000eab00000, 0x00000000ec280000, 0x0000000100000000)
  eden space 22016K, 0% used [0x00000000eab00000,0x00000000eab00000,0x00000000ec080000)
  from space 512K, 62% used [0x00000000ec200000,0x00000000ec250128,0x00000000ec280000)
  to   space 1024K, 0% used [0x00000000ec080000,0x00000000ec080000,0x00000000ec180000)
 ParOldGen       total 68608K, used 29829K [0x00000000c0000000, 0x00000000c4300000, 0x00000000eab00000)
  object space 68608K, 43% used [0x00000000c0000000,0x00000000c1d21598,0x00000000c4300000)
 Metaspace       used 35047K, committed 35840K, reserved 1114112K
  class space    used 3451K, committed 3776K, reserved 1048576K
}
Event: 23.264 GC heap before
{Heap before GC invocations=20 (full 2):
 PSYoungGen      total 22528K, used 320K [0x00000000eab00000, 0x00000000ec280000, 0x0000000100000000)
  eden space 22016K, 0% used [0x00000000eab00000,0x00000000eab00000,0x00000000ec080000)
  from space 512K, 62% used [0x00000000ec200000,0x00000000ec250128,0x00000000ec280000)
  to   space 1024K, 0% used [0x00000000ec080000,0x00000000ec080000,0x00000000ec180000)
 ParOldGen       total 68608K, used 29829K [0x00000000c0000000, 0x00000000c4300000, 0x00000000eab00000)
  object space 68608K, 43% used [0x00000000c0000000,0x00000000c1d21598,0x00000000c4300000)
 Metaspace       used 35047K, committed 35840K, reserved 1114112K
  class space    used 3451K, committed 3776K, reserved 1048576K
}
Event: 23.350 GC heap after
{Heap after GC invocations=20 (full 2):
 PSYoungGen      total 22528K, used 0K [0x00000000eab00000, 0x00000000ec280000, 0x0000000100000000)
  eden space 22016K, 0% used [0x00000000eab00000,0x00000000eab00000,0x00000000ec080000)
  from space 512K, 0% used [0x00000000ec200000,0x00000000ec200000,0x00000000ec280000)
  to   space 1024K, 0% used [0x00000000ec080000,0x00000000ec080000,0x00000000ec180000)
 ParOldGen       total 68608K, used 28871K [0x00000000c0000000, 0x00000000c4300000, 0x00000000eab00000)
  object space 68608K, 42% used [0x00000000c0000000,0x00000000c1c31f98,0x00000000c4300000)
 Metaspace       used 34993K, committed 35840K, reserved 1114112K
  class space    used 3436K, committed 3776K, reserved 1048576K
}
Event: 24.214 GC heap before
{Heap before GC invocations=21 (full 2):
 PSYoungGen      total 22528K, used 22016K [0x00000000eab00000, 0x00000000ec280000, 0x0000000100000000)
  eden space 22016K, 100% used [0x00000000eab00000,0x00000000ec080000,0x00000000ec080000)
  from space 512K, 0% used [0x00000000ec200000,0x00000000ec200000,0x00000000ec280000)
  to   space 1024K, 0% used [0x00000000ec080000,0x00000000ec080000,0x00000000ec180000)
 ParOldGen       total 68608K, used 28871K [0x00000000c0000000, 0x00000000c4300000, 0x00000000eab00000)
  object space 68608K, 42% used [0x00000000c0000000,0x00000000c1c31f98,0x00000000c4300000)
 Metaspace       used 36955K, committed 37760K, reserved 1114112K
  class space    used 3639K, committed 3968K, reserved 1048576K
}
Event: 24.216 GC heap after
{Heap after GC invocations=21 (full 2):
 PSYoungGen      total 23040K, used 576K [0x00000000eab00000, 0x00000000ec280000, 0x0000000100000000)
  eden space 22016K, 0% used [0x00000000eab00000,0x00000000eab00000,0x00000000ec080000)
  from space 1024K, 56% used [0x00000000ec080000,0x00000000ec110000,0x00000000ec180000)
  to   space 1024K, 0% used [0x00000000ec180000,0x00000000ec180000,0x00000000ec280000)
 ParOldGen       total 68608K, used 28879K [0x00000000c0000000, 0x00000000c4300000, 0x00000000eab00000)
  object space 68608K, 42% used [0x00000000c0000000,0x00000000c1c33f98,0x00000000c4300000)
 Metaspace       used 36955K, committed 37760K, reserved 1114112K
  class space    used 3639K, committed 3968K, reserved 1048576K
}
Event: 26.126 GC heap before
{Heap before GC invocations=22 (full 2):
 PSYoungGen      total 23040K, used 22592K [0x00000000eab00000, 0x00000000ec280000, 0x0000000100000000)
  eden space 22016K, 100% used [0x00000000eab00000,0x00000000ec080000,0x00000000ec080000)
  from space 1024K, 56% used [0x00000000ec080000,0x00000000ec110000,0x00000000ec180000)
  to   space 1024K, 0% used [0x00000000ec180000,0x00000000ec180000,0x00000000ec280000)
 ParOldGen       total 68608K, used 28879K [0x00000000c0000000, 0x00000000c4300000, 0x00000000eab00000)
  object space 68608K, 42% used [0x00000000c0000000,0x00000000c1c33f98,0x00000000c4300000)
 Metaspace       used 38229K, committed 39168K, reserved 1114112K
  class space    used 3737K, committed 4096K, reserved 1048576K
}
Event: 26.128 GC heap after
{Heap after GC invocations=22 (full 2):
 PSYoungGen      total 21504K, used 1011K [0x00000000eab00000, 0x00000000ec580000, 0x0000000100000000)
  eden space 20480K, 0% used [0x00000000eab00000,0x00000000eab00000,0x00000000ebf00000)
  from space 1024K, 98% used [0x00000000ec180000,0x00000000ec27cea8,0x00000000ec280000)
  to   space 2560K, 0% used [0x00000000ebf00000,0x00000000ebf00000,0x00000000ec180000)
 ParOldGen       total 68608K, used 29795K [0x00000000c0000000, 0x00000000c4300000, 0x00000000eab00000)
  object space 68608K, 43% used [0x00000000c0000000,0x00000000c1d18d38,0x00000000c4300000)
 Metaspace       used 38229K, committed 39168K, reserved 1114112K
  class space    used 3737K, committed 4096K, reserved 1048576K
}
Event: 27.190 GC heap before
{Heap before GC invocations=23 (full 2):
 PSYoungGen      total 21504K, used 21491K [0x00000000eab00000, 0x00000000ec580000, 0x0000000100000000)
  eden space 20480K, 100% used [0x00000000eab00000,0x00000000ebf00000,0x00000000ebf00000)
  from space 1024K, 98% used [0x00000000ec180000,0x00000000ec27cea8,0x00000000ec280000)
  to   space 2560K, 0% used [0x00000000ebf00000,0x00000000ebf00000,0x00000000ec180000)
 ParOldGen       total 68608K, used 29795K [0x00000000c0000000, 0x00000000c4300000, 0x00000000eab00000)
  object space 68608K, 43% used [0x00000000c0000000,0x00000000c1d18d38,0x00000000c4300000)
 Metaspace       used 38290K, committed 39232K, reserved 1114112K
  class space    used 3747K, committed 4096K, reserved 1048576K
}
Event: 27.191 GC heap after
{Heap after GC invocations=23 (full 2):
 PSYoungGen      total 21504K, used 934K [0x00000000eab00000, 0x00000000ec200000, 0x0000000100000000)
  eden space 20480K, 0% used [0x00000000eab00000,0x00000000eab00000,0x00000000ebf00000)
  from space 1024K, 91% used [0x00000000ebf00000,0x00000000ebfe9980,0x00000000ec000000)
  to   space 1536K, 0% used [0x00000000ec080000,0x00000000ec080000,0x00000000ec200000)
 ParOldGen       total 68608K, used 30472K [0x00000000c0000000, 0x00000000c4300000, 0x00000000eab00000)
  object space 68608K, 44% used [0x00000000c0000000,0x00000000c1dc2218,0x00000000c4300000)
 Metaspace       used 38290K, committed 39232K, reserved 1114112K
  class space    used 3747K, committed 4096K, reserved 1048576K
}

Dll operation events (10 events):
Event: 0.016 Loaded shared library c:\Users\ala\.vscode\extensions\redhat.java-1.41.1-win32-x64\jre\21.0.6-win32-x86_64\bin\java.dll
Event: 0.108 Loaded shared library c:\Users\ala\.vscode\extensions\redhat.java-1.41.1-win32-x64\jre\21.0.6-win32-x86_64\bin\zip.dll
Event: 0.136 Loaded shared library C:\Users\ala\.vscode\extensions\redhat.java-1.41.1-win32-x64\jre\21.0.6-win32-x86_64\bin\instrument.dll
Event: 0.145 Loaded shared library C:\Users\ala\.vscode\extensions\redhat.java-1.41.1-win32-x64\jre\21.0.6-win32-x86_64\bin\net.dll
Event: 0.150 Loaded shared library C:\Users\ala\.vscode\extensions\redhat.java-1.41.1-win32-x64\jre\21.0.6-win32-x86_64\bin\nio.dll
Event: 0.155 Loaded shared library C:\Users\ala\.vscode\extensions\redhat.java-1.41.1-win32-x64\jre\21.0.6-win32-x86_64\bin\zip.dll
Event: 0.180 Loaded shared library C:\Users\ala\.vscode\extensions\redhat.java-1.41.1-win32-x64\jre\21.0.6-win32-x86_64\bin\jimage.dll
Event: 0.281 Loaded shared library c:\Users\ala\.vscode\extensions\redhat.java-1.41.1-win32-x64\jre\21.0.6-win32-x86_64\bin\verify.dll
Event: 2.148 Loaded shared library C:\Users\ala\AppData\Roaming\Code\User\globalStorage\redhat.java\1.41.1\config_ss_win\org.eclipse.equinox.launcher\org.eclipse.equinox.launcher.win32.win32.x86_64_1.2.1300.v20250331-1702\eclipse_11911.dll
Event: 5.036 Loaded shared library C:\Users\ala\AppData\Local\Temp\jna-96662\jna4757863794646462283.dll

Deoptimization events (20 events):
Event: 26.133 Thread 0x00000189ebb11890 Uncommon trap: trap_request=0xffffffde fr.pc=0x000001899998bda8 relative=0x0000000000007ec8
Event: 26.133 Thread 0x00000189ebb11890 Uncommon trap: reason=class_check action=maybe_recompile pc=0x000001899998bda8 method=lombok.patcher.PatchScript$MethodPatcher.visitMethod(ILjava/lang/String;Ljava/lang/String;Ljava/lang/String;[Ljava/lang/String;)Lorg/lombokweb/asm/MethodVisitor; @ 101 c
Event: 26.133 Thread 0x00000189ebb11890 DEOPT PACKING pc=0x000001899998bda8 sp=0x00000062e61f96d0
Event: 26.133 Thread 0x00000189ebb11890 DEOPT UNPACKING pc=0x00000189992e6da2 sp=0x00000062e61f9678 mode 2
Event: 26.133 Thread 0x00000189ebb11890 Uncommon trap: trap_request=0xffffffde fr.pc=0x000001899998bda8 relative=0x0000000000007ec8
Event: 26.133 Thread 0x00000189ebb11890 Uncommon trap: reason=class_check action=maybe_recompile pc=0x000001899998bda8 method=lombok.patcher.PatchScript$MethodPatcher.visitMethod(ILjava/lang/String;Ljava/lang/String;Ljava/lang/String;[Ljava/lang/String;)Lorg/lombokweb/asm/MethodVisitor; @ 101 c
Event: 26.133 Thread 0x00000189ebb11890 DEOPT PACKING pc=0x000001899998bda8 sp=0x00000062e61f96d0
Event: 26.133 Thread 0x00000189ebb11890 DEOPT UNPACKING pc=0x00000189992e6da2 sp=0x00000062e61f9678 mode 2
Event: 26.133 Thread 0x00000189ebb11890 Uncommon trap: trap_request=0xffffffde fr.pc=0x000001899998bda8 relative=0x0000000000007ec8
Event: 26.133 Thread 0x00000189ebb11890 Uncommon trap: reason=class_check action=maybe_recompile pc=0x000001899998bda8 method=lombok.patcher.PatchScript$MethodPatcher.visitMethod(ILjava/lang/String;Ljava/lang/String;Ljava/lang/String;[Ljava/lang/String;)Lorg/lombokweb/asm/MethodVisitor; @ 101 c
Event: 26.133 Thread 0x00000189ebb11890 DEOPT PACKING pc=0x000001899998bda8 sp=0x00000062e61f96d0
Event: 26.134 Thread 0x00000189ebb11890 DEOPT UNPACKING pc=0x00000189992e6da2 sp=0x00000062e61f9678 mode 2
Event: 26.134 Thread 0x00000189ebb11890 Uncommon trap: trap_request=0xffffffde fr.pc=0x000001899995e9c4 relative=0x0000000000001004
Event: 26.134 Thread 0x00000189ebb11890 Uncommon trap: reason=class_check action=maybe_recompile pc=0x000001899995e9c4 method=lombok.patcher.PatchScript$MethodPatcher.visitMethod(ILjava/lang/String;Ljava/lang/String;Ljava/lang/String;[Ljava/lang/String;)Lorg/lombokweb/asm/MethodVisitor; @ 101 c
Event: 26.134 Thread 0x00000189ebb11890 DEOPT PACKING pc=0x000001899995e9c4 sp=0x00000062e61f9690
Event: 26.134 Thread 0x00000189ebb11890 DEOPT UNPACKING pc=0x00000189992e6da2 sp=0x00000062e61f9678 mode 2
Event: 27.287 Thread 0x00000189eb36dfe0 Uncommon trap: trap_request=0xffffff6e fr.pc=0x000001899991c254 relative=0x0000000000000194
Event: 27.287 Thread 0x00000189eb36dfe0 Uncommon trap: reason=loop_limit_check action=maybe_recompile pc=0x000001899991c254 method=org.eclipse.jdt.internal.core.util.HashtableOfArrayToObject.hashCode([Ljava/lang/Object;I)I @ 27 c2
Event: 27.287 Thread 0x00000189eb36dfe0 DEOPT PACKING pc=0x000001899991c254 sp=0x00000062e50fe270
Event: 27.287 Thread 0x00000189eb36dfe0 DEOPT UNPACKING pc=0x00000189992e6da2 sp=0x00000062e50fe1f8 mode 2

Classes loaded (20 events):
Event: 24.759 Loading class java/util/stream/IntPipeline
Event: 24.761 Loading class java/util/stream/IntStream
Event: 24.762 Loading class java/util/stream/IntStream done
Event: 24.762 Loading class java/util/stream/IntPipeline done
Event: 24.762 Loading class java/util/stream/IntPipeline$StatelessOp done
Event: 24.762 Loading class java/util/stream/ReferencePipeline$4 done
Event: 24.861 Loading class java/util/stream/Nodes$IntFixedNodeBuilder
Event: 24.865 Loading class java/util/stream/Node$Builder$OfInt
Event: 24.866 Loading class java/util/stream/Sink$OfInt
Event: 24.867 Loading class java/util/stream/Sink$OfInt done
Event: 24.867 Loading class java/util/stream/Node$Builder$OfInt done
Event: 24.867 Loading class java/util/stream/Nodes$IntArrayNode
Event: 24.867 Loading class java/util/stream/Nodes$IntArrayNode done
Event: 24.867 Loading class java/util/stream/Nodes$IntFixedNodeBuilder done
Event: 24.875 Loading class java/util/stream/ReferencePipeline$4$1
Event: 24.880 Loading class java/util/stream/ReferencePipeline$4$1 done
Event: 28.502 Loading class java/util/stream/ReduceOps$4
Event: 28.502 Loading class java/util/stream/ReduceOps$4 done
Event: 28.502 Loading class java/util/stream/ReduceOps$4ReducingSink
Event: 28.502 Loading class java/util/stream/ReduceOps$4ReducingSink done

Classes unloaded (20 events):
Event: 23.279 Thread 0x00000189a3684490 Unloading class 0x00000189a534a400 'java/lang/invoke/LambdaForm$MH+0x00000189a534a400'
Event: 23.279 Thread 0x00000189a3684490 Unloading class 0x00000189a5349c00 'java/lang/invoke/LambdaForm$DMH+0x00000189a5349c00'
Event: 23.279 Thread 0x00000189a3684490 Unloading class 0x00000189a5349800 'java/lang/invoke/LambdaForm$DMH+0x00000189a5349800'
Event: 23.279 Thread 0x00000189a3684490 Unloading class 0x00000189a5345800 'java/lang/invoke/LambdaForm$MH+0x00000189a5345800'
Event: 23.279 Thread 0x00000189a3684490 Unloading class 0x00000189a5345400 'java/lang/invoke/LambdaForm$MH+0x00000189a5345400'
Event: 23.279 Thread 0x00000189a3684490 Unloading class 0x00000189a5344c00 'java/lang/invoke/LambdaForm$MH+0x00000189a5344c00'
Event: 23.279 Thread 0x00000189a3684490 Unloading class 0x00000189a5344800 'java/lang/invoke/LambdaForm$MH+0x00000189a5344800'
Event: 23.279 Thread 0x00000189a3684490 Unloading class 0x00000189a5344000 'java/lang/invoke/LambdaForm$MH+0x00000189a5344000'
Event: 23.279 Thread 0x00000189a3684490 Unloading class 0x00000189a5343800 'java/lang/invoke/LambdaForm$MH+0x00000189a5343800'
Event: 23.279 Thread 0x00000189a3684490 Unloading class 0x00000189a5343400 'java/lang/invoke/LambdaForm$MH+0x00000189a5343400'
Event: 23.279 Thread 0x00000189a3684490 Unloading class 0x00000189a5342c00 'java/lang/invoke/LambdaForm$MH+0x00000189a5342c00'
Event: 23.279 Thread 0x00000189a3684490 Unloading class 0x00000189a5342800 'java/lang/invoke/LambdaForm$MH+0x00000189a5342800'
Event: 23.279 Thread 0x00000189a3684490 Unloading class 0x00000189a5342400 'java/lang/invoke/LambdaForm$MH+0x00000189a5342400'
Event: 23.279 Thread 0x00000189a3684490 Unloading class 0x00000189a5341c00 'java/lang/invoke/LambdaForm$MH+0x00000189a5341c00'
Event: 23.279 Thread 0x00000189a3684490 Unloading class 0x00000189a5341400 'java/lang/invoke/LambdaForm$MH+0x00000189a5341400'
Event: 23.279 Thread 0x00000189a3684490 Unloading class 0x00000189a5341000 'java/lang/invoke/LambdaForm$MH+0x00000189a5341000'
Event: 23.279 Thread 0x00000189a3684490 Unloading class 0x00000189a5340c00 'java/lang/invoke/LambdaForm$MH+0x00000189a5340c00'
Event: 23.279 Thread 0x00000189a3684490 Unloading class 0x00000189a5340400 'java/lang/invoke/LambdaForm$MH+0x00000189a5340400'
Event: 23.279 Thread 0x00000189a3684490 Unloading class 0x00000189a533ec00 'java/lang/invoke/LambdaForm$DMH+0x00000189a533ec00'
Event: 23.279 Thread 0x00000189a3684490 Unloading class 0x00000189a533e800 'java/lang/invoke/LambdaForm$DMH+0x00000189a533e800'

Classes redefined (0 events):
No events

Internal exceptions (20 events):
Event: 20.089 Thread 0x00000189ebb0fe50 Exception <a 'java/lang/NoSuchMethodError'{0x00000000ec09d628}: 'int java.lang.invoke.Invokers$Holder.linkToTargetMethod(java.lang.Object, java.lang.Object)'> (0x00000000ec09d628) 
thrown [s\src\hotspot\share\interpreter\linkResolver.cpp, line 773]
Event: 20.365 Thread 0x00000189ebb0fe50 Exception <a 'java/lang/NoSuchMethodError'{0x00000000eafaab88}: 'int java.lang.invoke.DirectMethodHandle$Holder.invokeSpecial(java.lang.Object, java.lang.Object, java.lang.Object, java.lang.Object)'> (0x00000000eafaab88) 
thrown [s\src\hotspot\share\interpreter\linkResolver.cpp, line 773]
Event: 20.365 Thread 0x00000189ebb12c40 Exception <a 'java/lang/NoSuchMethodError'{0x00000000eaf92948}: 'int java.lang.invoke.DirectMethodHandle$Holder.invokeSpecial(java.lang.Object, java.lang.Object, java.lang.Object, java.lang.Object)'> (0x00000000eaf92948) 
thrown [s\src\hotspot\share\interpreter\linkResolver.cpp, line 773]
Event: 20.370 Thread 0x00000189ebb12c40 Exception <a 'java/lang/NoSuchMethodError'{0x00000000eaf9d298}: 'java.lang.Object java.lang.invoke.DirectMethodHandle$Holder.invokeStatic(java.lang.Object, int, java.lang.Object, java.lang.Object)'> (0x00000000eaf9d298) 
thrown [s\src\hotspot\share\interpreter\linkResolver.cpp, line 773]
Event: 20.370 Thread 0x00000189ebb12c40 Exception <a 'java/lang/NoSuchMethodError'{0x00000000eafa0d48}: 'java.lang.Object java.lang.invoke.DelegatingMethodHandle$Holder.delegate(java.lang.Object, int, java.lang.Object, java.lang.Object)'> (0x00000000eafa0d48) 
thrown [s\src\hotspot\share\interpreter\linkResolver.cpp, line 773]
Event: 20.371 Thread 0x00000189ebb0fe50 Exception <a 'java/lang/NoSuchMethodError'{0x00000000eafb67c0}: 'java.lang.Object java.lang.invoke.DelegatingMethodHandle$Holder.delegate(java.lang.Object, int, java.lang.Object, java.lang.Object)'> (0x00000000eafb67c0) 
thrown [s\src\hotspot\share\interpreter\linkResolver.cpp, line 773]
Event: 20.372 Thread 0x00000189ebb0fe50 Implicit null exception at 0x0000018999a1a8f6 to 0x0000018999a1ac2c
Event: 20.382 Thread 0x00000189ebb12c40 Exception <a 'java/lang/NoSuchMethodError'{0x00000000eafcff30}: 'int java.lang.invoke.Invokers$Holder.linkToTargetMethod(java.lang.Object, java.lang.Object, java.lang.Object)'> (0x00000000eafcff30) 
thrown [s\src\hotspot\share\interpreter\linkResolver.cpp, line 773]
Event: 20.382 Thread 0x00000189ebb0fe50 Exception <a 'java/lang/NoSuchMethodError'{0x00000000eafc5f60}: 'int java.lang.invoke.Invokers$Holder.linkToTargetMethod(java.lang.Object, java.lang.Object, java.lang.Object)'> (0x00000000eafc5f60) 
thrown [s\src\hotspot\share\interpreter\linkResolver.cpp, line 773]
Event: 22.482 Thread 0x00000189ebb0fe50 Exception <a 'java/lang/LinkageError'{0x00000000ebc1c520}: loader lombok.launch.ShadowClassLoader @224612de attempted duplicate class definition for lombok.launch.PatchFixesHider$Transform. (lombok.launch.PatchFixesHider$Transform is in unnamed module of loader lombok.launch.ShadowClassLoader @224612de, parent loader org.eclipse.osgi.internal.loader.EquinoxClassLoader @4638da9d)> (0x00000000ebc1c520) 
thrown [s\src\hotspot\share\classfile\systemDictionary.cpp, line 1682]
Event: 22.483 Thread 0x00000189ebb12c40 Exception <a 'java/lang/LinkageError'{0x00000000ebb24978}: loader lombok.launch.ShadowClassLoader @224612de attempted duplicate class definition for lombok.launch.PatchFixesHider$Transform. (lombok.launch.PatchFixesHider$Transform is in unnamed module of loader lombok.launch.ShadowClassLoader @224612de, parent loader org.eclipse.osgi.internal.loader.EquinoxClassLoader @4638da9d)> (0x00000000ebb24978) 
thrown [s\src\hotspot\share\classfile\systemDictionary.cpp, line 1682]
Event: 24.084 Thread 0x00000189ebb12c40 Exception <a 'java/lang/LinkageError'{0x00000000ebd6b8c0}: loader lombok.launch.ShadowClassLoader @7e7497f9 attempted duplicate class definition for lombok.launch.PatchFixesHider$FieldInitializer. (lombok.launch.PatchFixesHider$FieldInitializer is in unnamed module of loader lombok.launch.ShadowClassLoader @7e7497f9, parent loader org.eclipse.osgi.internal.loader.EquinoxClassLoader @46bbd167)> (0x00000000ebd6b8c0) 
thrown [s\src\hotspot\share\classfile\systemDictionary.cpp, line 1682]
Event: 24.090 Thread 0x00000189ebb0fe50 Exception <a 'java/lang/LinkageError'{0x00000000ebd9e870}: loader lombok.launch.ShadowClassLoader @7e7497f9 attempted duplicate class definition for lombok.launch.PatchFixesHider$FieldInitializer. (lombok.launch.PatchFixesHider$FieldInitializer is in unnamed module of loader lombok.launch.ShadowClassLoader @7e7497f9, parent loader org.eclipse.osgi.internal.loader.EquinoxClassLoader @46bbd167)> (0x00000000ebd9e870) 
thrown [s\src\hotspot\share\classfile\systemDictionary.cpp, line 1682]
Event: 24.165 Thread 0x00000189ebb0fe50 Exception <a 'java/lang/NoSuchMethodError'{0x00000000ebdc25b8}: 'java.lang.Object java.lang.invoke.DirectMethodHandle$Holder.newInvokeSpecial(java.lang.Object, java.lang.Object, java.lang.Object, java.lang.Object, int)'> (0x00000000ebdc25b8) 
thrown [s\src\hotspot\share\interpreter\linkResolver.cpp, line 773]
Event: 24.165 Thread 0x00000189ebb12c40 Exception <a 'java/lang/NoSuchMethodError'{0x00000000ebe66360}: 'java.lang.Object java.lang.invoke.DirectMethodHandle$Holder.newInvokeSpecial(java.lang.Object, java.lang.Object, java.lang.Object, java.lang.Object, int)'> (0x00000000ebe66360) 
thrown [s\src\hotspot\share\interpreter\linkResolver.cpp, line 773]
Event: 24.165 Thread 0x00000189ebb0fe50 Exception <a 'java/lang/NoSuchMethodError'{0x00000000ebdc6778}: 'java.lang.Object java.lang.invoke.DirectMethodHandle$Holder.invokeSpecial(java.lang.Object, java.lang.Object, java.lang.Object, java.lang.Object, java.lang.Object, int)'> (0x00000000ebdc6778) 
thrown [s\src\hotspot\share\interpreter\linkResolver.cpp, line 773]
Event: 24.165 Thread 0x00000189ebb0fe50 Exception <a 'java/lang/NoSuchMethodError'{0x00000000ebdc9f58}: 'java.lang.Object java.lang.invoke.Invokers$Holder.linkToTargetMethod(java.lang.Object, java.lang.Object, java.lang.Object, int, java.lang.Object)'> (0x00000000ebdc9f58) 
thrown [s\src\hotspot\share\interpreter\linkResolver.cpp, line 773]
Event: 24.165 Thread 0x00000189ebb12c40 Exception <a 'java/lang/NoSuchMethodError'{0x00000000ebf0e9c8}: 'java.lang.Object java.lang.invoke.Invokers$Holder.linkToTargetMethod(java.lang.Object, java.lang.Object, java.lang.Object, int, java.lang.Object)'> (0x00000000ebf0e9c8) 
thrown [s\src\hotspot\share\interpreter\linkResolver.cpp, line 773]
Event: 24.998 Thread 0x00000189ebb10b70 Exception <a 'java/lang/NoSuchMethodError'{0x00000000eb368bf8}: 'java.lang.Object java.lang.invoke.DirectMethodHandle$Holder.invokeSpecial(java.lang.Object, java.lang.Object, int, long)'> (0x00000000eb368bf8) 
thrown [s\src\hotspot\share\interpreter\linkResolver.cpp, line 773]
Event: 28.508 Thread 0x00000189eb36dfe0 Exception <a 'java/lang/NoSuchMethodError'{0x00000000eb1f3fc0}: 'int java.lang.invoke.DirectMethodHandle$Holder.invokeSpecialIFC(java.lang.Object, java.lang.Object, java.lang.Object)'> (0x00000000eb1f3fc0) 
thrown [s\src\hotspot\share\interpreter\linkResolver.cpp, line 773]

ZGC Phase Switch (0 events):
No events

VM Operations (20 events):
Event: 22.351 Executing VM operation: HandshakeAllThreads (Deoptimize) done
Event: 22.351 Executing VM operation: Cleanup
Event: 22.351 Executing VM operation: Cleanup done
Event: 22.732 Executing VM operation: ParallelGCFailedAllocation (Allocation Failure)
Event: 22.736 Executing VM operation: ParallelGCFailedAllocation (Allocation Failure) done
Event: 23.262 Executing VM operation: CollectForMetadataAllocation (Metadata GC Threshold)
Event: 23.350 Executing VM operation: CollectForMetadataAllocation (Metadata GC Threshold) done
Event: 24.214 Executing VM operation: ParallelGCFailedAllocation (Allocation Failure)
Event: 24.216 Executing VM operation: ParallelGCFailedAllocation (Allocation Failure) done
Event: 25.224 Executing VM operation: Cleanup
Event: 25.225 Executing VM operation: Cleanup done
Event: 26.126 Executing VM operation: ParallelGCFailedAllocation (Allocation Failure)
Event: 26.128 Executing VM operation: ParallelGCFailedAllocation (Allocation Failure) done
Event: 26.234 Executing VM operation: ParallelGCFailedAllocation (Allocation Failure)
Event: 27.191 Executing VM operation: ParallelGCFailedAllocation (Allocation Failure) done
Event: 28.196 Executing VM operation: Cleanup
Event: 28.493 Executing VM operation: Cleanup done
Event: 28.515 Executing VM operation: HandshakeAllThreads (Deoptimize)
Event: 28.515 Executing VM operation: HandshakeAllThreads (Deoptimize) done
Event: 29.521 Executing VM operation: Cleanup

Memory protections (0 events):
No events

Nmethod flushes (20 events):
Event: 23.295 Thread 0x00000189a3684490 flushing  nmethod 0x00000189921b6310
Event: 23.295 Thread 0x00000189a3684490 flushing  nmethod 0x00000189921b6710
Event: 23.295 Thread 0x00000189a3684490 flushing  nmethod 0x00000189921b7110
Event: 23.295 Thread 0x00000189a3684490 flushing  nmethod 0x00000189921bbd90
Event: 23.295 Thread 0x00000189a3684490 flushing  nmethod 0x00000189921bec90
Event: 23.295 Thread 0x00000189a3684490 flushing  nmethod 0x00000189921d0f90
Event: 23.295 Thread 0x00000189a3684490 flushing  nmethod 0x00000189921d2290
Event: 23.295 Thread 0x00000189a3684490 flushing  nmethod 0x00000189921d2890
Event: 23.295 Thread 0x00000189a3684490 flushing  nmethod 0x00000189921d3310
Event: 23.295 Thread 0x00000189a3684490 flushing  nmethod 0x0000018992200e10
Event: 23.295 Thread 0x00000189a3684490 flushing  nmethod 0x0000018992203690
Event: 23.295 Thread 0x00000189a3684490 flushing  nmethod 0x0000018992204390
Event: 23.295 Thread 0x00000189a3684490 flushing  nmethod 0x0000018992246790
Event: 23.295 Thread 0x00000189a3684490 flushing  nmethod 0x000001899224a090
Event: 23.295 Thread 0x00000189a3684490 flushing  nmethod 0x0000018992254810
Event: 23.295 Thread 0x00000189a3684490 flushing  nmethod 0x0000018992256e90
Event: 23.295 Thread 0x00000189a3684490 flushing  nmethod 0x000001899225f510
Event: 23.295 Thread 0x00000189a3684490 flushing  nmethod 0x0000018992261f10
Event: 23.295 Thread 0x00000189a3684490 flushing  nmethod 0x0000018992263490
Event: 23.295 Thread 0x00000189a3684490 flushing  nmethod 0x000001899227cf10

Events (20 events):
Event: 7.056 Thread 0x000001898d2a0420 Thread added: 0x00000189eb39ae60
Event: 7.057 Thread 0x000001898d2a0420 Thread added: 0x00000189ebb11f20
Event: 7.091 Thread 0x000001898d2a0420 Thread added: 0x00000189ebb0f7c0
Event: 7.337 Thread 0x00000189eb39b4f0 Thread added: 0x00000189ebb10b70
Event: 7.484 Thread 0x00000189e65a91b0 Thread exited: 0x00000189e65a91b0
Event: 7.577 Thread 0x000001898d2a0420 Thread added: 0x00000189ebb11200
Event: 7.577 Thread 0x000001898d2a0420 Thread added: 0x00000189ebb11890
Event: 7.706 Thread 0x00000189e614b480 Thread added: 0x00000189eb788c40
Event: 10.189 Thread 0x00000189e694f620 Thread exited: 0x00000189e694f620
Event: 13.256 Thread 0x00000189eb788c40 Thread exited: 0x00000189eb788c40
Event: 19.615 Thread 0x00000189ebb11890 Thread added: 0x00000189ebb0fe50
Event: 19.621 Thread 0x00000189ebb0fe50 Thread added: 0x00000189ebb12c40
Event: 19.929 Thread 0x00000189e614b480 Thread added: 0x00000189ec7b6af0
Event: 20.193 Thread 0x00000189a36acfa0 Thread added: 0x00000189e6c82400
Event: 22.602 Thread 0x00000189e6c82400 Thread exited: 0x00000189e6c82400
Event: 22.850 Thread 0x00000189ec7b6af0 Thread exited: 0x00000189ec7b6af0
Event: 24.431 Thread 0x00000189e614b480 Thread added: 0x00000189ec6dd900
Event: 24.725 Thread 0x00000189ec6dd900 Thread exited: 0x00000189ec6dd900
Event: 26.081 Thread 0x00000189e614b480 Thread added: 0x00000189ec6dd900
Event: 27.192 Thread 0x00000189e614b480 Thread added: 0x00000189ec3bf740


Dynamic libraries:
0x00007ff748bf0000 - 0x00007ff748bfe000 	c:\Users\ala\.vscode\extensions\redhat.java-1.41.1-win32-x64\jre\21.0.6-win32-x86_64\bin\java.exe
0x00007ffea7de0000 - 0x00007ffea8046000 	C:\WINDOWS\SYSTEM32\ntdll.dll
0x00007ffea7450000 - 0x00007ffea7519000 	C:\WINDOWS\System32\KERNEL32.DLL
0x00007ffea56e0000 - 0x00007ffea5aac000 	C:\WINDOWS\System32\KERNELBASE.dll
0x00007ffea5230000 - 0x00007ffea537b000 	C:\WINDOWS\System32\ucrtbase.dll
0x00007ffe87a50000 - 0x00007ffe87a68000 	c:\Users\ala\.vscode\extensions\redhat.java-1.41.1-win32-x64\jre\21.0.6-win32-x86_64\bin\jli.dll
0x00007ffea7650000 - 0x00007ffea781a000 	C:\WINDOWS\System32\USER32.dll
0x00007ffea5ab0000 - 0x00007ffea5ad7000 	C:\WINDOWS\System32\win32u.dll
0x00007ffea7520000 - 0x00007ffea754b000 	C:\WINDOWS\System32\GDI32.dll
0x00007ffea4f70000 - 0x00007ffea50a2000 	C:\WINDOWS\System32\gdi32full.dll
0x00007ffea5630000 - 0x00007ffea56d3000 	C:\WINDOWS\System32\msvcp_win.dll
0x00007ffe87760000 - 0x00007ffe8777e000 	c:\Users\ala\.vscode\extensions\redhat.java-1.41.1-win32-x64\jre\21.0.6-win32-x86_64\bin\VCRUNTIME140.dll
0x00007ffe87780000 - 0x00007ffe87a1a000 	C:\WINDOWS\WinSxS\amd64_microsoft.windows.common-controls_6595b64144ccf1df_6.0.26100.3912_none_3e07963ce335137e\COMCTL32.dll
0x00007ffea6f90000 - 0x00007ffea7039000 	C:\WINDOWS\System32\msvcrt.dll
0x00007ffea6bc0000 - 0x00007ffea6bf0000 	C:\WINDOWS\System32\IMM32.DLL
0x00007ffe9f250000 - 0x00007ffe9f25c000 	c:\Users\ala\.vscode\extensions\redhat.java-1.41.1-win32-x64\jre\21.0.6-win32-x86_64\bin\vcruntime140_1.dll
0x00007ffe73190000 - 0x00007ffe7321d000 	c:\Users\ala\.vscode\extensions\redhat.java-1.41.1-win32-x64\jre\21.0.6-win32-x86_64\bin\msvcp140.dll
0x00007ffe46e30000 - 0x00007ffe47bc0000 	c:\Users\ala\.vscode\extensions\redhat.java-1.41.1-win32-x64\jre\21.0.6-win32-x86_64\bin\server\jvm.dll
0x00007ffea7cb0000 - 0x00007ffea7d62000 	C:\WINDOWS\System32\ADVAPI32.dll
0x00007ffea70d0000 - 0x00007ffea7176000 	C:\WINDOWS\System32\sechost.dll
0x00007ffea71f0000 - 0x00007ffea7306000 	C:\WINDOWS\System32\RPCRT4.dll
0x00007ffea6880000 - 0x00007ffea68f4000 	C:\WINDOWS\System32\WS2_32.dll
0x00007ffea47b0000 - 0x00007ffea480e000 	C:\WINDOWS\SYSTEM32\POWRPROF.dll
0x00007ffe97bd0000 - 0x00007ffe97c06000 	C:\WINDOWS\SYSTEM32\WINMM.dll
0x00007ffe91a20000 - 0x00007ffe91a2b000 	C:\WINDOWS\SYSTEM32\VERSION.dll
0x00007ffea4790000 - 0x00007ffea47a4000 	C:\WINDOWS\SYSTEM32\UMPDC.dll
0x00007ffea3cf0000 - 0x00007ffea3d0a000 	C:\WINDOWS\SYSTEM32\kernel.appcore.dll
0x00007ffe9f1f0000 - 0x00007ffe9f1fa000 	c:\Users\ala\.vscode\extensions\redhat.java-1.41.1-win32-x64\jre\21.0.6-win32-x86_64\bin\jimage.dll
0x00007ffea2900000 - 0x00007ffea2b41000 	C:\WINDOWS\SYSTEM32\DBGHELP.DLL
0x00007ffea6c00000 - 0x00007ffea6f84000 	C:\WINDOWS\System32\combase.dll
0x00007ffea7360000 - 0x00007ffea7440000 	C:\WINDOWS\System32\OLEAUT32.dll
0x00007ffe83d20000 - 0x00007ffe83d59000 	C:\WINDOWS\SYSTEM32\dbgcore.DLL
0x00007ffea5590000 - 0x00007ffea5629000 	C:\WINDOWS\System32\bcryptPrimitives.dll
0x00007ffe88340000 - 0x00007ffe8834f000 	c:\Users\ala\.vscode\extensions\redhat.java-1.41.1-win32-x64\jre\21.0.6-win32-x86_64\bin\instrument.dll
0x00007ffe869e0000 - 0x00007ffe869ff000 	c:\Users\ala\.vscode\extensions\redhat.java-1.41.1-win32-x64\jre\21.0.6-win32-x86_64\bin\java.dll
0x00007ffea5cb0000 - 0x00007ffea63dd000 	C:\WINDOWS\System32\SHELL32.dll
0x00007ffea50b0000 - 0x00007ffea5224000 	C:\WINDOWS\System32\wintypes.dll
0x00007ffea2ca0000 - 0x00007ffea34f6000 	C:\WINDOWS\SYSTEM32\windows.storage.dll
0x00007ffea7550000 - 0x00007ffea763f000 	C:\WINDOWS\System32\SHCORE.dll
0x00007ffea7180000 - 0x00007ffea71e9000 	C:\WINDOWS\System32\shlwapi.dll
0x00007ffea4e80000 - 0x00007ffea4eaf000 	C:\WINDOWS\SYSTEM32\profapi.dll
0x00007ffe86840000 - 0x00007ffe86858000 	c:\Users\ala\.vscode\extensions\redhat.java-1.41.1-win32-x64\jre\21.0.6-win32-x86_64\bin\zip.dll
0x00007ffe875d0000 - 0x00007ffe875e0000 	C:\Users\ala\.vscode\extensions\redhat.java-1.41.1-win32-x64\jre\21.0.6-win32-x86_64\bin\net.dll
0x00007ffe9a550000 - 0x00007ffe9a66e000 	C:\WINDOWS\SYSTEM32\WINHTTP.dll
0x00007ffea4240000 - 0x00007ffea42aa000 	C:\WINDOWS\system32\mswsock.dll
0x00007ffe866d0000 - 0x00007ffe866e6000 	C:\Users\ala\.vscode\extensions\redhat.java-1.41.1-win32-x64\jre\21.0.6-win32-x86_64\bin\nio.dll
0x00007ffe874e0000 - 0x00007ffe874f0000 	c:\Users\ala\.vscode\extensions\redhat.java-1.41.1-win32-x64\jre\21.0.6-win32-x86_64\bin\verify.dll
0x00007ffe85640000 - 0x00007ffe85685000 	C:\Users\ala\AppData\Roaming\Code\User\globalStorage\redhat.java\1.41.1\config_ss_win\org.eclipse.equinox.launcher\org.eclipse.equinox.launcher.win32.win32.x86_64_1.2.1300.v20250331-1702\eclipse_11911.dll
0x00007ffea63f0000 - 0x00007ffea658f000 	C:\WINDOWS\System32\ole32.dll
0x00007ffea4600000 - 0x00007ffea461c000 	C:\WINDOWS\SYSTEM32\CRYPTSP.dll
0x00007ffea3c50000 - 0x00007ffea3c8a000 	C:\WINDOWS\system32\rsaenh.dll
0x00007ffea42e0000 - 0x00007ffea430b000 	C:\WINDOWS\SYSTEM32\USERENV.dll
0x00007ffea4e50000 - 0x00007ffea4e76000 	C:\WINDOWS\SYSTEM32\bcrypt.dll
0x00007ffea4470000 - 0x00007ffea447c000 	C:\WINDOWS\SYSTEM32\CRYPTBASE.dll
0x00007ffea35a0000 - 0x00007ffea35d3000 	C:\WINDOWS\SYSTEM32\IPHLPAPI.DLL
0x00007ffea63e0000 - 0x00007ffea63ea000 	C:\WINDOWS\System32\NSI.dll
0x00007ffe7f7b0000 - 0x00007ffe7f7f9000 	C:\Users\ala\AppData\Local\Temp\jna-96662\jna4757863794646462283.dll
0x00007ffea65a0000 - 0x00007ffea65a8000 	C:\WINDOWS\System32\PSAPI.DLL
0x00007ffe9ac80000 - 0x00007ffe9ac9f000 	C:\WINDOWS\SYSTEM32\dhcpcsvc6.DLL
0x00007ffe9a520000 - 0x00007ffe9a545000 	C:\WINDOWS\SYSTEM32\dhcpcsvc.DLL

dbghelp: loaded successfully - version: 4.0.5 - missing functions: none
symbol engine: initialized successfully - sym options: 0x614 - pdb path: .;c:\Users\ala\.vscode\extensions\redhat.java-1.41.1-win32-x64\jre\21.0.6-win32-x86_64\bin;C:\WINDOWS\SYSTEM32;C:\WINDOWS\WinSxS\amd64_microsoft.windows.common-controls_6595b64144ccf1df_6.0.26100.3912_none_3e07963ce335137e;c:\Users\ala\.vscode\extensions\redhat.java-1.41.1-win32-x64\jre\21.0.6-win32-x86_64\bin\server;C:\Users\ala\AppData\Roaming\Code\User\globalStorage\redhat.java\1.41.1\config_ss_win\org.eclipse.equinox.launcher\org.eclipse.equinox.launcher.win32.win32.x86_64_1.2.1300.v20250331-1702;C:\Users\ala\AppData\Local\Temp\jna-96662

VM Arguments:
jvm_args: --add-modules=ALL-SYSTEM --add-opens=java.base/java.util=ALL-UNNAMED --add-opens=java.base/java.lang=ALL-UNNAMED --add-opens=java.base/sun.nio.fs=ALL-UNNAMED -Declipse.application=org.eclipse.jdt.ls.core.id1 -Dosgi.bundles.defaultStartLevel=4 -Declipse.product=org.eclipse.jdt.ls.core.product -Djava.import.generatesMetadataFilesAtProjectRoot=false -DDetectVMInstallationsJob.disabled=true -Dfile.encoding=utf8 -XX:+UseParallelGC -XX:GCTimeRatio=4 -XX:AdaptiveSizePolicyWeight=90 -Dsun.zip.disableMemoryMapping=true -Xmx1G -Xms100m -Xlog:disable -javaagent:c:\Users\ala\.vscode\extensions\redhat.java-1.41.1-win32-x64\lombok\lombok-1.18.36.jar 
java_command: c:\Users\ala\.vscode\extensions\redhat.java-1.41.1-win32-x64\server\plugins\org.eclipse.equinox.launcher_1.7.0.v20250331-1702.jar -configuration c:\Users\ala\AppData\Roaming\Code\User\globalStorage\redhat.java\1.41.1\config_ss_win -data c:\Users\ala\AppData\Roaming\Code\User\workspaceStorage\5d2470ca3e79821120c345c9360372f0\redhat.java\ss_ws --pipe=\\.\pipe\lsp-b99cefdd50dfaf1d75e44d5f505ad8f4-sock
java_class_path (initial): c:\Users\ala\.vscode\extensions\redhat.java-1.41.1-win32-x64\server\plugins\org.eclipse.equinox.launcher_1.7.0.v20250331-1702.jar
Launcher Type: SUN_STANDARD

[Global flags]
    uintx AdaptiveSizePolicyWeight                 = 90                                        {product} {command line}
     intx CICompilerCount                          = 4                                         {product} {ergonomic}
    uintx GCTimeRatio                              = 4                                         {product} {command line}
   size_t InitialHeapSize                          = 104857600                                 {product} {command line}
   size_t MaxHeapSize                              = 1073741824                                {product} {command line}
   size_t MaxNewSize                               = 357564416                                 {product} {ergonomic}
   size_t MinHeapDeltaBytes                        = 524288                                    {product} {ergonomic}
   size_t MinHeapSize                              = 104857600                                 {product} {command line}
   size_t NewSize                                  = 34603008                                  {product} {ergonomic}
    uintx NonNMethodCodeHeapSize                   = 5839372                                {pd product} {ergonomic}
    uintx NonProfiledCodeHeapSize                  = 122909434                              {pd product} {ergonomic}
   size_t OldSize                                  = 70254592                                  {product} {ergonomic}
    uintx ProfiledCodeHeapSize                     = 122909434                              {pd product} {ergonomic}
    uintx ReservedCodeCacheSize                    = 251658240                              {pd product} {ergonomic}
     bool SegmentedCodeCache                       = true                                      {product} {ergonomic}
   size_t SoftMaxHeapSize                          = 1073741824                             {manageable} {ergonomic}
     bool UseCompressedOops                        = true                           {product lp64_product} {ergonomic}
     bool UseLargePagesIndividualAllocation        = false                                  {pd product} {ergonomic}
     bool UseParallelGC                            = true                                      {product} {command line}

Logging:
Log output configuration:
 #0: stdout all=off uptime,level,tags foldmultilines=false
 #1: stderr all=off uptime,level,tags foldmultilines=false

Environment Variables:
PATH=C:\Program Files\Common Files\Oracle\Java\javapath;C:\Users\ala\AppData\Roaming\Microsoft\Windows\Start Menu\Programs\System Tools;C:\Program Files\dotnet\;C:\Users\ala\Documents\mongosh-2.0.2-win32-x64\bin;C:\ProgramData\Microsoft\Windows\Start Menu\Programs\Git;C:\Program Files\Java\jdk-19\bin;C:\Users\ala\Desktop\TP'S\SOA\TP3\apache-tomcat-9.0.65\bin;C:\Program Files\Apache Software Foundation\Tomcat 9.0;C:\Users\ala\AppData\Local\Android\Sdk\platform-tools;C:\Program Files\Docker\Docker\resources\bin;C:\Program Files\Git\cmd;C:\Program Files\MySQL\MySQL Server 8.2\bin;C:\Program Files\OpenSSL-Win64\bin;;C:\WINDOWS\System32\OpenSSH\;C:\Users\ala\AppData\Roaming\Microsoft\Windows\Start Menu\Programs\Python 3.10;C:\Program Files\nodejs\;C:\xampp\php;C:\composer;C:\WINDOWS\system32;C:\WINDOWS;C:\WINDOWS\System32\Wbem;C:\WINDOWS\System32\WindowsPowerShell\v1.0\;C:\Users\ala\.pyenv\pyenv-win\bin;C:\Users\ala\.pyenv\pyenv-win\shims;C:\Users\ala\AppData\Roaming\Microsoft\Windows\Start Menu\Programs\System Tools;C:\Program Files\dotnet\;C:\Users\ala\Documents\mongosh-2.0.2-win32-x64\bin;C:\ProgramData\Microsoft\Windows\Start Menu\Programs\Git;C:\Program Files\Java\jdk-19\bin;C:\Users\ala\Desktop\TP'S\SOA\TP3\apache-tomcat-9.0.65\bin;C:\Program Files\Apache Software Foundation\Tomcat 9.0;C:\Users\ala\AppData\Local\Android\Sdk\platform-tools;C:\Program Files\Docker\Docker\resources\bin;C:\Program Files\Git\cmd;C:\Users\ala\scoop\shims;C:\Users\ala\AppData\Local\Programs\Python\Python312\Scripts\;C:\Users\ala\AppData\Local\Programs\Python\Python312\;C:\Users\ala\AppData\Roaming\Microsoft\Windows\Start Menu\Programs\Python 3.11;C:\ProgramData\Microsoft\Windows\Start Menu\Programs\Node.js;C:\Windows\System32;C:\Users\ala\AppData\Local\Programs\Microsoft VS Code\bin;C:\Users\ala\AppData\Local\GitHubDesktop\bin;C:\Program Files\MongoDB\Server\6.0\bin;C:\Program Files\Erlang OTP;C:\Windows\System32\WindowsPowerShell\v1.0;C:\Program Files\RabbitMQ Server\rabbitmq_server-3.13.6\sbin;C:\Program Files\Erlang OTP\erts-15.0.1\bin;C:\Users\ala\AppData\Roaming\Microsoft\Windows\Start Menu\Programs\Python 3.10;C:\Users\ala\AppData\Roaming\npm;C:\Users\ala\AppData\Roaming\Composer\vendor\bin;C:\Users\ala\AppData\Local\Microsoft\WindowsApps;C:\Users\ala\AppData\Local\Programs\cursor\resources\app\bin;C:\Program Files (x86)\ApacheMaven\mvn\bin;
USERNAME=ala
OS=Windows_NT
PROCESSOR_IDENTIFIER=Intel64 Family 6 Model 140 Stepping 1, GenuineIntel
TMP=C:\Users\ala\AppData\Local\Temp
TEMP=C:\Users\ala\AppData\Local\Temp




Periodic native trim disabled

---------------  S Y S T E M  ---------------

OS:
 Windows 11 , 64 bit Build 26100 (10.0.26100.3912)
OS uptime: 0 days 21:46 hours
Hyper-V role detected

CPU: total 8 (initial active 8) (4 cores per cpu, 2 threads per core) family 6 model 140 stepping 1 microcode 0xac, cx8, cmov, fxsr, ht, mmx, 3dnowpref, sse, sse2, sse3, ssse3, sse4.1, sse4.2, popcnt, lzcnt, tsc, tscinvbit, avx, avx2, aes, erms, clmul, bmi1, bmi2, adx, avx512f, avx512dq, avx512cd, avx512bw, avx512vl, sha, fma, vzeroupper, avx512_vpopcntdq, avx512_vpclmulqdq, avx512_vaes, avx512_vnni, clflush, clflushopt, clwb, avx512_vbmi2, avx512_vbmi, hv, rdtscp, rdpid, fsrm, gfni, avx512_bitalg, f16c, cet_ibt, cet_ss, avx512_ifma
Processor Information for processor 0
  Max Mhz: 2419, Current Mhz: 2419, Mhz Limit: 2419
Processor Information for processor 1
  Max Mhz: 2419, Current Mhz: 1209, Mhz Limit: 2419
Processor Information for processor 2
  Max Mhz: 2419, Current Mhz: 2419, Mhz Limit: 2419
Processor Information for processor 3
  Max Mhz: 2419, Current Mhz: 2419, Mhz Limit: 2419
Processor Information for processor 4
  Max Mhz: 2419, Current Mhz: 1209, Mhz Limit: 2419
Processor Information for processor 5
  Max Mhz: 2419, Current Mhz: 2419, Mhz Limit: 2419
Processor Information for processor 6
  Max Mhz: 2419, Current Mhz: 2419, Mhz Limit: 2419
Processor Information for processor 7
  Max Mhz: 2419, Current Mhz: 2419, Mhz Limit: 2419

Memory: 4k page, system-wide physical 7932M (1075M free)
TotalPageFile size 17932M (AvailPageFile size 3M)
current process WorkingSet (physical memory assigned to process): 230M, peak: 233M
current process commit charge ("private bytes"): 308M, peak: 313M

vm_info: OpenJDK 64-Bit Server VM (21.0.6+7-LTS) for windows-amd64 JRE (21.0.6+7-LTS), built on 2025-01-21T00:00:00Z by "admin" with MS VC++ 17.7 (VS2022)

END.
